[0.161s] Invoking command in '/home/zjy/Inference-for-RDKx5/autoaim/build/vision_interfaces': CMAKE_PREFIX_PATH=/opt/ros/humble /usr/bin/cmake --build /home/zjy/Inference-for-RDKx5/autoaim/build/vision_interfaces -- -j32 -l32
[0.516s] [ 10%] Built target vision_interfaces__rosidl_generator_c
[0.521s] [ 12%] Built target vision_interfaces__cpp
[0.592s] [ 12%] Built target ament_cmake_python_copy_vision_interfaces
[0.722s] [ 23%] Built target vision_interfaces__rosidl_typesupport_introspection_c
[0.733s] [ 33%] Built target vision_interfaces__rosidl_typesupport_fastrtps_c
[0.746s] [ 43%] Built target vision_interfaces__rosidl_typesupport_cpp
[0.751s] [ 53%] Built target vision_interfaces__rosidl_typesupport_c
[0.752s] [ 64%] Built target vision_interfaces__rosidl_typesupport_fastrtps_cpp
[0.754s] [ 74%] Built target vision_interfaces__rosidl_typesupport_introspection_cpp
[0.882s] [ 74%] Built target vision_interfaces
[1.022s] [ 76%] Built target vision_interfaces__py
[1.185s] [ 84%] Built target vision_interfaces__rosidl_generator_py
[1.333s] [ 89%] Built target vision_interfaces__rosidl_typesupport_c__pyext
[1.341s] [ 94%] Built target vision_interfaces__rosidl_typesupport_fastrtps_c__pyext
[1.345s] [100%] Built target vision_interfaces__rosidl_typesupport_introspection_c__pyext
[3.082s] running egg_info
[3.190s] writing vision_interfaces.egg-info/PKG-INFO
[3.191s] writing dependency_links to vision_interfaces.egg-info/dependency_links.txt
[3.192s] writing top-level names to vision_interfaces.egg-info/top_level.txt
[3.543s] reading manifest file 'vision_interfaces.egg-info/SOURCES.txt'
[3.547s] writing manifest file 'vision_interfaces.egg-info/SOURCES.txt'
[3.797s] [100%] Built target ament_cmake_python_build_vision_interfaces_egg
[3.863s] Invoked command in '/home/zjy/Inference-for-RDKx5/autoaim/build/vision_interfaces' returned '0': CMAKE_PREFIX_PATH=/opt/ros/humble /usr/bin/cmake --build /home/zjy/Inference-for-RDKx5/autoaim/build/vision_interfaces -- -j32 -l32
[3.876s] Invoking command in '/home/zjy/Inference-for-RDKx5/autoaim/build/vision_interfaces': CMAKE_PREFIX_PATH=/opt/ros/humble /usr/bin/cmake --install /home/zjy/Inference-for-RDKx5/autoaim/build/vision_interfaces
[3.927s] -- Install configuration: ""
[3.928s] -- Up-to-date: /home/zjy/Inference-for-RDKx5/autoaim/install/vision_interfaces/share/ament_index/resource_index/rosidl_interfaces/vision_interfaces
[3.928s] -- Up-to-date: /home/zjy/Inference-for-RDKx5/autoaim/install/vision_interfaces/include/vision_interfaces/vision_interfaces
[3.929s] -- Up-to-date: /home/zjy/Inference-for-RDKx5/autoaim/install/vision_interfaces/include/vision_interfaces/vision_interfaces/msg
[3.929s] -- Up-to-date: /home/zjy/Inference-for-RDKx5/autoaim/install/vision_interfaces/include/vision_interfaces/vision_interfaces/msg/robot.h
[3.930s] -- Up-to-date: /home/zjy/Inference-for-RDKx5/autoaim/install/vision_interfaces/include/vision_interfaces/vision_interfaces/msg/rosidl_generator_c__visibility_control.h
[3.931s] -- Up-to-date: /home/zjy/Inference-for-RDKx5/autoaim/install/vision_interfaces/include/vision_interfaces/vision_interfaces/msg/detail
[3.931s] -- Up-to-date: /home/zjy/Inference-for-RDKx5/autoaim/install/vision_interfaces/include/vision_interfaces/vision_interfaces/msg/detail/auto_aim__type_support.h
[3.932s] -- Up-to-date: /home/zjy/Inference-for-RDKx5/autoaim/install/vision_interfaces/include/vision_interfaces/vision_interfaces/msg/detail/robot__functions.c
[3.932s] -- Up-to-date: /home/zjy/Inference-for-RDKx5/autoaim/install/vision_interfaces/include/vision_interfaces/vision_interfaces/msg/detail/auto_aim__functions.c
[3.933s] -- Up-to-date: /home/zjy/Inference-for-RDKx5/autoaim/install/vision_interfaces/include/vision_interfaces/vision_interfaces/msg/detail/auto_aim__functions.h
[3.933s] -- Up-to-date: /home/zjy/Inference-for-RDKx5/autoaim/install/vision_interfaces/include/vision_interfaces/vision_interfaces/msg/detail/robot__type_support.h
[3.934s] -- Up-to-date: /home/zjy/Inference-for-RDKx5/autoaim/install/vision_interfaces/include/vision_interfaces/vision_interfaces/msg/detail/auto_aim__struct.h
[3.936s] -- Up-to-date: /home/zjy/Inference-for-RDKx5/autoaim/install/vision_interfaces/include/vision_interfaces/vision_interfaces/msg/detail/robot__functions.h
[3.938s] -- Up-to-date: /home/zjy/Inference-for-RDKx5/autoaim/install/vision_interfaces/include/vision_interfaces/vision_interfaces/msg/detail/robot__struct.h
[3.940s] -- Up-to-date: /home/zjy/Inference-for-RDKx5/autoaim/install/vision_interfaces/include/vision_interfaces/vision_interfaces/msg/auto_aim.h
[3.941s] -- Up-to-date: /home/zjy/Inference-for-RDKx5/autoaim/install/vision_interfaces/share/vision_interfaces/environment/library_path.sh
[3.943s] -- Up-to-date: /home/zjy/Inference-for-RDKx5/autoaim/install/vision_interfaces/share/vision_interfaces/environment/library_path.dsv
[3.946s] -- Up-to-date: /home/zjy/Inference-for-RDKx5/autoaim/install/vision_interfaces/lib/libvision_interfaces__rosidl_generator_c.so
[3.947s] -- Up-to-date: /home/zjy/Inference-for-RDKx5/autoaim/install/vision_interfaces/include/vision_interfaces/vision_interfaces
[3.950s] -- Up-to-date: /home/zjy/Inference-for-RDKx5/autoaim/install/vision_interfaces/include/vision_interfaces/vision_interfaces/msg
[3.952s] -- Up-to-date: /home/zjy/Inference-for-RDKx5/autoaim/install/vision_interfaces/include/vision_interfaces/vision_interfaces/msg/rosidl_typesupport_fastrtps_c__visibility_control.h
[3.956s] -- Up-to-date: /home/zjy/Inference-for-RDKx5/autoaim/install/vision_interfaces/include/vision_interfaces/vision_interfaces/msg/detail
[3.958s] -- Up-to-date: /home/zjy/Inference-for-RDKx5/autoaim/install/vision_interfaces/include/vision_interfaces/vision_interfaces/msg/detail/auto_aim__rosidl_typesupport_fastrtps_c.h
[3.960s] -- Up-to-date: /home/zjy/Inference-for-RDKx5/autoaim/install/vision_interfaces/include/vision_interfaces/vision_interfaces/msg/detail/robot__rosidl_typesupport_fastrtps_c.h
[3.961s] -- Up-to-date: /home/zjy/Inference-for-RDKx5/autoaim/install/vision_interfaces/lib/libvision_interfaces__rosidl_typesupport_fastrtps_c.so
[3.962s] -- Up-to-date: /home/zjy/Inference-for-RDKx5/autoaim/install/vision_interfaces/include/vision_interfaces/vision_interfaces
[3.965s] -- Up-to-date: /home/zjy/Inference-for-RDKx5/autoaim/install/vision_interfaces/include/vision_interfaces/vision_interfaces/msg
[3.973s] -- Up-to-date: /home/zjy/Inference-for-RDKx5/autoaim/install/vision_interfaces/include/vision_interfaces/vision_interfaces/msg/detail
[3.974s] -- Up-to-date: /home/zjy/Inference-for-RDKx5/autoaim/install/vision_interfaces/include/vision_interfaces/vision_interfaces/msg/detail/robot__type_support.c
[3.975s] -- Up-to-date: /home/zjy/Inference-for-RDKx5/autoaim/install/vision_interfaces/include/vision_interfaces/vision_interfaces/msg/detail/auto_aim__rosidl_typesupport_introspection_c.h
[3.976s] -- Up-to-date: /home/zjy/Inference-for-RDKx5/autoaim/install/vision_interfaces/include/vision_interfaces/vision_interfaces/msg/detail/robot__rosidl_typesupport_introspection_c.h
[3.976s] -- Up-to-date: /home/zjy/Inference-for-RDKx5/autoaim/install/vision_interfaces/include/vision_interfaces/vision_interfaces/msg/detail/auto_aim__type_support.c
[3.977s] -- Up-to-date: /home/zjy/Inference-for-RDKx5/autoaim/install/vision_interfaces/include/vision_interfaces/vision_interfaces/msg/rosidl_typesupport_introspection_c__visibility_control.h
[3.978s] -- Up-to-date: /home/zjy/Inference-for-RDKx5/autoaim/install/vision_interfaces/lib/libvision_interfaces__rosidl_typesupport_introspection_c.so
[3.978s] -- Up-to-date: /home/zjy/Inference-for-RDKx5/autoaim/install/vision_interfaces/lib/libvision_interfaces__rosidl_typesupport_c.so
[3.979s] -- Up-to-date: /home/zjy/Inference-for-RDKx5/autoaim/install/vision_interfaces/include/vision_interfaces/vision_interfaces
[3.980s] -- Up-to-date: /home/zjy/Inference-for-RDKx5/autoaim/install/vision_interfaces/include/vision_interfaces/vision_interfaces/msg
[3.980s] -- Up-to-date: /home/zjy/Inference-for-RDKx5/autoaim/install/vision_interfaces/include/vision_interfaces/vision_interfaces/msg/auto_aim.hpp
[3.982s] -- Up-to-date: /home/zjy/Inference-for-RDKx5/autoaim/install/vision_interfaces/include/vision_interfaces/vision_interfaces/msg/rosidl_generator_cpp__visibility_control.hpp
[3.983s] -- Up-to-date: /home/zjy/Inference-for-RDKx5/autoaim/install/vision_interfaces/include/vision_interfaces/vision_interfaces/msg/detail
[3.983s] -- Up-to-date: /home/zjy/Inference-for-RDKx5/autoaim/install/vision_interfaces/include/vision_interfaces/vision_interfaces/msg/detail/auto_aim__traits.hpp
[3.984s] -- Up-to-date: /home/zjy/Inference-for-RDKx5/autoaim/install/vision_interfaces/include/vision_interfaces/vision_interfaces/msg/detail/robot__traits.hpp
[3.984s] -- Up-to-date: /home/zjy/Inference-for-RDKx5/autoaim/install/vision_interfaces/include/vision_interfaces/vision_interfaces/msg/detail/auto_aim__struct.hpp
[3.985s] -- Up-to-date: /home/zjy/Inference-for-RDKx5/autoaim/install/vision_interfaces/include/vision_interfaces/vision_interfaces/msg/detail/robot__struct.hpp
[3.986s] -- Up-to-date: /home/zjy/Inference-for-RDKx5/autoaim/install/vision_interfaces/include/vision_interfaces/vision_interfaces/msg/detail/robot__builder.hpp
[3.986s] -- Up-to-date: /home/zjy/Inference-for-RDKx5/autoaim/install/vision_interfaces/include/vision_interfaces/vision_interfaces/msg/detail/auto_aim__builder.hpp
[3.987s] -- Up-to-date: /home/zjy/Inference-for-RDKx5/autoaim/install/vision_interfaces/include/vision_interfaces/vision_interfaces/msg/detail/robot__type_support.hpp
[3.987s] -- Up-to-date: /home/zjy/Inference-for-RDKx5/autoaim/install/vision_interfaces/include/vision_interfaces/vision_interfaces/msg/detail/auto_aim__type_support.hpp
[3.988s] -- Up-to-date: /home/zjy/Inference-for-RDKx5/autoaim/install/vision_interfaces/include/vision_interfaces/vision_interfaces/msg/robot.hpp
[3.989s] -- Up-to-date: /home/zjy/Inference-for-RDKx5/autoaim/install/vision_interfaces/include/vision_interfaces/vision_interfaces
[3.989s] -- Up-to-date: /home/zjy/Inference-for-RDKx5/autoaim/install/vision_interfaces/include/vision_interfaces/vision_interfaces/msg
[3.990s] -- Up-to-date: /home/zjy/Inference-for-RDKx5/autoaim/install/vision_interfaces/include/vision_interfaces/vision_interfaces/msg/rosidl_typesupport_fastrtps_cpp__visibility_control.h
[3.990s] -- Up-to-date: /home/zjy/Inference-for-RDKx5/autoaim/install/vision_interfaces/include/vision_interfaces/vision_interfaces/msg/detail
[3.991s] -- Up-to-date: /home/zjy/Inference-for-RDKx5/autoaim/install/vision_interfaces/include/vision_interfaces/vision_interfaces/msg/detail/auto_aim__rosidl_typesupport_fastrtps_cpp.hpp
[3.992s] -- Up-to-date: /home/zjy/Inference-for-RDKx5/autoaim/install/vision_interfaces/include/vision_interfaces/vision_interfaces/msg/detail/robot__rosidl_typesupport_fastrtps_cpp.hpp
[3.992s] -- Up-to-date: /home/zjy/Inference-for-RDKx5/autoaim/install/vision_interfaces/include/vision_interfaces/vision_interfaces/msg/detail/dds_fastrtps
[3.993s] -- Up-to-date: /home/zjy/Inference-for-RDKx5/autoaim/install/vision_interfaces/lib/libvision_interfaces__rosidl_typesupport_fastrtps_cpp.so
[3.993s] -- Up-to-date: /home/zjy/Inference-for-RDKx5/autoaim/install/vision_interfaces/include/vision_interfaces/vision_interfaces
[3.994s] -- Up-to-date: /home/zjy/Inference-for-RDKx5/autoaim/install/vision_interfaces/include/vision_interfaces/vision_interfaces/msg
[3.994s] -- Up-to-date: /home/zjy/Inference-for-RDKx5/autoaim/install/vision_interfaces/include/vision_interfaces/vision_interfaces/msg/detail
[3.995s] -- Up-to-date: /home/zjy/Inference-for-RDKx5/autoaim/install/vision_interfaces/include/vision_interfaces/vision_interfaces/msg/detail/robot__rosidl_typesupport_introspection_cpp.hpp
[3.996s] -- Up-to-date: /home/zjy/Inference-for-RDKx5/autoaim/install/vision_interfaces/include/vision_interfaces/vision_interfaces/msg/detail/auto_aim__type_support.cpp
[3.996s] -- Up-to-date: /home/zjy/Inference-for-RDKx5/autoaim/install/vision_interfaces/include/vision_interfaces/vision_interfaces/msg/detail/auto_aim__rosidl_typesupport_introspection_cpp.hpp
[3.997s] -- Up-to-date: /home/zjy/Inference-for-RDKx5/autoaim/install/vision_interfaces/include/vision_interfaces/vision_interfaces/msg/detail/robot__type_support.cpp
[3.997s] -- Up-to-date: /home/zjy/Inference-for-RDKx5/autoaim/install/vision_interfaces/lib/libvision_interfaces__rosidl_typesupport_introspection_cpp.so
[3.998s] -- Up-to-date: /home/zjy/Inference-for-RDKx5/autoaim/install/vision_interfaces/lib/libvision_interfaces__rosidl_typesupport_cpp.so
[4.001s] -- Up-to-date: /home/zjy/Inference-for-RDKx5/autoaim/install/vision_interfaces/share/vision_interfaces/environment/pythonpath.sh
[4.002s] -- Up-to-date: /home/zjy/Inference-for-RDKx5/autoaim/install/vision_interfaces/share/vision_interfaces/environment/pythonpath.dsv
[4.002s] -- Up-to-date: /home/zjy/Inference-for-RDKx5/autoaim/install/vision_interfaces/local/lib/python3.10/dist-packages/vision_interfaces-0.0.0-py3.10.egg-info
[4.003s] -- Installing: /home/zjy/Inference-for-RDKx5/autoaim/install/vision_interfaces/local/lib/python3.10/dist-packages/vision_interfaces-0.0.0-py3.10.egg-info/SOURCES.txt
[4.003s] -- Installing: /home/zjy/Inference-for-RDKx5/autoaim/install/vision_interfaces/local/lib/python3.10/dist-packages/vision_interfaces-0.0.0-py3.10.egg-info/dependency_links.txt
[4.004s] -- Installing: /home/zjy/Inference-for-RDKx5/autoaim/install/vision_interfaces/local/lib/python3.10/dist-packages/vision_interfaces-0.0.0-py3.10.egg-info/top_level.txt
[4.005s] -- Installing: /home/zjy/Inference-for-RDKx5/autoaim/install/vision_interfaces/local/lib/python3.10/dist-packages/vision_interfaces-0.0.0-py3.10.egg-info/PKG-INFO
[4.005s] -- Up-to-date: /home/zjy/Inference-for-RDKx5/autoaim/install/vision_interfaces/local/lib/python3.10/dist-packages/vision_interfaces
[4.006s] -- Up-to-date: /home/zjy/Inference-for-RDKx5/autoaim/install/vision_interfaces/local/lib/python3.10/dist-packages/vision_interfaces/_vision_interfaces_s.ep.rosidl_typesupport_introspection_c.c
[4.006s] -- Up-to-date: /home/zjy/Inference-for-RDKx5/autoaim/install/vision_interfaces/local/lib/python3.10/dist-packages/vision_interfaces/vision_interfaces_s__rosidl_typesupport_fastrtps_c.cpython-310-x86_64-linux-gnu.so
[4.007s] -- Up-to-date: /home/zjy/Inference-for-RDKx5/autoaim/install/vision_interfaces/local/lib/python3.10/dist-packages/vision_interfaces/__init__.py
[4.008s] -- Up-to-date: /home/zjy/Inference-for-RDKx5/autoaim/install/vision_interfaces/local/lib/python3.10/dist-packages/vision_interfaces/_vision_interfaces_s.ep.rosidl_typesupport_fastrtps_c.c
[4.008s] -- Up-to-date: /home/zjy/Inference-for-RDKx5/autoaim/install/vision_interfaces/local/lib/python3.10/dist-packages/vision_interfaces/_vision_interfaces_s.ep.rosidl_typesupport_c.c
[4.009s] -- Up-to-date: /home/zjy/Inference-for-RDKx5/autoaim/install/vision_interfaces/local/lib/python3.10/dist-packages/vision_interfaces/msg
[4.009s] -- Up-to-date: /home/zjy/Inference-for-RDKx5/autoaim/install/vision_interfaces/local/lib/python3.10/dist-packages/vision_interfaces/msg/_robot_s.c
[4.010s] -- Up-to-date: /home/zjy/Inference-for-RDKx5/autoaim/install/vision_interfaces/local/lib/python3.10/dist-packages/vision_interfaces/msg/__init__.py
[4.010s] -- Up-to-date: /home/zjy/Inference-for-RDKx5/autoaim/install/vision_interfaces/local/lib/python3.10/dist-packages/vision_interfaces/msg/_robot.py
[4.011s] -- Up-to-date: /home/zjy/Inference-for-RDKx5/autoaim/install/vision_interfaces/local/lib/python3.10/dist-packages/vision_interfaces/msg/_auto_aim.py
[4.012s] -- Up-to-date: /home/zjy/Inference-for-RDKx5/autoaim/install/vision_interfaces/local/lib/python3.10/dist-packages/vision_interfaces/msg/_auto_aim_s.c
[4.012s] -- Up-to-date: /home/zjy/Inference-for-RDKx5/autoaim/install/vision_interfaces/local/lib/python3.10/dist-packages/vision_interfaces/libvision_interfaces__rosidl_generator_py.so
[4.013s] -- Up-to-date: /home/zjy/Inference-for-RDKx5/autoaim/install/vision_interfaces/local/lib/python3.10/dist-packages/vision_interfaces/vision_interfaces_s__rosidl_typesupport_introspection_c.cpython-310-x86_64-linux-gnu.so
[4.014s] -- Up-to-date: /home/zjy/Inference-for-RDKx5/autoaim/install/vision_interfaces/local/lib/python3.10/dist-packages/vision_interfaces/vision_interfaces_s__rosidl_typesupport_c.cpython-310-x86_64-linux-gnu.so
[4.173s] Listing '/home/zjy/Inference-for-RDKx5/autoaim/install/vision_interfaces/local/lib/python3.10/dist-packages/vision_interfaces'...
[4.174s] Listing '/home/zjy/Inference-for-RDKx5/autoaim/install/vision_interfaces/local/lib/python3.10/dist-packages/vision_interfaces/msg'...
[4.201s] -- Up-to-date: /home/zjy/Inference-for-RDKx5/autoaim/install/vision_interfaces/local/lib/python3.10/dist-packages/vision_interfaces/vision_interfaces_s__rosidl_typesupport_fastrtps_c.cpython-310-x86_64-linux-gnu.so
[4.203s] -- Up-to-date: /home/zjy/Inference-for-RDKx5/autoaim/install/vision_interfaces/local/lib/python3.10/dist-packages/vision_interfaces/vision_interfaces_s__rosidl_typesupport_introspection_c.cpython-310-x86_64-linux-gnu.so
[4.205s] -- Up-to-date: /home/zjy/Inference-for-RDKx5/autoaim/install/vision_interfaces/local/lib/python3.10/dist-packages/vision_interfaces/vision_interfaces_s__rosidl_typesupport_c.cpython-310-x86_64-linux-gnu.so
[4.207s] -- Up-to-date: /home/zjy/Inference-for-RDKx5/autoaim/install/vision_interfaces/lib/libvision_interfaces__rosidl_generator_py.so
[4.208s] -- Up-to-date: /home/zjy/Inference-for-RDKx5/autoaim/install/vision_interfaces/share/vision_interfaces/msg/Robot.idl
[4.210s] -- Up-to-date: /home/zjy/Inference-for-RDKx5/autoaim/install/vision_interfaces/share/vision_interfaces/msg/AutoAim.idl
[4.212s] -- Up-to-date: /home/zjy/Inference-for-RDKx5/autoaim/install/vision_interfaces/share/vision_interfaces/msg/Robot.msg
[4.213s] -- Up-to-date: /home/zjy/Inference-for-RDKx5/autoaim/install/vision_interfaces/share/vision_interfaces/msg/AutoAim.msg
[4.213s] -- Up-to-date: /home/zjy/Inference-for-RDKx5/autoaim/install/vision_interfaces/share/ament_index/resource_index/package_run_dependencies/vision_interfaces
[4.215s] -- Up-to-date: /home/zjy/Inference-for-RDKx5/autoaim/install/vision_interfaces/share/ament_index/resource_index/parent_prefix_path/vision_interfaces
[4.216s] -- Up-to-date: /home/zjy/Inference-for-RDKx5/autoaim/install/vision_interfaces/share/vision_interfaces/environment/ament_prefix_path.sh
[4.217s] -- Up-to-date: /home/zjy/Inference-for-RDKx5/autoaim/install/vision_interfaces/share/vision_interfaces/environment/ament_prefix_path.dsv
[4.218s] -- Up-to-date: /home/zjy/Inference-for-RDKx5/autoaim/install/vision_interfaces/share/vision_interfaces/environment/path.sh
[4.219s] -- Up-to-date: /home/zjy/Inference-for-RDKx5/autoaim/install/vision_interfaces/share/vision_interfaces/environment/path.dsv
[4.220s] -- Up-to-date: /home/zjy/Inference-for-RDKx5/autoaim/install/vision_interfaces/share/vision_interfaces/local_setup.bash
[4.221s] -- Up-to-date: /home/zjy/Inference-for-RDKx5/autoaim/install/vision_interfaces/share/vision_interfaces/local_setup.sh
[4.222s] -- Up-to-date: /home/zjy/Inference-for-RDKx5/autoaim/install/vision_interfaces/share/vision_interfaces/local_setup.zsh
[4.223s] -- Up-to-date: /home/zjy/Inference-for-RDKx5/autoaim/install/vision_interfaces/share/vision_interfaces/local_setup.dsv
[4.224s] -- Installing: /home/zjy/Inference-for-RDKx5/autoaim/install/vision_interfaces/share/vision_interfaces/package.dsv
[4.227s] -- Up-to-date: /home/zjy/Inference-for-RDKx5/autoaim/install/vision_interfaces/share/ament_index/resource_index/packages/vision_interfaces
[4.229s] -- Up-to-date: /home/zjy/Inference-for-RDKx5/autoaim/install/vision_interfaces/share/vision_interfaces/cmake/export_vision_interfaces__rosidl_generator_cExport.cmake
[4.230s] -- Up-to-date: /home/zjy/Inference-for-RDKx5/autoaim/install/vision_interfaces/share/vision_interfaces/cmake/export_vision_interfaces__rosidl_generator_cExport-noconfig.cmake
[4.231s] -- Up-to-date: /home/zjy/Inference-for-RDKx5/autoaim/install/vision_interfaces/share/vision_interfaces/cmake/export_vision_interfaces__rosidl_typesupport_fastrtps_cExport.cmake
[4.232s] -- Up-to-date: /home/zjy/Inference-for-RDKx5/autoaim/install/vision_interfaces/share/vision_interfaces/cmake/export_vision_interfaces__rosidl_typesupport_fastrtps_cExport-noconfig.cmake
[4.233s] -- Up-to-date: /home/zjy/Inference-for-RDKx5/autoaim/install/vision_interfaces/share/vision_interfaces/cmake/vision_interfaces__rosidl_typesupport_introspection_cExport.cmake
[4.234s] -- Up-to-date: /home/zjy/Inference-for-RDKx5/autoaim/install/vision_interfaces/share/vision_interfaces/cmake/vision_interfaces__rosidl_typesupport_introspection_cExport-noconfig.cmake
[4.234s] -- Up-to-date: /home/zjy/Inference-for-RDKx5/autoaim/install/vision_interfaces/share/vision_interfaces/cmake/vision_interfaces__rosidl_typesupport_cExport.cmake
[4.235s] -- Up-to-date: /home/zjy/Inference-for-RDKx5/autoaim/install/vision_interfaces/share/vision_interfaces/cmake/vision_interfaces__rosidl_typesupport_cExport-noconfig.cmake
[4.236s] -- Up-to-date: /home/zjy/Inference-for-RDKx5/autoaim/install/vision_interfaces/share/vision_interfaces/cmake/export_vision_interfaces__rosidl_generator_cppExport.cmake
[4.236s] -- Up-to-date: /home/zjy/Inference-for-RDKx5/autoaim/install/vision_interfaces/share/vision_interfaces/cmake/export_vision_interfaces__rosidl_typesupport_fastrtps_cppExport.cmake
[4.237s] -- Up-to-date: /home/zjy/Inference-for-RDKx5/autoaim/install/vision_interfaces/share/vision_interfaces/cmake/export_vision_interfaces__rosidl_typesupport_fastrtps_cppExport-noconfig.cmake
[4.238s] -- Up-to-date: /home/zjy/Inference-for-RDKx5/autoaim/install/vision_interfaces/share/vision_interfaces/cmake/vision_interfaces__rosidl_typesupport_introspection_cppExport.cmake
[4.238s] -- Up-to-date: /home/zjy/Inference-for-RDKx5/autoaim/install/vision_interfaces/share/vision_interfaces/cmake/vision_interfaces__rosidl_typesupport_introspection_cppExport-noconfig.cmake
[4.239s] -- Up-to-date: /home/zjy/Inference-for-RDKx5/autoaim/install/vision_interfaces/share/vision_interfaces/cmake/vision_interfaces__rosidl_typesupport_cppExport.cmake
[4.240s] -- Up-to-date: /home/zjy/Inference-for-RDKx5/autoaim/install/vision_interfaces/share/vision_interfaces/cmake/vision_interfaces__rosidl_typesupport_cppExport-noconfig.cmake
[4.240s] -- Up-to-date: /home/zjy/Inference-for-RDKx5/autoaim/install/vision_interfaces/share/vision_interfaces/cmake/export_vision_interfaces__rosidl_generator_pyExport.cmake
[4.241s] -- Up-to-date: /home/zjy/Inference-for-RDKx5/autoaim/install/vision_interfaces/share/vision_interfaces/cmake/export_vision_interfaces__rosidl_generator_pyExport-noconfig.cmake
[4.241s] -- Up-to-date: /home/zjy/Inference-for-RDKx5/autoaim/install/vision_interfaces/share/vision_interfaces/cmake/rosidl_cmake-extras.cmake
[4.242s] -- Up-to-date: /home/zjy/Inference-for-RDKx5/autoaim/install/vision_interfaces/share/vision_interfaces/cmake/ament_cmake_export_dependencies-extras.cmake
[4.243s] -- Up-to-date: /home/zjy/Inference-for-RDKx5/autoaim/install/vision_interfaces/share/vision_interfaces/cmake/ament_cmake_export_include_directories-extras.cmake
[4.243s] -- Up-to-date: /home/zjy/Inference-for-RDKx5/autoaim/install/vision_interfaces/share/vision_interfaces/cmake/ament_cmake_export_libraries-extras.cmake
[4.244s] -- Up-to-date: /home/zjy/Inference-for-RDKx5/autoaim/install/vision_interfaces/share/vision_interfaces/cmake/ament_cmake_export_targets-extras.cmake
[4.246s] -- Up-to-date: /home/zjy/Inference-for-RDKx5/autoaim/install/vision_interfaces/share/vision_interfaces/cmake/rosidl_cmake_export_typesupport_targets-extras.cmake
[4.247s] -- Up-to-date: /home/zjy/Inference-for-RDKx5/autoaim/install/vision_interfaces/share/vision_interfaces/cmake/rosidl_cmake_export_typesupport_libraries-extras.cmake
[4.252s] -- Up-to-date: /home/zjy/Inference-for-RDKx5/autoaim/install/vision_interfaces/share/vision_interfaces/cmake/vision_interfacesConfig.cmake
[4.258s] -- Up-to-date: /home/zjy/Inference-for-RDKx5/autoaim/install/vision_interfaces/share/vision_interfaces/cmake/vision_interfacesConfig-version.cmake
[4.260s] -- Up-to-date: /home/zjy/Inference-for-RDKx5/autoaim/install/vision_interfaces/share/vision_interfaces/package.xml
[4.262s] Invoked command in '/home/zjy/Inference-for-RDKx5/autoaim/build/vision_interfaces' returned '0': CMAKE_PREFIX_PATH=/opt/ros/humble /usr/bin/cmake --install /home/zjy/Inference-for-RDKx5/autoaim/build/vision_interfaces
