[0.007s] Invoking command in '/home/zjy/Inference-for-RDKx5/autoaim/build/armor_tracker': AMENT_PREFIX_PATH=/home/zjy/Inference-for-RDKx5/autoaim/install/auto_aim_interfaces:${AMENT_PREFIX_PATH} CMAKE_PREFIX_PATH=/home/zjy/Inference-for-RDKx5/autoaim/install/auto_aim_interfaces:/opt/ros/humble LD_LIBRARY_PATH=/home/zjy/Inference-for-RDKx5/autoaim/install/auto_aim_interfaces/lib:/opt/MVS/lib/64:/opt/MVS/lib/32:/opt/ros/humble/opt/rviz_ogre_vendor/lib:/opt/ros/humble/lib/x86_64-linux-gnu:/opt/ros/humble/lib:/opt/MVS/lib/64:/opt/MVS/lib/32:/opt/MVS/lib/64:/opt/MVS/lib/32 PYTHONPATH=/home/zjy/Inference-for-RDKx5/autoaim/install/auto_aim_interfaces/local/lib/python3.10/dist-packages:${PYTHONPATH} /usr/bin/cmake /home/zjy/Inference-for-RDKx5/autoaim/rm_auto_aim/armor_tracker -DCMAKE_INSTALL_PREFIX=/home/zjy/Inference-for-RDKx5/autoaim/install/armor_tracker
[0.045s] -- The C compiler identification is GNU 11.4.0
[0.080s] -- The CXX compiler identification is GNU 11.4.0
[0.084s] -- Detecting C compiler ABI info
[0.132s] -- Detecting C compiler ABI info - done
[0.138s] -- Check for working C compiler: /usr/bin/cc - skipped
[0.138s] -- Detecting C compile features
[0.138s] -- Detecting C compile features - done
[0.140s] -- Detecting CXX compiler ABI info
[0.189s] -- Detecting CXX compiler ABI info - done
[0.196s] -- Check for working CXX compiler: /usr/bin/c++ - skipped
[0.196s] -- Detecting CXX compile features
[0.197s] -- Detecting CXX compile features - done
[0.198s] -- Found ament_cmake_auto: 1.3.11 (/opt/ros/humble/share/ament_cmake_auto/cmake)
[0.657s] -- Found Python3: /usr/bin/python3 (found version "3.10.12") found components: Interpreter 
[0.798s] -- Found rosidl_generator_c: 3.1.6 (/opt/ros/humble/share/rosidl_generator_c/cmake)
[0.800s] -- Found rosidl_adapter: 3.1.6 (/opt/ros/humble/share/rosidl_adapter/cmake)
[0.805s] -- Found rosidl_generator_cpp: 3.1.6 (/opt/ros/humble/share/rosidl_generator_cpp/cmake)
[0.812s] -- Using all available rosidl_typesupport_c: rosidl_typesupport_fastrtps_c;rosidl_typesupport_introspection_c
[0.822s] -- Using all available rosidl_typesupport_cpp: rosidl_typesupport_fastrtps_cpp;rosidl_typesupport_introspection_cpp
[0.846s] -- Found rmw_implementation_cmake: 6.1.2 (/opt/ros/humble/share/rmw_implementation_cmake/cmake)
[0.848s] -- Found rmw_fastrtps_cpp: 6.2.7 (/opt/ros/humble/share/rmw_fastrtps_cpp/cmake)
[0.908s] -- Found OpenSSL: /usr/lib/x86_64-linux-gnu/libcrypto.so (found version "3.0.2")  
[0.929s] -- Found FastRTPS: /opt/ros/humble/include  
[0.955s] -- Using RMW implementation 'rmw_fastrtps_cpp' as default
[0.963s] -- Looking for pthread.h
[1.029s] -- Looking for pthread.h - found
[1.029s] -- Performing Test CMAKE_HAVE_LIBC_PTHREAD
[1.081s] -- Performing Test CMAKE_HAVE_LIBC_PTHREAD - Success
[1.082s] -- Found Threads: TRUE  
[1.191s] -- Found eigen3_cmake_module: 0.1.1 (/opt/ros/humble/share/eigen3_cmake_module/cmake)
[1.192s] -- Found Eigen3: TRUE (found version "3.4.0") 
[1.192s] -- Ensuring Eigen3 include directory is part of orocos-kdl CMake target
[1.246s] -- Found ament_lint_auto: 0.12.12 (/opt/ros/humble/share/ament_lint_auto/cmake)
[1.258s] -- Added test 'cppcheck' to perform static code analysis on C / C++ code
[1.258s] -- Configured cppcheck include dirs: /home/zjy/Inference-for-RDKx5/autoaim/rm_auto_aim/armor_tracker/include
[1.258s] -- Configured cppcheck exclude dirs and/or files: 
[1.259s] -- Added test 'lint_cmake' to check CMake code style
[1.259s] -- Added test 'xmllint' to check XML markup files
[1.260s] -- Added test 'clang_format' to check C / C++ code style
[1.261s] -- Configuring done
[1.271s] -- Generating done
[1.275s] -- Build files have been written to: /home/zjy/Inference-for-RDKx5/autoaim/build/armor_tracker
[1.282s] Invoked command in '/home/zjy/Inference-for-RDKx5/autoaim/build/armor_tracker' returned '0': AMENT_PREFIX_PATH=/home/zjy/Inference-for-RDKx5/autoaim/install/auto_aim_interfaces:${AMENT_PREFIX_PATH} CMAKE_PREFIX_PATH=/home/zjy/Inference-for-RDKx5/autoaim/install/auto_aim_interfaces:/opt/ros/humble LD_LIBRARY_PATH=/home/zjy/Inference-for-RDKx5/autoaim/install/auto_aim_interfaces/lib:/opt/MVS/lib/64:/opt/MVS/lib/32:/opt/ros/humble/opt/rviz_ogre_vendor/lib:/opt/ros/humble/lib/x86_64-linux-gnu:/opt/ros/humble/lib:/opt/MVS/lib/64:/opt/MVS/lib/32:/opt/MVS/lib/64:/opt/MVS/lib/32 PYTHONPATH=/home/zjy/Inference-for-RDKx5/autoaim/install/auto_aim_interfaces/local/lib/python3.10/dist-packages:${PYTHONPATH} /usr/bin/cmake /home/zjy/Inference-for-RDKx5/autoaim/rm_auto_aim/armor_tracker -DCMAKE_INSTALL_PREFIX=/home/zjy/Inference-for-RDKx5/autoaim/install/armor_tracker
[1.283s] Invoking command in '/home/zjy/Inference-for-RDKx5/autoaim/build/armor_tracker': AMENT_PREFIX_PATH=/home/zjy/Inference-for-RDKx5/autoaim/install/auto_aim_interfaces:${AMENT_PREFIX_PATH} CMAKE_PREFIX_PATH=/home/zjy/Inference-for-RDKx5/autoaim/install/auto_aim_interfaces:/opt/ros/humble LD_LIBRARY_PATH=/home/zjy/Inference-for-RDKx5/autoaim/install/auto_aim_interfaces/lib:/opt/MVS/lib/64:/opt/MVS/lib/32:/opt/ros/humble/opt/rviz_ogre_vendor/lib:/opt/ros/humble/lib/x86_64-linux-gnu:/opt/ros/humble/lib:/opt/MVS/lib/64:/opt/MVS/lib/32:/opt/MVS/lib/64:/opt/MVS/lib/32 PYTHONPATH=/home/zjy/Inference-for-RDKx5/autoaim/install/auto_aim_interfaces/local/lib/python3.10/dist-packages:${PYTHONPATH} /usr/bin/cmake --build /home/zjy/Inference-for-RDKx5/autoaim/build/armor_tracker -- -j32 -l32
[1.324s] [ 16%] [32mBuilding CXX object CMakeFiles/armor_tracker_node.dir/rclcpp_components/node_main_armor_tracker_node.cpp.o[0m
[1.324s] [ 33%] [32mBuilding CXX object CMakeFiles/armor_tracker.dir/src/tracker.cpp.o[0m
[1.324s] [ 50%] [32mBuilding CXX object CMakeFiles/armor_tracker.dir/src/extended_kalman_filter.cpp.o[0m
[1.324s] [ 66%] [32mBuilding CXX object CMakeFiles/armor_tracker.dir/src/tracker_node.cpp.o[0m
[4.888s] [ 83%] [32m[1mLinking CXX executable armor_tracker_node[0m
[4.985s] [ 83%] Built target armor_tracker_node
[9.540s] [100%] [32m[1mLinking CXX shared library libarmor_tracker.so[0m
[10.030s] [100%] Built target armor_tracker
