[01m[K/home/zjy/Inference-for-RDKx5/autoaim/rm_auto_aim/armor_detector/src/number_classifier.cpp:[m[K In member function ‘[01m[Kvoid rm_auto_aim::NumberClassifier::classify(std::vector<rm_auto_aim::Armor>&)[m[K’:
[01m[K/home/zjy/Inference-for-RDKx5/autoaim/rm_auto_aim/armor_detector/src/number_classifier.cpp:119:11:[m[K [01;31m[Kerror: [m[K‘[01m[Kstruct rm_auto_aim::Armor[m[K’ has no member named ‘[01m[Kclassfication_result[m[K’; did you mean ‘[01m[Kclassification_result[m[K’?
  119 |     armor.[01;31m[Kclassfication_result[m[K = result_ss.str();
      |           [01;31m[K^~~~~~~~~~~~~~~~~~~~[m[K
      |           [32m[Kclassification_result[m[K
[01m[K/home/zjy/Inference-for-RDKx5/autoaim/rm_auto_aim/armor_detector/src/detector.cpp:242:2:[m[K [01;31m[Kerror: [m[Kexpected ‘[01m[K}[m[K’ at end of input
  242 | }[01;31m[K [m[K // namespace rm_auto_aim
      |  [01;31m[K^[m[K
[01m[K/home/zjy/Inference-for-RDKx5/autoaim/rm_auto_aim/armor_detector/src/detector.cpp:22:1:[m[K [01;36m[Knote: [m[Kto match this ‘[01m[K{[m[K’
   22 | [01;36m[K{[m[K
      | [01;36m[K^[m[K
[01m[K/home/zjy/Inference-for-RDKx5/autoaim/rm_auto_aim/armor_detector/src/yolo11.cpp:[m[K In constructor ‘[01m[Krm_auto_aim::YOLO11::YOLO11(const string&, bool)[m[K’:
[01m[K/home/zjy/Inference-for-RDKx5/autoaim/rm_auto_aim/armor_detector/src/yolo11.cpp:15:15:[m[K [01;31m[Kerror: [m[Kno matching function for call to ‘[01m[Krm_auto_aim::Detector::Detector()[m[K’
   15 | : debug_(debug[01;31m[K)[m[K
      |               [01;31m[K^[m[K
In file included from [01m[K/home/zjy/Inference-for-RDKx5/autoaim/rm_auto_aim/armor_detector/include/armor_detector/yolo11.hpp:11[m[K,
                 from [01m[K/home/zjy/Inference-for-RDKx5/autoaim/rm_auto_aim/armor_detector/src/yolo11.cpp:1[m[K:
[01m[K/home/zjy/Inference-for-RDKx5/autoaim/rm_auto_aim/armor_detector/include/armor_detector/detector.hpp:50:3:[m[K [01;36m[Knote: [m[Kcandidate: ‘[01m[Krm_auto_aim::Detector::Detector(const int&, const int&, const rm_auto_aim::Detector::LightParams&, const rm_auto_aim::Detector::ArmorParams&)[m[K’
   50 |   [01;36m[KDetector[m[K(const int & bin_thres, const int & color, const LightParams & l, const ArmorParams & a);
      |   [01;36m[K^~~~~~~~[m[K
[01m[K/home/zjy/Inference-for-RDKx5/autoaim/rm_auto_aim/armor_detector/include/armor_detector/detector.hpp:50:3:[m[K [01;36m[Knote: [m[K  candidate expects 4 arguments, 0 provided
[01m[K/home/zjy/Inference-for-RDKx5/autoaim/rm_auto_aim/armor_detector/include/armor_detector/detector.hpp:24:7:[m[K [01;36m[Knote: [m[Kcandidate: ‘[01m[Krm_auto_aim::Detector::Detector(rm_auto_aim::Detector&&)[m[K’
   24 | class [01;36m[KDetector[m[K
      |       [01;36m[K^~~~~~~~[m[K
[01m[K/home/zjy/Inference-for-RDKx5/autoaim/rm_auto_aim/armor_detector/include/armor_detector/detector.hpp:24:7:[m[K [01;36m[Knote: [m[K  candidate expects 1 argument, 0 provided
gmake[2]: *** [CMakeFiles/armor_detector.dir/build.make:104：CMakeFiles/armor_detector.dir/src/number_classifier.cpp.o] 错误 1
gmake[2]: *** 正在等待未完成的任务....
gmake[2]: *** [CMakeFiles/armor_detector.dir/build.make:76：CMakeFiles/armor_detector.dir/src/detector.cpp.o] 错误 1
[01m[K/home/zjy/Inference-for-RDKx5/autoaim/rm_auto_aim/armor_detector/src/yolo11.cpp:[m[K In member function ‘[01m[Kvoid rm_auto_aim::YOLO11::draw_detections(const cv::Mat&, const std::__cxx11::list<rm_auto_aim::Armor>&, int) const[m[K’:
[01m[K/home/zjy/Inference-for-RDKx5/autoaim/rm_auto_aim/armor_detector/src/yolo11.cpp:219:44:[m[K [01;31m[Kerror: [m[K‘[01m[KCOLORS[m[K’ was not declared in this scope
  219 |       "{:.2f} {} {} {}", armor.confidence, [01;31m[KCOLORS[m[K[armor.color], ARMOR_NAMES[armor.name],
      |                                            [01;31m[K^~~~~~[m[K
[01m[K/home/zjy/Inference-for-RDKx5/autoaim/rm_auto_aim/armor_detector/src/yolo11.cpp:219:65:[m[K [01;31m[Kerror: [m[K‘[01m[KARMOR_NAMES[m[K’ was not declared in this scope
  219 |       "{:.2f} {} {} {}", armor.confidence, COLORS[armor.color], [01;31m[KARMOR_NAMES[m[K[armor.name],
      |                                                                 [01;31m[K^~~~~~~~~~~[m[K
[01m[K/home/zjy/Inference-for-RDKx5/autoaim/rm_auto_aim/armor_detector/src/yolo11.cpp:220:7:[m[K [01;31m[Kerror: [m[K‘[01m[KARMOR_TYPES[m[K’ was not declared in this scope; did you mean ‘[01m[KARMOR_TYPE_STR[m[K’?
  220 |       [01;31m[KARMOR_TYPES[m[K[armor.type]);
      |       [01;31m[K^~~~~~~~~~~[m[K
      |       [32m[KARMOR_TYPE_STR[m[K
In file included from [01m[K/usr/include/fmt/format.h:48[m[K,
                 from [01m[K/usr/include/fmt/chrono.h:19[m[K,
                 from [01m[K/home/zjy/Inference-for-RDKx5/autoaim/rm_auto_aim/armor_detector/src/yolo11.cpp:3[m[K:
/usr/include/fmt/core.h: In instantiation of ‘[01m[Kconstexpr fmt::v8::detail::value<Context> fmt::v8::detail::make_arg(T&&) [with bool IS_PACKED = true; Context = fmt::v8::basic_format_context<fmt::v8::appender, char>; fmt::v8::detail::type <anonymous> = fmt::v8::detail::type::custom_type; T = const rm_auto_aim::ArmorName&; typename std::enable_if<IS_PACKED, int>::type <anonymous> = 0][m[K’:
[01m[K/usr/include/fmt/core.h:1855:77:[m[K   required from ‘[01m[Kconstexpr fmt::v8::format_arg_store<Context, Args>::format_arg_store(T&& ...) [with T = {const std::__cxx11::basic_string<char, std::char_traits<char>, std::allocator<char> >&, const rm_auto_aim::ArmorName&, std::__cxx11::basic_string<char, std::char_traits<char>, std::allocator<char> >&}; Context = fmt::v8::basic_format_context<fmt::v8::appender, char>; Args = {std::__cxx11::basic_string<char, std::char_traits<char>, std::allocator<char> >, rm_auto_aim::ArmorName, std::__cxx11::basic_string<char, std::char_traits<char>, std::allocator<char> >}][m[K’
[01m[K/usr/include/fmt/core.h:1872:38:[m[K   required from ‘[01m[Kconstexpr fmt::v8::format_arg_store<Context, typename std::remove_cv<typename std::remove_reference<Args>::type>::type ...> fmt::v8::make_format_args(Args&& ...) [with Context = fmt::v8::basic_format_context<fmt::v8::appender, char>; Args = {const std::__cxx11::basic_string<char, std::char_traits<char>, std::allocator<char> >&, const rm_auto_aim::ArmorName&, std::__cxx11::basic_string<char, std::char_traits<char>, std::allocator<char> >&}][m[K’
[01m[K/usr/include/fmt/core.h:3119:44:[m[K   required from ‘[01m[Kstd::string fmt::v8::format(fmt::v8::format_string<T ...>, T&& ...) [with T = {const std::__cxx11::basic_string<char, std::char_traits<char>, std::allocator<char> >&, const rm_auto_aim::ArmorName&, std::__cxx11::basic_string<char, std::char_traits<char>, std::allocator<char> >&}; std::string = std::__cxx11::basic_string<char>; fmt::v8::format_string<T ...> = fmt::v8::basic_format_string<char, const std::__cxx11::basic_string<char, std::char_traits<char>, std::allocator<char> >&, const rm_auto_aim::ArmorName&, std::__cxx11::basic_string<char, std::char_traits<char>, std::allocator<char> >&>][m[K’
[01m[K/home/zjy/Inference-for-RDKx5/autoaim/rm_auto_aim/armor_detector/src/yolo11.cpp:236:30:[m[K   required from here
[01m[K/usr/include/fmt/core.h:1728:7:[m[K [01;31m[Kerror: [m[Kstatic assertion failed: Cannot format an argument. To make type T formattable provide a formatter<T> specialization: https://fmt.dev/latest/api.html#udt
 1728 |       [01;31m[Kformattable[m[K,
      |       [01;31m[K^~~~~~~~~~~[m[K
[01m[K/usr/include/fmt/core.h:1728:7:[m[K [01;36m[Knote: [m[K‘[01m[Kformattable[m[K’ evaluates to false
In file included from [01m[K/usr/include/x86_64-linux-gnu/c++/11/bits/c++allocator.h:33[m[K,
                 from [01m[K/usr/include/c++/11/bits/allocator.h:46[m[K,
                 from [01m[K/usr/include/c++/11/list:61[m[K,
                 from [01m[K/home/zjy/Inference-for-RDKx5/autoaim/rm_auto_aim/armor_detector/include/armor_detector/yolo11.hpp:4[m[K,
                 from [01m[K/home/zjy/Inference-for-RDKx5/autoaim/rm_auto_aim/armor_detector/src/yolo11.cpp:1[m[K:
/usr/include/c++/11/ext/new_allocator.h: In instantiation of ‘[01m[Kvoid __gnu_cxx::new_allocator<_Tp>::construct(_Up*, _Args&& ...) [with _Up = rm_auto_aim::Armor; _Args = {int&, float&, cv::Rect_<int>&, std::vector<cv::Point_<float>, std::allocator<cv::Point_<float> > >&, cv::Point_<float>&}; _Tp = std::_List_node<rm_auto_aim::Armor>][m[K’:
[01m[K/usr/include/c++/11/bits/alloc_traits.h:516:17:[m[K   required from ‘[01m[Kstatic void std::allocator_traits<std::allocator<_Tp1> >::construct(std::allocator_traits<std::allocator<_Tp1> >::allocator_type&, _Up*, _Args&& ...) [with _Up = rm_auto_aim::Armor; _Args = {int&, float&, cv::Rect_<int>&, std::vector<cv::Point_<float>, std::allocator<cv::Point_<float> > >&, cv::Point_<float>&}; _Tp = std::_List_node<rm_auto_aim::Armor>; std::allocator_traits<std::allocator<_Tp1> >::allocator_type = std::allocator<std::_List_node<rm_auto_aim::Armor> >][m[K’
[01m[K/usr/include/c++/11/bits/stl_list.h:638:33:[m[K   required from ‘[01m[Kstd::__cxx11::list<_Tp, _Alloc>::_Node* std::__cxx11::list<_Tp, _Alloc>::_M_create_node(_Args&& ...) [with _Args = {int&, float&, cv::Rect_<int>&, std::vector<cv::Point_<float>, std::allocator<cv::Point_<float> > >&, cv::Point_<float>&}; _Tp = rm_auto_aim::Armor; _Alloc = std::allocator<rm_auto_aim::Armor>; std::__cxx11::list<_Tp, _Alloc>::_Node = std::__cxx11::list<rm_auto_aim::Armor>::_Node][m[K’
[01m[K/usr/include/c++/11/bits/stl_list.h:1912:32:[m[K   required from ‘[01m[Kvoid std::__cxx11::list<_Tp, _Alloc>::_M_insert(std::__cxx11::list<_Tp, _Alloc>::iterator, _Args&& ...) [with _Args = {int&, float&, cv::Rect_<int>&, std::vector<cv::Point_<float>, std::allocator<cv::Point_<float> > >&, cv::Point_<float>&}; _Tp = rm_auto_aim::Armor; _Alloc = std::allocator<rm_auto_aim::Armor>; std::__cxx11::list<_Tp, _Alloc>::iterator = std::__cxx11::list<rm_auto_aim::Armor>::iterator][m[K’
[01m[K/usr/include/c++/11/bits/stl_list.h:1228:19:[m[K   required from ‘[01m[Kstd::__cxx11::list<_Tp, _Alloc>::reference std::__cxx11::list<_Tp, _Alloc>::emplace_back(_Args&& ...) [with _Args = {int&, float&, cv::Rect_<int>&, std::vector<cv::Point_<float>, std::allocator<cv::Point_<float> > >&, cv::Point_<float>&}; _Tp = rm_auto_aim::Armor; _Alloc = std::allocator<rm_auto_aim::Armor>; std::__cxx11::list<_Tp, _Alloc>::reference = rm_auto_aim::Armor&][m[K’
[01m[K/home/zjy/Inference-for-RDKx5/autoaim/rm_auto_aim/armor_detector/src/yolo11.cpp:133:26:[m[K   required from here
[01m[K/usr/include/c++/11/ext/new_allocator.h:162:11:[m[K [01;31m[Kerror: [m[Kno matching function for call to ‘[01m[Krm_auto_aim::Armor::Armor(int&, float&, cv::Rect_<int>&, std::vector<cv::Point_<float> >&, cv::Point_<float>&)[m[K’
  162 |         { [01;31m[K::new((void *)__p) _Up(std::forward<_Args>(__args)...)[m[K; }
      |           [01;31m[K^~~~~~~~~~~~~~~~~~~~~~~~~~~~~~~~~~~~~~~~~~~~~~~~~~~~~~[m[K
In file included from [01m[K/home/zjy/Inference-for-RDKx5/autoaim/rm_auto_aim/armor_detector/include/armor_detector/yolo11.hpp:10[m[K,
                 from [01m[K/home/zjy/Inference-for-RDKx5/autoaim/rm_auto_aim/armor_detector/src/yolo11.cpp:1[m[K:
[01m[K/home/zjy/Inference-for-RDKx5/autoaim/rm_auto_aim/armor_detector/include/armor_detector/armor.hpp:52:3:[m[K [01;36m[Knote: [m[Kcandidate: ‘[01m[Krm_auto_aim::Armor::Armor(const rm_auto_aim::Light&, const rm_auto_aim::Light&)[m[K’
   52 |   [01;36m[KArmor[m[K(const Light & l1, const Light & l2)
      |   [01;36m[K^~~~~[m[K
[01m[K/home/zjy/Inference-for-RDKx5/autoaim/rm_auto_aim/armor_detector/include/armor_detector/armor.hpp:52:3:[m[K [01;36m[Knote: [m[K  candidate expects 2 arguments, 5 provided
[01m[K/home/zjy/Inference-for-RDKx5/autoaim/rm_auto_aim/armor_detector/include/armor_detector/armor.hpp:51:3:[m[K [01;36m[Knote: [m[Kcandidate: ‘[01m[Krm_auto_aim::Armor::Armor()[m[K’
   51 |   [01;36m[KArmor[m[K() = default;
      |   [01;36m[K^~~~~[m[K
[01m[K/home/zjy/Inference-for-RDKx5/autoaim/rm_auto_aim/armor_detector/include/armor_detector/armor.hpp:51:3:[m[K [01;36m[Knote: [m[K  candidate expects 0 arguments, 5 provided
[01m[K/home/zjy/Inference-for-RDKx5/autoaim/rm_auto_aim/armor_detector/include/armor_detector/armor.hpp:49:8:[m[K [01;36m[Knote: [m[Kcandidate: ‘[01m[Krm_auto_aim::Armor::Armor(const rm_auto_aim::Armor&)[m[K’
   49 | struct [01;36m[KArmor[m[K
      |        [01;36m[K^~~~~[m[K
[01m[K/home/zjy/Inference-for-RDKx5/autoaim/rm_auto_aim/armor_detector/include/armor_detector/armor.hpp:49:8:[m[K [01;36m[Knote: [m[K  candidate expects 1 argument, 5 provided
[01m[K/home/zjy/Inference-for-RDKx5/autoaim/rm_auto_aim/armor_detector/include/armor_detector/armor.hpp:49:8:[m[K [01;36m[Knote: [m[Kcandidate: ‘[01m[Krm_auto_aim::Armor::Armor(rm_auto_aim::Armor&&)[m[K’
[01m[K/home/zjy/Inference-for-RDKx5/autoaim/rm_auto_aim/armor_detector/include/armor_detector/armor.hpp:49:8:[m[K [01;36m[Knote: [m[K  candidate expects 1 argument, 5 provided
In file included from [01m[K/usr/include/x86_64-linux-gnu/c++/11/bits/c++allocator.h:33[m[K,
                 from [01m[K/usr/include/c++/11/bits/allocator.h:46[m[K,
                 from [01m[K/usr/include/c++/11/list:61[m[K,
                 from [01m[K/home/zjy/Inference-for-RDKx5/autoaim/rm_auto_aim/armor_detector/include/armor_detector/yolo11.hpp:4[m[K,
                 from [01m[K/home/zjy/Inference-for-RDKx5/autoaim/rm_auto_aim/armor_detector/src/yolo11.cpp:1[m[K:
/usr/include/c++/11/ext/new_allocator.h: In instantiation of ‘[01m[Kvoid __gnu_cxx::new_allocator<_Tp>::construct(_Up*, _Args&& ...) [with _Up = rm_auto_aim::Armor; _Args = {int&, float&, cv::Rect_<int>&, std::vector<cv::Point_<float>, std::allocator<cv::Point_<float> > >&}; _Tp = std::_List_node<rm_auto_aim::Armor>][m[K’:
[01m[K/usr/include/c++/11/bits/alloc_traits.h:516:17:[m[K   required from ‘[01m[Kstatic void std::allocator_traits<std::allocator<_Tp1> >::construct(std::allocator_traits<std::allocator<_Tp1> >::allocator_type&, _Up*, _Args&& ...) [with _Up = rm_auto_aim::Armor; _Args = {int&, float&, cv::Rect_<int>&, std::vector<cv::Point_<float>, std::allocator<cv::Point_<float> > >&}; _Tp = std::_List_node<rm_auto_aim::Armor>; std::allocator_traits<std::allocator<_Tp1> >::allocator_type = std::allocator<std::_List_node<rm_auto_aim::Armor> >][m[K’
[01m[K/usr/include/c++/11/bits/stl_list.h:638:33:[m[K   required from ‘[01m[Kstd::__cxx11::list<_Tp, _Alloc>::_Node* std::__cxx11::list<_Tp, _Alloc>::_M_create_node(_Args&& ...) [with _Args = {int&, float&, cv::Rect_<int>&, std::vector<cv::Point_<float>, std::allocator<cv::Point_<float> > >&}; _Tp = rm_auto_aim::Armor; _Alloc = std::allocator<rm_auto_aim::Armor>; std::__cxx11::list<_Tp, _Alloc>::_Node = std::__cxx11::list<rm_auto_aim::Armor>::_Node][m[K’
[01m[K/usr/include/c++/11/bits/stl_list.h:1912:32:[m[K   required from ‘[01m[Kvoid std::__cxx11::list<_Tp, _Alloc>::_M_insert(std::__cxx11::list<_Tp, _Alloc>::iterator, _Args&& ...) [with _Args = {int&, float&, cv::Rect_<int>&, std::vector<cv::Point_<float>, std::allocator<cv::Point_<float> > >&}; _Tp = rm_auto_aim::Armor; _Alloc = std::allocator<rm_auto_aim::Armor>; std::__cxx11::list<_Tp, _Alloc>::iterator = std::__cxx11::list<rm_auto_aim::Armor>::iterator][m[K’
[01m[K/usr/include/c++/11/bits/stl_list.h:1228:19:[m[K   required from ‘[01m[Kstd::__cxx11::list<_Tp, _Alloc>::reference std::__cxx11::list<_Tp, _Alloc>::emplace_back(_Args&& ...) [with _Args = {int&, float&, cv::Rect_<int>&, std::vector<cv::Point_<float>, std::allocator<cv::Point_<float> > >&}; _Tp = rm_auto_aim::Armor; _Alloc = std::allocator<rm_auto_aim::Armor>; std::__cxx11::list<_Tp, _Alloc>::reference = rm_auto_aim::Armor&][m[K’
[01m[K/home/zjy/Inference-for-RDKx5/autoaim/rm_auto_aim/armor_detector/src/yolo11.cpp:135:26:[m[K   required from here
[01m[K/usr/include/c++/11/ext/new_allocator.h:162:11:[m[K [01;31m[Kerror: [m[Kno matching function for call to ‘[01m[Krm_auto_aim::Armor::Armor(int&, float&, cv::Rect_<int>&, std::vector<cv::Point_<float> >&)[m[K’
  162 |         { [01;31m[K::new((void *)__p) _Up(std::forward<_Args>(__args)...)[m[K; }
      |           [01;31m[K^~~~~~~~~~~~~~~~~~~~~~~~~~~~~~~~~~~~~~~~~~~~~~~~~~~~~~[m[K
In file included from [01m[K/home/zjy/Inference-for-RDKx5/autoaim/rm_auto_aim/armor_detector/include/armor_detector/yolo11.hpp:10[m[K,
                 from [01m[K/home/zjy/Inference-for-RDKx5/autoaim/rm_auto_aim/armor_detector/src/yolo11.cpp:1[m[K:
[01m[K/home/zjy/Inference-for-RDKx5/autoaim/rm_auto_aim/armor_detector/include/armor_detector/armor.hpp:52:3:[m[K [01;36m[Knote: [m[Kcandidate: ‘[01m[Krm_auto_aim::Armor::Armor(const rm_auto_aim::Light&, const rm_auto_aim::Light&)[m[K’
   52 |   [01;36m[KArmor[m[K(const Light & l1, const Light & l2)
      |   [01;36m[K^~~~~[m[K
[01m[K/home/zjy/Inference-for-RDKx5/autoaim/rm_auto_aim/armor_detector/include/armor_detector/armor.hpp:52:3:[m[K [01;36m[Knote: [m[K  candidate expects 2 arguments, 4 provided
[01m[K/home/zjy/Inference-for-RDKx5/autoaim/rm_auto_aim/armor_detector/include/armor_detector/armor.hpp:51:3:[m[K [01;36m[Knote: [m[Kcandidate: ‘[01m[Krm_auto_aim::Armor::Armor()[m[K’
   51 |   [01;36m[KArmor[m[K() = default;
      |   [01;36m[K^~~~~[m[K
[01m[K/home/zjy/Inference-for-RDKx5/autoaim/rm_auto_aim/armor_detector/include/armor_detector/armor.hpp:51:3:[m[K [01;36m[Knote: [m[K  candidate expects 0 arguments, 4 provided
[01m[K/home/zjy/Inference-for-RDKx5/autoaim/rm_auto_aim/armor_detector/include/armor_detector/armor.hpp:49:8:[m[K [01;36m[Knote: [m[Kcandidate: ‘[01m[Krm_auto_aim::Armor::Armor(const rm_auto_aim::Armor&)[m[K’
   49 | struct [01;36m[KArmor[m[K
      |        [01;36m[K^~~~~[m[K
[01m[K/home/zjy/Inference-for-RDKx5/autoaim/rm_auto_aim/armor_detector/include/armor_detector/armor.hpp:49:8:[m[K [01;36m[Knote: [m[K  candidate expects 1 argument, 4 provided
[01m[K/home/zjy/Inference-for-RDKx5/autoaim/rm_auto_aim/armor_detector/include/armor_detector/armor.hpp:49:8:[m[K [01;36m[Knote: [m[Kcandidate: ‘[01m[Krm_auto_aim::Armor::Armor(rm_auto_aim::Armor&&)[m[K’
[01m[K/home/zjy/Inference-for-RDKx5/autoaim/rm_auto_aim/armor_detector/include/armor_detector/armor.hpp:49:8:[m[K [01;36m[Knote: [m[K  candidate expects 1 argument, 4 provided
[01m[K/home/zjy/Inference-for-RDKx5/autoaim/rm_auto_aim/armor_detector/src/detector_node.cpp:[m[K In constructor ‘[01m[Krm_auto_aim::ArmorDetectorNode::ArmorDetectorNode(const rclcpp::NodeOptions&)[m[K’:
[01m[K/home/zjy/Inference-for-RDKx5/autoaim/rm_auto_aim/armor_detector/src/detector_node.cpp:36:14:[m[K [01;31m[Kerror: [m[K‘[01m[KinitDetector[m[K’ was not declared in this scope; did you mean ‘[01m[KDetector[m[K’?
   36 |   detector_= [01;31m[KinitDetector[m[K();
      |              [01;31m[K^~~~~~~~~~~~[m[K
      |              [32m[KDetector[m[K
[01m[K/home/zjy/Inference-for-RDKx5/autoaim/rm_auto_aim/armor_detector/src/detector_node.cpp:[m[K In member function ‘[01m[Kvoid rm_auto_aim::ArmorDetectorNode::imageCallback(sensor_msgs::msg::Image_<std::allocator<void> >::ConstSharedPtr)[m[K’:
[01m[K/home/zjy/Inference-for-RDKx5/autoaim/rm_auto_aim/armor_detector/src/detector_node.cpp:172:35:[m[K [01;31m[Kerror: [m[K‘[01m[Kconst struct rm_auto_aim::Armor[m[K’ has no member named ‘[01m[Kclassfication_result[m[K’; did you mean ‘[01m[Kclassification_result[m[K’?
  172 |         text_marker_.text = armor.[01;31m[Kclassfication_result[m[K;
      |                                   [01;31m[K^~~~~~~~~~~~~~~~~~~~[m[K
      |                                   [32m[Kclassification_result[m[K
[01m[K/home/zjy/Inference-for-RDKx5/autoaim/rm_auto_aim/armor_detector/src/detector_node.cpp:[m[K At global scope:
[01m[K/home/zjy/Inference-for-RDKx5/autoaim/rm_auto_aim/armor_detector/src/detector_node.cpp:189:27:[m[K [01;31m[Kerror: [m[Kno declaration matches ‘[01m[Kstd::unique_ptr<rm_auto_aim::Detector> rm_auto_aim::ArmorDetectorNode::initDetector()[m[K’
  189 | std::unique_ptr<Detector> [01;31m[KArmorDetectorNode[m[K::initDetector()
      |                           [01;31m[K^~~~~~~~~~~~~~~~~[m[K
[01m[K/home/zjy/Inference-for-RDKx5/autoaim/rm_auto_aim/armor_detector/src/detector_node.cpp:189:27:[m[K [01;36m[Knote: [m[Kno functions named ‘[01m[Kstd::unique_ptr<rm_auto_aim::Detector> rm_auto_aim::ArmorDetectorNode::initDetector()[m[K’
In file included from [01m[K/home/zjy/Inference-for-RDKx5/autoaim/rm_auto_aim/armor_detector/src/detector_node.cpp:26[m[K:
[01m[K/home/zjy/Inference-for-RDKx5/autoaim/rm_auto_aim/armor_detector/include/armor_detector/detector_node.hpp:29:7:[m[K [01;36m[Knote: [m[K‘[01m[Kclass rm_auto_aim::ArmorDetectorNode[m[K’ defined here
   29 | class [01;36m[KArmorDetectorNode[m[K : public rclcpp::Node
      |       [01;36m[K^~~~~~~~~~~~~~~~~[m[K
[01m[K/home/zjy/Inference-for-RDKx5/autoaim/rm_auto_aim/armor_detector/src/detector_node.cpp:[m[K In member function ‘[01m[Kstd::vector<rm_auto_aim::Armor> rm_auto_aim::ArmorDetectorNode::detectArmors(const ConstSharedPtr&)[m[K’:
[01m[K/home/zjy/Inference-for-RDKx5/autoaim/rm_auto_aim/armor_detector/src/detector_node.cpp:244:37:[m[K [01;31m[Kerror: [m[K‘[01m[Kframe_count_[m[K’ was not declared in this scope
  244 |   auto armors = yolo11_->detect(img,[01;31m[Kframe_count_[m[K);
      |                                     [01;31m[K^~~~~~~~~~~~[m[K
gmake[2]: *** [CMakeFiles/armor_detector.dir/build.make:146：CMakeFiles/armor_detector.dir/src/yolo11.cpp.o] 错误 1
gmake[2]: *** [CMakeFiles/armor_detector.dir/build.make:90：CMakeFiles/armor_detector.dir/src/detector_node.cpp.o] 错误 1
gmake[1]: *** [CMakeFiles/Makefile2:161：CMakeFiles/armor_detector.dir/all] 错误 2
gmake: *** [Makefile:146：all] 错误 2
