[0.007s] Invoking command in '/home/zjy/Inference-for-RDKx5/autoaim/build/rm_gimbal_description': CMAKE_PREFIX_PATH=/opt/ros/humble /usr/bin/cmake /home/zjy/Inference-for-RDKx5/autoaim/rm_gimbal_description -DCMAKE_INSTALL_PREFIX=/home/zjy/Inference-for-RDKx5/autoaim/install/rm_gimbal_description
[0.086s] -- The C compiler identification is GNU 11.4.0
[0.123s] -- The CXX compiler identification is GNU 11.4.0
[0.128s] -- Detecting C compiler ABI info
[0.173s] -- Detecting C compiler ABI info - done
[0.177s] -- Check for working C compiler: /usr/bin/cc - skipped
[0.177s] -- Detecting C compile features
[0.177s] -- Detecting C compile features - done
[0.179s] -- Detecting CXX compiler ABI info
[0.227s] -- Detecting CXX compiler ABI info - done
[0.232s] -- Check for working CXX compiler: /usr/bin/c++ - skipped
[0.232s] -- Detecting CXX compile features
[0.232s] -- Detecting CXX compile features - done
[0.233s] -- Found ament_cmake: 1.3.11 (/opt/ros/humble/share/ament_cmake/cmake)
[0.655s] -- Found Python3: /usr/bin/python3 (found version "3.10.12") found components: Interpreter 
[0.710s] -- Found ament_lint_auto: 0.12.12 (/opt/ros/humble/share/ament_lint_auto/cmake)
[0.751s] -- Added test 'lint_cmake' to check CMake code style
[0.752s] -- Added test 'xmllint' to check XML markup files
[0.752s] -- Configuring done
[0.753s] -- Generating done
[0.754s] -- Build files have been written to: /home/zjy/Inference-for-RDKx5/autoaim/build/rm_gimbal_description
[0.757s] Invoked command in '/home/zjy/Inference-for-RDKx5/autoaim/build/rm_gimbal_description' returned '0': CMAKE_PREFIX_PATH=/opt/ros/humble /usr/bin/cmake /home/zjy/Inference-for-RDKx5/autoaim/rm_gimbal_description -DCMAKE_INSTALL_PREFIX=/home/zjy/Inference-for-RDKx5/autoaim/install/rm_gimbal_description
[0.758s] Invoking command in '/home/zjy/Inference-for-RDKx5/autoaim/build/rm_gimbal_description': CMAKE_PREFIX_PATH=/opt/ros/humble /usr/bin/cmake --build /home/zjy/Inference-for-RDKx5/autoaim/build/rm_gimbal_description -- -j32 -l32
[0.784s] Invoked command in '/home/zjy/Inference-for-RDKx5/autoaim/build/rm_gimbal_description' returned '0': CMAKE_PREFIX_PATH=/opt/ros/humble /usr/bin/cmake --build /home/zjy/Inference-for-RDKx5/autoaim/build/rm_gimbal_description -- -j32 -l32
[0.791s] Invoking command in '/home/zjy/Inference-for-RDKx5/autoaim/build/rm_gimbal_description': CMAKE_PREFIX_PATH=/opt/ros/humble /usr/bin/cmake --install /home/zjy/Inference-for-RDKx5/autoaim/build/rm_gimbal_description
[0.797s] -- Install configuration: ""
[0.797s] -- Installing: /home/zjy/Inference-for-RDKx5/autoaim/install/rm_gimbal_description/share/rm_gimbal_description/urdf
[0.797s] -- Installing: /home/zjy/Inference-for-RDKx5/autoaim/install/rm_gimbal_description/share/rm_gimbal_description/urdf/rm_gimbal.urdf.xacro
[0.797s] -- Installing: /home/zjy/Inference-for-RDKx5/autoaim/install/rm_gimbal_description/share/ament_index/resource_index/package_run_dependencies/rm_gimbal_description
[0.797s] -- Installing: /home/zjy/Inference-for-RDKx5/autoaim/install/rm_gimbal_description/share/ament_index/resource_index/parent_prefix_path/rm_gimbal_description
[0.798s] -- Installing: /home/zjy/Inference-for-RDKx5/autoaim/install/rm_gimbal_description/share/rm_gimbal_description/environment/ament_prefix_path.sh
[0.798s] -- Installing: /home/zjy/Inference-for-RDKx5/autoaim/install/rm_gimbal_description/share/rm_gimbal_description/environment/ament_prefix_path.dsv
[0.798s] -- Installing: /home/zjy/Inference-for-RDKx5/autoaim/install/rm_gimbal_description/share/rm_gimbal_description/environment/path.sh
[0.798s] -- Installing: /home/zjy/Inference-for-RDKx5/autoaim/install/rm_gimbal_description/share/rm_gimbal_description/environment/path.dsv
[0.798s] -- Installing: /home/zjy/Inference-for-RDKx5/autoaim/install/rm_gimbal_description/share/rm_gimbal_description/local_setup.bash
[0.798s] -- Installing: /home/zjy/Inference-for-RDKx5/autoaim/install/rm_gimbal_description/share/rm_gimbal_description/local_setup.sh
[0.798s] -- Installing: /home/zjy/Inference-for-RDKx5/autoaim/install/rm_gimbal_description/share/rm_gimbal_description/local_setup.zsh
[0.798s] -- Installing: /home/zjy/Inference-for-RDKx5/autoaim/install/rm_gimbal_description/share/rm_gimbal_description/local_setup.dsv
[0.798s] -- Installing: /home/zjy/Inference-for-RDKx5/autoaim/install/rm_gimbal_description/share/rm_gimbal_description/package.dsv
[0.798s] -- Installing: /home/zjy/Inference-for-RDKx5/autoaim/install/rm_gimbal_description/share/ament_index/resource_index/packages/rm_gimbal_description
[0.799s] -- Installing: /home/zjy/Inference-for-RDKx5/autoaim/install/rm_gimbal_description/share/rm_gimbal_description/cmake/rm_gimbal_descriptionConfig.cmake
[0.799s] -- Installing: /home/zjy/Inference-for-RDKx5/autoaim/install/rm_gimbal_description/share/rm_gimbal_description/cmake/rm_gimbal_descriptionConfig-version.cmake
[0.799s] -- Installing: /home/zjy/Inference-for-RDKx5/autoaim/install/rm_gimbal_description/share/rm_gimbal_description/package.xml
[0.800s] Invoked command in '/home/zjy/Inference-for-RDKx5/autoaim/build/rm_gimbal_description' returned '0': CMAKE_PREFIX_PATH=/opt/ros/humble /usr/bin/cmake --install /home/zjy/Inference-for-RDKx5/autoaim/build/rm_gimbal_description
