[0.025s] Invoking command in '/home/zjy/Inference-for-RDKx5/autoaim/build/auto_aim_interfaces': CMAKE_PREFIX_PATH=/opt/ros/humble /usr/bin/cmake --build /home/zjy/Inference-for-RDKx5/autoaim/build/auto_aim_interfaces -- -j32 -l32
[0.131s] [  1%] Built target auto_aim_interfaces__cpp
[0.140s] [ 12%] Built target auto_aim_interfaces__rosidl_generator_c
[0.163s] [ 12%] Built target ament_cmake_python_copy_auto_aim_interfaces
[0.178s] [ 24%] Built target auto_aim_interfaces__rosidl_typesupport_cpp
[0.181s] [ 35%] Built target auto_aim_interfaces__rosidl_typesupport_c
[0.181s] [ 47%] Built target auto_aim_interfaces__rosidl_typesupport_introspection_c
[0.184s] [ 58%] Built target auto_aim_interfaces__rosidl_typesupport_introspection_cpp
[0.192s] [ 70%] Built target auto_aim_interfaces__rosidl_typesupport_fastrtps_cpp
[0.200s] [ 82%] Built target auto_aim_interfaces__rosidl_typesupport_fastrtps_c
[0.251s] [ 82%] Built target auto_aim_interfaces
[0.288s] [ 83%] Built target auto_aim_interfaces__py
[0.332s] [ 93%] Built target auto_aim_interfaces__rosidl_generator_py
[0.394s] [ 95%] Built target auto_aim_interfaces__rosidl_typesupport_introspection_c__pyext
[0.401s] [ 97%] Built target auto_aim_interfaces__rosidl_typesupport_fastrtps_c__pyext
[0.404s] [100%] Built target auto_aim_interfaces__rosidl_typesupport_c__pyext
[0.686s] running egg_info
[0.707s] writing auto_aim_interfaces.egg-info/PKG-INFO
[0.707s] writing dependency_links to auto_aim_interfaces.egg-info/dependency_links.txt
[0.707s] writing top-level names to auto_aim_interfaces.egg-info/top_level.txt
[0.760s] reading manifest file 'auto_aim_interfaces.egg-info/SOURCES.txt'
[0.761s] writing manifest file 'auto_aim_interfaces.egg-info/SOURCES.txt'
[0.818s] [100%] Built target ament_cmake_python_build_auto_aim_interfaces_egg
[0.848s] Invoked command in '/home/zjy/Inference-for-RDKx5/autoaim/build/auto_aim_interfaces' returned '0': CMAKE_PREFIX_PATH=/opt/ros/humble /usr/bin/cmake --build /home/zjy/Inference-for-RDKx5/autoaim/build/auto_aim_interfaces -- -j32 -l32
[0.851s] Invoking command in '/home/zjy/Inference-for-RDKx5/autoaim/build/auto_aim_interfaces': CMAKE_PREFIX_PATH=/opt/ros/humble /usr/bin/cmake --install /home/zjy/Inference-for-RDKx5/autoaim/build/auto_aim_interfaces
[0.864s] -- Install configuration: ""
[0.864s] -- Up-to-date: /home/zjy/Inference-for-RDKx5/autoaim/install/auto_aim_interfaces/share/ament_index/resource_index/rosidl_interfaces/auto_aim_interfaces
[0.864s] -- Up-to-date: /home/zjy/Inference-for-RDKx5/autoaim/install/auto_aim_interfaces/include/auto_aim_interfaces/auto_aim_interfaces
[0.864s] -- Up-to-date: /home/zjy/Inference-for-RDKx5/autoaim/install/auto_aim_interfaces/include/auto_aim_interfaces/auto_aim_interfaces/msg
[0.865s] -- Up-to-date: /home/zjy/Inference-for-RDKx5/autoaim/install/auto_aim_interfaces/include/auto_aim_interfaces/auto_aim_interfaces/msg/debug_armor.h
[0.865s] -- Up-to-date: /home/zjy/Inference-for-RDKx5/autoaim/install/auto_aim_interfaces/include/auto_aim_interfaces/auto_aim_interfaces/msg/debug_lights.h
[0.865s] -- Up-to-date: /home/zjy/Inference-for-RDKx5/autoaim/install/auto_aim_interfaces/include/auto_aim_interfaces/auto_aim_interfaces/msg/debug_light.h
[0.865s] -- Up-to-date: /home/zjy/Inference-for-RDKx5/autoaim/install/auto_aim_interfaces/include/auto_aim_interfaces/auto_aim_interfaces/msg/armor.h
[0.865s] -- Up-to-date: /home/zjy/Inference-for-RDKx5/autoaim/install/auto_aim_interfaces/include/auto_aim_interfaces/auto_aim_interfaces/msg/armors.h
[0.865s] -- Up-to-date: /home/zjy/Inference-for-RDKx5/autoaim/install/auto_aim_interfaces/include/auto_aim_interfaces/auto_aim_interfaces/msg/time_info.h
[0.866s] -- Up-to-date: /home/zjy/Inference-for-RDKx5/autoaim/install/auto_aim_interfaces/include/auto_aim_interfaces/auto_aim_interfaces/msg/rosidl_generator_c__visibility_control.h
[0.866s] -- Up-to-date: /home/zjy/Inference-for-RDKx5/autoaim/install/auto_aim_interfaces/include/auto_aim_interfaces/auto_aim_interfaces/msg/debug_armors.h
[0.866s] -- Up-to-date: /home/zjy/Inference-for-RDKx5/autoaim/install/auto_aim_interfaces/include/auto_aim_interfaces/auto_aim_interfaces/msg/detail
[0.866s] -- Up-to-date: /home/zjy/Inference-for-RDKx5/autoaim/install/auto_aim_interfaces/include/auto_aim_interfaces/auto_aim_interfaces/msg/detail/debug_light__functions.h
[0.866s] -- Up-to-date: /home/zjy/Inference-for-RDKx5/autoaim/install/auto_aim_interfaces/include/auto_aim_interfaces/auto_aim_interfaces/msg/detail/time_info__type_support.h
[0.866s] -- Up-to-date: /home/zjy/Inference-for-RDKx5/autoaim/install/auto_aim_interfaces/include/auto_aim_interfaces/auto_aim_interfaces/msg/detail/debug_armor__type_support.h
[0.866s] -- Up-to-date: /home/zjy/Inference-for-RDKx5/autoaim/install/auto_aim_interfaces/include/auto_aim_interfaces/auto_aim_interfaces/msg/detail/tracker_info__struct.h
[0.866s] -- Up-to-date: /home/zjy/Inference-for-RDKx5/autoaim/install/auto_aim_interfaces/include/auto_aim_interfaces/auto_aim_interfaces/msg/detail/target__functions.c
[0.866s] -- Up-to-date: /home/zjy/Inference-for-RDKx5/autoaim/install/auto_aim_interfaces/include/auto_aim_interfaces/auto_aim_interfaces/msg/detail/tracker_info__type_support.h
[0.867s] -- Up-to-date: /home/zjy/Inference-for-RDKx5/autoaim/install/auto_aim_interfaces/include/auto_aim_interfaces/auto_aim_interfaces/msg/detail/debug_lights__functions.c
[0.867s] -- Up-to-date: /home/zjy/Inference-for-RDKx5/autoaim/install/auto_aim_interfaces/include/auto_aim_interfaces/auto_aim_interfaces/msg/detail/armors__functions.c
[0.867s] -- Up-to-date: /home/zjy/Inference-for-RDKx5/autoaim/install/auto_aim_interfaces/include/auto_aim_interfaces/auto_aim_interfaces/msg/detail/armor__struct.h
[0.867s] -- Up-to-date: /home/zjy/Inference-for-RDKx5/autoaim/install/auto_aim_interfaces/include/auto_aim_interfaces/auto_aim_interfaces/msg/detail/debug_armor__struct.h
[0.867s] -- Up-to-date: /home/zjy/Inference-for-RDKx5/autoaim/install/auto_aim_interfaces/include/auto_aim_interfaces/auto_aim_interfaces/msg/detail/debug_armors__functions.c
[0.867s] -- Up-to-date: /home/zjy/Inference-for-RDKx5/autoaim/install/auto_aim_interfaces/include/auto_aim_interfaces/auto_aim_interfaces/msg/detail/armors__functions.h
[0.867s] -- Up-to-date: /home/zjy/Inference-for-RDKx5/autoaim/install/auto_aim_interfaces/include/auto_aim_interfaces/auto_aim_interfaces/msg/detail/time_info__functions.h
[0.867s] -- Up-to-date: /home/zjy/Inference-for-RDKx5/autoaim/install/auto_aim_interfaces/include/auto_aim_interfaces/auto_aim_interfaces/msg/detail/tracker_info__functions.c
[0.867s] -- Up-to-date: /home/zjy/Inference-for-RDKx5/autoaim/install/auto_aim_interfaces/include/auto_aim_interfaces/auto_aim_interfaces/msg/detail/armor__functions.h
[0.867s] -- Up-to-date: /home/zjy/Inference-for-RDKx5/autoaim/install/auto_aim_interfaces/include/auto_aim_interfaces/auto_aim_interfaces/msg/detail/armors__type_support.h
[0.867s] -- Up-to-date: /home/zjy/Inference-for-RDKx5/autoaim/install/auto_aim_interfaces/include/auto_aim_interfaces/auto_aim_interfaces/msg/detail/target__struct.h
[0.867s] -- Up-to-date: /home/zjy/Inference-for-RDKx5/autoaim/install/auto_aim_interfaces/include/auto_aim_interfaces/auto_aim_interfaces/msg/detail/debug_light__struct.h
[0.867s] -- Up-to-date: /home/zjy/Inference-for-RDKx5/autoaim/install/auto_aim_interfaces/include/auto_aim_interfaces/auto_aim_interfaces/msg/detail/target__functions.h
[0.868s] -- Up-to-date: /home/zjy/Inference-for-RDKx5/autoaim/install/auto_aim_interfaces/include/auto_aim_interfaces/auto_aim_interfaces/msg/detail/debug_armor__functions.h
[0.868s] -- Up-to-date: /home/zjy/Inference-for-RDKx5/autoaim/install/auto_aim_interfaces/include/auto_aim_interfaces/auto_aim_interfaces/msg/detail/debug_lights__type_support.h
[0.868s] -- Up-to-date: /home/zjy/Inference-for-RDKx5/autoaim/install/auto_aim_interfaces/include/auto_aim_interfaces/auto_aim_interfaces/msg/detail/debug_lights__struct.h
[0.868s] -- Up-to-date: /home/zjy/Inference-for-RDKx5/autoaim/install/auto_aim_interfaces/include/auto_aim_interfaces/auto_aim_interfaces/msg/detail/debug_light__functions.c
[0.868s] -- Up-to-date: /home/zjy/Inference-for-RDKx5/autoaim/install/auto_aim_interfaces/include/auto_aim_interfaces/auto_aim_interfaces/msg/detail/tracker_info__functions.h
[0.868s] -- Up-to-date: /home/zjy/Inference-for-RDKx5/autoaim/install/auto_aim_interfaces/include/auto_aim_interfaces/auto_aim_interfaces/msg/detail/target__type_support.h
[0.868s] -- Up-to-date: /home/zjy/Inference-for-RDKx5/autoaim/install/auto_aim_interfaces/include/auto_aim_interfaces/auto_aim_interfaces/msg/detail/debug_armors__type_support.h
[0.868s] -- Up-to-date: /home/zjy/Inference-for-RDKx5/autoaim/install/auto_aim_interfaces/include/auto_aim_interfaces/auto_aim_interfaces/msg/detail/armors__struct.h
[0.868s] -- Up-to-date: /home/zjy/Inference-for-RDKx5/autoaim/install/auto_aim_interfaces/include/auto_aim_interfaces/auto_aim_interfaces/msg/detail/debug_lights__functions.h
[0.868s] -- Up-to-date: /home/zjy/Inference-for-RDKx5/autoaim/install/auto_aim_interfaces/include/auto_aim_interfaces/auto_aim_interfaces/msg/detail/debug_armors__functions.h
[0.868s] -- Up-to-date: /home/zjy/Inference-for-RDKx5/autoaim/install/auto_aim_interfaces/include/auto_aim_interfaces/auto_aim_interfaces/msg/detail/armor__type_support.h
[0.868s] -- Up-to-date: /home/zjy/Inference-for-RDKx5/autoaim/install/auto_aim_interfaces/include/auto_aim_interfaces/auto_aim_interfaces/msg/detail/debug_light__type_support.h
[0.868s] -- Up-to-date: /home/zjy/Inference-for-RDKx5/autoaim/install/auto_aim_interfaces/include/auto_aim_interfaces/auto_aim_interfaces/msg/detail/debug_armors__struct.h
[0.868s] -- Up-to-date: /home/zjy/Inference-for-RDKx5/autoaim/install/auto_aim_interfaces/include/auto_aim_interfaces/auto_aim_interfaces/msg/detail/time_info__functions.c
[0.868s] -- Up-to-date: /home/zjy/Inference-for-RDKx5/autoaim/install/auto_aim_interfaces/include/auto_aim_interfaces/auto_aim_interfaces/msg/detail/armor__functions.c
[0.868s] -- Up-to-date: /home/zjy/Inference-for-RDKx5/autoaim/install/auto_aim_interfaces/include/auto_aim_interfaces/auto_aim_interfaces/msg/detail/time_info__struct.h
[0.868s] -- Up-to-date: /home/zjy/Inference-for-RDKx5/autoaim/install/auto_aim_interfaces/include/auto_aim_interfaces/auto_aim_interfaces/msg/detail/debug_armor__functions.c
[0.869s] -- Up-to-date: /home/zjy/Inference-for-RDKx5/autoaim/install/auto_aim_interfaces/include/auto_aim_interfaces/auto_aim_interfaces/msg/target.h
[0.869s] -- Up-to-date: /home/zjy/Inference-for-RDKx5/autoaim/install/auto_aim_interfaces/include/auto_aim_interfaces/auto_aim_interfaces/msg/tracker_info.h
[0.869s] -- Up-to-date: /home/zjy/Inference-for-RDKx5/autoaim/install/auto_aim_interfaces/share/auto_aim_interfaces/environment/library_path.sh
[0.869s] -- Up-to-date: /home/zjy/Inference-for-RDKx5/autoaim/install/auto_aim_interfaces/share/auto_aim_interfaces/environment/library_path.dsv
[0.869s] -- Up-to-date: /home/zjy/Inference-for-RDKx5/autoaim/install/auto_aim_interfaces/lib/libauto_aim_interfaces__rosidl_generator_c.so
[0.869s] -- Up-to-date: /home/zjy/Inference-for-RDKx5/autoaim/install/auto_aim_interfaces/include/auto_aim_interfaces/auto_aim_interfaces
[0.869s] -- Up-to-date: /home/zjy/Inference-for-RDKx5/autoaim/install/auto_aim_interfaces/include/auto_aim_interfaces/auto_aim_interfaces/msg
[0.869s] -- Up-to-date: /home/zjy/Inference-for-RDKx5/autoaim/install/auto_aim_interfaces/include/auto_aim_interfaces/auto_aim_interfaces/msg/rosidl_typesupport_fastrtps_c__visibility_control.h
[0.869s] -- Up-to-date: /home/zjy/Inference-for-RDKx5/autoaim/install/auto_aim_interfaces/include/auto_aim_interfaces/auto_aim_interfaces/msg/detail
[0.869s] -- Up-to-date: /home/zjy/Inference-for-RDKx5/autoaim/install/auto_aim_interfaces/include/auto_aim_interfaces/auto_aim_interfaces/msg/detail/debug_armor__rosidl_typesupport_fastrtps_c.h
[0.869s] -- Up-to-date: /home/zjy/Inference-for-RDKx5/autoaim/install/auto_aim_interfaces/include/auto_aim_interfaces/auto_aim_interfaces/msg/detail/target__rosidl_typesupport_fastrtps_c.h
[0.869s] -- Up-to-date: /home/zjy/Inference-for-RDKx5/autoaim/install/auto_aim_interfaces/include/auto_aim_interfaces/auto_aim_interfaces/msg/detail/tracker_info__rosidl_typesupport_fastrtps_c.h
[0.869s] -- Up-to-date: /home/zjy/Inference-for-RDKx5/autoaim/install/auto_aim_interfaces/include/auto_aim_interfaces/auto_aim_interfaces/msg/detail/time_info__rosidl_typesupport_fastrtps_c.h
[0.870s] -- Up-to-date: /home/zjy/Inference-for-RDKx5/autoaim/install/auto_aim_interfaces/include/auto_aim_interfaces/auto_aim_interfaces/msg/detail/debug_lights__rosidl_typesupport_fastrtps_c.h
[0.870s] -- Up-to-date: /home/zjy/Inference-for-RDKx5/autoaim/install/auto_aim_interfaces/include/auto_aim_interfaces/auto_aim_interfaces/msg/detail/armor__rosidl_typesupport_fastrtps_c.h
[0.870s] -- Up-to-date: /home/zjy/Inference-for-RDKx5/autoaim/install/auto_aim_interfaces/include/auto_aim_interfaces/auto_aim_interfaces/msg/detail/debug_armors__rosidl_typesupport_fastrtps_c.h
[0.870s] -- Up-to-date: /home/zjy/Inference-for-RDKx5/autoaim/install/auto_aim_interfaces/include/auto_aim_interfaces/auto_aim_interfaces/msg/detail/debug_light__rosidl_typesupport_fastrtps_c.h
[0.870s] -- Up-to-date: /home/zjy/Inference-for-RDKx5/autoaim/install/auto_aim_interfaces/include/auto_aim_interfaces/auto_aim_interfaces/msg/detail/armors__rosidl_typesupport_fastrtps_c.h
[0.870s] -- Up-to-date: /home/zjy/Inference-for-RDKx5/autoaim/install/auto_aim_interfaces/lib/libauto_aim_interfaces__rosidl_typesupport_fastrtps_c.so
[0.870s] -- Up-to-date: /home/zjy/Inference-for-RDKx5/autoaim/install/auto_aim_interfaces/include/auto_aim_interfaces/auto_aim_interfaces
[0.870s] -- Up-to-date: /home/zjy/Inference-for-RDKx5/autoaim/install/auto_aim_interfaces/include/auto_aim_interfaces/auto_aim_interfaces/msg
[0.870s] -- Up-to-date: /home/zjy/Inference-for-RDKx5/autoaim/install/auto_aim_interfaces/include/auto_aim_interfaces/auto_aim_interfaces/msg/detail
[0.870s] -- Up-to-date: /home/zjy/Inference-for-RDKx5/autoaim/install/auto_aim_interfaces/include/auto_aim_interfaces/auto_aim_interfaces/msg/detail/target__type_support.c
[0.870s] -- Up-to-date: /home/zjy/Inference-for-RDKx5/autoaim/install/auto_aim_interfaces/include/auto_aim_interfaces/auto_aim_interfaces/msg/detail/debug_armors__type_support.c
[0.870s] -- Up-to-date: /home/zjy/Inference-for-RDKx5/autoaim/install/auto_aim_interfaces/include/auto_aim_interfaces/auto_aim_interfaces/msg/detail/time_info__rosidl_typesupport_introspection_c.h
[0.870s] -- Up-to-date: /home/zjy/Inference-for-RDKx5/autoaim/install/auto_aim_interfaces/include/auto_aim_interfaces/auto_aim_interfaces/msg/detail/armors__rosidl_typesupport_introspection_c.h
[0.870s] -- Up-to-date: /home/zjy/Inference-for-RDKx5/autoaim/install/auto_aim_interfaces/include/auto_aim_interfaces/auto_aim_interfaces/msg/detail/debug_lights__rosidl_typesupport_introspection_c.h
[0.870s] -- Up-to-date: /home/zjy/Inference-for-RDKx5/autoaim/install/auto_aim_interfaces/include/auto_aim_interfaces/auto_aim_interfaces/msg/detail/debug_light__rosidl_typesupport_introspection_c.h
[0.870s] -- Up-to-date: /home/zjy/Inference-for-RDKx5/autoaim/install/auto_aim_interfaces/include/auto_aim_interfaces/auto_aim_interfaces/msg/detail/tracker_info__type_support.c
[0.870s] -- Up-to-date: /home/zjy/Inference-for-RDKx5/autoaim/install/auto_aim_interfaces/include/auto_aim_interfaces/auto_aim_interfaces/msg/detail/time_info__type_support.c
[0.870s] -- Up-to-date: /home/zjy/Inference-for-RDKx5/autoaim/install/auto_aim_interfaces/include/auto_aim_interfaces/auto_aim_interfaces/msg/detail/target__rosidl_typesupport_introspection_c.h
[0.871s] -- Up-to-date: /home/zjy/Inference-for-RDKx5/autoaim/install/auto_aim_interfaces/include/auto_aim_interfaces/auto_aim_interfaces/msg/detail/armor__type_support.c
[0.871s] -- Up-to-date: /home/zjy/Inference-for-RDKx5/autoaim/install/auto_aim_interfaces/include/auto_aim_interfaces/auto_aim_interfaces/msg/detail/armors__type_support.c
[0.871s] -- Up-to-date: /home/zjy/Inference-for-RDKx5/autoaim/install/auto_aim_interfaces/include/auto_aim_interfaces/auto_aim_interfaces/msg/detail/armor__rosidl_typesupport_introspection_c.h
[0.871s] -- Up-to-date: /home/zjy/Inference-for-RDKx5/autoaim/install/auto_aim_interfaces/include/auto_aim_interfaces/auto_aim_interfaces/msg/detail/debug_armor__rosidl_typesupport_introspection_c.h
[0.871s] -- Up-to-date: /home/zjy/Inference-for-RDKx5/autoaim/install/auto_aim_interfaces/include/auto_aim_interfaces/auto_aim_interfaces/msg/detail/debug_light__type_support.c
[0.871s] -- Up-to-date: /home/zjy/Inference-for-RDKx5/autoaim/install/auto_aim_interfaces/include/auto_aim_interfaces/auto_aim_interfaces/msg/detail/debug_armor__type_support.c
[0.871s] -- Up-to-date: /home/zjy/Inference-for-RDKx5/autoaim/install/auto_aim_interfaces/include/auto_aim_interfaces/auto_aim_interfaces/msg/detail/debug_armors__rosidl_typesupport_introspection_c.h
[0.871s] -- Up-to-date: /home/zjy/Inference-for-RDKx5/autoaim/install/auto_aim_interfaces/include/auto_aim_interfaces/auto_aim_interfaces/msg/detail/tracker_info__rosidl_typesupport_introspection_c.h
[0.871s] -- Up-to-date: /home/zjy/Inference-for-RDKx5/autoaim/install/auto_aim_interfaces/include/auto_aim_interfaces/auto_aim_interfaces/msg/detail/debug_lights__type_support.c
[0.871s] -- Up-to-date: /home/zjy/Inference-for-RDKx5/autoaim/install/auto_aim_interfaces/include/auto_aim_interfaces/auto_aim_interfaces/msg/rosidl_typesupport_introspection_c__visibility_control.h
[0.872s] -- Up-to-date: /home/zjy/Inference-for-RDKx5/autoaim/install/auto_aim_interfaces/lib/libauto_aim_interfaces__rosidl_typesupport_introspection_c.so
[0.872s] -- Up-to-date: /home/zjy/Inference-for-RDKx5/autoaim/install/auto_aim_interfaces/lib/libauto_aim_interfaces__rosidl_typesupport_c.so
[0.872s] -- Up-to-date: /home/zjy/Inference-for-RDKx5/autoaim/install/auto_aim_interfaces/include/auto_aim_interfaces/auto_aim_interfaces
[0.872s] -- Up-to-date: /home/zjy/Inference-for-RDKx5/autoaim/install/auto_aim_interfaces/include/auto_aim_interfaces/auto_aim_interfaces/msg
[0.872s] -- Up-to-date: /home/zjy/Inference-for-RDKx5/autoaim/install/auto_aim_interfaces/include/auto_aim_interfaces/auto_aim_interfaces/msg/debug_light.hpp
[0.872s] -- Up-to-date: /home/zjy/Inference-for-RDKx5/autoaim/install/auto_aim_interfaces/include/auto_aim_interfaces/auto_aim_interfaces/msg/debug_armors.hpp
[0.872s] -- Up-to-date: /home/zjy/Inference-for-RDKx5/autoaim/install/auto_aim_interfaces/include/auto_aim_interfaces/auto_aim_interfaces/msg/tracker_info.hpp
[0.872s] -- Up-to-date: /home/zjy/Inference-for-RDKx5/autoaim/install/auto_aim_interfaces/include/auto_aim_interfaces/auto_aim_interfaces/msg/rosidl_generator_cpp__visibility_control.hpp
[0.872s] -- Up-to-date: /home/zjy/Inference-for-RDKx5/autoaim/install/auto_aim_interfaces/include/auto_aim_interfaces/auto_aim_interfaces/msg/detail
[0.872s] -- Up-to-date: /home/zjy/Inference-for-RDKx5/autoaim/install/auto_aim_interfaces/include/auto_aim_interfaces/auto_aim_interfaces/msg/detail/armors__builder.hpp
[0.872s] -- Up-to-date: /home/zjy/Inference-for-RDKx5/autoaim/install/auto_aim_interfaces/include/auto_aim_interfaces/auto_aim_interfaces/msg/detail/armor__builder.hpp
[0.872s] -- Up-to-date: /home/zjy/Inference-for-RDKx5/autoaim/install/auto_aim_interfaces/include/auto_aim_interfaces/auto_aim_interfaces/msg/detail/time_info__type_support.hpp
[0.872s] -- Up-to-date: /home/zjy/Inference-for-RDKx5/autoaim/install/auto_aim_interfaces/include/auto_aim_interfaces/auto_aim_interfaces/msg/detail/armor__traits.hpp
[0.873s] -- Up-to-date: /home/zjy/Inference-for-RDKx5/autoaim/install/auto_aim_interfaces/include/auto_aim_interfaces/auto_aim_interfaces/msg/detail/target__struct.hpp
[0.874s] -- Up-to-date: /home/zjy/Inference-for-RDKx5/autoaim/install/auto_aim_interfaces/include/auto_aim_interfaces/auto_aim_interfaces/msg/detail/debug_armor__type_support.hpp
[0.876s] -- Up-to-date: /home/zjy/Inference-for-RDKx5/autoaim/install/auto_aim_interfaces/include/auto_aim_interfaces/auto_aim_interfaces/msg/detail/debug_armors__builder.hpp
[0.876s] -- Up-to-date: /home/zjy/Inference-for-RDKx5/autoaim/install/auto_aim_interfaces/include/auto_aim_interfaces/auto_aim_interfaces/msg/detail/time_info__struct.hpp
[0.876s] -- Up-to-date: /home/zjy/Inference-for-RDKx5/autoaim/install/auto_aim_interfaces/include/auto_aim_interfaces/auto_aim_interfaces/msg/detail/debug_armors__type_support.hpp
[0.877s] -- Up-to-date: /home/zjy/Inference-for-RDKx5/autoaim/install/auto_aim_interfaces/include/auto_aim_interfaces/auto_aim_interfaces/msg/detail/tracker_info__type_support.hpp
[0.877s] -- Up-to-date: /home/zjy/Inference-for-RDKx5/autoaim/install/auto_aim_interfaces/include/auto_aim_interfaces/auto_aim_interfaces/msg/detail/debug_armor__builder.hpp
[0.878s] -- Up-to-date: /home/zjy/Inference-for-RDKx5/autoaim/install/auto_aim_interfaces/include/auto_aim_interfaces/auto_aim_interfaces/msg/detail/time_info__traits.hpp
[0.879s] -- Up-to-date: /home/zjy/Inference-for-RDKx5/autoaim/install/auto_aim_interfaces/include/auto_aim_interfaces/auto_aim_interfaces/msg/detail/target__traits.hpp
[0.880s] -- Up-to-date: /home/zjy/Inference-for-RDKx5/autoaim/install/auto_aim_interfaces/include/auto_aim_interfaces/auto_aim_interfaces/msg/detail/armors__struct.hpp
[0.880s] -- Up-to-date: /home/zjy/Inference-for-RDKx5/autoaim/install/auto_aim_interfaces/include/auto_aim_interfaces/auto_aim_interfaces/msg/detail/target__builder.hpp
[0.880s] -- Up-to-date: /home/zjy/Inference-for-RDKx5/autoaim/install/auto_aim_interfaces/include/auto_aim_interfaces/auto_aim_interfaces/msg/detail/debug_armor__traits.hpp
[0.881s] -- Up-to-date: /home/zjy/Inference-for-RDKx5/autoaim/install/auto_aim_interfaces/include/auto_aim_interfaces/auto_aim_interfaces/msg/detail/debug_light__builder.hpp
[0.881s] -- Up-to-date: /home/zjy/Inference-for-RDKx5/autoaim/install/auto_aim_interfaces/include/auto_aim_interfaces/auto_aim_interfaces/msg/detail/tracker_info__builder.hpp
[0.881s] -- Up-to-date: /home/zjy/Inference-for-RDKx5/autoaim/install/auto_aim_interfaces/include/auto_aim_interfaces/auto_aim_interfaces/msg/detail/debug_light__type_support.hpp
[0.883s] -- Up-to-date: /home/zjy/Inference-for-RDKx5/autoaim/install/auto_aim_interfaces/include/auto_aim_interfaces/auto_aim_interfaces/msg/detail/armor__struct.hpp
[0.883s] -- Up-to-date: /home/zjy/Inference-for-RDKx5/autoaim/install/auto_aim_interfaces/include/auto_aim_interfaces/auto_aim_interfaces/msg/detail/debug_armor__struct.hpp
[0.883s] -- Up-to-date: /home/zjy/Inference-for-RDKx5/autoaim/install/auto_aim_interfaces/include/auto_aim_interfaces/auto_aim_interfaces/msg/detail/target__type_support.hpp
[0.884s] -- Up-to-date: /home/zjy/Inference-for-RDKx5/autoaim/install/auto_aim_interfaces/include/auto_aim_interfaces/auto_aim_interfaces/msg/detail/debug_armors__struct.hpp
[0.884s] -- Up-to-date: /home/zjy/Inference-for-RDKx5/autoaim/install/auto_aim_interfaces/include/auto_aim_interfaces/auto_aim_interfaces/msg/detail/time_info__builder.hpp
[0.885s] -- Up-to-date: /home/zjy/Inference-for-RDKx5/autoaim/install/auto_aim_interfaces/include/auto_aim_interfaces/auto_aim_interfaces/msg/detail/debug_light__struct.hpp
[0.885s] -- Up-to-date: /home/zjy/Inference-for-RDKx5/autoaim/install/auto_aim_interfaces/include/auto_aim_interfaces/auto_aim_interfaces/msg/detail/tracker_info__struct.hpp
[0.886s] -- Up-to-date: /home/zjy/Inference-for-RDKx5/autoaim/install/auto_aim_interfaces/include/auto_aim_interfaces/auto_aim_interfaces/msg/detail/debug_light__traits.hpp
[0.887s] -- Up-to-date: /home/zjy/Inference-for-RDKx5/autoaim/install/auto_aim_interfaces/include/auto_aim_interfaces/auto_aim_interfaces/msg/detail/tracker_info__traits.hpp
[0.887s] -- Up-to-date: /home/zjy/Inference-for-RDKx5/autoaim/install/auto_aim_interfaces/include/auto_aim_interfaces/auto_aim_interfaces/msg/detail/armor__type_support.hpp
[0.889s] -- Up-to-date: /home/zjy/Inference-for-RDKx5/autoaim/install/auto_aim_interfaces/include/auto_aim_interfaces/auto_aim_interfaces/msg/detail/debug_lights__traits.hpp
[0.890s] -- Up-to-date: /home/zjy/Inference-for-RDKx5/autoaim/install/auto_aim_interfaces/include/auto_aim_interfaces/auto_aim_interfaces/msg/detail/armors__type_support.hpp
[0.890s] -- Up-to-date: /home/zjy/Inference-for-RDKx5/autoaim/install/auto_aim_interfaces/include/auto_aim_interfaces/auto_aim_interfaces/msg/detail/armors__traits.hpp
[0.890s] -- Up-to-date: /home/zjy/Inference-for-RDKx5/autoaim/install/auto_aim_interfaces/include/auto_aim_interfaces/auto_aim_interfaces/msg/detail/debug_armors__traits.hpp
[0.891s] -- Up-to-date: /home/zjy/Inference-for-RDKx5/autoaim/install/auto_aim_interfaces/include/auto_aim_interfaces/auto_aim_interfaces/msg/detail/debug_lights__struct.hpp
[0.891s] -- Up-to-date: /home/zjy/Inference-for-RDKx5/autoaim/install/auto_aim_interfaces/include/auto_aim_interfaces/auto_aim_interfaces/msg/detail/debug_lights__type_support.hpp
[0.891s] -- Up-to-date: /home/zjy/Inference-for-RDKx5/autoaim/install/auto_aim_interfaces/include/auto_aim_interfaces/auto_aim_interfaces/msg/detail/debug_lights__builder.hpp
[0.892s] -- Up-to-date: /home/zjy/Inference-for-RDKx5/autoaim/install/auto_aim_interfaces/include/auto_aim_interfaces/auto_aim_interfaces/msg/debug_lights.hpp
[0.892s] -- Up-to-date: /home/zjy/Inference-for-RDKx5/autoaim/install/auto_aim_interfaces/include/auto_aim_interfaces/auto_aim_interfaces/msg/time_info.hpp
[0.892s] -- Up-to-date: /home/zjy/Inference-for-RDKx5/autoaim/install/auto_aim_interfaces/include/auto_aim_interfaces/auto_aim_interfaces/msg/armor.hpp
[0.892s] -- Up-to-date: /home/zjy/Inference-for-RDKx5/autoaim/install/auto_aim_interfaces/include/auto_aim_interfaces/auto_aim_interfaces/msg/armors.hpp
[0.892s] -- Up-to-date: /home/zjy/Inference-for-RDKx5/autoaim/install/auto_aim_interfaces/include/auto_aim_interfaces/auto_aim_interfaces/msg/target.hpp
[0.892s] -- Up-to-date: /home/zjy/Inference-for-RDKx5/autoaim/install/auto_aim_interfaces/include/auto_aim_interfaces/auto_aim_interfaces/msg/debug_armor.hpp
[0.893s] -- Up-to-date: /home/zjy/Inference-for-RDKx5/autoaim/install/auto_aim_interfaces/include/auto_aim_interfaces/auto_aim_interfaces
[0.893s] -- Up-to-date: /home/zjy/Inference-for-RDKx5/autoaim/install/auto_aim_interfaces/include/auto_aim_interfaces/auto_aim_interfaces/msg
[0.893s] -- Up-to-date: /home/zjy/Inference-for-RDKx5/autoaim/install/auto_aim_interfaces/include/auto_aim_interfaces/auto_aim_interfaces/msg/rosidl_typesupport_fastrtps_cpp__visibility_control.h
[0.893s] -- Up-to-date: /home/zjy/Inference-for-RDKx5/autoaim/install/auto_aim_interfaces/include/auto_aim_interfaces/auto_aim_interfaces/msg/detail
[0.893s] -- Up-to-date: /home/zjy/Inference-for-RDKx5/autoaim/install/auto_aim_interfaces/include/auto_aim_interfaces/auto_aim_interfaces/msg/detail/debug_light__rosidl_typesupport_fastrtps_cpp.hpp
[0.893s] -- Up-to-date: /home/zjy/Inference-for-RDKx5/autoaim/install/auto_aim_interfaces/include/auto_aim_interfaces/auto_aim_interfaces/msg/detail/time_info__rosidl_typesupport_fastrtps_cpp.hpp
[0.893s] -- Up-to-date: /home/zjy/Inference-for-RDKx5/autoaim/install/auto_aim_interfaces/include/auto_aim_interfaces/auto_aim_interfaces/msg/detail/tracker_info__rosidl_typesupport_fastrtps_cpp.hpp
[0.893s] -- Up-to-date: /home/zjy/Inference-for-RDKx5/autoaim/install/auto_aim_interfaces/include/auto_aim_interfaces/auto_aim_interfaces/msg/detail/dds_fastrtps
[0.893s] -- Up-to-date: /home/zjy/Inference-for-RDKx5/autoaim/install/auto_aim_interfaces/include/auto_aim_interfaces/auto_aim_interfaces/msg/detail/target__rosidl_typesupport_fastrtps_cpp.hpp
[0.893s] -- Up-to-date: /home/zjy/Inference-for-RDKx5/autoaim/install/auto_aim_interfaces/include/auto_aim_interfaces/auto_aim_interfaces/msg/detail/armor__rosidl_typesupport_fastrtps_cpp.hpp
[0.893s] -- Up-to-date: /home/zjy/Inference-for-RDKx5/autoaim/install/auto_aim_interfaces/include/auto_aim_interfaces/auto_aim_interfaces/msg/detail/debug_lights__rosidl_typesupport_fastrtps_cpp.hpp
[0.893s] -- Up-to-date: /home/zjy/Inference-for-RDKx5/autoaim/install/auto_aim_interfaces/include/auto_aim_interfaces/auto_aim_interfaces/msg/detail/debug_armors__rosidl_typesupport_fastrtps_cpp.hpp
[0.893s] -- Up-to-date: /home/zjy/Inference-for-RDKx5/autoaim/install/auto_aim_interfaces/include/auto_aim_interfaces/auto_aim_interfaces/msg/detail/armors__rosidl_typesupport_fastrtps_cpp.hpp
[0.893s] -- Up-to-date: /home/zjy/Inference-for-RDKx5/autoaim/install/auto_aim_interfaces/include/auto_aim_interfaces/auto_aim_interfaces/msg/detail/debug_armor__rosidl_typesupport_fastrtps_cpp.hpp
[0.893s] -- Up-to-date: /home/zjy/Inference-for-RDKx5/autoaim/install/auto_aim_interfaces/lib/libauto_aim_interfaces__rosidl_typesupport_fastrtps_cpp.so
[0.893s] -- Up-to-date: /home/zjy/Inference-for-RDKx5/autoaim/install/auto_aim_interfaces/include/auto_aim_interfaces/auto_aim_interfaces
[0.893s] -- Up-to-date: /home/zjy/Inference-for-RDKx5/autoaim/install/auto_aim_interfaces/include/auto_aim_interfaces/auto_aim_interfaces/msg
[0.894s] -- Up-to-date: /home/zjy/Inference-for-RDKx5/autoaim/install/auto_aim_interfaces/include/auto_aim_interfaces/auto_aim_interfaces/msg/detail
[0.894s] -- Up-to-date: /home/zjy/Inference-for-RDKx5/autoaim/install/auto_aim_interfaces/include/auto_aim_interfaces/auto_aim_interfaces/msg/detail/debug_armor__type_support.cpp
[0.894s] -- Up-to-date: /home/zjy/Inference-for-RDKx5/autoaim/install/auto_aim_interfaces/include/auto_aim_interfaces/auto_aim_interfaces/msg/detail/time_info__rosidl_typesupport_introspection_cpp.hpp
[0.894s] -- Up-to-date: /home/zjy/Inference-for-RDKx5/autoaim/install/auto_aim_interfaces/include/auto_aim_interfaces/auto_aim_interfaces/msg/detail/tracker_info__type_support.cpp
[0.894s] -- Up-to-date: /home/zjy/Inference-for-RDKx5/autoaim/install/auto_aim_interfaces/include/auto_aim_interfaces/auto_aim_interfaces/msg/detail/debug_armor__rosidl_typesupport_introspection_cpp.hpp
[0.894s] -- Up-to-date: /home/zjy/Inference-for-RDKx5/autoaim/install/auto_aim_interfaces/include/auto_aim_interfaces/auto_aim_interfaces/msg/detail/time_info__type_support.cpp
[0.894s] -- Up-to-date: /home/zjy/Inference-for-RDKx5/autoaim/install/auto_aim_interfaces/include/auto_aim_interfaces/auto_aim_interfaces/msg/detail/armor__rosidl_typesupport_introspection_cpp.hpp
[0.894s] -- Up-to-date: /home/zjy/Inference-for-RDKx5/autoaim/install/auto_aim_interfaces/include/auto_aim_interfaces/auto_aim_interfaces/msg/detail/armors__rosidl_typesupport_introspection_cpp.hpp
[0.894s] -- Up-to-date: /home/zjy/Inference-for-RDKx5/autoaim/install/auto_aim_interfaces/include/auto_aim_interfaces/auto_aim_interfaces/msg/detail/debug_lights__type_support.cpp
[0.894s] -- Up-to-date: /home/zjy/Inference-for-RDKx5/autoaim/install/auto_aim_interfaces/include/auto_aim_interfaces/auto_aim_interfaces/msg/detail/target__rosidl_typesupport_introspection_cpp.hpp
[0.894s] -- Up-to-date: /home/zjy/Inference-for-RDKx5/autoaim/install/auto_aim_interfaces/include/auto_aim_interfaces/auto_aim_interfaces/msg/detail/armors__type_support.cpp
[0.895s] -- Up-to-date: /home/zjy/Inference-for-RDKx5/autoaim/install/auto_aim_interfaces/include/auto_aim_interfaces/auto_aim_interfaces/msg/detail/tracker_info__rosidl_typesupport_introspection_cpp.hpp
[0.895s] -- Up-to-date: /home/zjy/Inference-for-RDKx5/autoaim/install/auto_aim_interfaces/include/auto_aim_interfaces/auto_aim_interfaces/msg/detail/debug_light__type_support.cpp
[0.897s] -- Up-to-date: /home/zjy/Inference-for-RDKx5/autoaim/install/auto_aim_interfaces/include/auto_aim_interfaces/auto_aim_interfaces/msg/detail/debug_armors__rosidl_typesupport_introspection_cpp.hpp
[0.897s] -- Up-to-date: /home/zjy/Inference-for-RDKx5/autoaim/install/auto_aim_interfaces/include/auto_aim_interfaces/auto_aim_interfaces/msg/detail/debug_armors__type_support.cpp
[0.897s] -- Up-to-date: /home/zjy/Inference-for-RDKx5/autoaim/install/auto_aim_interfaces/include/auto_aim_interfaces/auto_aim_interfaces/msg/detail/armor__type_support.cpp
[0.897s] -- Up-to-date: /home/zjy/Inference-for-RDKx5/autoaim/install/auto_aim_interfaces/include/auto_aim_interfaces/auto_aim_interfaces/msg/detail/target__type_support.cpp
[0.897s] -- Up-to-date: /home/zjy/Inference-for-RDKx5/autoaim/install/auto_aim_interfaces/include/auto_aim_interfaces/auto_aim_interfaces/msg/detail/debug_light__rosidl_typesupport_introspection_cpp.hpp
[0.897s] -- Up-to-date: /home/zjy/Inference-for-RDKx5/autoaim/install/auto_aim_interfaces/include/auto_aim_interfaces/auto_aim_interfaces/msg/detail/debug_lights__rosidl_typesupport_introspection_cpp.hpp
[0.897s] -- Up-to-date: /home/zjy/Inference-for-RDKx5/autoaim/install/auto_aim_interfaces/lib/libauto_aim_interfaces__rosidl_typesupport_introspection_cpp.so
[0.897s] -- Up-to-date: /home/zjy/Inference-for-RDKx5/autoaim/install/auto_aim_interfaces/lib/libauto_aim_interfaces__rosidl_typesupport_cpp.so
[0.898s] -- Up-to-date: /home/zjy/Inference-for-RDKx5/autoaim/install/auto_aim_interfaces/share/auto_aim_interfaces/environment/pythonpath.sh
[0.898s] -- Up-to-date: /home/zjy/Inference-for-RDKx5/autoaim/install/auto_aim_interfaces/share/auto_aim_interfaces/environment/pythonpath.dsv
[0.898s] -- Up-to-date: /home/zjy/Inference-for-RDKx5/autoaim/install/auto_aim_interfaces/local/lib/python3.10/dist-packages/auto_aim_interfaces-2.0.0-py3.10.egg-info
[0.898s] -- Installing: /home/zjy/Inference-for-RDKx5/autoaim/install/auto_aim_interfaces/local/lib/python3.10/dist-packages/auto_aim_interfaces-2.0.0-py3.10.egg-info/SOURCES.txt
[0.898s] -- Installing: /home/zjy/Inference-for-RDKx5/autoaim/install/auto_aim_interfaces/local/lib/python3.10/dist-packages/auto_aim_interfaces-2.0.0-py3.10.egg-info/dependency_links.txt
[0.898s] -- Installing: /home/zjy/Inference-for-RDKx5/autoaim/install/auto_aim_interfaces/local/lib/python3.10/dist-packages/auto_aim_interfaces-2.0.0-py3.10.egg-info/top_level.txt
[0.898s] -- Installing: /home/zjy/Inference-for-RDKx5/autoaim/install/auto_aim_interfaces/local/lib/python3.10/dist-packages/auto_aim_interfaces-2.0.0-py3.10.egg-info/PKG-INFO
[0.898s] -- Up-to-date: /home/zjy/Inference-for-RDKx5/autoaim/install/auto_aim_interfaces/local/lib/python3.10/dist-packages/auto_aim_interfaces
[0.898s] -- Up-to-date: /home/zjy/Inference-for-RDKx5/autoaim/install/auto_aim_interfaces/local/lib/python3.10/dist-packages/auto_aim_interfaces/_auto_aim_interfaces_s.ep.rosidl_typesupport_c.c
[0.898s] -- Up-to-date: /home/zjy/Inference-for-RDKx5/autoaim/install/auto_aim_interfaces/local/lib/python3.10/dist-packages/auto_aim_interfaces/_auto_aim_interfaces_s.ep.rosidl_typesupport_fastrtps_c.c
[0.898s] -- Up-to-date: /home/zjy/Inference-for-RDKx5/autoaim/install/auto_aim_interfaces/local/lib/python3.10/dist-packages/auto_aim_interfaces/__init__.py
[0.899s] -- Up-to-date: /home/zjy/Inference-for-RDKx5/autoaim/install/auto_aim_interfaces/local/lib/python3.10/dist-packages/auto_aim_interfaces/auto_aim_interfaces_s__rosidl_typesupport_fastrtps_c.cpython-310-x86_64-linux-gnu.so
[0.899s] -- Up-to-date: /home/zjy/Inference-for-RDKx5/autoaim/install/auto_aim_interfaces/local/lib/python3.10/dist-packages/auto_aim_interfaces/msg
[0.899s] -- Up-to-date: /home/zjy/Inference-for-RDKx5/autoaim/install/auto_aim_interfaces/local/lib/python3.10/dist-packages/auto_aim_interfaces/msg/_debug_armors_s.c
[0.899s] -- Up-to-date: /home/zjy/Inference-for-RDKx5/autoaim/install/auto_aim_interfaces/local/lib/python3.10/dist-packages/auto_aim_interfaces/msg/_debug_armors.py
[0.899s] -- Up-to-date: /home/zjy/Inference-for-RDKx5/autoaim/install/auto_aim_interfaces/local/lib/python3.10/dist-packages/auto_aim_interfaces/msg/_target.py
[0.899s] -- Up-to-date: /home/zjy/Inference-for-RDKx5/autoaim/install/auto_aim_interfaces/local/lib/python3.10/dist-packages/auto_aim_interfaces/msg/_debug_light_s.c
[0.899s] -- Up-to-date: /home/zjy/Inference-for-RDKx5/autoaim/install/auto_aim_interfaces/local/lib/python3.10/dist-packages/auto_aim_interfaces/msg/_armor.py
[0.899s] -- Up-to-date: /home/zjy/Inference-for-RDKx5/autoaim/install/auto_aim_interfaces/local/lib/python3.10/dist-packages/auto_aim_interfaces/msg/__init__.py
[0.899s] -- Up-to-date: /home/zjy/Inference-for-RDKx5/autoaim/install/auto_aim_interfaces/local/lib/python3.10/dist-packages/auto_aim_interfaces/msg/_debug_light.py
[0.899s] -- Up-to-date: /home/zjy/Inference-for-RDKx5/autoaim/install/auto_aim_interfaces/local/lib/python3.10/dist-packages/auto_aim_interfaces/msg/_armors.py
[0.899s] -- Up-to-date: /home/zjy/Inference-for-RDKx5/autoaim/install/auto_aim_interfaces/local/lib/python3.10/dist-packages/auto_aim_interfaces/msg/_armor_s.c
[0.899s] -- Up-to-date: /home/zjy/Inference-for-RDKx5/autoaim/install/auto_aim_interfaces/local/lib/python3.10/dist-packages/auto_aim_interfaces/msg/_debug_lights_s.c
[0.899s] -- Up-to-date: /home/zjy/Inference-for-RDKx5/autoaim/install/auto_aim_interfaces/local/lib/python3.10/dist-packages/auto_aim_interfaces/msg/_time_info_s.c
[0.899s] -- Up-to-date: /home/zjy/Inference-for-RDKx5/autoaim/install/auto_aim_interfaces/local/lib/python3.10/dist-packages/auto_aim_interfaces/msg/_tracker_info.py
[0.899s] -- Up-to-date: /home/zjy/Inference-for-RDKx5/autoaim/install/auto_aim_interfaces/local/lib/python3.10/dist-packages/auto_aim_interfaces/msg/_debug_armor_s.c
[0.899s] -- Up-to-date: /home/zjy/Inference-for-RDKx5/autoaim/install/auto_aim_interfaces/local/lib/python3.10/dist-packages/auto_aim_interfaces/msg/_debug_armor.py
[0.900s] -- Up-to-date: /home/zjy/Inference-for-RDKx5/autoaim/install/auto_aim_interfaces/local/lib/python3.10/dist-packages/auto_aim_interfaces/msg/_tracker_info_s.c
[0.900s] -- Up-to-date: /home/zjy/Inference-for-RDKx5/autoaim/install/auto_aim_interfaces/local/lib/python3.10/dist-packages/auto_aim_interfaces/msg/_debug_lights.py
[0.900s] -- Up-to-date: /home/zjy/Inference-for-RDKx5/autoaim/install/auto_aim_interfaces/local/lib/python3.10/dist-packages/auto_aim_interfaces/msg/_target_s.c
[0.900s] -- Up-to-date: /home/zjy/Inference-for-RDKx5/autoaim/install/auto_aim_interfaces/local/lib/python3.10/dist-packages/auto_aim_interfaces/msg/_time_info.py
[0.900s] -- Up-to-date: /home/zjy/Inference-for-RDKx5/autoaim/install/auto_aim_interfaces/local/lib/python3.10/dist-packages/auto_aim_interfaces/msg/_armors_s.c
[0.900s] -- Up-to-date: /home/zjy/Inference-for-RDKx5/autoaim/install/auto_aim_interfaces/local/lib/python3.10/dist-packages/auto_aim_interfaces/auto_aim_interfaces_s__rosidl_typesupport_introspection_c.cpython-310-x86_64-linux-gnu.so
[0.900s] -- Up-to-date: /home/zjy/Inference-for-RDKx5/autoaim/install/auto_aim_interfaces/local/lib/python3.10/dist-packages/auto_aim_interfaces/_auto_aim_interfaces_s.ep.rosidl_typesupport_introspection_c.c
[0.900s] -- Up-to-date: /home/zjy/Inference-for-RDKx5/autoaim/install/auto_aim_interfaces/local/lib/python3.10/dist-packages/auto_aim_interfaces/auto_aim_interfaces_s__rosidl_typesupport_c.cpython-310-x86_64-linux-gnu.so
[0.900s] -- Up-to-date: /home/zjy/Inference-for-RDKx5/autoaim/install/auto_aim_interfaces/local/lib/python3.10/dist-packages/auto_aim_interfaces/libauto_aim_interfaces__rosidl_generator_py.so
[0.904s] Listing '/home/zjy/Inference-for-RDKx5/autoaim/install/auto_aim_interfaces/local/lib/python3.10/dist-packages/auto_aim_interfaces'...
[0.904s] Listing '/home/zjy/Inference-for-RDKx5/autoaim/install/auto_aim_interfaces/local/lib/python3.10/dist-packages/auto_aim_interfaces/msg'...
[0.911s] -- Up-to-date: /home/zjy/Inference-for-RDKx5/autoaim/install/auto_aim_interfaces/local/lib/python3.10/dist-packages/auto_aim_interfaces/auto_aim_interfaces_s__rosidl_typesupport_fastrtps_c.cpython-310-x86_64-linux-gnu.so
[0.912s] -- Up-to-date: /home/zjy/Inference-for-RDKx5/autoaim/install/auto_aim_interfaces/local/lib/python3.10/dist-packages/auto_aim_interfaces/auto_aim_interfaces_s__rosidl_typesupport_introspection_c.cpython-310-x86_64-linux-gnu.so
[0.914s] -- Up-to-date: /home/zjy/Inference-for-RDKx5/autoaim/install/auto_aim_interfaces/local/lib/python3.10/dist-packages/auto_aim_interfaces/auto_aim_interfaces_s__rosidl_typesupport_c.cpython-310-x86_64-linux-gnu.so
[0.915s] -- Up-to-date: /home/zjy/Inference-for-RDKx5/autoaim/install/auto_aim_interfaces/lib/libauto_aim_interfaces__rosidl_generator_py.so
[0.916s] -- Up-to-date: /home/zjy/Inference-for-RDKx5/autoaim/install/auto_aim_interfaces/share/auto_aim_interfaces/msg/Armor.idl
[0.918s] -- Up-to-date: /home/zjy/Inference-for-RDKx5/autoaim/install/auto_aim_interfaces/share/auto_aim_interfaces/msg/Armors.idl
[0.918s] -- Up-to-date: /home/zjy/Inference-for-RDKx5/autoaim/install/auto_aim_interfaces/share/auto_aim_interfaces/msg/Target.idl
[0.919s] -- Up-to-date: /home/zjy/Inference-for-RDKx5/autoaim/install/auto_aim_interfaces/share/auto_aim_interfaces/msg/DebugLight.idl
[0.920s] -- Up-to-date: /home/zjy/Inference-for-RDKx5/autoaim/install/auto_aim_interfaces/share/auto_aim_interfaces/msg/DebugLights.idl
[0.921s] -- Up-to-date: /home/zjy/Inference-for-RDKx5/autoaim/install/auto_aim_interfaces/share/auto_aim_interfaces/msg/DebugArmor.idl
[0.922s] -- Up-to-date: /home/zjy/Inference-for-RDKx5/autoaim/install/auto_aim_interfaces/share/auto_aim_interfaces/msg/DebugArmors.idl
[0.923s] -- Up-to-date: /home/zjy/Inference-for-RDKx5/autoaim/install/auto_aim_interfaces/share/auto_aim_interfaces/msg/TrackerInfo.idl
[0.924s] -- Up-to-date: /home/zjy/Inference-for-RDKx5/autoaim/install/auto_aim_interfaces/share/auto_aim_interfaces/msg/TimeInfo.idl
[0.925s] -- Up-to-date: /home/zjy/Inference-for-RDKx5/autoaim/install/auto_aim_interfaces/share/auto_aim_interfaces/msg/Armor.msg
[0.925s] -- Up-to-date: /home/zjy/Inference-for-RDKx5/autoaim/install/auto_aim_interfaces/share/auto_aim_interfaces/msg/Armors.msg
[0.925s] -- Up-to-date: /home/zjy/Inference-for-RDKx5/autoaim/install/auto_aim_interfaces/share/auto_aim_interfaces/msg/Target.msg
[0.925s] -- Up-to-date: /home/zjy/Inference-for-RDKx5/autoaim/install/auto_aim_interfaces/share/auto_aim_interfaces/msg/DebugLight.msg
[0.926s] -- Up-to-date: /home/zjy/Inference-for-RDKx5/autoaim/install/auto_aim_interfaces/share/auto_aim_interfaces/msg/DebugLights.msg
[0.926s] -- Up-to-date: /home/zjy/Inference-for-RDKx5/autoaim/install/auto_aim_interfaces/share/auto_aim_interfaces/msg/DebugArmor.msg
[0.926s] -- Up-to-date: /home/zjy/Inference-for-RDKx5/autoaim/install/auto_aim_interfaces/share/auto_aim_interfaces/msg/DebugArmors.msg
[0.927s] -- Up-to-date: /home/zjy/Inference-for-RDKx5/autoaim/install/auto_aim_interfaces/share/auto_aim_interfaces/msg/TrackerInfo.msg
[0.927s] -- Up-to-date: /home/zjy/Inference-for-RDKx5/autoaim/install/auto_aim_interfaces/share/auto_aim_interfaces/msg/TimeInfo.msg
[0.928s] -- Up-to-date: /home/zjy/Inference-for-RDKx5/autoaim/install/auto_aim_interfaces/share/ament_index/resource_index/package_run_dependencies/auto_aim_interfaces
[0.928s] -- Up-to-date: /home/zjy/Inference-for-RDKx5/autoaim/install/auto_aim_interfaces/share/ament_index/resource_index/parent_prefix_path/auto_aim_interfaces
[0.928s] -- Up-to-date: /home/zjy/Inference-for-RDKx5/autoaim/install/auto_aim_interfaces/share/auto_aim_interfaces/environment/ament_prefix_path.sh
[0.929s] -- Up-to-date: /home/zjy/Inference-for-RDKx5/autoaim/install/auto_aim_interfaces/share/auto_aim_interfaces/environment/ament_prefix_path.dsv
[0.929s] -- Up-to-date: /home/zjy/Inference-for-RDKx5/autoaim/install/auto_aim_interfaces/share/auto_aim_interfaces/environment/path.sh
[0.930s] -- Up-to-date: /home/zjy/Inference-for-RDKx5/autoaim/install/auto_aim_interfaces/share/auto_aim_interfaces/environment/path.dsv
[0.930s] -- Up-to-date: /home/zjy/Inference-for-RDKx5/autoaim/install/auto_aim_interfaces/share/auto_aim_interfaces/local_setup.bash
[0.930s] -- Up-to-date: /home/zjy/Inference-for-RDKx5/autoaim/install/auto_aim_interfaces/share/auto_aim_interfaces/local_setup.sh
[0.931s] -- Up-to-date: /home/zjy/Inference-for-RDKx5/autoaim/install/auto_aim_interfaces/share/auto_aim_interfaces/local_setup.zsh
[0.931s] -- Up-to-date: /home/zjy/Inference-for-RDKx5/autoaim/install/auto_aim_interfaces/share/auto_aim_interfaces/local_setup.dsv
[0.932s] -- Installing: /home/zjy/Inference-for-RDKx5/autoaim/install/auto_aim_interfaces/share/auto_aim_interfaces/package.dsv
[0.932s] -- Up-to-date: /home/zjy/Inference-for-RDKx5/autoaim/install/auto_aim_interfaces/share/ament_index/resource_index/packages/auto_aim_interfaces
[0.932s] -- Up-to-date: /home/zjy/Inference-for-RDKx5/autoaim/install/auto_aim_interfaces/share/auto_aim_interfaces/cmake/export_auto_aim_interfaces__rosidl_generator_cExport.cmake
[0.933s] -- Up-to-date: /home/zjy/Inference-for-RDKx5/autoaim/install/auto_aim_interfaces/share/auto_aim_interfaces/cmake/export_auto_aim_interfaces__rosidl_generator_cExport-noconfig.cmake
[0.933s] -- Up-to-date: /home/zjy/Inference-for-RDKx5/autoaim/install/auto_aim_interfaces/share/auto_aim_interfaces/cmake/export_auto_aim_interfaces__rosidl_typesupport_fastrtps_cExport.cmake
[0.933s] -- Up-to-date: /home/zjy/Inference-for-RDKx5/autoaim/install/auto_aim_interfaces/share/auto_aim_interfaces/cmake/export_auto_aim_interfaces__rosidl_typesupport_fastrtps_cExport-noconfig.cmake
[0.933s] -- Up-to-date: /home/zjy/Inference-for-RDKx5/autoaim/install/auto_aim_interfaces/share/auto_aim_interfaces/cmake/auto_aim_interfaces__rosidl_typesupport_introspection_cExport.cmake
[0.933s] -- Up-to-date: /home/zjy/Inference-for-RDKx5/autoaim/install/auto_aim_interfaces/share/auto_aim_interfaces/cmake/auto_aim_interfaces__rosidl_typesupport_introspection_cExport-noconfig.cmake
[0.933s] -- Up-to-date: /home/zjy/Inference-for-RDKx5/autoaim/install/auto_aim_interfaces/share/auto_aim_interfaces/cmake/auto_aim_interfaces__rosidl_typesupport_cExport.cmake
[0.933s] -- Up-to-date: /home/zjy/Inference-for-RDKx5/autoaim/install/auto_aim_interfaces/share/auto_aim_interfaces/cmake/auto_aim_interfaces__rosidl_typesupport_cExport-noconfig.cmake
[0.933s] -- Up-to-date: /home/zjy/Inference-for-RDKx5/autoaim/install/auto_aim_interfaces/share/auto_aim_interfaces/cmake/export_auto_aim_interfaces__rosidl_generator_cppExport.cmake
[0.933s] -- Up-to-date: /home/zjy/Inference-for-RDKx5/autoaim/install/auto_aim_interfaces/share/auto_aim_interfaces/cmake/export_auto_aim_interfaces__rosidl_typesupport_fastrtps_cppExport.cmake
[0.933s] -- Up-to-date: /home/zjy/Inference-for-RDKx5/autoaim/install/auto_aim_interfaces/share/auto_aim_interfaces/cmake/export_auto_aim_interfaces__rosidl_typesupport_fastrtps_cppExport-noconfig.cmake
[0.933s] -- Up-to-date: /home/zjy/Inference-for-RDKx5/autoaim/install/auto_aim_interfaces/share/auto_aim_interfaces/cmake/auto_aim_interfaces__rosidl_typesupport_introspection_cppExport.cmake
[0.933s] -- Up-to-date: /home/zjy/Inference-for-RDKx5/autoaim/install/auto_aim_interfaces/share/auto_aim_interfaces/cmake/auto_aim_interfaces__rosidl_typesupport_introspection_cppExport-noconfig.cmake
[0.933s] -- Up-to-date: /home/zjy/Inference-for-RDKx5/autoaim/install/auto_aim_interfaces/share/auto_aim_interfaces/cmake/auto_aim_interfaces__rosidl_typesupport_cppExport.cmake
[0.933s] -- Up-to-date: /home/zjy/Inference-for-RDKx5/autoaim/install/auto_aim_interfaces/share/auto_aim_interfaces/cmake/auto_aim_interfaces__rosidl_typesupport_cppExport-noconfig.cmake
[0.933s] -- Up-to-date: /home/zjy/Inference-for-RDKx5/autoaim/install/auto_aim_interfaces/share/auto_aim_interfaces/cmake/export_auto_aim_interfaces__rosidl_generator_pyExport.cmake
[0.934s] -- Up-to-date: /home/zjy/Inference-for-RDKx5/autoaim/install/auto_aim_interfaces/share/auto_aim_interfaces/cmake/export_auto_aim_interfaces__rosidl_generator_pyExport-noconfig.cmake
[0.934s] -- Up-to-date: /home/zjy/Inference-for-RDKx5/autoaim/install/auto_aim_interfaces/share/auto_aim_interfaces/cmake/rosidl_cmake-extras.cmake
[0.934s] -- Up-to-date: /home/zjy/Inference-for-RDKx5/autoaim/install/auto_aim_interfaces/share/auto_aim_interfaces/cmake/ament_cmake_export_dependencies-extras.cmake
[0.934s] -- Up-to-date: /home/zjy/Inference-for-RDKx5/autoaim/install/auto_aim_interfaces/share/auto_aim_interfaces/cmake/ament_cmake_export_include_directories-extras.cmake
[0.934s] -- Up-to-date: /home/zjy/Inference-for-RDKx5/autoaim/install/auto_aim_interfaces/share/auto_aim_interfaces/cmake/ament_cmake_export_libraries-extras.cmake
[0.934s] -- Up-to-date: /home/zjy/Inference-for-RDKx5/autoaim/install/auto_aim_interfaces/share/auto_aim_interfaces/cmake/ament_cmake_export_targets-extras.cmake
[0.934s] -- Up-to-date: /home/zjy/Inference-for-RDKx5/autoaim/install/auto_aim_interfaces/share/auto_aim_interfaces/cmake/rosidl_cmake_export_typesupport_targets-extras.cmake
[0.934s] -- Up-to-date: /home/zjy/Inference-for-RDKx5/autoaim/install/auto_aim_interfaces/share/auto_aim_interfaces/cmake/rosidl_cmake_export_typesupport_libraries-extras.cmake
[0.934s] -- Up-to-date: /home/zjy/Inference-for-RDKx5/autoaim/install/auto_aim_interfaces/share/auto_aim_interfaces/cmake/auto_aim_interfacesConfig.cmake
[0.934s] -- Up-to-date: /home/zjy/Inference-for-RDKx5/autoaim/install/auto_aim_interfaces/share/auto_aim_interfaces/cmake/auto_aim_interfacesConfig-version.cmake
[0.934s] -- Up-to-date: /home/zjy/Inference-for-RDKx5/autoaim/install/auto_aim_interfaces/share/auto_aim_interfaces/package.xml
[0.939s] Invoked command in '/home/zjy/Inference-for-RDKx5/autoaim/build/auto_aim_interfaces' returned '0': CMAKE_PREFIX_PATH=/opt/ros/humble /usr/bin/cmake --install /home/zjy/Inference-for-RDKx5/autoaim/build/auto_aim_interfaces
