[0.011s] Invoking command in '/home/zjy/Inference-for-RDKx5/autoaim/build/vision_interfaces': CMAKE_PREFIX_PATH=/opt/ros/humble /usr/bin/cmake --build /home/zjy/Inference-for-RDKx5/autoaim/build/vision_interfaces -- -j32 -l32
[0.058s] [ 10%] Built target vision_interfaces__rosidl_generator_c
[0.060s] [ 12%] Built target vision_interfaces__cpp
[0.067s] [ 12%] Built target ament_cmake_python_copy_vision_interfaces
[0.079s] [ 23%] Built target vision_interfaces__rosidl_typesupport_fastrtps_c
[0.083s] [ 33%] Built target vision_interfaces__rosidl_typesupport_introspection_c
[0.086s] [ 48%] Built target vision_interfaces__rosidl_typesupport_fastrtps_cpp
[0.086s] [ 53%] Built target vision_interfaces__rosidl_typesupport_c
[0.087s] [ 64%] Built target vision_interfaces__rosidl_typesupport_cpp
[0.090s] [ 74%] Built target vision_interfaces__rosidl_typesupport_introspection_cpp
[0.111s] [ 74%] Built target vision_interfaces
[0.138s] [ 76%] Built target vision_interfaces__py
[0.167s] [ 84%] Built target vision_interfaces__rosidl_generator_py
[0.191s] [ 89%] Built target vision_interfaces__rosidl_typesupport_fastrtps_c__pyext
[0.195s] [ 94%] Built target vision_interfaces__rosidl_typesupport_c__pyext
[0.200s] [100%] Built target vision_interfaces__rosidl_typesupport_introspection_c__pyext
[0.456s] running egg_info
[0.472s] writing vision_interfaces.egg-info/PKG-INFO
[0.473s] writing dependency_links to vision_interfaces.egg-info/dependency_links.txt
[0.473s] writing top-level names to vision_interfaces.egg-info/top_level.txt
[0.533s] reading manifest file 'vision_interfaces.egg-info/SOURCES.txt'
[0.534s] writing manifest file 'vision_interfaces.egg-info/SOURCES.txt'
[0.587s] [100%] Built target ament_cmake_python_build_vision_interfaces_egg
[0.601s] Invoked command in '/home/zjy/Inference-for-RDKx5/autoaim/build/vision_interfaces' returned '0': CMAKE_PREFIX_PATH=/opt/ros/humble /usr/bin/cmake --build /home/zjy/Inference-for-RDKx5/autoaim/build/vision_interfaces -- -j32 -l32
[0.603s] Invoking command in '/home/zjy/Inference-for-RDKx5/autoaim/build/vision_interfaces': CMAKE_PREFIX_PATH=/opt/ros/humble /usr/bin/cmake --install /home/zjy/Inference-for-RDKx5/autoaim/build/vision_interfaces
[0.611s] -- Install configuration: ""
[0.611s] -- Up-to-date: /home/zjy/Inference-for-RDKx5/autoaim/install/vision_interfaces/share/ament_index/resource_index/rosidl_interfaces/vision_interfaces
[0.611s] -- Up-to-date: /home/zjy/Inference-for-RDKx5/autoaim/install/vision_interfaces/include/vision_interfaces/vision_interfaces
[0.611s] -- Up-to-date: /home/zjy/Inference-for-RDKx5/autoaim/install/vision_interfaces/include/vision_interfaces/vision_interfaces/msg
[0.611s] -- Up-to-date: /home/zjy/Inference-for-RDKx5/autoaim/install/vision_interfaces/include/vision_interfaces/vision_interfaces/msg/robot.h
[0.611s] -- Up-to-date: /home/zjy/Inference-for-RDKx5/autoaim/install/vision_interfaces/include/vision_interfaces/vision_interfaces/msg/rosidl_generator_c__visibility_control.h
[0.611s] -- Up-to-date: /home/zjy/Inference-for-RDKx5/autoaim/install/vision_interfaces/include/vision_interfaces/vision_interfaces/msg/detail
[0.611s] -- Up-to-date: /home/zjy/Inference-for-RDKx5/autoaim/install/vision_interfaces/include/vision_interfaces/vision_interfaces/msg/detail/auto_aim__type_support.h
[0.611s] -- Up-to-date: /home/zjy/Inference-for-RDKx5/autoaim/install/vision_interfaces/include/vision_interfaces/vision_interfaces/msg/detail/robot__functions.c
[0.611s] -- Up-to-date: /home/zjy/Inference-for-RDKx5/autoaim/install/vision_interfaces/include/vision_interfaces/vision_interfaces/msg/detail/auto_aim__functions.c
[0.611s] -- Up-to-date: /home/zjy/Inference-for-RDKx5/autoaim/install/vision_interfaces/include/vision_interfaces/vision_interfaces/msg/detail/auto_aim__functions.h
[0.611s] -- Up-to-date: /home/zjy/Inference-for-RDKx5/autoaim/install/vision_interfaces/include/vision_interfaces/vision_interfaces/msg/detail/robot__type_support.h
[0.611s] -- Up-to-date: /home/zjy/Inference-for-RDKx5/autoaim/install/vision_interfaces/include/vision_interfaces/vision_interfaces/msg/detail/auto_aim__struct.h
[0.611s] -- Up-to-date: /home/zjy/Inference-for-RDKx5/autoaim/install/vision_interfaces/include/vision_interfaces/vision_interfaces/msg/detail/robot__functions.h
[0.611s] -- Up-to-date: /home/zjy/Inference-for-RDKx5/autoaim/install/vision_interfaces/include/vision_interfaces/vision_interfaces/msg/detail/robot__struct.h
[0.611s] -- Up-to-date: /home/zjy/Inference-for-RDKx5/autoaim/install/vision_interfaces/include/vision_interfaces/vision_interfaces/msg/auto_aim.h
[0.612s] -- Up-to-date: /home/zjy/Inference-for-RDKx5/autoaim/install/vision_interfaces/share/vision_interfaces/environment/library_path.sh
[0.612s] -- Up-to-date: /home/zjy/Inference-for-RDKx5/autoaim/install/vision_interfaces/share/vision_interfaces/environment/library_path.dsv
[0.612s] -- Up-to-date: /home/zjy/Inference-for-RDKx5/autoaim/install/vision_interfaces/lib/libvision_interfaces__rosidl_generator_c.so
[0.612s] -- Up-to-date: /home/zjy/Inference-for-RDKx5/autoaim/install/vision_interfaces/include/vision_interfaces/vision_interfaces
[0.612s] -- Up-to-date: /home/zjy/Inference-for-RDKx5/autoaim/install/vision_interfaces/include/vision_interfaces/vision_interfaces/msg
[0.612s] -- Up-to-date: /home/zjy/Inference-for-RDKx5/autoaim/install/vision_interfaces/include/vision_interfaces/vision_interfaces/msg/rosidl_typesupport_fastrtps_c__visibility_control.h
[0.612s] -- Up-to-date: /home/zjy/Inference-for-RDKx5/autoaim/install/vision_interfaces/include/vision_interfaces/vision_interfaces/msg/detail
[0.612s] -- Up-to-date: /home/zjy/Inference-for-RDKx5/autoaim/install/vision_interfaces/include/vision_interfaces/vision_interfaces/msg/detail/auto_aim__rosidl_typesupport_fastrtps_c.h
[0.612s] -- Up-to-date: /home/zjy/Inference-for-RDKx5/autoaim/install/vision_interfaces/include/vision_interfaces/vision_interfaces/msg/detail/robot__rosidl_typesupport_fastrtps_c.h
[0.612s] -- Up-to-date: /home/zjy/Inference-for-RDKx5/autoaim/install/vision_interfaces/lib/libvision_interfaces__rosidl_typesupport_fastrtps_c.so
[0.612s] -- Up-to-date: /home/zjy/Inference-for-RDKx5/autoaim/install/vision_interfaces/include/vision_interfaces/vision_interfaces
[0.612s] -- Up-to-date: /home/zjy/Inference-for-RDKx5/autoaim/install/vision_interfaces/include/vision_interfaces/vision_interfaces/msg
[0.612s] -- Up-to-date: /home/zjy/Inference-for-RDKx5/autoaim/install/vision_interfaces/include/vision_interfaces/vision_interfaces/msg/detail
[0.612s] -- Up-to-date: /home/zjy/Inference-for-RDKx5/autoaim/install/vision_interfaces/include/vision_interfaces/vision_interfaces/msg/detail/robot__type_support.c
[0.612s] -- Up-to-date: /home/zjy/Inference-for-RDKx5/autoaim/install/vision_interfaces/include/vision_interfaces/vision_interfaces/msg/detail/auto_aim__rosidl_typesupport_introspection_c.h
[0.612s] -- Up-to-date: /home/zjy/Inference-for-RDKx5/autoaim/install/vision_interfaces/include/vision_interfaces/vision_interfaces/msg/detail/robot__rosidl_typesupport_introspection_c.h
[0.612s] -- Up-to-date: /home/zjy/Inference-for-RDKx5/autoaim/install/vision_interfaces/include/vision_interfaces/vision_interfaces/msg/detail/auto_aim__type_support.c
[0.612s] -- Up-to-date: /home/zjy/Inference-for-RDKx5/autoaim/install/vision_interfaces/include/vision_interfaces/vision_interfaces/msg/rosidl_typesupport_introspection_c__visibility_control.h
[0.613s] -- Up-to-date: /home/zjy/Inference-for-RDKx5/autoaim/install/vision_interfaces/lib/libvision_interfaces__rosidl_typesupport_introspection_c.so
[0.613s] -- Up-to-date: /home/zjy/Inference-for-RDKx5/autoaim/install/vision_interfaces/lib/libvision_interfaces__rosidl_typesupport_c.so
[0.613s] -- Up-to-date: /home/zjy/Inference-for-RDKx5/autoaim/install/vision_interfaces/include/vision_interfaces/vision_interfaces
[0.613s] -- Up-to-date: /home/zjy/Inference-for-RDKx5/autoaim/install/vision_interfaces/include/vision_interfaces/vision_interfaces/msg
[0.613s] -- Up-to-date: /home/zjy/Inference-for-RDKx5/autoaim/install/vision_interfaces/include/vision_interfaces/vision_interfaces/msg/auto_aim.hpp
[0.613s] -- Up-to-date: /home/zjy/Inference-for-RDKx5/autoaim/install/vision_interfaces/include/vision_interfaces/vision_interfaces/msg/rosidl_generator_cpp__visibility_control.hpp
[0.613s] -- Up-to-date: /home/zjy/Inference-for-RDKx5/autoaim/install/vision_interfaces/include/vision_interfaces/vision_interfaces/msg/detail
[0.613s] -- Up-to-date: /home/zjy/Inference-for-RDKx5/autoaim/install/vision_interfaces/include/vision_interfaces/vision_interfaces/msg/detail/auto_aim__traits.hpp
[0.613s] -- Up-to-date: /home/zjy/Inference-for-RDKx5/autoaim/install/vision_interfaces/include/vision_interfaces/vision_interfaces/msg/detail/robot__traits.hpp
[0.613s] -- Up-to-date: /home/zjy/Inference-for-RDKx5/autoaim/install/vision_interfaces/include/vision_interfaces/vision_interfaces/msg/detail/auto_aim__struct.hpp
[0.613s] -- Up-to-date: /home/zjy/Inference-for-RDKx5/autoaim/install/vision_interfaces/include/vision_interfaces/vision_interfaces/msg/detail/robot__struct.hpp
[0.613s] -- Up-to-date: /home/zjy/Inference-for-RDKx5/autoaim/install/vision_interfaces/include/vision_interfaces/vision_interfaces/msg/detail/robot__builder.hpp
[0.613s] -- Up-to-date: /home/zjy/Inference-for-RDKx5/autoaim/install/vision_interfaces/include/vision_interfaces/vision_interfaces/msg/detail/auto_aim__builder.hpp
[0.613s] -- Up-to-date: /home/zjy/Inference-for-RDKx5/autoaim/install/vision_interfaces/include/vision_interfaces/vision_interfaces/msg/detail/robot__type_support.hpp
[0.613s] -- Up-to-date: /home/zjy/Inference-for-RDKx5/autoaim/install/vision_interfaces/include/vision_interfaces/vision_interfaces/msg/detail/auto_aim__type_support.hpp
[0.613s] -- Up-to-date: /home/zjy/Inference-for-RDKx5/autoaim/install/vision_interfaces/include/vision_interfaces/vision_interfaces/msg/robot.hpp
[0.614s] -- Up-to-date: /home/zjy/Inference-for-RDKx5/autoaim/install/vision_interfaces/include/vision_interfaces/vision_interfaces
[0.614s] -- Up-to-date: /home/zjy/Inference-for-RDKx5/autoaim/install/vision_interfaces/include/vision_interfaces/vision_interfaces/msg
[0.614s] -- Up-to-date: /home/zjy/Inference-for-RDKx5/autoaim/install/vision_interfaces/include/vision_interfaces/vision_interfaces/msg/rosidl_typesupport_fastrtps_cpp__visibility_control.h
[0.614s] -- Up-to-date: /home/zjy/Inference-for-RDKx5/autoaim/install/vision_interfaces/include/vision_interfaces/vision_interfaces/msg/detail
[0.614s] -- Up-to-date: /home/zjy/Inference-for-RDKx5/autoaim/install/vision_interfaces/include/vision_interfaces/vision_interfaces/msg/detail/auto_aim__rosidl_typesupport_fastrtps_cpp.hpp
[0.614s] -- Up-to-date: /home/zjy/Inference-for-RDKx5/autoaim/install/vision_interfaces/include/vision_interfaces/vision_interfaces/msg/detail/robot__rosidl_typesupport_fastrtps_cpp.hpp
[0.614s] -- Up-to-date: /home/zjy/Inference-for-RDKx5/autoaim/install/vision_interfaces/include/vision_interfaces/vision_interfaces/msg/detail/dds_fastrtps
[0.614s] -- Up-to-date: /home/zjy/Inference-for-RDKx5/autoaim/install/vision_interfaces/lib/libvision_interfaces__rosidl_typesupport_fastrtps_cpp.so
[0.614s] -- Up-to-date: /home/zjy/Inference-for-RDKx5/autoaim/install/vision_interfaces/include/vision_interfaces/vision_interfaces
[0.614s] -- Up-to-date: /home/zjy/Inference-for-RDKx5/autoaim/install/vision_interfaces/include/vision_interfaces/vision_interfaces/msg
[0.614s] -- Up-to-date: /home/zjy/Inference-for-RDKx5/autoaim/install/vision_interfaces/include/vision_interfaces/vision_interfaces/msg/detail
[0.614s] -- Up-to-date: /home/zjy/Inference-for-RDKx5/autoaim/install/vision_interfaces/include/vision_interfaces/vision_interfaces/msg/detail/robot__rosidl_typesupport_introspection_cpp.hpp
[0.614s] -- Up-to-date: /home/zjy/Inference-for-RDKx5/autoaim/install/vision_interfaces/include/vision_interfaces/vision_interfaces/msg/detail/auto_aim__type_support.cpp
[0.614s] -- Up-to-date: /home/zjy/Inference-for-RDKx5/autoaim/install/vision_interfaces/include/vision_interfaces/vision_interfaces/msg/detail/auto_aim__rosidl_typesupport_introspection_cpp.hpp
[0.614s] -- Up-to-date: /home/zjy/Inference-for-RDKx5/autoaim/install/vision_interfaces/include/vision_interfaces/vision_interfaces/msg/detail/robot__type_support.cpp
[0.614s] -- Up-to-date: /home/zjy/Inference-for-RDKx5/autoaim/install/vision_interfaces/lib/libvision_interfaces__rosidl_typesupport_introspection_cpp.so
[0.614s] -- Up-to-date: /home/zjy/Inference-for-RDKx5/autoaim/install/vision_interfaces/lib/libvision_interfaces__rosidl_typesupport_cpp.so
[0.614s] -- Up-to-date: /home/zjy/Inference-for-RDKx5/autoaim/install/vision_interfaces/share/vision_interfaces/environment/pythonpath.sh
[0.614s] -- Up-to-date: /home/zjy/Inference-for-RDKx5/autoaim/install/vision_interfaces/share/vision_interfaces/environment/pythonpath.dsv
[0.615s] -- Up-to-date: /home/zjy/Inference-for-RDKx5/autoaim/install/vision_interfaces/local/lib/python3.10/dist-packages/vision_interfaces-0.0.0-py3.10.egg-info
[0.615s] -- Installing: /home/zjy/Inference-for-RDKx5/autoaim/install/vision_interfaces/local/lib/python3.10/dist-packages/vision_interfaces-0.0.0-py3.10.egg-info/SOURCES.txt
[0.615s] -- Installing: /home/zjy/Inference-for-RDKx5/autoaim/install/vision_interfaces/local/lib/python3.10/dist-packages/vision_interfaces-0.0.0-py3.10.egg-info/dependency_links.txt
[0.615s] -- Installing: /home/zjy/Inference-for-RDKx5/autoaim/install/vision_interfaces/local/lib/python3.10/dist-packages/vision_interfaces-0.0.0-py3.10.egg-info/top_level.txt
[0.615s] -- Installing: /home/zjy/Inference-for-RDKx5/autoaim/install/vision_interfaces/local/lib/python3.10/dist-packages/vision_interfaces-0.0.0-py3.10.egg-info/PKG-INFO
[0.615s] -- Up-to-date: /home/zjy/Inference-for-RDKx5/autoaim/install/vision_interfaces/local/lib/python3.10/dist-packages/vision_interfaces
[0.615s] -- Up-to-date: /home/zjy/Inference-for-RDKx5/autoaim/install/vision_interfaces/local/lib/python3.10/dist-packages/vision_interfaces/_vision_interfaces_s.ep.rosidl_typesupport_introspection_c.c
[0.615s] -- Up-to-date: /home/zjy/Inference-for-RDKx5/autoaim/install/vision_interfaces/local/lib/python3.10/dist-packages/vision_interfaces/vision_interfaces_s__rosidl_typesupport_fastrtps_c.cpython-310-x86_64-linux-gnu.so
[0.615s] -- Up-to-date: /home/zjy/Inference-for-RDKx5/autoaim/install/vision_interfaces/local/lib/python3.10/dist-packages/vision_interfaces/__init__.py
[0.615s] -- Up-to-date: /home/zjy/Inference-for-RDKx5/autoaim/install/vision_interfaces/local/lib/python3.10/dist-packages/vision_interfaces/_vision_interfaces_s.ep.rosidl_typesupport_fastrtps_c.c
[0.615s] -- Up-to-date: /home/zjy/Inference-for-RDKx5/autoaim/install/vision_interfaces/local/lib/python3.10/dist-packages/vision_interfaces/_vision_interfaces_s.ep.rosidl_typesupport_c.c
[0.615s] -- Up-to-date: /home/zjy/Inference-for-RDKx5/autoaim/install/vision_interfaces/local/lib/python3.10/dist-packages/vision_interfaces/msg
[0.615s] -- Up-to-date: /home/zjy/Inference-for-RDKx5/autoaim/install/vision_interfaces/local/lib/python3.10/dist-packages/vision_interfaces/msg/_robot_s.c
[0.615s] -- Up-to-date: /home/zjy/Inference-for-RDKx5/autoaim/install/vision_interfaces/local/lib/python3.10/dist-packages/vision_interfaces/msg/__init__.py
[0.615s] -- Up-to-date: /home/zjy/Inference-for-RDKx5/autoaim/install/vision_interfaces/local/lib/python3.10/dist-packages/vision_interfaces/msg/_robot.py
[0.615s] -- Up-to-date: /home/zjy/Inference-for-RDKx5/autoaim/install/vision_interfaces/local/lib/python3.10/dist-packages/vision_interfaces/msg/_auto_aim.py
[0.615s] -- Up-to-date: /home/zjy/Inference-for-RDKx5/autoaim/install/vision_interfaces/local/lib/python3.10/dist-packages/vision_interfaces/msg/_auto_aim_s.c
[0.615s] -- Up-to-date: /home/zjy/Inference-for-RDKx5/autoaim/install/vision_interfaces/local/lib/python3.10/dist-packages/vision_interfaces/libvision_interfaces__rosidl_generator_py.so
[0.615s] -- Up-to-date: /home/zjy/Inference-for-RDKx5/autoaim/install/vision_interfaces/local/lib/python3.10/dist-packages/vision_interfaces/vision_interfaces_s__rosidl_typesupport_introspection_c.cpython-310-x86_64-linux-gnu.so
[0.615s] -- Up-to-date: /home/zjy/Inference-for-RDKx5/autoaim/install/vision_interfaces/local/lib/python3.10/dist-packages/vision_interfaces/vision_interfaces_s__rosidl_typesupport_c.cpython-310-x86_64-linux-gnu.so
[0.649s] Listing '/home/zjy/Inference-for-RDKx5/autoaim/install/vision_interfaces/local/lib/python3.10/dist-packages/vision_interfaces'...
[0.649s] Listing '/home/zjy/Inference-for-RDKx5/autoaim/install/vision_interfaces/local/lib/python3.10/dist-packages/vision_interfaces/msg'...
[0.653s] -- Up-to-date: /home/zjy/Inference-for-RDKx5/autoaim/install/vision_interfaces/local/lib/python3.10/dist-packages/vision_interfaces/vision_interfaces_s__rosidl_typesupport_fastrtps_c.cpython-310-x86_64-linux-gnu.so
[0.654s] -- Up-to-date: /home/zjy/Inference-for-RDKx5/autoaim/install/vision_interfaces/local/lib/python3.10/dist-packages/vision_interfaces/vision_interfaces_s__rosidl_typesupport_introspection_c.cpython-310-x86_64-linux-gnu.so
[0.654s] -- Up-to-date: /home/zjy/Inference-for-RDKx5/autoaim/install/vision_interfaces/local/lib/python3.10/dist-packages/vision_interfaces/vision_interfaces_s__rosidl_typesupport_c.cpython-310-x86_64-linux-gnu.so
[0.654s] -- Up-to-date: /home/zjy/Inference-for-RDKx5/autoaim/install/vision_interfaces/lib/libvision_interfaces__rosidl_generator_py.so
[0.654s] -- Up-to-date: /home/zjy/Inference-for-RDKx5/autoaim/install/vision_interfaces/share/vision_interfaces/msg/Robot.idl
[0.654s] -- Up-to-date: /home/zjy/Inference-for-RDKx5/autoaim/install/vision_interfaces/share/vision_interfaces/msg/AutoAim.idl
[0.654s] -- Up-to-date: /home/zjy/Inference-for-RDKx5/autoaim/install/vision_interfaces/share/vision_interfaces/msg/Robot.msg
[0.654s] -- Up-to-date: /home/zjy/Inference-for-RDKx5/autoaim/install/vision_interfaces/share/vision_interfaces/msg/AutoAim.msg
[0.654s] -- Up-to-date: /home/zjy/Inference-for-RDKx5/autoaim/install/vision_interfaces/share/ament_index/resource_index/package_run_dependencies/vision_interfaces
[0.654s] -- Up-to-date: /home/zjy/Inference-for-RDKx5/autoaim/install/vision_interfaces/share/ament_index/resource_index/parent_prefix_path/vision_interfaces
[0.654s] -- Up-to-date: /home/zjy/Inference-for-RDKx5/autoaim/install/vision_interfaces/share/vision_interfaces/environment/ament_prefix_path.sh
[0.654s] -- Up-to-date: /home/zjy/Inference-for-RDKx5/autoaim/install/vision_interfaces/share/vision_interfaces/environment/ament_prefix_path.dsv
[0.654s] -- Up-to-date: /home/zjy/Inference-for-RDKx5/autoaim/install/vision_interfaces/share/vision_interfaces/environment/path.sh
[0.654s] -- Up-to-date: /home/zjy/Inference-for-RDKx5/autoaim/install/vision_interfaces/share/vision_interfaces/environment/path.dsv
[0.654s] -- Up-to-date: /home/zjy/Inference-for-RDKx5/autoaim/install/vision_interfaces/share/vision_interfaces/local_setup.bash
[0.655s] -- Up-to-date: /home/zjy/Inference-for-RDKx5/autoaim/install/vision_interfaces/share/vision_interfaces/local_setup.sh
[0.655s] -- Up-to-date: /home/zjy/Inference-for-RDKx5/autoaim/install/vision_interfaces/share/vision_interfaces/local_setup.zsh
[0.655s] -- Up-to-date: /home/zjy/Inference-for-RDKx5/autoaim/install/vision_interfaces/share/vision_interfaces/local_setup.dsv
[0.655s] -- Installing: /home/zjy/Inference-for-RDKx5/autoaim/install/vision_interfaces/share/vision_interfaces/package.dsv
[0.655s] -- Up-to-date: /home/zjy/Inference-for-RDKx5/autoaim/install/vision_interfaces/share/ament_index/resource_index/packages/vision_interfaces
[0.655s] -- Up-to-date: /home/zjy/Inference-for-RDKx5/autoaim/install/vision_interfaces/share/vision_interfaces/cmake/export_vision_interfaces__rosidl_generator_cExport.cmake
[0.655s] -- Up-to-date: /home/zjy/Inference-for-RDKx5/autoaim/install/vision_interfaces/share/vision_interfaces/cmake/export_vision_interfaces__rosidl_generator_cExport-noconfig.cmake
[0.655s] -- Up-to-date: /home/zjy/Inference-for-RDKx5/autoaim/install/vision_interfaces/share/vision_interfaces/cmake/export_vision_interfaces__rosidl_typesupport_fastrtps_cExport.cmake
[0.655s] -- Up-to-date: /home/zjy/Inference-for-RDKx5/autoaim/install/vision_interfaces/share/vision_interfaces/cmake/export_vision_interfaces__rosidl_typesupport_fastrtps_cExport-noconfig.cmake
[0.655s] -- Up-to-date: /home/zjy/Inference-for-RDKx5/autoaim/install/vision_interfaces/share/vision_interfaces/cmake/vision_interfaces__rosidl_typesupport_introspection_cExport.cmake
[0.655s] -- Up-to-date: /home/zjy/Inference-for-RDKx5/autoaim/install/vision_interfaces/share/vision_interfaces/cmake/vision_interfaces__rosidl_typesupport_introspection_cExport-noconfig.cmake
[0.655s] -- Up-to-date: /home/zjy/Inference-for-RDKx5/autoaim/install/vision_interfaces/share/vision_interfaces/cmake/vision_interfaces__rosidl_typesupport_cExport.cmake
[0.655s] -- Up-to-date: /home/zjy/Inference-for-RDKx5/autoaim/install/vision_interfaces/share/vision_interfaces/cmake/vision_interfaces__rosidl_typesupport_cExport-noconfig.cmake
[0.655s] -- Up-to-date: /home/zjy/Inference-for-RDKx5/autoaim/install/vision_interfaces/share/vision_interfaces/cmake/export_vision_interfaces__rosidl_generator_cppExport.cmake
[0.655s] -- Up-to-date: /home/zjy/Inference-for-RDKx5/autoaim/install/vision_interfaces/share/vision_interfaces/cmake/export_vision_interfaces__rosidl_typesupport_fastrtps_cppExport.cmake
[0.656s] -- Up-to-date: /home/zjy/Inference-for-RDKx5/autoaim/install/vision_interfaces/share/vision_interfaces/cmake/export_vision_interfaces__rosidl_typesupport_fastrtps_cppExport-noconfig.cmake
[0.656s] -- Up-to-date: /home/zjy/Inference-for-RDKx5/autoaim/install/vision_interfaces/share/vision_interfaces/cmake/vision_interfaces__rosidl_typesupport_introspection_cppExport.cmake
[0.656s] -- Up-to-date: /home/zjy/Inference-for-RDKx5/autoaim/install/vision_interfaces/share/vision_interfaces/cmake/vision_interfaces__rosidl_typesupport_introspection_cppExport-noconfig.cmake
[0.656s] -- Up-to-date: /home/zjy/Inference-for-RDKx5/autoaim/install/vision_interfaces/share/vision_interfaces/cmake/vision_interfaces__rosidl_typesupport_cppExport.cmake
[0.656s] -- Up-to-date: /home/zjy/Inference-for-RDKx5/autoaim/install/vision_interfaces/share/vision_interfaces/cmake/vision_interfaces__rosidl_typesupport_cppExport-noconfig.cmake
[0.656s] -- Up-to-date: /home/zjy/Inference-for-RDKx5/autoaim/install/vision_interfaces/share/vision_interfaces/cmake/export_vision_interfaces__rosidl_generator_pyExport.cmake
[0.656s] -- Up-to-date: /home/zjy/Inference-for-RDKx5/autoaim/install/vision_interfaces/share/vision_interfaces/cmake/export_vision_interfaces__rosidl_generator_pyExport-noconfig.cmake
[0.656s] -- Up-to-date: /home/zjy/Inference-for-RDKx5/autoaim/install/vision_interfaces/share/vision_interfaces/cmake/rosidl_cmake-extras.cmake
[0.656s] -- Up-to-date: /home/zjy/Inference-for-RDKx5/autoaim/install/vision_interfaces/share/vision_interfaces/cmake/ament_cmake_export_dependencies-extras.cmake
[0.656s] -- Up-to-date: /home/zjy/Inference-for-RDKx5/autoaim/install/vision_interfaces/share/vision_interfaces/cmake/ament_cmake_export_include_directories-extras.cmake
[0.656s] -- Up-to-date: /home/zjy/Inference-for-RDKx5/autoaim/install/vision_interfaces/share/vision_interfaces/cmake/ament_cmake_export_libraries-extras.cmake
[0.656s] -- Up-to-date: /home/zjy/Inference-for-RDKx5/autoaim/install/vision_interfaces/share/vision_interfaces/cmake/ament_cmake_export_targets-extras.cmake
[0.656s] -- Up-to-date: /home/zjy/Inference-for-RDKx5/autoaim/install/vision_interfaces/share/vision_interfaces/cmake/rosidl_cmake_export_typesupport_targets-extras.cmake
[0.656s] -- Up-to-date: /home/zjy/Inference-for-RDKx5/autoaim/install/vision_interfaces/share/vision_interfaces/cmake/rosidl_cmake_export_typesupport_libraries-extras.cmake
[0.656s] -- Up-to-date: /home/zjy/Inference-for-RDKx5/autoaim/install/vision_interfaces/share/vision_interfaces/cmake/vision_interfacesConfig.cmake
[0.656s] -- Up-to-date: /home/zjy/Inference-for-RDKx5/autoaim/install/vision_interfaces/share/vision_interfaces/cmake/vision_interfacesConfig-version.cmake
[0.656s] -- Up-to-date: /home/zjy/Inference-for-RDKx5/autoaim/install/vision_interfaces/share/vision_interfaces/package.xml
[0.658s] Invoked command in '/home/zjy/Inference-for-RDKx5/autoaim/build/vision_interfaces' returned '0': CMAKE_PREFIX_PATH=/opt/ros/humble /usr/bin/cmake --install /home/zjy/Inference-for-RDKx5/autoaim/build/vision_interfaces
