[0.018s] Invoking command in '/home/zjy/Inference-for-RDKx5/autoaim/build/vision_interfaces': CMAKE_PREFIX_PATH=/opt/ros/humble /usr/bin/cmake --build /home/zjy/Inference-for-RDKx5/autoaim/build/vision_interfaces -- -j32 -l32
[0.109s] [ 10%] Built target vision_interfaces__rosidl_generator_c
[0.115s] [ 10%] Built target ament_cmake_python_copy_vision_interfaces
[0.120s] [ 12%] Built target vision_interfaces__cpp
[0.139s] [ 23%] Built target vision_interfaces__rosidl_typesupport_c
[0.149s] [ 33%] Built target vision_interfaces__rosidl_typesupport_introspection_c
[0.152s] [ 43%] Built target vision_interfaces__rosidl_typesupport_fastrtps_c
[0.159s] [ 53%] Built target vision_interfaces__rosidl_typesupport_fastrtps_cpp
[0.163s] [ 64%] Built target vision_interfaces__rosidl_typesupport_introspection_cpp
[0.189s] [ 74%] Built target vision_interfaces__rosidl_typesupport_cpp
[0.238s] [ 74%] Built target vision_interfaces
[0.274s] [ 76%] Built target vision_interfaces__py
[0.345s] [ 84%] Built target vision_interfaces__rosidl_generator_py
[0.396s] [ 89%] Built target vision_interfaces__rosidl_typesupport_introspection_c__pyext
[0.406s] [ 94%] Built target vision_interfaces__rosidl_typesupport_fastrtps_c__pyext
[0.409s] [100%] Built target vision_interfaces__rosidl_typesupport_c__pyext
[0.523s] running egg_info
[0.537s] writing vision_interfaces.egg-info/PKG-INFO
[0.537s] writing dependency_links to vision_interfaces.egg-info/dependency_links.txt
[0.537s] writing top-level names to vision_interfaces.egg-info/top_level.txt
[0.588s] reading manifest file 'vision_interfaces.egg-info/SOURCES.txt'
[0.589s] writing manifest file 'vision_interfaces.egg-info/SOURCES.txt'
[0.632s] [100%] Built target ament_cmake_python_build_vision_interfaces_egg
[0.650s] Invoked command in '/home/zjy/Inference-for-RDKx5/autoaim/build/vision_interfaces' returned '0': CMAKE_PREFIX_PATH=/opt/ros/humble /usr/bin/cmake --build /home/zjy/Inference-for-RDKx5/autoaim/build/vision_interfaces -- -j32 -l32
[0.653s] Invoking command in '/home/zjy/Inference-for-RDKx5/autoaim/build/vision_interfaces': CMAKE_PREFIX_PATH=/opt/ros/humble /usr/bin/cmake --install /home/zjy/Inference-for-RDKx5/autoaim/build/vision_interfaces
[0.661s] -- Install configuration: ""
[0.662s] -- Up-to-date: /home/zjy/Inference-for-RDKx5/autoaim/install/vision_interfaces/share/ament_index/resource_index/rosidl_interfaces/vision_interfaces
[0.662s] -- Up-to-date: /home/zjy/Inference-for-RDKx5/autoaim/install/vision_interfaces/include/vision_interfaces/vision_interfaces
[0.662s] -- Up-to-date: /home/zjy/Inference-for-RDKx5/autoaim/install/vision_interfaces/include/vision_interfaces/vision_interfaces/msg
[0.663s] -- Up-to-date: /home/zjy/Inference-for-RDKx5/autoaim/install/vision_interfaces/include/vision_interfaces/vision_interfaces/msg/robot.h
[0.664s] -- Up-to-date: /home/zjy/Inference-for-RDKx5/autoaim/install/vision_interfaces/include/vision_interfaces/vision_interfaces/msg/rosidl_generator_c__visibility_control.h
[0.664s] -- Up-to-date: /home/zjy/Inference-for-RDKx5/autoaim/install/vision_interfaces/include/vision_interfaces/vision_interfaces/msg/detail
[0.665s] -- Up-to-date: /home/zjy/Inference-for-RDKx5/autoaim/install/vision_interfaces/include/vision_interfaces/vision_interfaces/msg/detail/auto_aim__type_support.h
[0.665s] -- Up-to-date: /home/zjy/Inference-for-RDKx5/autoaim/install/vision_interfaces/include/vision_interfaces/vision_interfaces/msg/detail/robot__functions.c
[0.665s] -- Up-to-date: /home/zjy/Inference-for-RDKx5/autoaim/install/vision_interfaces/include/vision_interfaces/vision_interfaces/msg/detail/auto_aim__functions.c
[0.666s] -- Up-to-date: /home/zjy/Inference-for-RDKx5/autoaim/install/vision_interfaces/include/vision_interfaces/vision_interfaces/msg/detail/auto_aim__functions.h
[0.666s] -- Up-to-date: /home/zjy/Inference-for-RDKx5/autoaim/install/vision_interfaces/include/vision_interfaces/vision_interfaces/msg/detail/robot__type_support.h
[0.667s] -- Up-to-date: /home/zjy/Inference-for-RDKx5/autoaim/install/vision_interfaces/include/vision_interfaces/vision_interfaces/msg/detail/auto_aim__struct.h
[0.667s] -- Up-to-date: /home/zjy/Inference-for-RDKx5/autoaim/install/vision_interfaces/include/vision_interfaces/vision_interfaces/msg/detail/robot__functions.h
[0.667s] -- Up-to-date: /home/zjy/Inference-for-RDKx5/autoaim/install/vision_interfaces/include/vision_interfaces/vision_interfaces/msg/detail/robot__struct.h
[0.667s] -- Up-to-date: /home/zjy/Inference-for-RDKx5/autoaim/install/vision_interfaces/include/vision_interfaces/vision_interfaces/msg/auto_aim.h
[0.667s] -- Up-to-date: /home/zjy/Inference-for-RDKx5/autoaim/install/vision_interfaces/share/vision_interfaces/environment/library_path.sh
[0.667s] -- Up-to-date: /home/zjy/Inference-for-RDKx5/autoaim/install/vision_interfaces/share/vision_interfaces/environment/library_path.dsv
[0.667s] -- Up-to-date: /home/zjy/Inference-for-RDKx5/autoaim/install/vision_interfaces/lib/libvision_interfaces__rosidl_generator_c.so
[0.667s] -- Up-to-date: /home/zjy/Inference-for-RDKx5/autoaim/install/vision_interfaces/include/vision_interfaces/vision_interfaces
[0.667s] -- Up-to-date: /home/zjy/Inference-for-RDKx5/autoaim/install/vision_interfaces/include/vision_interfaces/vision_interfaces/msg
[0.667s] -- Up-to-date: /home/zjy/Inference-for-RDKx5/autoaim/install/vision_interfaces/include/vision_interfaces/vision_interfaces/msg/rosidl_typesupport_fastrtps_c__visibility_control.h
[0.667s] -- Up-to-date: /home/zjy/Inference-for-RDKx5/autoaim/install/vision_interfaces/include/vision_interfaces/vision_interfaces/msg/detail
[0.667s] -- Up-to-date: /home/zjy/Inference-for-RDKx5/autoaim/install/vision_interfaces/include/vision_interfaces/vision_interfaces/msg/detail/auto_aim__rosidl_typesupport_fastrtps_c.h
[0.667s] -- Up-to-date: /home/zjy/Inference-for-RDKx5/autoaim/install/vision_interfaces/include/vision_interfaces/vision_interfaces/msg/detail/robot__rosidl_typesupport_fastrtps_c.h
[0.667s] -- Up-to-date: /home/zjy/Inference-for-RDKx5/autoaim/install/vision_interfaces/lib/libvision_interfaces__rosidl_typesupport_fastrtps_c.so
[0.667s] -- Up-to-date: /home/zjy/Inference-for-RDKx5/autoaim/install/vision_interfaces/include/vision_interfaces/vision_interfaces
[0.667s] -- Up-to-date: /home/zjy/Inference-for-RDKx5/autoaim/install/vision_interfaces/include/vision_interfaces/vision_interfaces/msg
[0.668s] -- Up-to-date: /home/zjy/Inference-for-RDKx5/autoaim/install/vision_interfaces/include/vision_interfaces/vision_interfaces/msg/detail
[0.668s] -- Up-to-date: /home/zjy/Inference-for-RDKx5/autoaim/install/vision_interfaces/include/vision_interfaces/vision_interfaces/msg/detail/robot__type_support.c
[0.668s] -- Up-to-date: /home/zjy/Inference-for-RDKx5/autoaim/install/vision_interfaces/include/vision_interfaces/vision_interfaces/msg/detail/auto_aim__rosidl_typesupport_introspection_c.h
[0.668s] -- Up-to-date: /home/zjy/Inference-for-RDKx5/autoaim/install/vision_interfaces/include/vision_interfaces/vision_interfaces/msg/detail/robot__rosidl_typesupport_introspection_c.h
[0.668s] -- Up-to-date: /home/zjy/Inference-for-RDKx5/autoaim/install/vision_interfaces/include/vision_interfaces/vision_interfaces/msg/detail/auto_aim__type_support.c
[0.668s] -- Up-to-date: /home/zjy/Inference-for-RDKx5/autoaim/install/vision_interfaces/include/vision_interfaces/vision_interfaces/msg/rosidl_typesupport_introspection_c__visibility_control.h
[0.668s] -- Up-to-date: /home/zjy/Inference-for-RDKx5/autoaim/install/vision_interfaces/lib/libvision_interfaces__rosidl_typesupport_introspection_c.so
[0.668s] -- Up-to-date: /home/zjy/Inference-for-RDKx5/autoaim/install/vision_interfaces/lib/libvision_interfaces__rosidl_typesupport_c.so
[0.668s] -- Up-to-date: /home/zjy/Inference-for-RDKx5/autoaim/install/vision_interfaces/include/vision_interfaces/vision_interfaces
[0.668s] -- Up-to-date: /home/zjy/Inference-for-RDKx5/autoaim/install/vision_interfaces/include/vision_interfaces/vision_interfaces/msg
[0.668s] -- Up-to-date: /home/zjy/Inference-for-RDKx5/autoaim/install/vision_interfaces/include/vision_interfaces/vision_interfaces/msg/auto_aim.hpp
[0.668s] -- Up-to-date: /home/zjy/Inference-for-RDKx5/autoaim/install/vision_interfaces/include/vision_interfaces/vision_interfaces/msg/rosidl_generator_cpp__visibility_control.hpp
[0.668s] -- Up-to-date: /home/zjy/Inference-for-RDKx5/autoaim/install/vision_interfaces/include/vision_interfaces/vision_interfaces/msg/detail
[0.668s] -- Up-to-date: /home/zjy/Inference-for-RDKx5/autoaim/install/vision_interfaces/include/vision_interfaces/vision_interfaces/msg/detail/auto_aim__traits.hpp
[0.668s] -- Up-to-date: /home/zjy/Inference-for-RDKx5/autoaim/install/vision_interfaces/include/vision_interfaces/vision_interfaces/msg/detail/robot__traits.hpp
[0.669s] -- Up-to-date: /home/zjy/Inference-for-RDKx5/autoaim/install/vision_interfaces/include/vision_interfaces/vision_interfaces/msg/detail/auto_aim__struct.hpp
[0.669s] -- Up-to-date: /home/zjy/Inference-for-RDKx5/autoaim/install/vision_interfaces/include/vision_interfaces/vision_interfaces/msg/detail/robot__struct.hpp
[0.669s] -- Up-to-date: /home/zjy/Inference-for-RDKx5/autoaim/install/vision_interfaces/include/vision_interfaces/vision_interfaces/msg/detail/robot__builder.hpp
[0.669s] -- Up-to-date: /home/zjy/Inference-for-RDKx5/autoaim/install/vision_interfaces/include/vision_interfaces/vision_interfaces/msg/detail/auto_aim__builder.hpp
[0.669s] -- Up-to-date: /home/zjy/Inference-for-RDKx5/autoaim/install/vision_interfaces/include/vision_interfaces/vision_interfaces/msg/detail/robot__type_support.hpp
[0.669s] -- Up-to-date: /home/zjy/Inference-for-RDKx5/autoaim/install/vision_interfaces/include/vision_interfaces/vision_interfaces/msg/detail/auto_aim__type_support.hpp
[0.669s] -- Up-to-date: /home/zjy/Inference-for-RDKx5/autoaim/install/vision_interfaces/include/vision_interfaces/vision_interfaces/msg/robot.hpp
[0.669s] -- Up-to-date: /home/zjy/Inference-for-RDKx5/autoaim/install/vision_interfaces/include/vision_interfaces/vision_interfaces
[0.669s] -- Up-to-date: /home/zjy/Inference-for-RDKx5/autoaim/install/vision_interfaces/include/vision_interfaces/vision_interfaces/msg
[0.669s] -- Up-to-date: /home/zjy/Inference-for-RDKx5/autoaim/install/vision_interfaces/include/vision_interfaces/vision_interfaces/msg/rosidl_typesupport_fastrtps_cpp__visibility_control.h
[0.669s] -- Up-to-date: /home/zjy/Inference-for-RDKx5/autoaim/install/vision_interfaces/include/vision_interfaces/vision_interfaces/msg/detail
[0.669s] -- Up-to-date: /home/zjy/Inference-for-RDKx5/autoaim/install/vision_interfaces/include/vision_interfaces/vision_interfaces/msg/detail/auto_aim__rosidl_typesupport_fastrtps_cpp.hpp
[0.669s] -- Up-to-date: /home/zjy/Inference-for-RDKx5/autoaim/install/vision_interfaces/include/vision_interfaces/vision_interfaces/msg/detail/robot__rosidl_typesupport_fastrtps_cpp.hpp
[0.669s] -- Up-to-date: /home/zjy/Inference-for-RDKx5/autoaim/install/vision_interfaces/include/vision_interfaces/vision_interfaces/msg/detail/dds_fastrtps
[0.669s] -- Up-to-date: /home/zjy/Inference-for-RDKx5/autoaim/install/vision_interfaces/lib/libvision_interfaces__rosidl_typesupport_fastrtps_cpp.so
[0.669s] -- Up-to-date: /home/zjy/Inference-for-RDKx5/autoaim/install/vision_interfaces/include/vision_interfaces/vision_interfaces
[0.669s] -- Up-to-date: /home/zjy/Inference-for-RDKx5/autoaim/install/vision_interfaces/include/vision_interfaces/vision_interfaces/msg
[0.669s] -- Up-to-date: /home/zjy/Inference-for-RDKx5/autoaim/install/vision_interfaces/include/vision_interfaces/vision_interfaces/msg/detail
[0.669s] -- Up-to-date: /home/zjy/Inference-for-RDKx5/autoaim/install/vision_interfaces/include/vision_interfaces/vision_interfaces/msg/detail/robot__rosidl_typesupport_introspection_cpp.hpp
[0.669s] -- Up-to-date: /home/zjy/Inference-for-RDKx5/autoaim/install/vision_interfaces/include/vision_interfaces/vision_interfaces/msg/detail/auto_aim__type_support.cpp
[0.669s] -- Up-to-date: /home/zjy/Inference-for-RDKx5/autoaim/install/vision_interfaces/include/vision_interfaces/vision_interfaces/msg/detail/auto_aim__rosidl_typesupport_introspection_cpp.hpp
[0.670s] -- Up-to-date: /home/zjy/Inference-for-RDKx5/autoaim/install/vision_interfaces/include/vision_interfaces/vision_interfaces/msg/detail/robot__type_support.cpp
[0.670s] -- Up-to-date: /home/zjy/Inference-for-RDKx5/autoaim/install/vision_interfaces/lib/libvision_interfaces__rosidl_typesupport_introspection_cpp.so
[0.670s] -- Up-to-date: /home/zjy/Inference-for-RDKx5/autoaim/install/vision_interfaces/lib/libvision_interfaces__rosidl_typesupport_cpp.so
[0.670s] -- Up-to-date: /home/zjy/Inference-for-RDKx5/autoaim/install/vision_interfaces/share/vision_interfaces/environment/pythonpath.sh
[0.670s] -- Up-to-date: /home/zjy/Inference-for-RDKx5/autoaim/install/vision_interfaces/share/vision_interfaces/environment/pythonpath.dsv
[0.670s] -- Up-to-date: /home/zjy/Inference-for-RDKx5/autoaim/install/vision_interfaces/local/lib/python3.10/dist-packages/vision_interfaces-0.0.0-py3.10.egg-info
[0.670s] -- Installing: /home/zjy/Inference-for-RDKx5/autoaim/install/vision_interfaces/local/lib/python3.10/dist-packages/vision_interfaces-0.0.0-py3.10.egg-info/SOURCES.txt
[0.670s] -- Installing: /home/zjy/Inference-for-RDKx5/autoaim/install/vision_interfaces/local/lib/python3.10/dist-packages/vision_interfaces-0.0.0-py3.10.egg-info/dependency_links.txt
[0.670s] -- Installing: /home/zjy/Inference-for-RDKx5/autoaim/install/vision_interfaces/local/lib/python3.10/dist-packages/vision_interfaces-0.0.0-py3.10.egg-info/top_level.txt
[0.670s] -- Installing: /home/zjy/Inference-for-RDKx5/autoaim/install/vision_interfaces/local/lib/python3.10/dist-packages/vision_interfaces-0.0.0-py3.10.egg-info/PKG-INFO
[0.671s] -- Up-to-date: /home/zjy/Inference-for-RDKx5/autoaim/install/vision_interfaces/local/lib/python3.10/dist-packages/vision_interfaces
[0.671s] -- Up-to-date: /home/zjy/Inference-for-RDKx5/autoaim/install/vision_interfaces/local/lib/python3.10/dist-packages/vision_interfaces/_vision_interfaces_s.ep.rosidl_typesupport_introspection_c.c
[0.671s] -- Up-to-date: /home/zjy/Inference-for-RDKx5/autoaim/install/vision_interfaces/local/lib/python3.10/dist-packages/vision_interfaces/vision_interfaces_s__rosidl_typesupport_fastrtps_c.cpython-310-x86_64-linux-gnu.so
[0.672s] -- Up-to-date: /home/zjy/Inference-for-RDKx5/autoaim/install/vision_interfaces/local/lib/python3.10/dist-packages/vision_interfaces/__init__.py
[0.672s] -- Up-to-date: /home/zjy/Inference-for-RDKx5/autoaim/install/vision_interfaces/local/lib/python3.10/dist-packages/vision_interfaces/_vision_interfaces_s.ep.rosidl_typesupport_fastrtps_c.c
[0.672s] -- Up-to-date: /home/zjy/Inference-for-RDKx5/autoaim/install/vision_interfaces/local/lib/python3.10/dist-packages/vision_interfaces/_vision_interfaces_s.ep.rosidl_typesupport_c.c
[0.672s] -- Up-to-date: /home/zjy/Inference-for-RDKx5/autoaim/install/vision_interfaces/local/lib/python3.10/dist-packages/vision_interfaces/msg
[0.673s] -- Up-to-date: /home/zjy/Inference-for-RDKx5/autoaim/install/vision_interfaces/local/lib/python3.10/dist-packages/vision_interfaces/msg/_robot_s.c
[0.673s] -- Up-to-date: /home/zjy/Inference-for-RDKx5/autoaim/install/vision_interfaces/local/lib/python3.10/dist-packages/vision_interfaces/msg/__init__.py
[0.673s] -- Up-to-date: /home/zjy/Inference-for-RDKx5/autoaim/install/vision_interfaces/local/lib/python3.10/dist-packages/vision_interfaces/msg/_robot.py
[0.673s] -- Up-to-date: /home/zjy/Inference-for-RDKx5/autoaim/install/vision_interfaces/local/lib/python3.10/dist-packages/vision_interfaces/msg/_auto_aim.py
[0.674s] -- Up-to-date: /home/zjy/Inference-for-RDKx5/autoaim/install/vision_interfaces/local/lib/python3.10/dist-packages/vision_interfaces/msg/_auto_aim_s.c
[0.674s] -- Up-to-date: /home/zjy/Inference-for-RDKx5/autoaim/install/vision_interfaces/local/lib/python3.10/dist-packages/vision_interfaces/libvision_interfaces__rosidl_generator_py.so
[0.674s] -- Up-to-date: /home/zjy/Inference-for-RDKx5/autoaim/install/vision_interfaces/local/lib/python3.10/dist-packages/vision_interfaces/vision_interfaces_s__rosidl_typesupport_introspection_c.cpython-310-x86_64-linux-gnu.so
[0.674s] -- Up-to-date: /home/zjy/Inference-for-RDKx5/autoaim/install/vision_interfaces/local/lib/python3.10/dist-packages/vision_interfaces/vision_interfaces_s__rosidl_typesupport_c.cpython-310-x86_64-linux-gnu.so
[0.703s] Listing '/home/zjy/Inference-for-RDKx5/autoaim/install/vision_interfaces/local/lib/python3.10/dist-packages/vision_interfaces'...
[0.703s] Listing '/home/zjy/Inference-for-RDKx5/autoaim/install/vision_interfaces/local/lib/python3.10/dist-packages/vision_interfaces/msg'...
[0.719s] -- Up-to-date: /home/zjy/Inference-for-RDKx5/autoaim/install/vision_interfaces/local/lib/python3.10/dist-packages/vision_interfaces/vision_interfaces_s__rosidl_typesupport_fastrtps_c.cpython-310-x86_64-linux-gnu.so
[0.722s] -- Up-to-date: /home/zjy/Inference-for-RDKx5/autoaim/install/vision_interfaces/local/lib/python3.10/dist-packages/vision_interfaces/vision_interfaces_s__rosidl_typesupport_introspection_c.cpython-310-x86_64-linux-gnu.so
[0.722s] -- Up-to-date: /home/zjy/Inference-for-RDKx5/autoaim/install/vision_interfaces/local/lib/python3.10/dist-packages/vision_interfaces/vision_interfaces_s__rosidl_typesupport_c.cpython-310-x86_64-linux-gnu.so
[0.722s] -- Up-to-date: /home/zjy/Inference-for-RDKx5/autoaim/install/vision_interfaces/lib/libvision_interfaces__rosidl_generator_py.so
[0.722s] -- Up-to-date: /home/zjy/Inference-for-RDKx5/autoaim/install/vision_interfaces/share/vision_interfaces/msg/Robot.idl
[0.722s] -- Up-to-date: /home/zjy/Inference-for-RDKx5/autoaim/install/vision_interfaces/share/vision_interfaces/msg/AutoAim.idl
[0.723s] -- Up-to-date: /home/zjy/Inference-for-RDKx5/autoaim/install/vision_interfaces/share/vision_interfaces/msg/Robot.msg
[0.723s] -- Up-to-date: /home/zjy/Inference-for-RDKx5/autoaim/install/vision_interfaces/share/vision_interfaces/msg/AutoAim.msg
[0.723s] -- Up-to-date: /home/zjy/Inference-for-RDKx5/autoaim/install/vision_interfaces/share/ament_index/resource_index/package_run_dependencies/vision_interfaces
[0.725s] -- Up-to-date: /home/zjy/Inference-for-RDKx5/autoaim/install/vision_interfaces/share/ament_index/resource_index/parent_prefix_path/vision_interfaces
[0.725s] -- Up-to-date: /home/zjy/Inference-for-RDKx5/autoaim/install/vision_interfaces/share/vision_interfaces/environment/ament_prefix_path.sh
[0.725s] -- Up-to-date: /home/zjy/Inference-for-RDKx5/autoaim/install/vision_interfaces/share/vision_interfaces/environment/ament_prefix_path.dsv
[0.725s] -- Up-to-date: /home/zjy/Inference-for-RDKx5/autoaim/install/vision_interfaces/share/vision_interfaces/environment/path.sh
[0.725s] -- Up-to-date: /home/zjy/Inference-for-RDKx5/autoaim/install/vision_interfaces/share/vision_interfaces/environment/path.dsv
[0.725s] -- Up-to-date: /home/zjy/Inference-for-RDKx5/autoaim/install/vision_interfaces/share/vision_interfaces/local_setup.bash
[0.726s] -- Up-to-date: /home/zjy/Inference-for-RDKx5/autoaim/install/vision_interfaces/share/vision_interfaces/local_setup.sh
[0.726s] -- Up-to-date: /home/zjy/Inference-for-RDKx5/autoaim/install/vision_interfaces/share/vision_interfaces/local_setup.zsh
[0.727s] -- Up-to-date: /home/zjy/Inference-for-RDKx5/autoaim/install/vision_interfaces/share/vision_interfaces/local_setup.dsv
[0.727s] -- Installing: /home/zjy/Inference-for-RDKx5/autoaim/install/vision_interfaces/share/vision_interfaces/package.dsv
[0.729s] -- Up-to-date: /home/zjy/Inference-for-RDKx5/autoaim/install/vision_interfaces/share/ament_index/resource_index/packages/vision_interfaces
[0.729s] -- Up-to-date: /home/zjy/Inference-for-RDKx5/autoaim/install/vision_interfaces/share/vision_interfaces/cmake/export_vision_interfaces__rosidl_generator_cExport.cmake
[0.729s] -- Up-to-date: /home/zjy/Inference-for-RDKx5/autoaim/install/vision_interfaces/share/vision_interfaces/cmake/export_vision_interfaces__rosidl_generator_cExport-noconfig.cmake
[0.729s] -- Up-to-date: /home/zjy/Inference-for-RDKx5/autoaim/install/vision_interfaces/share/vision_interfaces/cmake/export_vision_interfaces__rosidl_typesupport_fastrtps_cExport.cmake
[0.729s] -- Up-to-date: /home/zjy/Inference-for-RDKx5/autoaim/install/vision_interfaces/share/vision_interfaces/cmake/export_vision_interfaces__rosidl_typesupport_fastrtps_cExport-noconfig.cmake
[0.729s] -- Up-to-date: /home/zjy/Inference-for-RDKx5/autoaim/install/vision_interfaces/share/vision_interfaces/cmake/vision_interfaces__rosidl_typesupport_introspection_cExport.cmake
[0.729s] -- Up-to-date: /home/zjy/Inference-for-RDKx5/autoaim/install/vision_interfaces/share/vision_interfaces/cmake/vision_interfaces__rosidl_typesupport_introspection_cExport-noconfig.cmake
[0.729s] -- Up-to-date: /home/zjy/Inference-for-RDKx5/autoaim/install/vision_interfaces/share/vision_interfaces/cmake/vision_interfaces__rosidl_typesupport_cExport.cmake
[0.729s] -- Up-to-date: /home/zjy/Inference-for-RDKx5/autoaim/install/vision_interfaces/share/vision_interfaces/cmake/vision_interfaces__rosidl_typesupport_cExport-noconfig.cmake
[0.729s] -- Up-to-date: /home/zjy/Inference-for-RDKx5/autoaim/install/vision_interfaces/share/vision_interfaces/cmake/export_vision_interfaces__rosidl_generator_cppExport.cmake
[0.729s] -- Up-to-date: /home/zjy/Inference-for-RDKx5/autoaim/install/vision_interfaces/share/vision_interfaces/cmake/export_vision_interfaces__rosidl_typesupport_fastrtps_cppExport.cmake
[0.730s] -- Up-to-date: /home/zjy/Inference-for-RDKx5/autoaim/install/vision_interfaces/share/vision_interfaces/cmake/export_vision_interfaces__rosidl_typesupport_fastrtps_cppExport-noconfig.cmake
[0.730s] -- Up-to-date: /home/zjy/Inference-for-RDKx5/autoaim/install/vision_interfaces/share/vision_interfaces/cmake/vision_interfaces__rosidl_typesupport_introspection_cppExport.cmake
[0.730s] -- Up-to-date: /home/zjy/Inference-for-RDKx5/autoaim/install/vision_interfaces/share/vision_interfaces/cmake/vision_interfaces__rosidl_typesupport_introspection_cppExport-noconfig.cmake
[0.730s] -- Up-to-date: /home/zjy/Inference-for-RDKx5/autoaim/install/vision_interfaces/share/vision_interfaces/cmake/vision_interfaces__rosidl_typesupport_cppExport.cmake
[0.730s] -- Up-to-date: /home/zjy/Inference-for-RDKx5/autoaim/install/vision_interfaces/share/vision_interfaces/cmake/vision_interfaces__rosidl_typesupport_cppExport-noconfig.cmake
[0.730s] -- Up-to-date: /home/zjy/Inference-for-RDKx5/autoaim/install/vision_interfaces/share/vision_interfaces/cmake/export_vision_interfaces__rosidl_generator_pyExport.cmake
[0.730s] -- Up-to-date: /home/zjy/Inference-for-RDKx5/autoaim/install/vision_interfaces/share/vision_interfaces/cmake/export_vision_interfaces__rosidl_generator_pyExport-noconfig.cmake
[0.730s] -- Up-to-date: /home/zjy/Inference-for-RDKx5/autoaim/install/vision_interfaces/share/vision_interfaces/cmake/rosidl_cmake-extras.cmake
[0.731s] -- Up-to-date: /home/zjy/Inference-for-RDKx5/autoaim/install/vision_interfaces/share/vision_interfaces/cmake/ament_cmake_export_dependencies-extras.cmake
[0.731s] -- Up-to-date: /home/zjy/Inference-for-RDKx5/autoaim/install/vision_interfaces/share/vision_interfaces/cmake/ament_cmake_export_include_directories-extras.cmake
[0.731s] -- Up-to-date: /home/zjy/Inference-for-RDKx5/autoaim/install/vision_interfaces/share/vision_interfaces/cmake/ament_cmake_export_libraries-extras.cmake
[0.731s] -- Up-to-date: /home/zjy/Inference-for-RDKx5/autoaim/install/vision_interfaces/share/vision_interfaces/cmake/ament_cmake_export_targets-extras.cmake
[0.731s] -- Up-to-date: /home/zjy/Inference-for-RDKx5/autoaim/install/vision_interfaces/share/vision_interfaces/cmake/rosidl_cmake_export_typesupport_targets-extras.cmake
[0.731s] -- Up-to-date: /home/zjy/Inference-for-RDKx5/autoaim/install/vision_interfaces/share/vision_interfaces/cmake/rosidl_cmake_export_typesupport_libraries-extras.cmake
[0.731s] -- Up-to-date: /home/zjy/Inference-for-RDKx5/autoaim/install/vision_interfaces/share/vision_interfaces/cmake/vision_interfacesConfig.cmake
[0.731s] -- Up-to-date: /home/zjy/Inference-for-RDKx5/autoaim/install/vision_interfaces/share/vision_interfaces/cmake/vision_interfacesConfig-version.cmake
[0.731s] -- Up-to-date: /home/zjy/Inference-for-RDKx5/autoaim/install/vision_interfaces/share/vision_interfaces/package.xml
[0.732s] Invoked command in '/home/zjy/Inference-for-RDKx5/autoaim/build/vision_interfaces' returned '0': CMAKE_PREFIX_PATH=/opt/ros/humble /usr/bin/cmake --install /home/zjy/Inference-for-RDKx5/autoaim/build/vision_interfaces
