[0.145s] Invoking command in '/home/zjy/Inference-for-RDKx5/autoaim/build/armor_tracker': AMENT_PREFIX_PATH=/home/zjy/Inference-for-RDKx5/autoaim/install/auto_aim_interfaces:${AMENT_PREFIX_PATH} CMAKE_PREFIX_PATH=/home/zjy/Inference-for-RDKx5/autoaim/install/auto_aim_interfaces:/opt/ros/humble LD_LIBRARY_PATH=/home/zjy/Inference-for-RDKx5/autoaim/install/auto_aim_interfaces/lib:/opt/MVS/lib/64:/opt/MVS/lib/32:/opt/ros/humble/opt/rviz_ogre_vendor/lib:/opt/ros/humble/lib/x86_64-linux-gnu:/opt/ros/humble/lib:/opt/MVS/lib/64:/opt/MVS/lib/32:/opt/MVS/lib/64:/opt/MVS/lib/32 PYTHONPATH=/home/zjy/Inference-for-RDKx5/autoaim/install/auto_aim_interfaces/local/lib/python3.10/dist-packages:${PYTHONPATH} /usr/bin/cmake --build /home/zjy/Inference-for-RDKx5/autoaim/build/armor_tracker -- -j32 -l32
[0.517s] [ 33%] Built target armor_tracker_node
[0.560s] [100%] Built target armor_tracker
[0.719s] Invoked command in '/home/zjy/Inference-for-RDKx5/autoaim/build/armor_tracker' returned '0': AMENT_PREFIX_PATH=/home/zjy/Inference-for-RDKx5/autoaim/install/auto_aim_interfaces:${AMENT_PREFIX_PATH} CMAKE_PREFIX_PATH=/home/zjy/Inference-for-RDKx5/autoaim/install/auto_aim_interfaces:/opt/ros/humble LD_LIBRARY_PATH=/home/zjy/Inference-for-RDKx5/autoaim/install/auto_aim_interfaces/lib:/opt/MVS/lib/64:/opt/MVS/lib/32:/opt/ros/humble/opt/rviz_ogre_vendor/lib:/opt/ros/humble/lib/x86_64-linux-gnu:/opt/ros/humble/lib:/opt/MVS/lib/64:/opt/MVS/lib/32:/opt/MVS/lib/64:/opt/MVS/lib/32 PYTHONPATH=/home/zjy/Inference-for-RDKx5/autoaim/install/auto_aim_interfaces/local/lib/python3.10/dist-packages:${PYTHONPATH} /usr/bin/cmake --build /home/zjy/Inference-for-RDKx5/autoaim/build/armor_tracker -- -j32 -l32
[0.735s] Invoking command in '/home/zjy/Inference-for-RDKx5/autoaim/build/armor_tracker': AMENT_PREFIX_PATH=/home/zjy/Inference-for-RDKx5/autoaim/install/auto_aim_interfaces:${AMENT_PREFIX_PATH} CMAKE_PREFIX_PATH=/home/zjy/Inference-for-RDKx5/autoaim/install/auto_aim_interfaces:/opt/ros/humble LD_LIBRARY_PATH=/home/zjy/Inference-for-RDKx5/autoaim/install/auto_aim_interfaces/lib:/opt/MVS/lib/64:/opt/MVS/lib/32:/opt/ros/humble/opt/rviz_ogre_vendor/lib:/opt/ros/humble/lib/x86_64-linux-gnu:/opt/ros/humble/lib:/opt/MVS/lib/64:/opt/MVS/lib/32:/opt/MVS/lib/64:/opt/MVS/lib/32 PYTHONPATH=/home/zjy/Inference-for-RDKx5/autoaim/install/auto_aim_interfaces/local/lib/python3.10/dist-packages:${PYTHONPATH} /usr/bin/cmake --install /home/zjy/Inference-for-RDKx5/autoaim/build/armor_tracker
[0.778s] -- Install configuration: ""
[0.779s] -- Up-to-date: /home/zjy/Inference-for-RDKx5/autoaim/install/armor_tracker/lib/armor_tracker/armor_tracker_node
[0.780s] -- Up-to-date: /home/zjy/Inference-for-RDKx5/autoaim/install/armor_tracker/include
[0.781s] -- Up-to-date: /home/zjy/Inference-for-RDKx5/autoaim/install/armor_tracker/include/armor_tracker
[0.785s] -- Up-to-date: /home/zjy/Inference-for-RDKx5/autoaim/install/armor_tracker/include/armor_tracker/tracker_node.hpp
[0.790s] -- Up-to-date: /home/zjy/Inference-for-RDKx5/autoaim/install/armor_tracker/include/armor_tracker/tracker.hpp
[0.795s] -- Up-to-date: /home/zjy/Inference-for-RDKx5/autoaim/install/armor_tracker/include/armor_tracker/extended_kalman_filter.hpp
[0.797s] -- Up-to-date: /home/zjy/Inference-for-RDKx5/autoaim/install/armor_tracker/share/armor_tracker/environment/library_path.sh
[0.797s] -- Up-to-date: /home/zjy/Inference-for-RDKx5/autoaim/install/armor_tracker/share/armor_tracker/environment/library_path.dsv
[0.799s] -- Up-to-date: /home/zjy/Inference-for-RDKx5/autoaim/install/armor_tracker/lib/libarmor_tracker.so
[0.800s] -- Up-to-date: /home/zjy/Inference-for-RDKx5/autoaim/install/armor_tracker/share/ament_index/resource_index/package_run_dependencies/armor_tracker
[0.802s] -- Up-to-date: /home/zjy/Inference-for-RDKx5/autoaim/install/armor_tracker/share/ament_index/resource_index/parent_prefix_path/armor_tracker
[0.804s] -- Up-to-date: /home/zjy/Inference-for-RDKx5/autoaim/install/armor_tracker/share/armor_tracker/environment/ament_prefix_path.sh
[0.806s] -- Up-to-date: /home/zjy/Inference-for-RDKx5/autoaim/install/armor_tracker/share/armor_tracker/environment/ament_prefix_path.dsv
[0.807s] -- Up-to-date: /home/zjy/Inference-for-RDKx5/autoaim/install/armor_tracker/share/armor_tracker/environment/path.sh
[0.808s] -- Up-to-date: /home/zjy/Inference-for-RDKx5/autoaim/install/armor_tracker/share/armor_tracker/environment/path.dsv
[0.808s] -- Up-to-date: /home/zjy/Inference-for-RDKx5/autoaim/install/armor_tracker/share/armor_tracker/local_setup.bash
[0.809s] -- Up-to-date: /home/zjy/Inference-for-RDKx5/autoaim/install/armor_tracker/share/armor_tracker/local_setup.sh
[0.809s] -- Up-to-date: /home/zjy/Inference-for-RDKx5/autoaim/install/armor_tracker/share/armor_tracker/local_setup.zsh
[0.809s] -- Up-to-date: /home/zjy/Inference-for-RDKx5/autoaim/install/armor_tracker/share/armor_tracker/local_setup.dsv
[0.810s] -- Installing: /home/zjy/Inference-for-RDKx5/autoaim/install/armor_tracker/share/armor_tracker/package.dsv
[0.811s] -- Up-to-date: /home/zjy/Inference-for-RDKx5/autoaim/install/armor_tracker/share/ament_index/resource_index/packages/armor_tracker
[0.812s] -- Up-to-date: /home/zjy/Inference-for-RDKx5/autoaim/install/armor_tracker/share/ament_index/resource_index/rclcpp_components/armor_tracker
[0.813s] -- Up-to-date: /home/zjy/Inference-for-RDKx5/autoaim/install/armor_tracker/share/armor_tracker/cmake/ament_cmake_export_dependencies-extras.cmake
[0.813s] -- Up-to-date: /home/zjy/Inference-for-RDKx5/autoaim/install/armor_tracker/share/armor_tracker/cmake/ament_cmake_export_include_directories-extras.cmake
[0.814s] -- Up-to-date: /home/zjy/Inference-for-RDKx5/autoaim/install/armor_tracker/share/armor_tracker/cmake/ament_cmake_export_libraries-extras.cmake
[0.816s] -- Up-to-date: /home/zjy/Inference-for-RDKx5/autoaim/install/armor_tracker/share/armor_tracker/cmake/armor_trackerConfig.cmake
[0.817s] -- Up-to-date: /home/zjy/Inference-for-RDKx5/autoaim/install/armor_tracker/share/armor_tracker/cmake/armor_trackerConfig-version.cmake
[0.818s] -- Up-to-date: /home/zjy/Inference-for-RDKx5/autoaim/install/armor_tracker/share/armor_tracker/package.xml
[0.915s] Invoked command in '/home/zjy/Inference-for-RDKx5/autoaim/build/armor_tracker' returned '0': AMENT_PREFIX_PATH=/home/zjy/Inference-for-RDKx5/autoaim/install/auto_aim_interfaces:${AMENT_PREFIX_PATH} CMAKE_PREFIX_PATH=/home/zjy/Inference-for-RDKx5/autoaim/install/auto_aim_interfaces:/opt/ros/humble LD_LIBRARY_PATH=/home/zjy/Inference-for-RDKx5/autoaim/install/auto_aim_interfaces/lib:/opt/MVS/lib/64:/opt/MVS/lib/32:/opt/ros/humble/opt/rviz_ogre_vendor/lib:/opt/ros/humble/lib/x86_64-linux-gnu:/opt/ros/humble/lib:/opt/MVS/lib/64:/opt/MVS/lib/32:/opt/MVS/lib/64:/opt/MVS/lib/32 PYTHONPATH=/home/zjy/Inference-for-RDKx5/autoaim/install/auto_aim_interfaces/local/lib/python3.10/dist-packages:${PYTHONPATH} /usr/bin/cmake --install /home/zjy/Inference-for-RDKx5/autoaim/build/armor_tracker
