[0.016s] Invoking command in '/home/zjy/Inference-for-RDKx5/autoaim/build/armor_detector': AMENT_PREFIX_PATH=/home/zjy/Inference-for-RDKx5/autoaim/install/auto_aim_interfaces:${AMENT_PREFIX_PATH} CMAKE_PREFIX_PATH=/home/zjy/Inference-for-RDKx5/autoaim/install/auto_aim_interfaces:/opt/ros/humble LD_LIBRARY_PATH=/home/zjy/Inference-for-RDKx5/autoaim/install/auto_aim_interfaces/lib:/opt/MVS/lib/64:/opt/MVS/lib/32:/opt/ros/humble/opt/rviz_ogre_vendor/lib:/opt/ros/humble/lib/x86_64-linux-gnu:/opt/ros/humble/lib:/opt/MVS/lib/64:/opt/MVS/lib/32:/opt/MVS/lib/64:/opt/MVS/lib/32 PYTHONPATH=/home/zjy/Inference-for-RDKx5/autoaim/install/auto_aim_interfaces/local/lib/python3.10/dist-packages:${PYTHONPATH} /usr/bin/cmake --build /home/zjy/Inference-for-RDKx5/autoaim/build/armor_detector -- -j32 -l32
[0.068s] [35m[1mConsolidate compiler generated dependencies of target armor_detector[0m
[0.073s] [ 11%] Built target gtest
[0.075s] [ 23%] Built target gtest_main
[0.078s] [ 35%] Built target armor_detector_node
[0.098s] [ 41%] [32mBuilding CXX object CMakeFiles/armor_detector.dir/src/detector_node.cpp.o[0m
[0.099s] [ 47%] [32mBuilding CXX object CMakeFiles/armor_detector.dir/src/yolo11.cpp.o[0m
[1.799s] [01m[K/home/zjy/Inference-for-RDKx5/autoaim/rm_auto_aim/armor_detector/src/yolo11.cpp:[m[K In member function ‘[01m[Kvoid rm_auto_aim::YOLO11::draw_detections(const cv::Mat&, const std::__cxx11::list<rm_auto_aim::Armor>&, int) const[m[K’:
[1.800s] [01m[K/home/zjy/Inference-for-RDKx5/autoaim/rm_auto_aim/armor_detector/src/yolo11.cpp:219:44:[m[K [01;31m[Kerror: [m[K‘[01m[KCOLORS[m[K’ was not declared in this scope
[1.800s]   219 |       "{:.2f} {} {} {}", armor.confidence, [01;31m[KCOLORS[m[K[armor.color], ARMOR_NAMES[armor.name],
[1.800s]       |                                            [01;31m[K^~~~~~[m[K
[1.807s] [01m[K/home/zjy/Inference-for-RDKx5/autoaim/rm_auto_aim/armor_detector/src/yolo11.cpp:219:65:[m[K [01;31m[Kerror: [m[K‘[01m[KARMOR_NAMES[m[K’ was not declared in this scope
[1.807s]   219 |       "{:.2f} {} {} {}", armor.confidence, COLORS[armor.color], [01;31m[KARMOR_NAMES[m[K[armor.name],
[1.807s]       |                                                                 [01;31m[K^~~~~~~~~~~[m[K
[1.807s] [01m[K/home/zjy/Inference-for-RDKx5/autoaim/rm_auto_aim/armor_detector/src/yolo11.cpp:220:32:[m[K [01;31m[Kerror: [m[Karray subscript is not an integer
[1.807s]   220 |       ARMOR_TYPE_STR[armor.type[01;31m[K][m[K);
[1.807s]       |                                [01;31m[K^[m[K
[2.646s] In file included from [01m[K/usr/include/fmt/format.h:48[m[K,
[2.646s]                  from [01m[K/usr/include/fmt/chrono.h:19[m[K,
[2.646s]                  from [01m[K/home/zjy/Inference-for-RDKx5/autoaim/rm_auto_aim/armor_detector/src/yolo11.cpp:3[m[K:
[2.646s] /usr/include/fmt/core.h: In instantiation of ‘[01m[Kconstexpr fmt::v8::detail::value<Context> fmt::v8::detail::make_arg(T&&) [with bool IS_PACKED = true; Context = fmt::v8::basic_format_context<fmt::v8::appender, char>; fmt::v8::detail::type <anonymous> = fmt::v8::detail::type::custom_type; T = const rm_auto_aim::ArmorName&; typename std::enable_if<IS_PACKED, int>::type <anonymous> = 0][m[K’:
[2.646s] [01m[K/usr/include/fmt/core.h:1855:77:[m[K   required from ‘[01m[Kconstexpr fmt::v8::format_arg_store<Context, Args>::format_arg_store(T&& ...) [with T = {const std::__cxx11::basic_string<char, std::char_traits<char>, std::allocator<char> >&, const rm_auto_aim::ArmorName&, std::__cxx11::basic_string<char, std::char_traits<char>, std::allocator<char> >&}; Context = fmt::v8::basic_format_context<fmt::v8::appender, char>; Args = {std::__cxx11::basic_string<char, std::char_traits<char>, std::allocator<char> >, rm_auto_aim::ArmorName, std::__cxx11::basic_string<char, std::char_traits<char>, std::allocator<char> >}][m[K’
[2.646s] [01m[K/usr/include/fmt/core.h:1872:38:[m[K   required from ‘[01m[Kconstexpr fmt::v8::format_arg_store<Context, typename std::remove_cv<typename std::remove_reference<Args>::type>::type ...> fmt::v8::make_format_args(Args&& ...) [with Context = fmt::v8::basic_format_context<fmt::v8::appender, char>; Args = {const std::__cxx11::basic_string<char, std::char_traits<char>, std::allocator<char> >&, const rm_auto_aim::ArmorName&, std::__cxx11::basic_string<char, std::char_traits<char>, std::allocator<char> >&}][m[K’
[2.646s] [01m[K/usr/include/fmt/core.h:3119:44:[m[K   required from ‘[01m[Kstd::string fmt::v8::format(fmt::v8::format_string<T ...>, T&& ...) [with T = {const std::__cxx11::basic_string<char, std::char_traits<char>, std::allocator<char> >&, const rm_auto_aim::ArmorName&, std::__cxx11::basic_string<char, std::char_traits<char>, std::allocator<char> >&}; std::string = std::__cxx11::basic_string<char>; fmt::v8::format_string<T ...> = fmt::v8::basic_format_string<char, const std::__cxx11::basic_string<char, std::char_traits<char>, std::allocator<char> >&, const rm_auto_aim::ArmorName&, std::__cxx11::basic_string<char, std::char_traits<char>, std::allocator<char> >&>][m[K’
[2.646s] [01m[K/home/zjy/Inference-for-RDKx5/autoaim/rm_auto_aim/armor_detector/src/yolo11.cpp:236:30:[m[K   required from here
[2.646s] [01m[K/usr/include/fmt/core.h:1728:7:[m[K [01;31m[Kerror: [m[Kstatic assertion failed: Cannot format an argument. To make type T formattable provide a formatter<T> specialization: https://fmt.dev/latest/api.html#udt
[2.646s]  1728 |       [01;31m[Kformattable[m[K,
[2.646s]       |       [01;31m[K^~~~~~~~~~~[m[K
[2.646s] [01m[K/usr/include/fmt/core.h:1728:7:[m[K [01;36m[Knote: [m[K‘[01m[Kformattable[m[K’ evaluates to false
[3.060s] In file included from [01m[K/usr/include/x86_64-linux-gnu/c++/11/bits/c++allocator.h:33[m[K,
[3.060s]                  from [01m[K/usr/include/c++/11/bits/allocator.h:46[m[K,
[3.060s]                  from [01m[K/usr/include/c++/11/list:61[m[K,
[3.061s]                  from [01m[K/home/zjy/Inference-for-RDKx5/autoaim/rm_auto_aim/armor_detector/include/armor_detector/yolo11.hpp:4[m[K,
[3.061s]                  from [01m[K/home/zjy/Inference-for-RDKx5/autoaim/rm_auto_aim/armor_detector/src/yolo11.cpp:1[m[K:
[3.061s] /usr/include/c++/11/ext/new_allocator.h: In instantiation of ‘[01m[Kvoid __gnu_cxx::new_allocator<_Tp>::construct(_Up*, _Args&& ...) [with _Up = rm_auto_aim::Armor; _Args = {int&, float&, cv::Rect_<int>&, std::vector<cv::Point_<float>, std::allocator<cv::Point_<float> > >&, cv::Point_<float>&}; _Tp = std::_List_node<rm_auto_aim::Armor>][m[K’:
[3.061s] [01m[K/usr/include/c++/11/bits/alloc_traits.h:516:17:[m[K   required from ‘[01m[Kstatic void std::allocator_traits<std::allocator<_Tp1> >::construct(std::allocator_traits<std::allocator<_Tp1> >::allocator_type&, _Up*, _Args&& ...) [with _Up = rm_auto_aim::Armor; _Args = {int&, float&, cv::Rect_<int>&, std::vector<cv::Point_<float>, std::allocator<cv::Point_<float> > >&, cv::Point_<float>&}; _Tp = std::_List_node<rm_auto_aim::Armor>; std::allocator_traits<std::allocator<_Tp1> >::allocator_type = std::allocator<std::_List_node<rm_auto_aim::Armor> >][m[K’
[3.061s] [01m[K/usr/include/c++/11/bits/stl_list.h:638:33:[m[K   required from ‘[01m[Kstd::__cxx11::list<_Tp, _Alloc>::_Node* std::__cxx11::list<_Tp, _Alloc>::_M_create_node(_Args&& ...) [with _Args = {int&, float&, cv::Rect_<int>&, std::vector<cv::Point_<float>, std::allocator<cv::Point_<float> > >&, cv::Point_<float>&}; _Tp = rm_auto_aim::Armor; _Alloc = std::allocator<rm_auto_aim::Armor>; std::__cxx11::list<_Tp, _Alloc>::_Node = std::__cxx11::list<rm_auto_aim::Armor>::_Node][m[K’
[3.061s] [01m[K/usr/include/c++/11/bits/stl_list.h:1912:32:[m[K   required from ‘[01m[Kvoid std::__cxx11::list<_Tp, _Alloc>::_M_insert(std::__cxx11::list<_Tp, _Alloc>::iterator, _Args&& ...) [with _Args = {int&, float&, cv::Rect_<int>&, std::vector<cv::Point_<float>, std::allocator<cv::Point_<float> > >&, cv::Point_<float>&}; _Tp = rm_auto_aim::Armor; _Alloc = std::allocator<rm_auto_aim::Armor>; std::__cxx11::list<_Tp, _Alloc>::iterator = std::__cxx11::list<rm_auto_aim::Armor>::iterator][m[K’
[3.061s] [01m[K/usr/include/c++/11/bits/stl_list.h:1228:19:[m[K   required from ‘[01m[Kstd::__cxx11::list<_Tp, _Alloc>::reference std::__cxx11::list<_Tp, _Alloc>::emplace_back(_Args&& ...) [with _Args = {int&, float&, cv::Rect_<int>&, std::vector<cv::Point_<float>, std::allocator<cv::Point_<float> > >&, cv::Point_<float>&}; _Tp = rm_auto_aim::Armor; _Alloc = std::allocator<rm_auto_aim::Armor>; std::__cxx11::list<_Tp, _Alloc>::reference = rm_auto_aim::Armor&][m[K’
[3.061s] [01m[K/home/zjy/Inference-for-RDKx5/autoaim/rm_auto_aim/armor_detector/src/yolo11.cpp:133:26:[m[K   required from here
[3.061s] [01m[K/usr/include/c++/11/ext/new_allocator.h:162:11:[m[K [01;31m[Kerror: [m[Kno matching function for call to ‘[01m[Krm_auto_aim::Armor::Armor(int&, float&, cv::Rect_<int>&, std::vector<cv::Point_<float> >&, cv::Point_<float>&)[m[K’
[3.061s]   162 |         { [01;31m[K::new((void *)__p) _Up(std::forward<_Args>(__args)...)[m[K; }
[3.061s]       |           [01;31m[K^~~~~~~~~~~~~~~~~~~~~~~~~~~~~~~~~~~~~~~~~~~~~~~~~~~~~~[m[K
[3.061s] In file included from [01m[K/home/zjy/Inference-for-RDKx5/autoaim/rm_auto_aim/armor_detector/include/armor_detector/yolo11.hpp:10[m[K,
[3.061s]                  from [01m[K/home/zjy/Inference-for-RDKx5/autoaim/rm_auto_aim/armor_detector/src/yolo11.cpp:1[m[K:
[3.061s] [01m[K/home/zjy/Inference-for-RDKx5/autoaim/rm_auto_aim/armor_detector/include/armor_detector/armor.hpp:52:3:[m[K [01;36m[Knote: [m[Kcandidate: ‘[01m[Krm_auto_aim::Armor::Armor(const rm_auto_aim::Light&, const rm_auto_aim::Light&)[m[K’
[3.062s]    52 |   [01;36m[KArmor[m[K(const Light & l1, const Light & l2)
[3.062s]       |   [01;36m[K^~~~~[m[K
[3.062s] [01m[K/home/zjy/Inference-for-RDKx5/autoaim/rm_auto_aim/armor_detector/include/armor_detector/armor.hpp:52:3:[m[K [01;36m[Knote: [m[K  candidate expects 2 arguments, 5 provided
[3.062s] [01m[K/home/zjy/Inference-for-RDKx5/autoaim/rm_auto_aim/armor_detector/include/armor_detector/armor.hpp:51:3:[m[K [01;36m[Knote: [m[Kcandidate: ‘[01m[Krm_auto_aim::Armor::Armor()[m[K’
[3.062s]    51 |   [01;36m[KArmor[m[K() = default;
[3.062s]       |   [01;36m[K^~~~~[m[K
[3.062s] [01m[K/home/zjy/Inference-for-RDKx5/autoaim/rm_auto_aim/armor_detector/include/armor_detector/armor.hpp:51:3:[m[K [01;36m[Knote: [m[K  candidate expects 0 arguments, 5 provided
[3.062s] [01m[K/home/zjy/Inference-for-RDKx5/autoaim/rm_auto_aim/armor_detector/include/armor_detector/armor.hpp:49:8:[m[K [01;36m[Knote: [m[Kcandidate: ‘[01m[Krm_auto_aim::Armor::Armor(const rm_auto_aim::Armor&)[m[K’
[3.062s]    49 | struct [01;36m[KArmor[m[K
[3.062s]       |        [01;36m[K^~~~~[m[K
[3.062s] [01m[K/home/zjy/Inference-for-RDKx5/autoaim/rm_auto_aim/armor_detector/include/armor_detector/armor.hpp:49:8:[m[K [01;36m[Knote: [m[K  candidate expects 1 argument, 5 provided
[3.062s] [01m[K/home/zjy/Inference-for-RDKx5/autoaim/rm_auto_aim/armor_detector/include/armor_detector/armor.hpp:49:8:[m[K [01;36m[Knote: [m[Kcandidate: ‘[01m[Krm_auto_aim::Armor::Armor(rm_auto_aim::Armor&&)[m[K’
[3.062s] [01m[K/home/zjy/Inference-for-RDKx5/autoaim/rm_auto_aim/armor_detector/include/armor_detector/armor.hpp:49:8:[m[K [01;36m[Knote: [m[K  candidate expects 1 argument, 5 provided
[3.062s] In file included from [01m[K/usr/include/x86_64-linux-gnu/c++/11/bits/c++allocator.h:33[m[K,
[3.062s]                  from [01m[K/usr/include/c++/11/bits/allocator.h:46[m[K,
[3.062s]                  from [01m[K/usr/include/c++/11/list:61[m[K,
[3.062s]                  from [01m[K/home/zjy/Inference-for-RDKx5/autoaim/rm_auto_aim/armor_detector/include/armor_detector/yolo11.hpp:4[m[K,
[3.062s]                  from [01m[K/home/zjy/Inference-for-RDKx5/autoaim/rm_auto_aim/armor_detector/src/yolo11.cpp:1[m[K:
[3.062s] /usr/include/c++/11/ext/new_allocator.h: In instantiation of ‘[01m[Kvoid __gnu_cxx::new_allocator<_Tp>::construct(_Up*, _Args&& ...) [with _Up = rm_auto_aim::Armor; _Args = {int&, float&, cv::Rect_<int>&, std::vector<cv::Point_<float>, std::allocator<cv::Point_<float> > >&}; _Tp = std::_List_node<rm_auto_aim::Armor>][m[K’:
[3.062s] [01m[K/usr/include/c++/11/bits/alloc_traits.h:516:17:[m[K   required from ‘[01m[Kstatic void std::allocator_traits<std::allocator<_Tp1> >::construct(std::allocator_traits<std::allocator<_Tp1> >::allocator_type&, _Up*, _Args&& ...) [with _Up = rm_auto_aim::Armor; _Args = {int&, float&, cv::Rect_<int>&, std::vector<cv::Point_<float>, std::allocator<cv::Point_<float> > >&}; _Tp = std::_List_node<rm_auto_aim::Armor>; std::allocator_traits<std::allocator<_Tp1> >::allocator_type = std::allocator<std::_List_node<rm_auto_aim::Armor> >][m[K’
[3.062s] [01m[K/usr/include/c++/11/bits/stl_list.h:638:33:[m[K   required from ‘[01m[Kstd::__cxx11::list<_Tp, _Alloc>::_Node* std::__cxx11::list<_Tp, _Alloc>::_M_create_node(_Args&& ...) [with _Args = {int&, float&, cv::Rect_<int>&, std::vector<cv::Point_<float>, std::allocator<cv::Point_<float> > >&}; _Tp = rm_auto_aim::Armor; _Alloc = std::allocator<rm_auto_aim::Armor>; std::__cxx11::list<_Tp, _Alloc>::_Node = std::__cxx11::list<rm_auto_aim::Armor>::_Node][m[K’
[3.063s] [01m[K/usr/include/c++/11/bits/stl_list.h:1912:32:[m[K   required from ‘[01m[Kvoid std::__cxx11::list<_Tp, _Alloc>::_M_insert(std::__cxx11::list<_Tp, _Alloc>::iterator, _Args&& ...) [with _Args = {int&, float&, cv::Rect_<int>&, std::vector<cv::Point_<float>, std::allocator<cv::Point_<float> > >&}; _Tp = rm_auto_aim::Armor; _Alloc = std::allocator<rm_auto_aim::Armor>; std::__cxx11::list<_Tp, _Alloc>::iterator = std::__cxx11::list<rm_auto_aim::Armor>::iterator][m[K’
[3.063s] [01m[K/usr/include/c++/11/bits/stl_list.h:1228:19:[m[K   required from ‘[01m[Kstd::__cxx11::list<_Tp, _Alloc>::reference std::__cxx11::list<_Tp, _Alloc>::emplace_back(_Args&& ...) [with _Args = {int&, float&, cv::Rect_<int>&, std::vector<cv::Point_<float>, std::allocator<cv::Point_<float> > >&}; _Tp = rm_auto_aim::Armor; _Alloc = std::allocator<rm_auto_aim::Armor>; std::__cxx11::list<_Tp, _Alloc>::reference = rm_auto_aim::Armor&][m[K’
[3.063s] [01m[K/home/zjy/Inference-for-RDKx5/autoaim/rm_auto_aim/armor_detector/src/yolo11.cpp:135:26:[m[K   required from here
[3.063s] [01m[K/usr/include/c++/11/ext/new_allocator.h:162:11:[m[K [01;31m[Kerror: [m[Kno matching function for call to ‘[01m[Krm_auto_aim::Armor::Armor(int&, float&, cv::Rect_<int>&, std::vector<cv::Point_<float> >&)[m[K’
[3.063s]   162 |         { [01;31m[K::new((void *)__p) _Up(std::forward<_Args>(__args)...)[m[K; }
[3.063s]       |           [01;31m[K^~~~~~~~~~~~~~~~~~~~~~~~~~~~~~~~~~~~~~~~~~~~~~~~~~~~~~[m[K
[3.063s] In file included from [01m[K/home/zjy/Inference-for-RDKx5/autoaim/rm_auto_aim/armor_detector/include/armor_detector/yolo11.hpp:10[m[K,
[3.063s]                  from [01m[K/home/zjy/Inference-for-RDKx5/autoaim/rm_auto_aim/armor_detector/src/yolo11.cpp:1[m[K:
[3.063s] [01m[K/home/zjy/Inference-for-RDKx5/autoaim/rm_auto_aim/armor_detector/include/armor_detector/armor.hpp:52:3:[m[K [01;36m[Knote: [m[Kcandidate: ‘[01m[Krm_auto_aim::Armor::Armor(const rm_auto_aim::Light&, const rm_auto_aim::Light&)[m[K’
[3.063s]    52 |   [01;36m[KArmor[m[K(const Light & l1, const Light & l2)
[3.063s]       |   [01;36m[K^~~~~[m[K
[3.063s] [01m[K/home/zjy/Inference-for-RDKx5/autoaim/rm_auto_aim/armor_detector/include/armor_detector/armor.hpp:52:3:[m[K [01;36m[Knote: [m[K  candidate expects 2 arguments, 4 provided
[3.063s] [01m[K/home/zjy/Inference-for-RDKx5/autoaim/rm_auto_aim/armor_detector/include/armor_detector/armor.hpp:51:3:[m[K [01;36m[Knote: [m[Kcandidate: ‘[01m[Krm_auto_aim::Armor::Armor()[m[K’
[3.063s]    51 |   [01;36m[KArmor[m[K() = default;
[3.063s]       |   [01;36m[K^~~~~[m[K
[3.064s] [01m[K/home/zjy/Inference-for-RDKx5/autoaim/rm_auto_aim/armor_detector/include/armor_detector/armor.hpp:51:3:[m[K [01;36m[Knote: [m[K  candidate expects 0 arguments, 4 provided
[3.064s] [01m[K/home/zjy/Inference-for-RDKx5/autoaim/rm_auto_aim/armor_detector/include/armor_detector/armor.hpp:49:8:[m[K [01;36m[Knote: [m[Kcandidate: ‘[01m[Krm_auto_aim::Armor::Armor(const rm_auto_aim::Armor&)[m[K’
[3.064s]    49 | struct [01;36m[KArmor[m[K
[3.064s]       |        [01;36m[K^~~~~[m[K
[3.064s] [01m[K/home/zjy/Inference-for-RDKx5/autoaim/rm_auto_aim/armor_detector/include/armor_detector/armor.hpp:49:8:[m[K [01;36m[Knote: [m[K  candidate expects 1 argument, 4 provided
[3.064s] [01m[K/home/zjy/Inference-for-RDKx5/autoaim/rm_auto_aim/armor_detector/include/armor_detector/armor.hpp:49:8:[m[K [01;36m[Knote: [m[Kcandidate: ‘[01m[Krm_auto_aim::Armor::Armor(rm_auto_aim::Armor&&)[m[K’
[3.064s] [01m[K/home/zjy/Inference-for-RDKx5/autoaim/rm_auto_aim/armor_detector/include/armor_detector/armor.hpp:49:8:[m[K [01;36m[Knote: [m[K  candidate expects 1 argument, 4 provided
[3.247s] [01m[K/home/zjy/Inference-for-RDKx5/autoaim/rm_auto_aim/armor_detector/src/detector_node.cpp:[m[K In member function ‘[01m[Kstd::vector<rm_auto_aim::Armor> rm_auto_aim::ArmorDetectorNode::detectArmors(const ConstSharedPtr&)[m[K’:
[3.247s] [01m[K/home/zjy/Inference-for-RDKx5/autoaim/rm_auto_aim/armor_detector/src/detector_node.cpp:244:37:[m[K [01;31m[Kerror: [m[K‘[01m[Kframe_count_[m[K’ was not declared in this scope
[3.247s]   244 |   auto armors = yolo11_->detect(img,[01;31m[Kframe_count_[m[K);
[3.247s]       |                                     [01;31m[K^~~~~~~~~~~~[m[K
[3.545s] In file included from [01m[K/usr/include/c++/11/memory:76[m[K,
[3.545s]                  from [01m[K/opt/ros/humble/include/sensor_msgs/sensor_msgs/msg/detail/image__struct.hpp:10[m[K,
[3.546s]                  from [01m[K/opt/ros/humble/include/sensor_msgs/sensor_msgs/msg/image.hpp:7[m[K,
[3.546s]                  from [01m[K/opt/ros/humble/include/cv_bridge/cv_bridge/cv_bridge.h:40[m[K,
[3.546s]                  from [01m[K/home/zjy/Inference-for-RDKx5/autoaim/rm_auto_aim/armor_detector/src/detector_node.cpp:5[m[K:
[3.546s] /usr/include/c++/11/bits/unique_ptr.h: In instantiation of ‘[01m[Ktypename std::_MakeUniq<_Tp>::__single_object std::make_unique(_Args&& ...) [with _Tp = rm_auto_aim::Detector; _Args = {int&, long int&, rm_auto_aim::Detector::LightParams&, rm_auto_aim::Detector::ArmorParams&}; typename std::_MakeUniq<_Tp>::__single_object = std::unique_ptr<rm_auto_aim::Detector>][m[K’:
[3.546s] [01m[K/home/zjy/Inference-for-RDKx5/autoaim/rm_auto_aim/armor_detector/src/detector_node.cpp:218:45:[m[K   required from here
[3.546s] [01m[K/usr/include/c++/11/bits/unique_ptr.h:962:30:[m[K [01;31m[Kerror: [m[Kno matching function for call to ‘[01m[Krm_auto_aim::Detector::Detector(int&, long int&, rm_auto_aim::Detector::LightParams&, rm_auto_aim::Detector::ArmorParams&)[m[K’
[3.546s]   962 |     { return unique_ptr<_Tp>([01;31m[Knew _Tp(std::forward<_Args>(__args)...)[m[K); }
[3.546s]       |                              [01;31m[K^~~~~~~~~~~~~~~~~~~~~~~~~~~~~~~~~~~~~~~[m[K
[3.546s] In file included from [01m[K/home/zjy/Inference-for-RDKx5/autoaim/rm_auto_aim/armor_detector/include/armor_detector/yolo11.hpp:11[m[K,
[3.547s]                  from [01m[K/home/zjy/Inference-for-RDKx5/autoaim/rm_auto_aim/armor_detector/include/armor_detector/detector_node.hpp:24[m[K,
[3.547s]                  from [01m[K/home/zjy/Inference-for-RDKx5/autoaim/rm_auto_aim/armor_detector/src/detector_node.cpp:26[m[K:
[3.547s] [01m[K/home/zjy/Inference-for-RDKx5/autoaim/rm_auto_aim/armor_detector/include/armor_detector/detector.hpp:50:3:[m[K [01;36m[Knote: [m[Kcandidate: ‘[01m[Krm_auto_aim::Detector::Detector()[m[K’
[3.547s]    50 |   [01;36m[KDetector[m[K();
[3.547s]       |   [01;36m[K^~~~~~~~[m[K
[3.547s] [01m[K/home/zjy/Inference-for-RDKx5/autoaim/rm_auto_aim/armor_detector/include/armor_detector/detector.hpp:50:3:[m[K [01;36m[Knote: [m[K  candidate expects 0 arguments, 4 provided
[3.547s] [01m[K/home/zjy/Inference-for-RDKx5/autoaim/rm_auto_aim/armor_detector/include/armor_detector/detector.hpp:24:7:[m[K [01;36m[Knote: [m[Kcandidate: ‘[01m[Krm_auto_aim::Detector::Detector(rm_auto_aim::Detector&&)[m[K’
[3.547s]    24 | class [01;36m[KDetector[m[K
[3.547s]       |       [01;36m[K^~~~~~~~[m[K
[3.547s] [01m[K/home/zjy/Inference-for-RDKx5/autoaim/rm_auto_aim/armor_detector/include/armor_detector/detector.hpp:24:7:[m[K [01;36m[Knote: [m[K  candidate expects 1 argument, 4 provided
[3.653s] gmake[2]: *** [CMakeFiles/armor_detector.dir/build.make:146：CMakeFiles/armor_detector.dir/src/yolo11.cpp.o] 错误 1
[3.653s] gmake[2]: *** 正在等待未完成的任务....
[8.116s] gmake[2]: *** [CMakeFiles/armor_detector.dir/build.make:90：CMakeFiles/armor_detector.dir/src/detector_node.cpp.o] 错误 1
[8.116s] gmake[1]: *** [CMakeFiles/Makefile2:161：CMakeFiles/armor_detector.dir/all] 错误 2
[8.116s] gmake: *** [Makefile:146：all] 错误 2
[8.118s] Invoked command in '/home/zjy/Inference-for-RDKx5/autoaim/build/armor_detector' returned '2': AMENT_PREFIX_PATH=/home/zjy/Inference-for-RDKx5/autoaim/install/auto_aim_interfaces:${AMENT_PREFIX_PATH} CMAKE_PREFIX_PATH=/home/zjy/Inference-for-RDKx5/autoaim/install/auto_aim_interfaces:/opt/ros/humble LD_LIBRARY_PATH=/home/zjy/Inference-for-RDKx5/autoaim/install/auto_aim_interfaces/lib:/opt/MVS/lib/64:/opt/MVS/lib/32:/opt/ros/humble/opt/rviz_ogre_vendor/lib:/opt/ros/humble/lib/x86_64-linux-gnu:/opt/ros/humble/lib:/opt/MVS/lib/64:/opt/MVS/lib/32:/opt/MVS/lib/64:/opt/MVS/lib/32 PYTHONPATH=/home/zjy/Inference-for-RDKx5/autoaim/install/auto_aim_interfaces/local/lib/python3.10/dist-packages:${PYTHONPATH} /usr/bin/cmake --build /home/zjy/Inference-for-RDKx5/autoaim/build/armor_detector -- -j32 -l32
