[35m[1mConsolidate compiler generated dependencies of target vision_attacker_node[0m
[100%] Built target vision_attacker_node
-- Install configuration: ""
-- Installing: /home/zjy/Inference-for-RDKx5/autoaim/install/vision_attacker/share/ament_index/resource_index/package_run_dependencies/vision_attacker
-- Installing: /home/zjy/Inference-for-RDKx5/autoaim/install/vision_attacker/share/ament_index/resource_index/parent_prefix_path/vision_attacker
-- Installing: /home/zjy/Inference-for-RDKx5/autoaim/install/vision_attacker/share/vision_attacker/environment/ament_prefix_path.sh
-- Installing: /home/zjy/Inference-for-RDKx5/autoaim/install/vision_attacker/share/vision_attacker/environment/ament_prefix_path.dsv
-- Installing: /home/zjy/Inference-for-RDKx5/autoaim/install/vision_attacker/share/vision_attacker/environment/path.sh
-- Installing: /home/zjy/Inference-for-RDKx5/autoaim/install/vision_attacker/share/vision_attacker/environment/path.dsv
-- Installing: /home/zjy/Inference-for-RDKx5/autoaim/install/vision_attacker/share/vision_attacker/local_setup.bash
-- Installing: /home/zjy/Inference-for-RDKx5/autoaim/install/vision_attacker/share/vision_attacker/local_setup.sh
-- Installing: /home/zjy/Inference-for-RDKx5/autoaim/install/vision_attacker/share/vision_attacker/local_setup.zsh
-- Installing: /home/zjy/Inference-for-RDKx5/autoaim/install/vision_attacker/share/vision_attacker/local_setup.dsv
-- Installing: /home/zjy/Inference-for-RDKx5/autoaim/install/vision_attacker/share/vision_attacker/package.dsv
-- Installing: /home/zjy/Inference-for-RDKx5/autoaim/install/vision_attacker/share/ament_index/resource_index/packages/vision_attacker
-- Installing: /home/zjy/Inference-for-RDKx5/autoaim/install/vision_attacker/share/vision_attacker/cmake/vision_attackerConfig.cmake
-- Installing: /home/zjy/Inference-for-RDKx5/autoaim/install/vision_attacker/share/vision_attacker/cmake/vision_attackerConfig-version.cmake
-- Installing: /home/zjy/Inference-for-RDKx5/autoaim/install/vision_attacker/share/vision_attacker/package.xml
-- Installing: /home/zjy/Inference-for-RDKx5/autoaim/install/vision_attacker/lib/vision_attacker/vision_attacker_node
-- Set runtime path of "/home/zjy/Inference-for-RDKx5/autoaim/install/vision_attacker/lib/vision_attacker/vision_attacker_node" to ""
