[0.032s] Invoking command in '/home/zjy/Inference-for-RDKx5/autoaim/build/hbm_img_msgs': CMAKE_PREFIX_PATH=/opt/ros/humble /usr/bin/cmake --build /home/zjy/Inference-for-RDKx5/autoaim/build/hbm_img_msgs -- -j32 -l32
[0.145s] [  3%] Built target hbm_img_msgs__cpp
[0.154s] [ 12%] Built target ament_cmake_python_copy_hbm_img_msgs
[0.154s] [ 12%] Built target hbm_img_msgs__rosidl_generator_c
[0.174s] [ 22%] Built target hbm_img_msgs__rosidl_typesupport_fastrtps_cpp
[0.186s] [ 32%] Built target hbm_img_msgs__rosidl_typesupport_cpp
[0.192s] [ 41%] Built target hbm_img_msgs__rosidl_typesupport_introspection_cpp
[0.208s] [ 58%] Built target hbm_img_msgs__rosidl_typesupport_introspection_c
[0.208s] [ 61%] Built target hbm_img_msgs__rosidl_typesupport_fastrtps_c
[0.211s] [ 70%] Built target hbm_img_msgs__rosidl_typesupport_c
[0.253s] [ 70%] Built target hbm_img_msgs
[0.290s] [ 74%] Built target hbm_img_msgs__py
[0.330s] [ 80%] Built target hbm_img_msgs__rosidl_generator_py
[0.359s] [ 87%] Built target hbm_img_msgs__rosidl_typesupport_c__pyext
[0.368s] [ 93%] Built target hbm_img_msgs__rosidl_typesupport_fastrtps_c__pyext
[0.389s] [100%] Built target hbm_img_msgs__rosidl_typesupport_introspection_c__pyext
[0.756s] running egg_info
[0.796s] writing hbm_img_msgs.egg-info/PKG-INFO
[0.796s] writing dependency_links to hbm_img_msgs.egg-info/dependency_links.txt
[0.797s] writing top-level names to hbm_img_msgs.egg-info/top_level.txt
[0.853s] reading manifest file 'hbm_img_msgs.egg-info/SOURCES.txt'
[0.858s] writing manifest file 'hbm_img_msgs.egg-info/SOURCES.txt'
[0.910s] [100%] Built target ament_cmake_python_build_hbm_img_msgs_egg
[0.955s] Invoked command in '/home/zjy/Inference-for-RDKx5/autoaim/build/hbm_img_msgs' returned '0': CMAKE_PREFIX_PATH=/opt/ros/humble /usr/bin/cmake --build /home/zjy/Inference-for-RDKx5/autoaim/build/hbm_img_msgs -- -j32 -l32
[0.957s] Invoking command in '/home/zjy/Inference-for-RDKx5/autoaim/build/hbm_img_msgs': CMAKE_PREFIX_PATH=/opt/ros/humble /usr/bin/cmake --install /home/zjy/Inference-for-RDKx5/autoaim/build/hbm_img_msgs
[0.986s] -- Install configuration: ""
[0.987s] -- Up-to-date: /home/zjy/Inference-for-RDKx5/autoaim/install/hbm_img_msgs/share/ament_index/resource_index/rosidl_interfaces/hbm_img_msgs
[0.987s] -- Up-to-date: /home/zjy/Inference-for-RDKx5/autoaim/install/hbm_img_msgs/include/hbm_img_msgs/hbm_img_msgs
[0.987s] -- Up-to-date: /home/zjy/Inference-for-RDKx5/autoaim/install/hbm_img_msgs/include/hbm_img_msgs/hbm_img_msgs/msg
[0.988s] -- Up-to-date: /home/zjy/Inference-for-RDKx5/autoaim/install/hbm_img_msgs/include/hbm_img_msgs/hbm_img_msgs/msg/rosidl_generator_c__visibility_control.h
[0.989s] -- Up-to-date: /home/zjy/Inference-for-RDKx5/autoaim/install/hbm_img_msgs/include/hbm_img_msgs/hbm_img_msgs/msg/hbm_msg1080_p.h
[0.989s] -- Up-to-date: /home/zjy/Inference-for-RDKx5/autoaim/install/hbm_img_msgs/include/hbm_img_msgs/hbm_img_msgs/msg/detail
[0.989s] -- Up-to-date: /home/zjy/Inference-for-RDKx5/autoaim/install/hbm_img_msgs/include/hbm_img_msgs/hbm_img_msgs/msg/detail/hbm_msg1080_p__functions.c
[0.990s] -- Up-to-date: /home/zjy/Inference-for-RDKx5/autoaim/install/hbm_img_msgs/include/hbm_img_msgs/hbm_img_msgs/msg/detail/hbm_msg1080_p__struct.h
[0.990s] -- Up-to-date: /home/zjy/Inference-for-RDKx5/autoaim/install/hbm_img_msgs/include/hbm_img_msgs/hbm_img_msgs/msg/detail/hbm_msg1080_p__type_support.h
[0.990s] -- Up-to-date: /home/zjy/Inference-for-RDKx5/autoaim/install/hbm_img_msgs/include/hbm_img_msgs/hbm_img_msgs/msg/detail/hbm_msg1080_p__functions.h
[0.991s] -- Up-to-date: /home/zjy/Inference-for-RDKx5/autoaim/install/hbm_img_msgs/share/hbm_img_msgs/environment/library_path.sh
[0.991s] -- Up-to-date: /home/zjy/Inference-for-RDKx5/autoaim/install/hbm_img_msgs/share/hbm_img_msgs/environment/library_path.dsv
[0.992s] -- Up-to-date: /home/zjy/Inference-for-RDKx5/autoaim/install/hbm_img_msgs/lib/libhbm_img_msgs__rosidl_generator_c.so
[0.992s] -- Up-to-date: /home/zjy/Inference-for-RDKx5/autoaim/install/hbm_img_msgs/include/hbm_img_msgs/hbm_img_msgs
[0.992s] -- Up-to-date: /home/zjy/Inference-for-RDKx5/autoaim/install/hbm_img_msgs/include/hbm_img_msgs/hbm_img_msgs/msg
[0.992s] -- Up-to-date: /home/zjy/Inference-for-RDKx5/autoaim/install/hbm_img_msgs/include/hbm_img_msgs/hbm_img_msgs/msg/rosidl_typesupport_fastrtps_c__visibility_control.h
[0.992s] -- Up-to-date: /home/zjy/Inference-for-RDKx5/autoaim/install/hbm_img_msgs/include/hbm_img_msgs/hbm_img_msgs/msg/detail
[0.992s] -- Up-to-date: /home/zjy/Inference-for-RDKx5/autoaim/install/hbm_img_msgs/include/hbm_img_msgs/hbm_img_msgs/msg/detail/hbm_msg1080_p__rosidl_typesupport_fastrtps_c.h
[0.992s] -- Up-to-date: /home/zjy/Inference-for-RDKx5/autoaim/install/hbm_img_msgs/lib/libhbm_img_msgs__rosidl_typesupport_fastrtps_c.so
[0.992s] -- Up-to-date: /home/zjy/Inference-for-RDKx5/autoaim/install/hbm_img_msgs/include/hbm_img_msgs/hbm_img_msgs
[0.992s] -- Up-to-date: /home/zjy/Inference-for-RDKx5/autoaim/install/hbm_img_msgs/include/hbm_img_msgs/hbm_img_msgs/msg
[0.992s] -- Up-to-date: /home/zjy/Inference-for-RDKx5/autoaim/install/hbm_img_msgs/include/hbm_img_msgs/hbm_img_msgs/msg/hbm_msg1080_p.hpp
[0.993s] -- Up-to-date: /home/zjy/Inference-for-RDKx5/autoaim/install/hbm_img_msgs/include/hbm_img_msgs/hbm_img_msgs/msg/rosidl_generator_cpp__visibility_control.hpp
[0.993s] -- Up-to-date: /home/zjy/Inference-for-RDKx5/autoaim/install/hbm_img_msgs/include/hbm_img_msgs/hbm_img_msgs/msg/detail
[0.993s] -- Up-to-date: /home/zjy/Inference-for-RDKx5/autoaim/install/hbm_img_msgs/include/hbm_img_msgs/hbm_img_msgs/msg/detail/hbm_msg1080_p__struct.hpp
[0.993s] -- Up-to-date: /home/zjy/Inference-for-RDKx5/autoaim/install/hbm_img_msgs/include/hbm_img_msgs/hbm_img_msgs/msg/detail/hbm_msg1080_p__builder.hpp
[0.993s] -- Up-to-date: /home/zjy/Inference-for-RDKx5/autoaim/install/hbm_img_msgs/include/hbm_img_msgs/hbm_img_msgs/msg/detail/hbm_msg1080_p__traits.hpp
[0.993s] -- Up-to-date: /home/zjy/Inference-for-RDKx5/autoaim/install/hbm_img_msgs/include/hbm_img_msgs/hbm_img_msgs/msg/detail/hbm_msg1080_p__type_support.hpp
[0.993s] -- Up-to-date: /home/zjy/Inference-for-RDKx5/autoaim/install/hbm_img_msgs/include/hbm_img_msgs/hbm_img_msgs
[0.993s] -- Up-to-date: /home/zjy/Inference-for-RDKx5/autoaim/install/hbm_img_msgs/include/hbm_img_msgs/hbm_img_msgs/msg
[0.993s] -- Up-to-date: /home/zjy/Inference-for-RDKx5/autoaim/install/hbm_img_msgs/include/hbm_img_msgs/hbm_img_msgs/msg/rosidl_typesupport_fastrtps_cpp__visibility_control.h
[0.993s] -- Up-to-date: /home/zjy/Inference-for-RDKx5/autoaim/install/hbm_img_msgs/include/hbm_img_msgs/hbm_img_msgs/msg/detail
[0.993s] -- Up-to-date: /home/zjy/Inference-for-RDKx5/autoaim/install/hbm_img_msgs/include/hbm_img_msgs/hbm_img_msgs/msg/detail/hbm_msg1080_p__rosidl_typesupport_fastrtps_cpp.hpp
[0.993s] -- Up-to-date: /home/zjy/Inference-for-RDKx5/autoaim/install/hbm_img_msgs/include/hbm_img_msgs/hbm_img_msgs/msg/detail/dds_fastrtps
[0.993s] -- Up-to-date: /home/zjy/Inference-for-RDKx5/autoaim/install/hbm_img_msgs/lib/libhbm_img_msgs__rosidl_typesupport_fastrtps_cpp.so
[0.993s] -- Up-to-date: /home/zjy/Inference-for-RDKx5/autoaim/install/hbm_img_msgs/include/hbm_img_msgs/hbm_img_msgs
[0.993s] -- Up-to-date: /home/zjy/Inference-for-RDKx5/autoaim/install/hbm_img_msgs/include/hbm_img_msgs/hbm_img_msgs/msg
[0.993s] -- Up-to-date: /home/zjy/Inference-for-RDKx5/autoaim/install/hbm_img_msgs/include/hbm_img_msgs/hbm_img_msgs/msg/detail
[0.994s] -- Up-to-date: /home/zjy/Inference-for-RDKx5/autoaim/install/hbm_img_msgs/include/hbm_img_msgs/hbm_img_msgs/msg/detail/hbm_msg1080_p__type_support.c
[0.994s] -- Up-to-date: /home/zjy/Inference-for-RDKx5/autoaim/install/hbm_img_msgs/include/hbm_img_msgs/hbm_img_msgs/msg/detail/hbm_msg1080_p__rosidl_typesupport_introspection_c.h
[0.994s] -- Up-to-date: /home/zjy/Inference-for-RDKx5/autoaim/install/hbm_img_msgs/include/hbm_img_msgs/hbm_img_msgs/msg/rosidl_typesupport_introspection_c__visibility_control.h
[0.995s] -- Up-to-date: /home/zjy/Inference-for-RDKx5/autoaim/install/hbm_img_msgs/lib/libhbm_img_msgs__rosidl_typesupport_introspection_c.so
[0.996s] -- Up-to-date: /home/zjy/Inference-for-RDKx5/autoaim/install/hbm_img_msgs/lib/libhbm_img_msgs__rosidl_typesupport_c.so
[0.996s] -- Up-to-date: /home/zjy/Inference-for-RDKx5/autoaim/install/hbm_img_msgs/include/hbm_img_msgs/hbm_img_msgs
[0.997s] -- Up-to-date: /home/zjy/Inference-for-RDKx5/autoaim/install/hbm_img_msgs/include/hbm_img_msgs/hbm_img_msgs/msg
[0.997s] -- Up-to-date: /home/zjy/Inference-for-RDKx5/autoaim/install/hbm_img_msgs/include/hbm_img_msgs/hbm_img_msgs/msg/detail
[0.997s] -- Up-to-date: /home/zjy/Inference-for-RDKx5/autoaim/install/hbm_img_msgs/include/hbm_img_msgs/hbm_img_msgs/msg/detail/hbm_msg1080_p__rosidl_typesupport_introspection_cpp.hpp
[0.998s] -- Up-to-date: /home/zjy/Inference-for-RDKx5/autoaim/install/hbm_img_msgs/include/hbm_img_msgs/hbm_img_msgs/msg/detail/hbm_msg1080_p__type_support.cpp
[0.998s] -- Up-to-date: /home/zjy/Inference-for-RDKx5/autoaim/install/hbm_img_msgs/lib/libhbm_img_msgs__rosidl_typesupport_introspection_cpp.so
[0.998s] -- Up-to-date: /home/zjy/Inference-for-RDKx5/autoaim/install/hbm_img_msgs/lib/libhbm_img_msgs__rosidl_typesupport_cpp.so
[0.999s] -- Up-to-date: /home/zjy/Inference-for-RDKx5/autoaim/install/hbm_img_msgs/share/hbm_img_msgs/environment/pythonpath.sh
[0.999s] -- Up-to-date: /home/zjy/Inference-for-RDKx5/autoaim/install/hbm_img_msgs/share/hbm_img_msgs/environment/pythonpath.dsv
[1.000s] -- Up-to-date: /home/zjy/Inference-for-RDKx5/autoaim/install/hbm_img_msgs/local/lib/python3.10/dist-packages/hbm_img_msgs-2.0.0-py3.10.egg-info
[1.000s] -- Installing: /home/zjy/Inference-for-RDKx5/autoaim/install/hbm_img_msgs/local/lib/python3.10/dist-packages/hbm_img_msgs-2.0.0-py3.10.egg-info/SOURCES.txt
[1.001s] -- Installing: /home/zjy/Inference-for-RDKx5/autoaim/install/hbm_img_msgs/local/lib/python3.10/dist-packages/hbm_img_msgs-2.0.0-py3.10.egg-info/dependency_links.txt
[1.001s] -- Installing: /home/zjy/Inference-for-RDKx5/autoaim/install/hbm_img_msgs/local/lib/python3.10/dist-packages/hbm_img_msgs-2.0.0-py3.10.egg-info/top_level.txt
[1.002s] -- Installing: /home/zjy/Inference-for-RDKx5/autoaim/install/hbm_img_msgs/local/lib/python3.10/dist-packages/hbm_img_msgs-2.0.0-py3.10.egg-info/PKG-INFO
[1.004s] -- Up-to-date: /home/zjy/Inference-for-RDKx5/autoaim/install/hbm_img_msgs/local/lib/python3.10/dist-packages/hbm_img_msgs
[1.004s] -- Up-to-date: /home/zjy/Inference-for-RDKx5/autoaim/install/hbm_img_msgs/local/lib/python3.10/dist-packages/hbm_img_msgs/_hbm_img_msgs_s.ep.rosidl_typesupport_c.c
[1.005s] -- Up-to-date: /home/zjy/Inference-for-RDKx5/autoaim/install/hbm_img_msgs/local/lib/python3.10/dist-packages/hbm_img_msgs/__init__.py
[1.005s] -- Up-to-date: /home/zjy/Inference-for-RDKx5/autoaim/install/hbm_img_msgs/local/lib/python3.10/dist-packages/hbm_img_msgs/hbm_img_msgs_s__rosidl_typesupport_c.cpython-310-x86_64-linux-gnu.so
[1.005s] -- Up-to-date: /home/zjy/Inference-for-RDKx5/autoaim/install/hbm_img_msgs/local/lib/python3.10/dist-packages/hbm_img_msgs/libhbm_img_msgs__rosidl_generator_py.so
[1.005s] -- Up-to-date: /home/zjy/Inference-for-RDKx5/autoaim/install/hbm_img_msgs/local/lib/python3.10/dist-packages/hbm_img_msgs/_hbm_img_msgs_s.ep.rosidl_typesupport_introspection_c.c
[1.006s] -- Up-to-date: /home/zjy/Inference-for-RDKx5/autoaim/install/hbm_img_msgs/local/lib/python3.10/dist-packages/hbm_img_msgs/msg
[1.006s] -- Up-to-date: /home/zjy/Inference-for-RDKx5/autoaim/install/hbm_img_msgs/local/lib/python3.10/dist-packages/hbm_img_msgs/msg/_hbm_msg1080_p_s.c
[1.006s] -- Up-to-date: /home/zjy/Inference-for-RDKx5/autoaim/install/hbm_img_msgs/local/lib/python3.10/dist-packages/hbm_img_msgs/msg/__init__.py
[1.006s] -- Up-to-date: /home/zjy/Inference-for-RDKx5/autoaim/install/hbm_img_msgs/local/lib/python3.10/dist-packages/hbm_img_msgs/msg/_hbm_msg1080_p.py
[1.007s] -- Up-to-date: /home/zjy/Inference-for-RDKx5/autoaim/install/hbm_img_msgs/local/lib/python3.10/dist-packages/hbm_img_msgs/hbm_img_msgs_s__rosidl_typesupport_fastrtps_c.cpython-310-x86_64-linux-gnu.so
[1.007s] -- Up-to-date: /home/zjy/Inference-for-RDKx5/autoaim/install/hbm_img_msgs/local/lib/python3.10/dist-packages/hbm_img_msgs/hbm_img_msgs_s__rosidl_typesupport_introspection_c.cpython-310-x86_64-linux-gnu.so
[1.007s] -- Up-to-date: /home/zjy/Inference-for-RDKx5/autoaim/install/hbm_img_msgs/local/lib/python3.10/dist-packages/hbm_img_msgs/_hbm_img_msgs_s.ep.rosidl_typesupport_fastrtps_c.c
[1.085s] Listing '/home/zjy/Inference-for-RDKx5/autoaim/install/hbm_img_msgs/local/lib/python3.10/dist-packages/hbm_img_msgs'...
[1.086s] Listing '/home/zjy/Inference-for-RDKx5/autoaim/install/hbm_img_msgs/local/lib/python3.10/dist-packages/hbm_img_msgs/msg'...
[1.093s] -- Up-to-date: /home/zjy/Inference-for-RDKx5/autoaim/install/hbm_img_msgs/local/lib/python3.10/dist-packages/hbm_img_msgs/hbm_img_msgs_s__rosidl_typesupport_fastrtps_c.cpython-310-x86_64-linux-gnu.so
[1.094s] -- Up-to-date: /home/zjy/Inference-for-RDKx5/autoaim/install/hbm_img_msgs/local/lib/python3.10/dist-packages/hbm_img_msgs/hbm_img_msgs_s__rosidl_typesupport_introspection_c.cpython-310-x86_64-linux-gnu.so
[1.095s] -- Up-to-date: /home/zjy/Inference-for-RDKx5/autoaim/install/hbm_img_msgs/local/lib/python3.10/dist-packages/hbm_img_msgs/hbm_img_msgs_s__rosidl_typesupport_c.cpython-310-x86_64-linux-gnu.so
[1.095s] -- Up-to-date: /home/zjy/Inference-for-RDKx5/autoaim/install/hbm_img_msgs/lib/libhbm_img_msgs__rosidl_generator_py.so
[1.095s] -- Up-to-date: /home/zjy/Inference-for-RDKx5/autoaim/install/hbm_img_msgs/share/hbm_img_msgs/msg/HbmMsg1080P.idl
[1.095s] -- Up-to-date: /home/zjy/Inference-for-RDKx5/autoaim/install/hbm_img_msgs/share/hbm_img_msgs/msg/HbmMsg1080P.msg
[1.096s] -- Up-to-date: /home/zjy/Inference-for-RDKx5/autoaim/install/hbm_img_msgs/share/ament_index/resource_index/package_run_dependencies/hbm_img_msgs
[1.096s] -- Up-to-date: /home/zjy/Inference-for-RDKx5/autoaim/install/hbm_img_msgs/share/ament_index/resource_index/parent_prefix_path/hbm_img_msgs
[1.096s] -- Up-to-date: /home/zjy/Inference-for-RDKx5/autoaim/install/hbm_img_msgs/share/hbm_img_msgs/environment/ament_prefix_path.sh
[1.096s] -- Up-to-date: /home/zjy/Inference-for-RDKx5/autoaim/install/hbm_img_msgs/share/hbm_img_msgs/environment/ament_prefix_path.dsv
[1.096s] -- Up-to-date: /home/zjy/Inference-for-RDKx5/autoaim/install/hbm_img_msgs/share/hbm_img_msgs/environment/path.sh
[1.096s] -- Up-to-date: /home/zjy/Inference-for-RDKx5/autoaim/install/hbm_img_msgs/share/hbm_img_msgs/environment/path.dsv
[1.096s] -- Up-to-date: /home/zjy/Inference-for-RDKx5/autoaim/install/hbm_img_msgs/share/hbm_img_msgs/local_setup.bash
[1.096s] -- Up-to-date: /home/zjy/Inference-for-RDKx5/autoaim/install/hbm_img_msgs/share/hbm_img_msgs/local_setup.sh
[1.096s] -- Up-to-date: /home/zjy/Inference-for-RDKx5/autoaim/install/hbm_img_msgs/share/hbm_img_msgs/local_setup.zsh
[1.096s] -- Up-to-date: /home/zjy/Inference-for-RDKx5/autoaim/install/hbm_img_msgs/share/hbm_img_msgs/local_setup.dsv
[1.096s] -- Installing: /home/zjy/Inference-for-RDKx5/autoaim/install/hbm_img_msgs/share/hbm_img_msgs/package.dsv
[1.096s] -- Up-to-date: /home/zjy/Inference-for-RDKx5/autoaim/install/hbm_img_msgs/share/ament_index/resource_index/packages/hbm_img_msgs
[1.096s] -- Up-to-date: /home/zjy/Inference-for-RDKx5/autoaim/install/hbm_img_msgs/share/hbm_img_msgs/cmake/export_hbm_img_msgs__rosidl_generator_cExport.cmake
[1.097s] -- Up-to-date: /home/zjy/Inference-for-RDKx5/autoaim/install/hbm_img_msgs/share/hbm_img_msgs/cmake/export_hbm_img_msgs__rosidl_generator_cExport-noconfig.cmake
[1.097s] -- Up-to-date: /home/zjy/Inference-for-RDKx5/autoaim/install/hbm_img_msgs/share/hbm_img_msgs/cmake/export_hbm_img_msgs__rosidl_typesupport_fastrtps_cExport.cmake
[1.097s] -- Up-to-date: /home/zjy/Inference-for-RDKx5/autoaim/install/hbm_img_msgs/share/hbm_img_msgs/cmake/export_hbm_img_msgs__rosidl_typesupport_fastrtps_cExport-noconfig.cmake
[1.099s] -- Up-to-date: /home/zjy/Inference-for-RDKx5/autoaim/install/hbm_img_msgs/share/hbm_img_msgs/cmake/export_hbm_img_msgs__rosidl_generator_cppExport.cmake
[1.100s] -- Up-to-date: /home/zjy/Inference-for-RDKx5/autoaim/install/hbm_img_msgs/share/hbm_img_msgs/cmake/export_hbm_img_msgs__rosidl_typesupport_fastrtps_cppExport.cmake
[1.100s] -- Up-to-date: /home/zjy/Inference-for-RDKx5/autoaim/install/hbm_img_msgs/share/hbm_img_msgs/cmake/export_hbm_img_msgs__rosidl_typesupport_fastrtps_cppExport-noconfig.cmake
[1.103s] -- Up-to-date: /home/zjy/Inference-for-RDKx5/autoaim/install/hbm_img_msgs/share/hbm_img_msgs/cmake/hbm_img_msgs__rosidl_typesupport_introspection_cExport.cmake
[1.119s] -- Up-to-date: /home/zjy/Inference-for-RDKx5/autoaim/install/hbm_img_msgs/share/hbm_img_msgs/cmake/hbm_img_msgs__rosidl_typesupport_introspection_cExport-noconfig.cmake
[1.120s] -- Up-to-date: /home/zjy/Inference-for-RDKx5/autoaim/install/hbm_img_msgs/share/hbm_img_msgs/cmake/hbm_img_msgs__rosidl_typesupport_cExport.cmake
[1.120s] -- Up-to-date: /home/zjy/Inference-for-RDKx5/autoaim/install/hbm_img_msgs/share/hbm_img_msgs/cmake/hbm_img_msgs__rosidl_typesupport_cExport-noconfig.cmake
[1.120s] -- Up-to-date: /home/zjy/Inference-for-RDKx5/autoaim/install/hbm_img_msgs/share/hbm_img_msgs/cmake/hbm_img_msgs__rosidl_typesupport_introspection_cppExport.cmake
[1.121s] -- Up-to-date: /home/zjy/Inference-for-RDKx5/autoaim/install/hbm_img_msgs/share/hbm_img_msgs/cmake/hbm_img_msgs__rosidl_typesupport_introspection_cppExport-noconfig.cmake
[1.121s] -- Up-to-date: /home/zjy/Inference-for-RDKx5/autoaim/install/hbm_img_msgs/share/hbm_img_msgs/cmake/hbm_img_msgs__rosidl_typesupport_cppExport.cmake
[1.121s] -- Up-to-date: /home/zjy/Inference-for-RDKx5/autoaim/install/hbm_img_msgs/share/hbm_img_msgs/cmake/hbm_img_msgs__rosidl_typesupport_cppExport-noconfig.cmake
[1.122s] -- Up-to-date: /home/zjy/Inference-for-RDKx5/autoaim/install/hbm_img_msgs/share/hbm_img_msgs/cmake/export_hbm_img_msgs__rosidl_generator_pyExport.cmake
[1.122s] -- Up-to-date: /home/zjy/Inference-for-RDKx5/autoaim/install/hbm_img_msgs/share/hbm_img_msgs/cmake/export_hbm_img_msgs__rosidl_generator_pyExport-noconfig.cmake
[1.122s] -- Up-to-date: /home/zjy/Inference-for-RDKx5/autoaim/install/hbm_img_msgs/share/hbm_img_msgs/cmake/rosidl_cmake-extras.cmake
[1.123s] -- Up-to-date: /home/zjy/Inference-for-RDKx5/autoaim/install/hbm_img_msgs/share/hbm_img_msgs/cmake/ament_cmake_export_dependencies-extras.cmake
[1.124s] -- Up-to-date: /home/zjy/Inference-for-RDKx5/autoaim/install/hbm_img_msgs/share/hbm_img_msgs/cmake/ament_cmake_export_include_directories-extras.cmake
[1.125s] -- Up-to-date: /home/zjy/Inference-for-RDKx5/autoaim/install/hbm_img_msgs/share/hbm_img_msgs/cmake/ament_cmake_export_libraries-extras.cmake
[1.126s] -- Up-to-date: /home/zjy/Inference-for-RDKx5/autoaim/install/hbm_img_msgs/share/hbm_img_msgs/cmake/ament_cmake_export_targets-extras.cmake
[1.127s] -- Up-to-date: /home/zjy/Inference-for-RDKx5/autoaim/install/hbm_img_msgs/share/hbm_img_msgs/cmake/rosidl_cmake_export_typesupport_targets-extras.cmake
[1.128s] -- Up-to-date: /home/zjy/Inference-for-RDKx5/autoaim/install/hbm_img_msgs/share/hbm_img_msgs/cmake/rosidl_cmake_export_typesupport_libraries-extras.cmake
[1.128s] -- Up-to-date: /home/zjy/Inference-for-RDKx5/autoaim/install/hbm_img_msgs/share/hbm_img_msgs/cmake/hbm_img_msgsConfig.cmake
[1.128s] -- Up-to-date: /home/zjy/Inference-for-RDKx5/autoaim/install/hbm_img_msgs/share/hbm_img_msgs/cmake/hbm_img_msgsConfig-version.cmake
[1.129s] -- Up-to-date: /home/zjy/Inference-for-RDKx5/autoaim/install/hbm_img_msgs/share/hbm_img_msgs/package.xml
[1.129s] Invoked command in '/home/zjy/Inference-for-RDKx5/autoaim/build/hbm_img_msgs' returned '0': CMAKE_PREFIX_PATH=/opt/ros/humble /usr/bin/cmake --install /home/zjy/Inference-for-RDKx5/autoaim/build/hbm_img_msgs
