[0.147s] Invoking command in '/home/zjy/Inference-for-RDKx5/autoaim/build/hbm_img_msgs': CMAKE_PREFIX_PATH=/opt/ros/humble /usr/bin/cmake --build /home/zjy/Inference-for-RDKx5/autoaim/build/hbm_img_msgs -- -j32 -l32
[0.479s] [  9%] Built target hbm_img_msgs__rosidl_generator_c
[0.486s] [ 12%] Built target hbm_img_msgs__cpp
[0.550s] [ 12%] Built target ament_cmake_python_copy_hbm_img_msgs
[0.658s] [ 22%] Built target hbm_img_msgs__rosidl_typesupport_c
[0.678s] [ 32%] Built target hbm_img_msgs__rosidl_typesupport_fastrtps_cpp
[0.709s] [ 41%] Built target hbm_img_msgs__rosidl_typesupport_cpp
[0.710s] [ 51%] Built target hbm_img_msgs__rosidl_typesupport_introspection_cpp
[0.711s] [ 61%] Built target hbm_img_msgs__rosidl_typesupport_introspection_c
[0.712s] [ 70%] Built target hbm_img_msgs__rosidl_typesupport_fastrtps_c
[0.834s] [ 70%] Built target hbm_img_msgs
[0.978s] [ 74%] Built target hbm_img_msgs__py
[1.117s] [ 80%] Built target hbm_img_msgs__rosidl_generator_py
[1.274s] [ 87%] Built target hbm_img_msgs__rosidl_typesupport_fastrtps_c__pyext
[1.275s] [ 93%] Built target hbm_img_msgs__rosidl_typesupport_c__pyext
[1.276s] [100%] Built target hbm_img_msgs__rosidl_typesupport_introspection_c__pyext
[3.436s] running egg_info
[3.596s] writing hbm_img_msgs.egg-info/PKG-INFO
[3.598s] writing dependency_links to hbm_img_msgs.egg-info/dependency_links.txt
[3.600s] writing top-level names to hbm_img_msgs.egg-info/top_level.txt
[4.111s] reading manifest file 'hbm_img_msgs.egg-info/SOURCES.txt'
[4.114s] writing manifest file 'hbm_img_msgs.egg-info/SOURCES.txt'
[4.456s] [100%] Built target ament_cmake_python_build_hbm_img_msgs_egg
[4.685s] Invoked command in '/home/zjy/Inference-for-RDKx5/autoaim/build/hbm_img_msgs' returned '0': CMAKE_PREFIX_PATH=/opt/ros/humble /usr/bin/cmake --build /home/zjy/Inference-for-RDKx5/autoaim/build/hbm_img_msgs -- -j32 -l32
[4.701s] Invoking command in '/home/zjy/Inference-for-RDKx5/autoaim/build/hbm_img_msgs': CMAKE_PREFIX_PATH=/opt/ros/humble /usr/bin/cmake --install /home/zjy/Inference-for-RDKx5/autoaim/build/hbm_img_msgs
[4.766s] -- Install configuration: ""
[4.770s] -- Up-to-date: /home/zjy/Inference-for-RDKx5/autoaim/install/hbm_img_msgs/share/ament_index/resource_index/rosidl_interfaces/hbm_img_msgs
[4.771s] -- Up-to-date: /home/zjy/Inference-for-RDKx5/autoaim/install/hbm_img_msgs/include/hbm_img_msgs/hbm_img_msgs
[4.771s] -- Up-to-date: /home/zjy/Inference-for-RDKx5/autoaim/install/hbm_img_msgs/include/hbm_img_msgs/hbm_img_msgs/msg
[4.774s] -- Up-to-date: /home/zjy/Inference-for-RDKx5/autoaim/install/hbm_img_msgs/include/hbm_img_msgs/hbm_img_msgs/msg/rosidl_generator_c__visibility_control.h
[4.775s] -- Up-to-date: /home/zjy/Inference-for-RDKx5/autoaim/install/hbm_img_msgs/include/hbm_img_msgs/hbm_img_msgs/msg/hbm_msg1080_p.h
[4.775s] -- Up-to-date: /home/zjy/Inference-for-RDKx5/autoaim/install/hbm_img_msgs/include/hbm_img_msgs/hbm_img_msgs/msg/detail
[4.776s] -- Up-to-date: /home/zjy/Inference-for-RDKx5/autoaim/install/hbm_img_msgs/include/hbm_img_msgs/hbm_img_msgs/msg/detail/hbm_msg1080_p__functions.c
[4.776s] -- Up-to-date: /home/zjy/Inference-for-RDKx5/autoaim/install/hbm_img_msgs/include/hbm_img_msgs/hbm_img_msgs/msg/detail/hbm_msg1080_p__struct.h
[4.777s] -- Up-to-date: /home/zjy/Inference-for-RDKx5/autoaim/install/hbm_img_msgs/include/hbm_img_msgs/hbm_img_msgs/msg/detail/hbm_msg1080_p__type_support.h
[4.777s] -- Up-to-date: /home/zjy/Inference-for-RDKx5/autoaim/install/hbm_img_msgs/include/hbm_img_msgs/hbm_img_msgs/msg/detail/hbm_msg1080_p__functions.h
[4.778s] -- Up-to-date: /home/zjy/Inference-for-RDKx5/autoaim/install/hbm_img_msgs/share/hbm_img_msgs/environment/library_path.sh
[4.778s] -- Up-to-date: /home/zjy/Inference-for-RDKx5/autoaim/install/hbm_img_msgs/share/hbm_img_msgs/environment/library_path.dsv
[4.778s] -- Up-to-date: /home/zjy/Inference-for-RDKx5/autoaim/install/hbm_img_msgs/lib/libhbm_img_msgs__rosidl_generator_c.so
[4.779s] -- Up-to-date: /home/zjy/Inference-for-RDKx5/autoaim/install/hbm_img_msgs/include/hbm_img_msgs/hbm_img_msgs
[4.779s] -- Up-to-date: /home/zjy/Inference-for-RDKx5/autoaim/install/hbm_img_msgs/include/hbm_img_msgs/hbm_img_msgs/msg
[4.780s] -- Up-to-date: /home/zjy/Inference-for-RDKx5/autoaim/install/hbm_img_msgs/include/hbm_img_msgs/hbm_img_msgs/msg/rosidl_typesupport_fastrtps_c__visibility_control.h
[4.780s] -- Up-to-date: /home/zjy/Inference-for-RDKx5/autoaim/install/hbm_img_msgs/include/hbm_img_msgs/hbm_img_msgs/msg/detail
[4.780s] -- Up-to-date: /home/zjy/Inference-for-RDKx5/autoaim/install/hbm_img_msgs/include/hbm_img_msgs/hbm_img_msgs/msg/detail/hbm_msg1080_p__rosidl_typesupport_fastrtps_c.h
[4.781s] -- Up-to-date: /home/zjy/Inference-for-RDKx5/autoaim/install/hbm_img_msgs/lib/libhbm_img_msgs__rosidl_typesupport_fastrtps_c.so
[4.783s] -- Up-to-date: /home/zjy/Inference-for-RDKx5/autoaim/install/hbm_img_msgs/include/hbm_img_msgs/hbm_img_msgs
[4.784s] -- Up-to-date: /home/zjy/Inference-for-RDKx5/autoaim/install/hbm_img_msgs/include/hbm_img_msgs/hbm_img_msgs/msg
[4.784s] -- Up-to-date: /home/zjy/Inference-for-RDKx5/autoaim/install/hbm_img_msgs/include/hbm_img_msgs/hbm_img_msgs/msg/hbm_msg1080_p.hpp
[4.784s] -- Up-to-date: /home/zjy/Inference-for-RDKx5/autoaim/install/hbm_img_msgs/include/hbm_img_msgs/hbm_img_msgs/msg/rosidl_generator_cpp__visibility_control.hpp
[4.792s] -- Up-to-date: /home/zjy/Inference-for-RDKx5/autoaim/install/hbm_img_msgs/include/hbm_img_msgs/hbm_img_msgs/msg/detail
[4.799s] -- Up-to-date: /home/zjy/Inference-for-RDKx5/autoaim/install/hbm_img_msgs/include/hbm_img_msgs/hbm_img_msgs/msg/detail/hbm_msg1080_p__struct.hpp
[4.801s] -- Up-to-date: /home/zjy/Inference-for-RDKx5/autoaim/install/hbm_img_msgs/include/hbm_img_msgs/hbm_img_msgs/msg/detail/hbm_msg1080_p__builder.hpp
[4.802s] -- Up-to-date: /home/zjy/Inference-for-RDKx5/autoaim/install/hbm_img_msgs/include/hbm_img_msgs/hbm_img_msgs/msg/detail/hbm_msg1080_p__traits.hpp
[4.802s] -- Up-to-date: /home/zjy/Inference-for-RDKx5/autoaim/install/hbm_img_msgs/include/hbm_img_msgs/hbm_img_msgs/msg/detail/hbm_msg1080_p__type_support.hpp
[4.802s] -- Up-to-date: /home/zjy/Inference-for-RDKx5/autoaim/install/hbm_img_msgs/include/hbm_img_msgs/hbm_img_msgs
[4.803s] -- Up-to-date: /home/zjy/Inference-for-RDKx5/autoaim/install/hbm_img_msgs/include/hbm_img_msgs/hbm_img_msgs/msg
[4.803s] -- Up-to-date: /home/zjy/Inference-for-RDKx5/autoaim/install/hbm_img_msgs/include/hbm_img_msgs/hbm_img_msgs/msg/rosidl_typesupport_fastrtps_cpp__visibility_control.h
[4.803s] -- Up-to-date: /home/zjy/Inference-for-RDKx5/autoaim/install/hbm_img_msgs/include/hbm_img_msgs/hbm_img_msgs/msg/detail
[4.804s] -- Up-to-date: /home/zjy/Inference-for-RDKx5/autoaim/install/hbm_img_msgs/include/hbm_img_msgs/hbm_img_msgs/msg/detail/hbm_msg1080_p__rosidl_typesupport_fastrtps_cpp.hpp
[4.804s] -- Up-to-date: /home/zjy/Inference-for-RDKx5/autoaim/install/hbm_img_msgs/include/hbm_img_msgs/hbm_img_msgs/msg/detail/dds_fastrtps
[4.804s] -- Up-to-date: /home/zjy/Inference-for-RDKx5/autoaim/install/hbm_img_msgs/lib/libhbm_img_msgs__rosidl_typesupport_fastrtps_cpp.so
[4.805s] -- Up-to-date: /home/zjy/Inference-for-RDKx5/autoaim/install/hbm_img_msgs/include/hbm_img_msgs/hbm_img_msgs
[4.805s] -- Up-to-date: /home/zjy/Inference-for-RDKx5/autoaim/install/hbm_img_msgs/include/hbm_img_msgs/hbm_img_msgs/msg
[4.805s] -- Up-to-date: /home/zjy/Inference-for-RDKx5/autoaim/install/hbm_img_msgs/include/hbm_img_msgs/hbm_img_msgs/msg/detail
[4.806s] -- Up-to-date: /home/zjy/Inference-for-RDKx5/autoaim/install/hbm_img_msgs/include/hbm_img_msgs/hbm_img_msgs/msg/detail/hbm_msg1080_p__type_support.c
[4.806s] -- Up-to-date: /home/zjy/Inference-for-RDKx5/autoaim/install/hbm_img_msgs/include/hbm_img_msgs/hbm_img_msgs/msg/detail/hbm_msg1080_p__rosidl_typesupport_introspection_c.h
[4.808s] -- Up-to-date: /home/zjy/Inference-for-RDKx5/autoaim/install/hbm_img_msgs/include/hbm_img_msgs/hbm_img_msgs/msg/rosidl_typesupport_introspection_c__visibility_control.h
[4.809s] -- Up-to-date: /home/zjy/Inference-for-RDKx5/autoaim/install/hbm_img_msgs/lib/libhbm_img_msgs__rosidl_typesupport_introspection_c.so
[4.811s] -- Up-to-date: /home/zjy/Inference-for-RDKx5/autoaim/install/hbm_img_msgs/lib/libhbm_img_msgs__rosidl_typesupport_c.so
[4.812s] -- Up-to-date: /home/zjy/Inference-for-RDKx5/autoaim/install/hbm_img_msgs/include/hbm_img_msgs/hbm_img_msgs
[4.813s] -- Up-to-date: /home/zjy/Inference-for-RDKx5/autoaim/install/hbm_img_msgs/include/hbm_img_msgs/hbm_img_msgs/msg
[4.814s] -- Up-to-date: /home/zjy/Inference-for-RDKx5/autoaim/install/hbm_img_msgs/include/hbm_img_msgs/hbm_img_msgs/msg/detail
[4.815s] -- Up-to-date: /home/zjy/Inference-for-RDKx5/autoaim/install/hbm_img_msgs/include/hbm_img_msgs/hbm_img_msgs/msg/detail/hbm_msg1080_p__rosidl_typesupport_introspection_cpp.hpp
[4.816s] -- Up-to-date: /home/zjy/Inference-for-RDKx5/autoaim/install/hbm_img_msgs/include/hbm_img_msgs/hbm_img_msgs/msg/detail/hbm_msg1080_p__type_support.cpp
[4.816s] -- Up-to-date: /home/zjy/Inference-for-RDKx5/autoaim/install/hbm_img_msgs/lib/libhbm_img_msgs__rosidl_typesupport_introspection_cpp.so
[4.817s] -- Up-to-date: /home/zjy/Inference-for-RDKx5/autoaim/install/hbm_img_msgs/lib/libhbm_img_msgs__rosidl_typesupport_cpp.so
[4.818s] -- Up-to-date: /home/zjy/Inference-for-RDKx5/autoaim/install/hbm_img_msgs/share/hbm_img_msgs/environment/pythonpath.sh
[4.818s] -- Up-to-date: /home/zjy/Inference-for-RDKx5/autoaim/install/hbm_img_msgs/share/hbm_img_msgs/environment/pythonpath.dsv
[4.819s] -- Up-to-date: /home/zjy/Inference-for-RDKx5/autoaim/install/hbm_img_msgs/local/lib/python3.10/dist-packages/hbm_img_msgs-2.0.0-py3.10.egg-info
[4.820s] -- Installing: /home/zjy/Inference-for-RDKx5/autoaim/install/hbm_img_msgs/local/lib/python3.10/dist-packages/hbm_img_msgs-2.0.0-py3.10.egg-info/SOURCES.txt
[4.820s] -- Installing: /home/zjy/Inference-for-RDKx5/autoaim/install/hbm_img_msgs/local/lib/python3.10/dist-packages/hbm_img_msgs-2.0.0-py3.10.egg-info/dependency_links.txt
[4.821s] -- Installing: /home/zjy/Inference-for-RDKx5/autoaim/install/hbm_img_msgs/local/lib/python3.10/dist-packages/hbm_img_msgs-2.0.0-py3.10.egg-info/top_level.txt
[4.822s] -- Installing: /home/zjy/Inference-for-RDKx5/autoaim/install/hbm_img_msgs/local/lib/python3.10/dist-packages/hbm_img_msgs-2.0.0-py3.10.egg-info/PKG-INFO
[4.822s] -- Up-to-date: /home/zjy/Inference-for-RDKx5/autoaim/install/hbm_img_msgs/local/lib/python3.10/dist-packages/hbm_img_msgs
[4.823s] -- Up-to-date: /home/zjy/Inference-for-RDKx5/autoaim/install/hbm_img_msgs/local/lib/python3.10/dist-packages/hbm_img_msgs/_hbm_img_msgs_s.ep.rosidl_typesupport_c.c
[4.824s] -- Up-to-date: /home/zjy/Inference-for-RDKx5/autoaim/install/hbm_img_msgs/local/lib/python3.10/dist-packages/hbm_img_msgs/__init__.py
[4.824s] -- Up-to-date: /home/zjy/Inference-for-RDKx5/autoaim/install/hbm_img_msgs/local/lib/python3.10/dist-packages/hbm_img_msgs/hbm_img_msgs_s__rosidl_typesupport_c.cpython-310-x86_64-linux-gnu.so
[4.825s] -- Up-to-date: /home/zjy/Inference-for-RDKx5/autoaim/install/hbm_img_msgs/local/lib/python3.10/dist-packages/hbm_img_msgs/libhbm_img_msgs__rosidl_generator_py.so
[4.825s] -- Up-to-date: /home/zjy/Inference-for-RDKx5/autoaim/install/hbm_img_msgs/local/lib/python3.10/dist-packages/hbm_img_msgs/_hbm_img_msgs_s.ep.rosidl_typesupport_introspection_c.c
[4.830s] -- Up-to-date: /home/zjy/Inference-for-RDKx5/autoaim/install/hbm_img_msgs/local/lib/python3.10/dist-packages/hbm_img_msgs/msg
[4.831s] -- Up-to-date: /home/zjy/Inference-for-RDKx5/autoaim/install/hbm_img_msgs/local/lib/python3.10/dist-packages/hbm_img_msgs/msg/_hbm_msg1080_p_s.c
[4.833s] -- Up-to-date: /home/zjy/Inference-for-RDKx5/autoaim/install/hbm_img_msgs/local/lib/python3.10/dist-packages/hbm_img_msgs/msg/__init__.py
[4.834s] -- Up-to-date: /home/zjy/Inference-for-RDKx5/autoaim/install/hbm_img_msgs/local/lib/python3.10/dist-packages/hbm_img_msgs/msg/_hbm_msg1080_p.py
[4.835s] -- Up-to-date: /home/zjy/Inference-for-RDKx5/autoaim/install/hbm_img_msgs/local/lib/python3.10/dist-packages/hbm_img_msgs/hbm_img_msgs_s__rosidl_typesupport_fastrtps_c.cpython-310-x86_64-linux-gnu.so
[4.836s] -- Up-to-date: /home/zjy/Inference-for-RDKx5/autoaim/install/hbm_img_msgs/local/lib/python3.10/dist-packages/hbm_img_msgs/hbm_img_msgs_s__rosidl_typesupport_introspection_c.cpython-310-x86_64-linux-gnu.so
[4.837s] -- Up-to-date: /home/zjy/Inference-for-RDKx5/autoaim/install/hbm_img_msgs/local/lib/python3.10/dist-packages/hbm_img_msgs/_hbm_img_msgs_s.ep.rosidl_typesupport_fastrtps_c.c
[5.055s] Listing '/home/zjy/Inference-for-RDKx5/autoaim/install/hbm_img_msgs/local/lib/python3.10/dist-packages/hbm_img_msgs'...
[5.060s] Listing '/home/zjy/Inference-for-RDKx5/autoaim/install/hbm_img_msgs/local/lib/python3.10/dist-packages/hbm_img_msgs/msg'...
[5.094s] -- Up-to-date: /home/zjy/Inference-for-RDKx5/autoaim/install/hbm_img_msgs/local/lib/python3.10/dist-packages/hbm_img_msgs/hbm_img_msgs_s__rosidl_typesupport_fastrtps_c.cpython-310-x86_64-linux-gnu.so
[5.097s] -- Up-to-date: /home/zjy/Inference-for-RDKx5/autoaim/install/hbm_img_msgs/local/lib/python3.10/dist-packages/hbm_img_msgs/hbm_img_msgs_s__rosidl_typesupport_introspection_c.cpython-310-x86_64-linux-gnu.so
[5.098s] -- Up-to-date: /home/zjy/Inference-for-RDKx5/autoaim/install/hbm_img_msgs/local/lib/python3.10/dist-packages/hbm_img_msgs/hbm_img_msgs_s__rosidl_typesupport_c.cpython-310-x86_64-linux-gnu.so
[5.103s] -- Up-to-date: /home/zjy/Inference-for-RDKx5/autoaim/install/hbm_img_msgs/lib/libhbm_img_msgs__rosidl_generator_py.so
[5.104s] -- Up-to-date: /home/zjy/Inference-for-RDKx5/autoaim/install/hbm_img_msgs/share/hbm_img_msgs/msg/HbmMsg1080P.idl
[5.105s] -- Up-to-date: /home/zjy/Inference-for-RDKx5/autoaim/install/hbm_img_msgs/share/hbm_img_msgs/msg/HbmMsg1080P.msg
[5.107s] -- Up-to-date: /home/zjy/Inference-for-RDKx5/autoaim/install/hbm_img_msgs/share/ament_index/resource_index/package_run_dependencies/hbm_img_msgs
[5.108s] -- Up-to-date: /home/zjy/Inference-for-RDKx5/autoaim/install/hbm_img_msgs/share/ament_index/resource_index/parent_prefix_path/hbm_img_msgs
[5.109s] -- Up-to-date: /home/zjy/Inference-for-RDKx5/autoaim/install/hbm_img_msgs/share/hbm_img_msgs/environment/ament_prefix_path.sh
[5.109s] -- Up-to-date: /home/zjy/Inference-for-RDKx5/autoaim/install/hbm_img_msgs/share/hbm_img_msgs/environment/ament_prefix_path.dsv
[5.110s] -- Up-to-date: /home/zjy/Inference-for-RDKx5/autoaim/install/hbm_img_msgs/share/hbm_img_msgs/environment/path.sh
[5.113s] -- Up-to-date: /home/zjy/Inference-for-RDKx5/autoaim/install/hbm_img_msgs/share/hbm_img_msgs/environment/path.dsv
[5.114s] -- Up-to-date: /home/zjy/Inference-for-RDKx5/autoaim/install/hbm_img_msgs/share/hbm_img_msgs/local_setup.bash
[5.114s] -- Up-to-date: /home/zjy/Inference-for-RDKx5/autoaim/install/hbm_img_msgs/share/hbm_img_msgs/local_setup.sh
[5.115s] -- Up-to-date: /home/zjy/Inference-for-RDKx5/autoaim/install/hbm_img_msgs/share/hbm_img_msgs/local_setup.zsh
[5.115s] -- Up-to-date: /home/zjy/Inference-for-RDKx5/autoaim/install/hbm_img_msgs/share/hbm_img_msgs/local_setup.dsv
[5.116s] -- Installing: /home/zjy/Inference-for-RDKx5/autoaim/install/hbm_img_msgs/share/hbm_img_msgs/package.dsv
[5.116s] -- Up-to-date: /home/zjy/Inference-for-RDKx5/autoaim/install/hbm_img_msgs/share/ament_index/resource_index/packages/hbm_img_msgs
[5.117s] -- Up-to-date: /home/zjy/Inference-for-RDKx5/autoaim/install/hbm_img_msgs/share/hbm_img_msgs/cmake/export_hbm_img_msgs__rosidl_generator_cExport.cmake
[5.117s] -- Up-to-date: /home/zjy/Inference-for-RDKx5/autoaim/install/hbm_img_msgs/share/hbm_img_msgs/cmake/export_hbm_img_msgs__rosidl_generator_cExport-noconfig.cmake
[5.118s] -- Up-to-date: /home/zjy/Inference-for-RDKx5/autoaim/install/hbm_img_msgs/share/hbm_img_msgs/cmake/export_hbm_img_msgs__rosidl_typesupport_fastrtps_cExport.cmake
[5.118s] -- Up-to-date: /home/zjy/Inference-for-RDKx5/autoaim/install/hbm_img_msgs/share/hbm_img_msgs/cmake/export_hbm_img_msgs__rosidl_typesupport_fastrtps_cExport-noconfig.cmake
[5.118s] -- Up-to-date: /home/zjy/Inference-for-RDKx5/autoaim/install/hbm_img_msgs/share/hbm_img_msgs/cmake/export_hbm_img_msgs__rosidl_generator_cppExport.cmake
[5.119s] -- Up-to-date: /home/zjy/Inference-for-RDKx5/autoaim/install/hbm_img_msgs/share/hbm_img_msgs/cmake/export_hbm_img_msgs__rosidl_typesupport_fastrtps_cppExport.cmake
[5.119s] -- Up-to-date: /home/zjy/Inference-for-RDKx5/autoaim/install/hbm_img_msgs/share/hbm_img_msgs/cmake/export_hbm_img_msgs__rosidl_typesupport_fastrtps_cppExport-noconfig.cmake
[5.124s] -- Up-to-date: /home/zjy/Inference-for-RDKx5/autoaim/install/hbm_img_msgs/share/hbm_img_msgs/cmake/hbm_img_msgs__rosidl_typesupport_introspection_cExport.cmake
[5.124s] -- Up-to-date: /home/zjy/Inference-for-RDKx5/autoaim/install/hbm_img_msgs/share/hbm_img_msgs/cmake/hbm_img_msgs__rosidl_typesupport_introspection_cExport-noconfig.cmake
[5.127s] -- Up-to-date: /home/zjy/Inference-for-RDKx5/autoaim/install/hbm_img_msgs/share/hbm_img_msgs/cmake/hbm_img_msgs__rosidl_typesupport_cExport.cmake
[5.127s] -- Up-to-date: /home/zjy/Inference-for-RDKx5/autoaim/install/hbm_img_msgs/share/hbm_img_msgs/cmake/hbm_img_msgs__rosidl_typesupport_cExport-noconfig.cmake
[5.127s] -- Up-to-date: /home/zjy/Inference-for-RDKx5/autoaim/install/hbm_img_msgs/share/hbm_img_msgs/cmake/hbm_img_msgs__rosidl_typesupport_introspection_cppExport.cmake
[5.128s] -- Up-to-date: /home/zjy/Inference-for-RDKx5/autoaim/install/hbm_img_msgs/share/hbm_img_msgs/cmake/hbm_img_msgs__rosidl_typesupport_introspection_cppExport-noconfig.cmake
[5.128s] -- Up-to-date: /home/zjy/Inference-for-RDKx5/autoaim/install/hbm_img_msgs/share/hbm_img_msgs/cmake/hbm_img_msgs__rosidl_typesupport_cppExport.cmake
[5.129s] -- Up-to-date: /home/zjy/Inference-for-RDKx5/autoaim/install/hbm_img_msgs/share/hbm_img_msgs/cmake/hbm_img_msgs__rosidl_typesupport_cppExport-noconfig.cmake
[5.129s] -- Up-to-date: /home/zjy/Inference-for-RDKx5/autoaim/install/hbm_img_msgs/share/hbm_img_msgs/cmake/export_hbm_img_msgs__rosidl_generator_pyExport.cmake
[5.129s] -- Up-to-date: /home/zjy/Inference-for-RDKx5/autoaim/install/hbm_img_msgs/share/hbm_img_msgs/cmake/export_hbm_img_msgs__rosidl_generator_pyExport-noconfig.cmake
[5.129s] -- Up-to-date: /home/zjy/Inference-for-RDKx5/autoaim/install/hbm_img_msgs/share/hbm_img_msgs/cmake/rosidl_cmake-extras.cmake
[5.130s] -- Up-to-date: /home/zjy/Inference-for-RDKx5/autoaim/install/hbm_img_msgs/share/hbm_img_msgs/cmake/ament_cmake_export_dependencies-extras.cmake
[5.130s] -- Up-to-date: /home/zjy/Inference-for-RDKx5/autoaim/install/hbm_img_msgs/share/hbm_img_msgs/cmake/ament_cmake_export_include_directories-extras.cmake
[5.130s] -- Up-to-date: /home/zjy/Inference-for-RDKx5/autoaim/install/hbm_img_msgs/share/hbm_img_msgs/cmake/ament_cmake_export_libraries-extras.cmake
[5.131s] -- Up-to-date: /home/zjy/Inference-for-RDKx5/autoaim/install/hbm_img_msgs/share/hbm_img_msgs/cmake/ament_cmake_export_targets-extras.cmake
[5.131s] -- Up-to-date: /home/zjy/Inference-for-RDKx5/autoaim/install/hbm_img_msgs/share/hbm_img_msgs/cmake/rosidl_cmake_export_typesupport_targets-extras.cmake
[5.131s] -- Up-to-date: /home/zjy/Inference-for-RDKx5/autoaim/install/hbm_img_msgs/share/hbm_img_msgs/cmake/rosidl_cmake_export_typesupport_libraries-extras.cmake
[5.132s] -- Up-to-date: /home/zjy/Inference-for-RDKx5/autoaim/install/hbm_img_msgs/share/hbm_img_msgs/cmake/hbm_img_msgsConfig.cmake
[5.132s] -- Up-to-date: /home/zjy/Inference-for-RDKx5/autoaim/install/hbm_img_msgs/share/hbm_img_msgs/cmake/hbm_img_msgsConfig-version.cmake
[5.133s] -- Up-to-date: /home/zjy/Inference-for-RDKx5/autoaim/install/hbm_img_msgs/share/hbm_img_msgs/package.xml
[5.144s] Invoked command in '/home/zjy/Inference-for-RDKx5/autoaim/build/hbm_img_msgs' returned '0': CMAKE_PREFIX_PATH=/opt/ros/humble /usr/bin/cmake --install /home/zjy/Inference-for-RDKx5/autoaim/build/hbm_img_msgs
