[0.006s] Invoking command in '/home/zjy/Inference-for-RDKx5/autoaim/build/hbm_img_msgs': CMAKE_PREFIX_PATH=/opt/ros/humble /usr/bin/cmake --build /home/zjy/Inference-for-RDKx5/autoaim/build/hbm_img_msgs -- -j32 -l32
[0.032s] [  9%] Built target hbm_img_msgs__rosidl_generator_c
[0.033s] [ 12%] Built target hbm_img_msgs__cpp
[0.040s] [ 12%] Built target ament_cmake_python_copy_hbm_img_msgs
[0.050s] [ 22%] Built target hbm_img_msgs__rosidl_typesupport_fastrtps_c
[0.051s] [ 32%] Built target hbm_img_msgs__rosidl_typesupport_c
[0.056s] [ 41%] Built target hbm_img_msgs__rosidl_typesupport_introspection_c
[0.059s] [ 51%] Built target hbm_img_msgs__rosidl_typesupport_cpp
[0.060s] [ 61%] Built target hbm_img_msgs__rosidl_typesupport_fastrtps_cpp
[0.062s] [ 70%] Built target hbm_img_msgs__rosidl_typesupport_introspection_cpp
[0.085s] [ 70%] Built target hbm_img_msgs
[0.095s] [ 74%] Built target hbm_img_msgs__py
[0.106s] [ 80%] Built target hbm_img_msgs__rosidl_generator_py
[0.123s] [ 87%] Built target hbm_img_msgs__rosidl_typesupport_fastrtps_c__pyext
[0.123s] [ 93%] Built target hbm_img_msgs__rosidl_typesupport_c__pyext
[0.123s] [100%] Built target hbm_img_msgs__rosidl_typesupport_introspection_c__pyext
[0.266s] running egg_info
[0.274s] writing hbm_img_msgs.egg-info/PKG-INFO
[0.274s] writing dependency_links to hbm_img_msgs.egg-info/dependency_links.txt
[0.274s] writing top-level names to hbm_img_msgs.egg-info/top_level.txt
[0.299s] reading manifest file 'hbm_img_msgs.egg-info/SOURCES.txt'
[0.299s] writing manifest file 'hbm_img_msgs.egg-info/SOURCES.txt'
[0.327s] [100%] Built target ament_cmake_python_build_hbm_img_msgs_egg
[0.336s] Invoked command in '/home/zjy/Inference-for-RDKx5/autoaim/build/hbm_img_msgs' returned '0': CMAKE_PREFIX_PATH=/opt/ros/humble /usr/bin/cmake --build /home/zjy/Inference-for-RDKx5/autoaim/build/hbm_img_msgs -- -j32 -l32
[0.338s] Invoking command in '/home/zjy/Inference-for-RDKx5/autoaim/build/hbm_img_msgs': CMAKE_PREFIX_PATH=/opt/ros/humble /usr/bin/cmake --install /home/zjy/Inference-for-RDKx5/autoaim/build/hbm_img_msgs
[0.344s] -- Install configuration: ""
[0.344s] -- Up-to-date: /home/zjy/Inference-for-RDKx5/autoaim/install/hbm_img_msgs/share/ament_index/resource_index/rosidl_interfaces/hbm_img_msgs
[0.344s] -- Up-to-date: /home/zjy/Inference-for-RDKx5/autoaim/install/hbm_img_msgs/include/hbm_img_msgs/hbm_img_msgs
[0.344s] -- Up-to-date: /home/zjy/Inference-for-RDKx5/autoaim/install/hbm_img_msgs/include/hbm_img_msgs/hbm_img_msgs/msg
[0.344s] -- Up-to-date: /home/zjy/Inference-for-RDKx5/autoaim/install/hbm_img_msgs/include/hbm_img_msgs/hbm_img_msgs/msg/rosidl_generator_c__visibility_control.h
[0.344s] -- Up-to-date: /home/zjy/Inference-for-RDKx5/autoaim/install/hbm_img_msgs/include/hbm_img_msgs/hbm_img_msgs/msg/hbm_msg1080_p.h
[0.344s] -- Up-to-date: /home/zjy/Inference-for-RDKx5/autoaim/install/hbm_img_msgs/include/hbm_img_msgs/hbm_img_msgs/msg/detail
[0.344s] -- Up-to-date: /home/zjy/Inference-for-RDKx5/autoaim/install/hbm_img_msgs/include/hbm_img_msgs/hbm_img_msgs/msg/detail/hbm_msg1080_p__functions.c
[0.344s] -- Up-to-date: /home/zjy/Inference-for-RDKx5/autoaim/install/hbm_img_msgs/include/hbm_img_msgs/hbm_img_msgs/msg/detail/hbm_msg1080_p__struct.h
[0.344s] -- Up-to-date: /home/zjy/Inference-for-RDKx5/autoaim/install/hbm_img_msgs/include/hbm_img_msgs/hbm_img_msgs/msg/detail/hbm_msg1080_p__type_support.h
[0.344s] -- Up-to-date: /home/zjy/Inference-for-RDKx5/autoaim/install/hbm_img_msgs/include/hbm_img_msgs/hbm_img_msgs/msg/detail/hbm_msg1080_p__functions.h
[0.344s] -- Up-to-date: /home/zjy/Inference-for-RDKx5/autoaim/install/hbm_img_msgs/share/hbm_img_msgs/environment/library_path.sh
[0.344s] -- Up-to-date: /home/zjy/Inference-for-RDKx5/autoaim/install/hbm_img_msgs/share/hbm_img_msgs/environment/library_path.dsv
[0.344s] -- Up-to-date: /home/zjy/Inference-for-RDKx5/autoaim/install/hbm_img_msgs/lib/libhbm_img_msgs__rosidl_generator_c.so
[0.344s] -- Up-to-date: /home/zjy/Inference-for-RDKx5/autoaim/install/hbm_img_msgs/include/hbm_img_msgs/hbm_img_msgs
[0.344s] -- Up-to-date: /home/zjy/Inference-for-RDKx5/autoaim/install/hbm_img_msgs/include/hbm_img_msgs/hbm_img_msgs/msg
[0.344s] -- Up-to-date: /home/zjy/Inference-for-RDKx5/autoaim/install/hbm_img_msgs/include/hbm_img_msgs/hbm_img_msgs/msg/rosidl_typesupport_fastrtps_c__visibility_control.h
[0.344s] -- Up-to-date: /home/zjy/Inference-for-RDKx5/autoaim/install/hbm_img_msgs/include/hbm_img_msgs/hbm_img_msgs/msg/detail
[0.344s] -- Up-to-date: /home/zjy/Inference-for-RDKx5/autoaim/install/hbm_img_msgs/include/hbm_img_msgs/hbm_img_msgs/msg/detail/hbm_msg1080_p__rosidl_typesupport_fastrtps_c.h
[0.344s] -- Up-to-date: /home/zjy/Inference-for-RDKx5/autoaim/install/hbm_img_msgs/lib/libhbm_img_msgs__rosidl_typesupport_fastrtps_c.so
[0.344s] -- Up-to-date: /home/zjy/Inference-for-RDKx5/autoaim/install/hbm_img_msgs/include/hbm_img_msgs/hbm_img_msgs
[0.344s] -- Up-to-date: /home/zjy/Inference-for-RDKx5/autoaim/install/hbm_img_msgs/include/hbm_img_msgs/hbm_img_msgs/msg
[0.344s] -- Up-to-date: /home/zjy/Inference-for-RDKx5/autoaim/install/hbm_img_msgs/include/hbm_img_msgs/hbm_img_msgs/msg/hbm_msg1080_p.hpp
[0.344s] -- Up-to-date: /home/zjy/Inference-for-RDKx5/autoaim/install/hbm_img_msgs/include/hbm_img_msgs/hbm_img_msgs/msg/rosidl_generator_cpp__visibility_control.hpp
[0.344s] -- Up-to-date: /home/zjy/Inference-for-RDKx5/autoaim/install/hbm_img_msgs/include/hbm_img_msgs/hbm_img_msgs/msg/detail
[0.344s] -- Up-to-date: /home/zjy/Inference-for-RDKx5/autoaim/install/hbm_img_msgs/include/hbm_img_msgs/hbm_img_msgs/msg/detail/hbm_msg1080_p__struct.hpp
[0.344s] -- Up-to-date: /home/zjy/Inference-for-RDKx5/autoaim/install/hbm_img_msgs/include/hbm_img_msgs/hbm_img_msgs/msg/detail/hbm_msg1080_p__builder.hpp
[0.344s] -- Up-to-date: /home/zjy/Inference-for-RDKx5/autoaim/install/hbm_img_msgs/include/hbm_img_msgs/hbm_img_msgs/msg/detail/hbm_msg1080_p__traits.hpp
[0.344s] -- Up-to-date: /home/zjy/Inference-for-RDKx5/autoaim/install/hbm_img_msgs/include/hbm_img_msgs/hbm_img_msgs/msg/detail/hbm_msg1080_p__type_support.hpp
[0.344s] -- Up-to-date: /home/zjy/Inference-for-RDKx5/autoaim/install/hbm_img_msgs/include/hbm_img_msgs/hbm_img_msgs
[0.344s] -- Up-to-date: /home/zjy/Inference-for-RDKx5/autoaim/install/hbm_img_msgs/include/hbm_img_msgs/hbm_img_msgs/msg
[0.344s] -- Up-to-date: /home/zjy/Inference-for-RDKx5/autoaim/install/hbm_img_msgs/include/hbm_img_msgs/hbm_img_msgs/msg/rosidl_typesupport_fastrtps_cpp__visibility_control.h
[0.344s] -- Up-to-date: /home/zjy/Inference-for-RDKx5/autoaim/install/hbm_img_msgs/include/hbm_img_msgs/hbm_img_msgs/msg/detail
[0.344s] -- Up-to-date: /home/zjy/Inference-for-RDKx5/autoaim/install/hbm_img_msgs/include/hbm_img_msgs/hbm_img_msgs/msg/detail/hbm_msg1080_p__rosidl_typesupport_fastrtps_cpp.hpp
[0.344s] -- Up-to-date: /home/zjy/Inference-for-RDKx5/autoaim/install/hbm_img_msgs/include/hbm_img_msgs/hbm_img_msgs/msg/detail/dds_fastrtps
[0.344s] -- Up-to-date: /home/zjy/Inference-for-RDKx5/autoaim/install/hbm_img_msgs/lib/libhbm_img_msgs__rosidl_typesupport_fastrtps_cpp.so
[0.344s] -- Up-to-date: /home/zjy/Inference-for-RDKx5/autoaim/install/hbm_img_msgs/include/hbm_img_msgs/hbm_img_msgs
[0.344s] -- Up-to-date: /home/zjy/Inference-for-RDKx5/autoaim/install/hbm_img_msgs/include/hbm_img_msgs/hbm_img_msgs/msg
[0.344s] -- Up-to-date: /home/zjy/Inference-for-RDKx5/autoaim/install/hbm_img_msgs/include/hbm_img_msgs/hbm_img_msgs/msg/detail
[0.345s] -- Up-to-date: /home/zjy/Inference-for-RDKx5/autoaim/install/hbm_img_msgs/include/hbm_img_msgs/hbm_img_msgs/msg/detail/hbm_msg1080_p__type_support.c
[0.345s] -- Up-to-date: /home/zjy/Inference-for-RDKx5/autoaim/install/hbm_img_msgs/include/hbm_img_msgs/hbm_img_msgs/msg/detail/hbm_msg1080_p__rosidl_typesupport_introspection_c.h
[0.345s] -- Up-to-date: /home/zjy/Inference-for-RDKx5/autoaim/install/hbm_img_msgs/include/hbm_img_msgs/hbm_img_msgs/msg/rosidl_typesupport_introspection_c__visibility_control.h
[0.345s] -- Up-to-date: /home/zjy/Inference-for-RDKx5/autoaim/install/hbm_img_msgs/lib/libhbm_img_msgs__rosidl_typesupport_introspection_c.so
[0.345s] -- Up-to-date: /home/zjy/Inference-for-RDKx5/autoaim/install/hbm_img_msgs/lib/libhbm_img_msgs__rosidl_typesupport_c.so
[0.345s] -- Up-to-date: /home/zjy/Inference-for-RDKx5/autoaim/install/hbm_img_msgs/include/hbm_img_msgs/hbm_img_msgs
[0.345s] -- Up-to-date: /home/zjy/Inference-for-RDKx5/autoaim/install/hbm_img_msgs/include/hbm_img_msgs/hbm_img_msgs/msg
[0.345s] -- Up-to-date: /home/zjy/Inference-for-RDKx5/autoaim/install/hbm_img_msgs/include/hbm_img_msgs/hbm_img_msgs/msg/detail
[0.345s] -- Up-to-date: /home/zjy/Inference-for-RDKx5/autoaim/install/hbm_img_msgs/include/hbm_img_msgs/hbm_img_msgs/msg/detail/hbm_msg1080_p__rosidl_typesupport_introspection_cpp.hpp
[0.345s] -- Up-to-date: /home/zjy/Inference-for-RDKx5/autoaim/install/hbm_img_msgs/include/hbm_img_msgs/hbm_img_msgs/msg/detail/hbm_msg1080_p__type_support.cpp
[0.345s] -- Up-to-date: /home/zjy/Inference-for-RDKx5/autoaim/install/hbm_img_msgs/lib/libhbm_img_msgs__rosidl_typesupport_introspection_cpp.so
[0.345s] -- Up-to-date: /home/zjy/Inference-for-RDKx5/autoaim/install/hbm_img_msgs/lib/libhbm_img_msgs__rosidl_typesupport_cpp.so
[0.345s] -- Up-to-date: /home/zjy/Inference-for-RDKx5/autoaim/install/hbm_img_msgs/share/hbm_img_msgs/environment/pythonpath.sh
[0.345s] -- Up-to-date: /home/zjy/Inference-for-RDKx5/autoaim/install/hbm_img_msgs/share/hbm_img_msgs/environment/pythonpath.dsv
[0.345s] -- Up-to-date: /home/zjy/Inference-for-RDKx5/autoaim/install/hbm_img_msgs/local/lib/python3.10/dist-packages/hbm_img_msgs-2.0.0-py3.10.egg-info
[0.345s] -- Installing: /home/zjy/Inference-for-RDKx5/autoaim/install/hbm_img_msgs/local/lib/python3.10/dist-packages/hbm_img_msgs-2.0.0-py3.10.egg-info/SOURCES.txt
[0.345s] -- Installing: /home/zjy/Inference-for-RDKx5/autoaim/install/hbm_img_msgs/local/lib/python3.10/dist-packages/hbm_img_msgs-2.0.0-py3.10.egg-info/dependency_links.txt
[0.345s] -- Installing: /home/zjy/Inference-for-RDKx5/autoaim/install/hbm_img_msgs/local/lib/python3.10/dist-packages/hbm_img_msgs-2.0.0-py3.10.egg-info/top_level.txt
[0.345s] -- Installing: /home/zjy/Inference-for-RDKx5/autoaim/install/hbm_img_msgs/local/lib/python3.10/dist-packages/hbm_img_msgs-2.0.0-py3.10.egg-info/PKG-INFO
[0.345s] -- Up-to-date: /home/zjy/Inference-for-RDKx5/autoaim/install/hbm_img_msgs/local/lib/python3.10/dist-packages/hbm_img_msgs
[0.345s] -- Up-to-date: /home/zjy/Inference-for-RDKx5/autoaim/install/hbm_img_msgs/local/lib/python3.10/dist-packages/hbm_img_msgs/_hbm_img_msgs_s.ep.rosidl_typesupport_c.c
[0.345s] -- Up-to-date: /home/zjy/Inference-for-RDKx5/autoaim/install/hbm_img_msgs/local/lib/python3.10/dist-packages/hbm_img_msgs/__init__.py
[0.345s] -- Up-to-date: /home/zjy/Inference-for-RDKx5/autoaim/install/hbm_img_msgs/local/lib/python3.10/dist-packages/hbm_img_msgs/hbm_img_msgs_s__rosidl_typesupport_c.cpython-310-x86_64-linux-gnu.so
[0.345s] -- Up-to-date: /home/zjy/Inference-for-RDKx5/autoaim/install/hbm_img_msgs/local/lib/python3.10/dist-packages/hbm_img_msgs/libhbm_img_msgs__rosidl_generator_py.so
[0.345s] -- Up-to-date: /home/zjy/Inference-for-RDKx5/autoaim/install/hbm_img_msgs/local/lib/python3.10/dist-packages/hbm_img_msgs/_hbm_img_msgs_s.ep.rosidl_typesupport_introspection_c.c
[0.345s] -- Up-to-date: /home/zjy/Inference-for-RDKx5/autoaim/install/hbm_img_msgs/local/lib/python3.10/dist-packages/hbm_img_msgs/msg
[0.345s] -- Up-to-date: /home/zjy/Inference-for-RDKx5/autoaim/install/hbm_img_msgs/local/lib/python3.10/dist-packages/hbm_img_msgs/msg/_hbm_msg1080_p_s.c
[0.345s] -- Up-to-date: /home/zjy/Inference-for-RDKx5/autoaim/install/hbm_img_msgs/local/lib/python3.10/dist-packages/hbm_img_msgs/msg/__init__.py
[0.345s] -- Up-to-date: /home/zjy/Inference-for-RDKx5/autoaim/install/hbm_img_msgs/local/lib/python3.10/dist-packages/hbm_img_msgs/msg/_hbm_msg1080_p.py
[0.345s] -- Up-to-date: /home/zjy/Inference-for-RDKx5/autoaim/install/hbm_img_msgs/local/lib/python3.10/dist-packages/hbm_img_msgs/hbm_img_msgs_s__rosidl_typesupport_fastrtps_c.cpython-310-x86_64-linux-gnu.so
[0.345s] -- Up-to-date: /home/zjy/Inference-for-RDKx5/autoaim/install/hbm_img_msgs/local/lib/python3.10/dist-packages/hbm_img_msgs/hbm_img_msgs_s__rosidl_typesupport_introspection_c.cpython-310-x86_64-linux-gnu.so
[0.345s] -- Up-to-date: /home/zjy/Inference-for-RDKx5/autoaim/install/hbm_img_msgs/local/lib/python3.10/dist-packages/hbm_img_msgs/_hbm_img_msgs_s.ep.rosidl_typesupport_fastrtps_c.c
[0.365s] Listing '/home/zjy/Inference-for-RDKx5/autoaim/install/hbm_img_msgs/local/lib/python3.10/dist-packages/hbm_img_msgs'...
[0.365s] Listing '/home/zjy/Inference-for-RDKx5/autoaim/install/hbm_img_msgs/local/lib/python3.10/dist-packages/hbm_img_msgs/msg'...
[0.367s] -- Up-to-date: /home/zjy/Inference-for-RDKx5/autoaim/install/hbm_img_msgs/local/lib/python3.10/dist-packages/hbm_img_msgs/hbm_img_msgs_s__rosidl_typesupport_fastrtps_c.cpython-310-x86_64-linux-gnu.so
[0.367s] -- Up-to-date: /home/zjy/Inference-for-RDKx5/autoaim/install/hbm_img_msgs/local/lib/python3.10/dist-packages/hbm_img_msgs/hbm_img_msgs_s__rosidl_typesupport_introspection_c.cpython-310-x86_64-linux-gnu.so
[0.367s] -- Up-to-date: /home/zjy/Inference-for-RDKx5/autoaim/install/hbm_img_msgs/local/lib/python3.10/dist-packages/hbm_img_msgs/hbm_img_msgs_s__rosidl_typesupport_c.cpython-310-x86_64-linux-gnu.so
[0.368s] -- Up-to-date: /home/zjy/Inference-for-RDKx5/autoaim/install/hbm_img_msgs/lib/libhbm_img_msgs__rosidl_generator_py.so
[0.368s] -- Up-to-date: /home/zjy/Inference-for-RDKx5/autoaim/install/hbm_img_msgs/share/hbm_img_msgs/msg/HbmMsg1080P.idl
[0.368s] -- Up-to-date: /home/zjy/Inference-for-RDKx5/autoaim/install/hbm_img_msgs/share/hbm_img_msgs/msg/HbmMsg1080P.msg
[0.368s] -- Up-to-date: /home/zjy/Inference-for-RDKx5/autoaim/install/hbm_img_msgs/share/ament_index/resource_index/package_run_dependencies/hbm_img_msgs
[0.368s] -- Up-to-date: /home/zjy/Inference-for-RDKx5/autoaim/install/hbm_img_msgs/share/ament_index/resource_index/parent_prefix_path/hbm_img_msgs
[0.368s] -- Up-to-date: /home/zjy/Inference-for-RDKx5/autoaim/install/hbm_img_msgs/share/hbm_img_msgs/environment/ament_prefix_path.sh
[0.368s] -- Up-to-date: /home/zjy/Inference-for-RDKx5/autoaim/install/hbm_img_msgs/share/hbm_img_msgs/environment/ament_prefix_path.dsv
[0.368s] -- Up-to-date: /home/zjy/Inference-for-RDKx5/autoaim/install/hbm_img_msgs/share/hbm_img_msgs/environment/path.sh
[0.368s] -- Up-to-date: /home/zjy/Inference-for-RDKx5/autoaim/install/hbm_img_msgs/share/hbm_img_msgs/environment/path.dsv
[0.368s] -- Up-to-date: /home/zjy/Inference-for-RDKx5/autoaim/install/hbm_img_msgs/share/hbm_img_msgs/local_setup.bash
[0.368s] -- Up-to-date: /home/zjy/Inference-for-RDKx5/autoaim/install/hbm_img_msgs/share/hbm_img_msgs/local_setup.sh
[0.368s] -- Up-to-date: /home/zjy/Inference-for-RDKx5/autoaim/install/hbm_img_msgs/share/hbm_img_msgs/local_setup.zsh
[0.368s] -- Up-to-date: /home/zjy/Inference-for-RDKx5/autoaim/install/hbm_img_msgs/share/hbm_img_msgs/local_setup.dsv
[0.368s] -- Installing: /home/zjy/Inference-for-RDKx5/autoaim/install/hbm_img_msgs/share/hbm_img_msgs/package.dsv
[0.368s] -- Up-to-date: /home/zjy/Inference-for-RDKx5/autoaim/install/hbm_img_msgs/share/ament_index/resource_index/packages/hbm_img_msgs
[0.368s] -- Up-to-date: /home/zjy/Inference-for-RDKx5/autoaim/install/hbm_img_msgs/share/hbm_img_msgs/cmake/export_hbm_img_msgs__rosidl_generator_cExport.cmake
[0.368s] -- Up-to-date: /home/zjy/Inference-for-RDKx5/autoaim/install/hbm_img_msgs/share/hbm_img_msgs/cmake/export_hbm_img_msgs__rosidl_generator_cExport-noconfig.cmake
[0.368s] -- Up-to-date: /home/zjy/Inference-for-RDKx5/autoaim/install/hbm_img_msgs/share/hbm_img_msgs/cmake/export_hbm_img_msgs__rosidl_typesupport_fastrtps_cExport.cmake
[0.368s] -- Up-to-date: /home/zjy/Inference-for-RDKx5/autoaim/install/hbm_img_msgs/share/hbm_img_msgs/cmake/export_hbm_img_msgs__rosidl_typesupport_fastrtps_cExport-noconfig.cmake
[0.368s] -- Up-to-date: /home/zjy/Inference-for-RDKx5/autoaim/install/hbm_img_msgs/share/hbm_img_msgs/cmake/export_hbm_img_msgs__rosidl_generator_cppExport.cmake
[0.368s] -- Up-to-date: /home/zjy/Inference-for-RDKx5/autoaim/install/hbm_img_msgs/share/hbm_img_msgs/cmake/export_hbm_img_msgs__rosidl_typesupport_fastrtps_cppExport.cmake
[0.368s] -- Up-to-date: /home/zjy/Inference-for-RDKx5/autoaim/install/hbm_img_msgs/share/hbm_img_msgs/cmake/export_hbm_img_msgs__rosidl_typesupport_fastrtps_cppExport-noconfig.cmake
[0.368s] -- Up-to-date: /home/zjy/Inference-for-RDKx5/autoaim/install/hbm_img_msgs/share/hbm_img_msgs/cmake/hbm_img_msgs__rosidl_typesupport_introspection_cExport.cmake
[0.369s] -- Up-to-date: /home/zjy/Inference-for-RDKx5/autoaim/install/hbm_img_msgs/share/hbm_img_msgs/cmake/hbm_img_msgs__rosidl_typesupport_introspection_cExport-noconfig.cmake
[0.369s] -- Up-to-date: /home/zjy/Inference-for-RDKx5/autoaim/install/hbm_img_msgs/share/hbm_img_msgs/cmake/hbm_img_msgs__rosidl_typesupport_cExport.cmake
[0.369s] -- Up-to-date: /home/zjy/Inference-for-RDKx5/autoaim/install/hbm_img_msgs/share/hbm_img_msgs/cmake/hbm_img_msgs__rosidl_typesupport_cExport-noconfig.cmake
[0.369s] -- Up-to-date: /home/zjy/Inference-for-RDKx5/autoaim/install/hbm_img_msgs/share/hbm_img_msgs/cmake/hbm_img_msgs__rosidl_typesupport_introspection_cppExport.cmake
[0.369s] -- Up-to-date: /home/zjy/Inference-for-RDKx5/autoaim/install/hbm_img_msgs/share/hbm_img_msgs/cmake/hbm_img_msgs__rosidl_typesupport_introspection_cppExport-noconfig.cmake
[0.369s] -- Up-to-date: /home/zjy/Inference-for-RDKx5/autoaim/install/hbm_img_msgs/share/hbm_img_msgs/cmake/hbm_img_msgs__rosidl_typesupport_cppExport.cmake
[0.369s] -- Up-to-date: /home/zjy/Inference-for-RDKx5/autoaim/install/hbm_img_msgs/share/hbm_img_msgs/cmake/hbm_img_msgs__rosidl_typesupport_cppExport-noconfig.cmake
[0.369s] -- Up-to-date: /home/zjy/Inference-for-RDKx5/autoaim/install/hbm_img_msgs/share/hbm_img_msgs/cmake/export_hbm_img_msgs__rosidl_generator_pyExport.cmake
[0.369s] -- Up-to-date: /home/zjy/Inference-for-RDKx5/autoaim/install/hbm_img_msgs/share/hbm_img_msgs/cmake/export_hbm_img_msgs__rosidl_generator_pyExport-noconfig.cmake
[0.369s] -- Up-to-date: /home/zjy/Inference-for-RDKx5/autoaim/install/hbm_img_msgs/share/hbm_img_msgs/cmake/rosidl_cmake-extras.cmake
[0.369s] -- Up-to-date: /home/zjy/Inference-for-RDKx5/autoaim/install/hbm_img_msgs/share/hbm_img_msgs/cmake/ament_cmake_export_dependencies-extras.cmake
[0.369s] -- Up-to-date: /home/zjy/Inference-for-RDKx5/autoaim/install/hbm_img_msgs/share/hbm_img_msgs/cmake/ament_cmake_export_include_directories-extras.cmake
[0.369s] -- Up-to-date: /home/zjy/Inference-for-RDKx5/autoaim/install/hbm_img_msgs/share/hbm_img_msgs/cmake/ament_cmake_export_libraries-extras.cmake
[0.369s] -- Up-to-date: /home/zjy/Inference-for-RDKx5/autoaim/install/hbm_img_msgs/share/hbm_img_msgs/cmake/ament_cmake_export_targets-extras.cmake
[0.369s] -- Up-to-date: /home/zjy/Inference-for-RDKx5/autoaim/install/hbm_img_msgs/share/hbm_img_msgs/cmake/rosidl_cmake_export_typesupport_targets-extras.cmake
[0.370s] -- Up-to-date: /home/zjy/Inference-for-RDKx5/autoaim/install/hbm_img_msgs/share/hbm_img_msgs/cmake/rosidl_cmake_export_typesupport_libraries-extras.cmake
[0.370s] -- Up-to-date: /home/zjy/Inference-for-RDKx5/autoaim/install/hbm_img_msgs/share/hbm_img_msgs/cmake/hbm_img_msgsConfig.cmake
[0.370s] -- Up-to-date: /home/zjy/Inference-for-RDKx5/autoaim/install/hbm_img_msgs/share/hbm_img_msgs/cmake/hbm_img_msgsConfig-version.cmake
[0.370s] -- Up-to-date: /home/zjy/Inference-for-RDKx5/autoaim/install/hbm_img_msgs/share/hbm_img_msgs/package.xml
[0.374s] Invoked command in '/home/zjy/Inference-for-RDKx5/autoaim/build/hbm_img_msgs' returned '0': CMAKE_PREFIX_PATH=/opt/ros/humble /usr/bin/cmake --install /home/zjy/Inference-for-RDKx5/autoaim/build/hbm_img_msgs
