[01m[K/home/zjy/Inference-for-RDKx5/autoaim/rm_auto_aim/armor_detector/src/yolo11.cpp:[m[K In constructor ‘[01m[Krm_auto_aim::YOLO11::YOLO11(const string&, bool)[m[K’:
[01m[K/home/zjy/Inference-for-RDKx5/autoaim/rm_auto_aim/armor_detector/src/yolo11.cpp:15:15:[m[K [01;31m[Kerror: [m[Kno matching function for call to ‘[01m[Krm_auto_aim::Detector::Detector()[m[K’
   15 | : debug_(debug[01;31m[K)[m[K
      |               [01;31m[K^[m[K
In file included from [01m[K/home/zjy/Inference-for-RDKx5/autoaim/rm_auto_aim/armor_detector/include/armor_detector/yolo11.hpp:11[m[K,
                 from [01m[K/home/zjy/Inference-for-RDKx5/autoaim/rm_auto_aim/armor_detector/src/yolo11.cpp:1[m[K:
[01m[K/home/zjy/Inference-for-RDKx5/autoaim/rm_auto_aim/armor_detector/include/armor_detector/detector.hpp:50:3:[m[K [01;36m[Knote: [m[Kcandidate: ‘[01m[Krm_auto_aim::Detector::Detector(const int&, const int&, const rm_auto_aim::Detector::LightParams&, const rm_auto_aim::Detector::ArmorParams&)[m[K’
   50 |   [01;36m[KDetector[m[K(const int & bin_thres, const int & color, const LightParams & l, const ArmorParams & a);
      |   [01;36m[K^~~~~~~~[m[K
[01m[K/home/zjy/Inference-for-RDKx5/autoaim/rm_auto_aim/armor_detector/include/armor_detector/detector.hpp:50:3:[m[K [01;36m[Knote: [m[K  candidate expects 4 arguments, 0 provided
[01m[K/home/zjy/Inference-for-RDKx5/autoaim/rm_auto_aim/armor_detector/include/armor_detector/detector.hpp:24:7:[m[K [01;36m[Knote: [m[Kcandidate: ‘[01m[Krm_auto_aim::Detector::Detector(rm_auto_aim::Detector&&)[m[K’
   24 | class [01;36m[KDetector[m[K
      |       [01;36m[K^~~~~~~~[m[K
[01m[K/home/zjy/Inference-for-RDKx5/autoaim/rm_auto_aim/armor_detector/include/armor_detector/detector.hpp:24:7:[m[K [01;36m[Knote: [m[K  candidate expects 1 argument, 0 provided
[01m[K/home/zjy/Inference-for-RDKx5/autoaim/rm_auto_aim/armor_detector/src/yolo11.cpp:[m[K In member function ‘[01m[Kstd::__cxx11::list<rm_auto_aim::Armor> rm_auto_aim::YOLO11::parse(double, cv::Mat&, const cv::Mat&, int)[m[K’:
[01m[K/home/zjy/Inference-for-RDKx5/autoaim/rm_auto_aim/armor_detector/src/yolo11.cpp:150:9:[m[K [01;31m[Kerror: [m[K‘[01m[Kstruct rm_auto_aim::Armor[m[K’ has no member named ‘[01m[Kcenter_norm[m[K’
  150 |     it->[01;31m[Kcenter_norm[m[K = get_center_norm(bgr_img, it->center);
      |         [01;31m[K^~~~~~~~~~~[m[K
[01m[K/home/zjy/Inference-for-RDKx5/autoaim/rm_auto_aim/armor_detector/src/yolo11.cpp:[m[K In member function ‘[01m[Kbool rm_auto_aim::YOLO11::check_name(const rm_auto_aim::Armor&) const[m[K’:
[01m[K/home/zjy/Inference-for-RDKx5/autoaim/rm_auto_aim/armor_detector/src/yolo11.cpp:161:24:[m[K [01;31m[Kerror: [m[K‘[01m[Kconst struct rm_auto_aim::Armor[m[K’ has no member named ‘[01m[Kname[m[K’
  161 |   auto name_ok = armor.[01;31m[Kname[m[K != ArmorName::not_armor;
      |                        [01;31m[K^~~~[m[K
[01m[K/home/zjy/Inference-for-RDKx5/autoaim/rm_auto_aim/armor_detector/src/yolo11.cpp:161:32:[m[K [01;31m[Kerror: [m[K‘[01m[KArmorName[m[K’ has not been declared
  161 |   auto name_ok = armor.name != [01;31m[KArmorName[m[K::not_armor;
      |                                [01;31m[K^~~~~~~~~[m[K
[01m[K/home/zjy/Inference-for-RDKx5/autoaim/rm_auto_aim/armor_detector/src/yolo11.cpp:[m[K In member function ‘[01m[Kbool rm_auto_aim::YOLO11::check_type(const rm_auto_aim::Armor&) const[m[K’:
[01m[K/home/zjy/Inference-for-RDKx5/autoaim/rm_auto_aim/armor_detector/src/yolo11.cpp:169:44:[m[K [01;31m[Kerror: [m[K‘[01m[Ksmall[m[K’ is not a member of ‘[01m[Krm_auto_aim::ArmorType[m[K’
  169 |   auto name_ok = (armor.type == ArmorType::[01;31m[Ksmall[m[K)
      |                                            [01;31m[K^~~~~[m[K
[01m[K/home/zjy/Inference-for-RDKx5/autoaim/rm_auto_aim/armor_detector/src/yolo11.cpp:170:29:[m[K [01;31m[Kerror: [m[K‘[01m[Kconst struct rm_auto_aim::Armor[m[K’ has no member named ‘[01m[Kname[m[K’
  170 |                    ? (armor.[01;31m[Kname[m[K != ArmorName::one && armor.name != ArmorName::base)
      |                             [01;31m[K^~~~[m[K
[01m[K/home/zjy/Inference-for-RDKx5/autoaim/rm_auto_aim/armor_detector/src/yolo11.cpp:170:37:[m[K [01;31m[Kerror: [m[K‘[01m[KArmorName[m[K’ has not been declared
  170 |                    ? (armor.name != [01;31m[KArmorName[m[K::one && armor.name != ArmorName::base)
      |                                     [01;31m[K^~~~~~~~~[m[K
[01m[K/home/zjy/Inference-for-RDKx5/autoaim/rm_auto_aim/armor_detector/src/yolo11.cpp:170:61:[m[K [01;31m[Kerror: [m[K‘[01m[Kconst struct rm_auto_aim::Armor[m[K’ has no member named ‘[01m[Kname[m[K’
  170 |                    ? (armor.name != ArmorName::one && armor.[01;31m[Kname[m[K != ArmorName::base)
      |                                                             [01;31m[K^~~~[m[K
[01m[K/home/zjy/Inference-for-RDKx5/autoaim/rm_auto_aim/armor_detector/src/yolo11.cpp:170:69:[m[K [01;31m[Kerror: [m[K‘[01m[KArmorName[m[K’ has not been declared
  170 |                    ? (armor.name != ArmorName::one && armor.name != [01;31m[KArmorName[m[K::base)
      |                                                                     [01;31m[K^~~~~~~~~[m[K
[01m[K/home/zjy/Inference-for-RDKx5/autoaim/rm_auto_aim/armor_detector/src/yolo11.cpp:171:29:[m[K [01;31m[Kerror: [m[K‘[01m[Kconst struct rm_auto_aim::Armor[m[K’ has no member named ‘[01m[Kname[m[K’
  171 |                    : (armor.[01;31m[Kname[m[K != ArmorName::two && armor.name != ArmorName::sentry &&
      |                             [01;31m[K^~~~[m[K
[01m[K/home/zjy/Inference-for-RDKx5/autoaim/rm_auto_aim/armor_detector/src/yolo11.cpp:171:37:[m[K [01;31m[Kerror: [m[K‘[01m[KArmorName[m[K’ has not been declared
  171 |                    : (armor.name != [01;31m[KArmorName[m[K::two && armor.name != ArmorName::sentry &&
      |                                     [01;31m[K^~~~~~~~~[m[K
[01m[K/home/zjy/Inference-for-RDKx5/autoaim/rm_auto_aim/armor_detector/src/yolo11.cpp:171:61:[m[K [01;31m[Kerror: [m[K‘[01m[Kconst struct rm_auto_aim::Armor[m[K’ has no member named ‘[01m[Kname[m[K’
  171 |                    : (armor.name != ArmorName::two && armor.[01;31m[Kname[m[K != ArmorName::sentry &&
      |                                                             [01;31m[K^~~~[m[K
[01m[K/home/zjy/Inference-for-RDKx5/autoaim/rm_auto_aim/armor_detector/src/yolo11.cpp:171:69:[m[K [01;31m[Kerror: [m[K‘[01m[KArmorName[m[K’ has not been declared
  171 |                    : (armor.name != ArmorName::two && armor.name != [01;31m[KArmorName[m[K::sentry &&
      |                                                                     [01;31m[K^~~~~~~~~[m[K
[01m[K/home/zjy/Inference-for-RDKx5/autoaim/rm_auto_aim/armor_detector/src/yolo11.cpp:172:29:[m[K [01;31m[Kerror: [m[K‘[01m[Kconst struct rm_auto_aim::Armor[m[K’ has no member named ‘[01m[Kname[m[K’
  172 |                       armor.[01;31m[Kname[m[K != ArmorName::outpost);
      |                             [01;31m[K^~~~[m[K
[01m[K/home/zjy/Inference-for-RDKx5/autoaim/rm_auto_aim/armor_detector/src/yolo11.cpp:172:37:[m[K [01;31m[Kerror: [m[K‘[01m[KArmorName[m[K’ has not been declared
  172 |                       armor.name != [01;31m[KArmorName[m[K::outpost);
      |                                     [01;31m[K^~~~~~~~~[m[K
[01m[K/home/zjy/Inference-for-RDKx5/autoaim/rm_auto_aim/armor_detector/src/yolo11.cpp:[m[K In member function ‘[01m[Kvoid rm_auto_aim::YOLO11::draw_detections(const cv::Mat&, const std::__cxx11::list<rm_auto_aim::Armor>&, int) const[m[K’:
[01m[K/home/zjy/Inference-for-RDKx5/autoaim/rm_auto_aim/armor_detector/src/yolo11.cpp:219:44:[m[K [01;31m[Kerror: [m[K‘[01m[KCOLORS[m[K’ was not declared in this scope
  219 |       "{:.2f} {} {} {}", armor.confidence, [01;31m[KCOLORS[m[K[armor.color], ARMOR_NAMES[armor.name],
      |                                            [01;31m[K^~~~~~[m[K
[01m[K/home/zjy/Inference-for-RDKx5/autoaim/rm_auto_aim/armor_detector/src/yolo11.cpp:219:57:[m[K [01;31m[Kerror: [m[K‘[01m[Kconst struct rm_auto_aim::Armor[m[K’ has no member named ‘[01m[Kcolor[m[K’
  219 |       "{:.2f} {} {} {}", armor.confidence, COLORS[armor.[01;31m[Kcolor[m[K], ARMOR_NAMES[armor.name],
      |                                                         [01;31m[K^~~~~[m[K
[01m[K/home/zjy/Inference-for-RDKx5/autoaim/rm_auto_aim/armor_detector/src/yolo11.cpp:219:65:[m[K [01;31m[Kerror: [m[K‘[01m[KARMOR_NAMES[m[K’ was not declared in this scope
  219 |       "{:.2f} {} {} {}", armor.confidence, COLORS[armor.color], [01;31m[KARMOR_NAMES[m[K[armor.name],
      |                                                                 [01;31m[K^~~~~~~~~~~[m[K
[01m[K/home/zjy/Inference-for-RDKx5/autoaim/rm_auto_aim/armor_detector/src/yolo11.cpp:219:83:[m[K [01;31m[Kerror: [m[K‘[01m[Kconst struct rm_auto_aim::Armor[m[K’ has no member named ‘[01m[Kname[m[K’
  219 |       "{:.2f} {} {} {}", armor.confidence, COLORS[armor.color], ARMOR_NAMES[armor.[01;31m[Kname[m[K],
      |                                                                                   [01;31m[K^~~~[m[K
[01m[K/home/zjy/Inference-for-RDKx5/autoaim/rm_auto_aim/armor_detector/src/yolo11.cpp:220:7:[m[K [01;31m[Kerror: [m[K‘[01m[KARMOR_TYPES[m[K’ was not declared in this scope; did you mean ‘[01m[KARMOR_TYPE_STR[m[K’?
  220 |       [01;31m[KARMOR_TYPES[m[K[armor.type]);
      |       [01;31m[K^~~~~~~~~~~[m[K
      |       [32m[KARMOR_TYPE_STR[m[K
[01m[K/home/zjy/Inference-for-RDKx5/autoaim/rm_auto_aim/armor_detector/src/yolo11.cpp:221:41:[m[K [01;31m[Kerror: [m[K‘[01m[Kconst struct rm_auto_aim::Armor[m[K’ has no member named ‘[01m[Kpoints[m[K’
  221 |     tools::draw_points(detection, armor.[01;31m[Kpoints[m[K, {0, 255, 0});
      |                                         [01;31m[K^~~~~~[m[K
[01m[K/home/zjy/Inference-for-RDKx5/autoaim/rm_auto_aim/armor_detector/src/yolo11.cpp:[m[K In member function ‘[01m[Kvoid rm_auto_aim::YOLO11::save(const rm_auto_aim::Armor&) const[m[K’:
[01m[K/home/zjy/Inference-for-RDKx5/autoaim/rm_auto_aim/armor_detector/src/yolo11.cpp:236:65:[m[K [01;31m[Kerror: [m[K‘[01m[Kconst struct rm_auto_aim::Armor[m[K’ has no member named ‘[01m[Kname[m[K’
  236 |   auto img_path = fmt::format("{}/{}_{}.jpg", save_path_, armor.[01;31m[Kname[m[K, file_name);
      |                                                                 [01;31m[K^~~~[m[K
In file included from [01m[K/usr/include/x86_64-linux-gnu/c++/11/bits/c++allocator.h:33[m[K,
                 from [01m[K/usr/include/c++/11/bits/allocator.h:46[m[K,
                 from [01m[K/usr/include/c++/11/list:61[m[K,
                 from [01m[K/home/zjy/Inference-for-RDKx5/autoaim/rm_auto_aim/armor_detector/include/armor_detector/yolo11.hpp:4[m[K,
                 from [01m[K/home/zjy/Inference-for-RDKx5/autoaim/rm_auto_aim/armor_detector/src/yolo11.cpp:1[m[K:
/usr/include/c++/11/ext/new_allocator.h: In instantiation of ‘[01m[Kvoid __gnu_cxx::new_allocator<_Tp>::construct(_Up*, _Args&& ...) [with _Up = rm_auto_aim::Armor; _Args = {int&, float&, cv::Rect_<int>&, std::vector<cv::Point_<float>, std::allocator<cv::Point_<float> > >&, cv::Point_<float>&}; _Tp = std::_List_node<rm_auto_aim::Armor>][m[K’:
[01m[K/usr/include/c++/11/bits/alloc_traits.h:516:17:[m[K   required from ‘[01m[Kstatic void std::allocator_traits<std::allocator<_Tp1> >::construct(std::allocator_traits<std::allocator<_Tp1> >::allocator_type&, _Up*, _Args&& ...) [with _Up = rm_auto_aim::Armor; _Args = {int&, float&, cv::Rect_<int>&, std::vector<cv::Point_<float>, std::allocator<cv::Point_<float> > >&, cv::Point_<float>&}; _Tp = std::_List_node<rm_auto_aim::Armor>; std::allocator_traits<std::allocator<_Tp1> >::allocator_type = std::allocator<std::_List_node<rm_auto_aim::Armor> >][m[K’
[01m[K/usr/include/c++/11/bits/stl_list.h:638:33:[m[K   required from ‘[01m[Kstd::__cxx11::list<_Tp, _Alloc>::_Node* std::__cxx11::list<_Tp, _Alloc>::_M_create_node(_Args&& ...) [with _Args = {int&, float&, cv::Rect_<int>&, std::vector<cv::Point_<float>, std::allocator<cv::Point_<float> > >&, cv::Point_<float>&}; _Tp = rm_auto_aim::Armor; _Alloc = std::allocator<rm_auto_aim::Armor>; std::__cxx11::list<_Tp, _Alloc>::_Node = std::__cxx11::list<rm_auto_aim::Armor>::_Node][m[K’
[01m[K/usr/include/c++/11/bits/stl_list.h:1912:32:[m[K   required from ‘[01m[Kvoid std::__cxx11::list<_Tp, _Alloc>::_M_insert(std::__cxx11::list<_Tp, _Alloc>::iterator, _Args&& ...) [with _Args = {int&, float&, cv::Rect_<int>&, std::vector<cv::Point_<float>, std::allocator<cv::Point_<float> > >&, cv::Point_<float>&}; _Tp = rm_auto_aim::Armor; _Alloc = std::allocator<rm_auto_aim::Armor>; std::__cxx11::list<_Tp, _Alloc>::iterator = std::__cxx11::list<rm_auto_aim::Armor>::iterator][m[K’
[01m[K/usr/include/c++/11/bits/stl_list.h:1228:19:[m[K   required from ‘[01m[Kstd::__cxx11::list<_Tp, _Alloc>::reference std::__cxx11::list<_Tp, _Alloc>::emplace_back(_Args&& ...) [with _Args = {int&, float&, cv::Rect_<int>&, std::vector<cv::Point_<float>, std::allocator<cv::Point_<float> > >&, cv::Point_<float>&}; _Tp = rm_auto_aim::Armor; _Alloc = std::allocator<rm_auto_aim::Armor>; std::__cxx11::list<_Tp, _Alloc>::reference = rm_auto_aim::Armor&][m[K’
[01m[K/home/zjy/Inference-for-RDKx5/autoaim/rm_auto_aim/armor_detector/src/yolo11.cpp:133:26:[m[K   required from here
[01m[K/usr/include/c++/11/ext/new_allocator.h:162:11:[m[K [01;31m[Kerror: [m[Kno matching function for call to ‘[01m[Krm_auto_aim::Armor::Armor(int&, float&, cv::Rect_<int>&, std::vector<cv::Point_<float> >&, cv::Point_<float>&)[m[K’
  162 |         { [01;31m[K::new((void *)__p) _Up(std::forward<_Args>(__args)...)[m[K; }
      |           [01;31m[K^~~~~~~~~~~~~~~~~~~~~~~~~~~~~~~~~~~~~~~~~~~~~~~~~~~~~~[m[K
In file included from [01m[K/home/zjy/Inference-for-RDKx5/autoaim/rm_auto_aim/armor_detector/include/armor_detector/yolo11.hpp:10[m[K,
                 from [01m[K/home/zjy/Inference-for-RDKx5/autoaim/rm_auto_aim/armor_detector/src/yolo11.cpp:1[m[K:
[01m[K/home/zjy/Inference-for-RDKx5/autoaim/rm_auto_aim/armor_detector/include/armor_detector/armor.hpp:44:3:[m[K [01;36m[Knote: [m[Kcandidate: ‘[01m[Krm_auto_aim::Armor::Armor(const rm_auto_aim::Light&, const rm_auto_aim::Light&)[m[K’
   44 |   [01;36m[KArmor[m[K(const Light & l1, const Light & l2)
      |   [01;36m[K^~~~~[m[K
[01m[K/home/zjy/Inference-for-RDKx5/autoaim/rm_auto_aim/armor_detector/include/armor_detector/armor.hpp:44:3:[m[K [01;36m[Knote: [m[K  candidate expects 2 arguments, 5 provided
[01m[K/home/zjy/Inference-for-RDKx5/autoaim/rm_auto_aim/armor_detector/include/armor_detector/armor.hpp:43:3:[m[K [01;36m[Knote: [m[Kcandidate: ‘[01m[Krm_auto_aim::Armor::Armor()[m[K’
   43 |   [01;36m[KArmor[m[K() = default;
      |   [01;36m[K^~~~~[m[K
[01m[K/home/zjy/Inference-for-RDKx5/autoaim/rm_auto_aim/armor_detector/include/armor_detector/armor.hpp:43:3:[m[K [01;36m[Knote: [m[K  candidate expects 0 arguments, 5 provided
[01m[K/home/zjy/Inference-for-RDKx5/autoaim/rm_auto_aim/armor_detector/include/armor_detector/armor.hpp:41:8:[m[K [01;36m[Knote: [m[Kcandidate: ‘[01m[Krm_auto_aim::Armor::Armor(const rm_auto_aim::Armor&)[m[K’
   41 | struct [01;36m[KArmor[m[K
      |        [01;36m[K^~~~~[m[K
[01m[K/home/zjy/Inference-for-RDKx5/autoaim/rm_auto_aim/armor_detector/include/armor_detector/armor.hpp:41:8:[m[K [01;36m[Knote: [m[K  candidate expects 1 argument, 5 provided
[01m[K/home/zjy/Inference-for-RDKx5/autoaim/rm_auto_aim/armor_detector/include/armor_detector/armor.hpp:41:8:[m[K [01;36m[Knote: [m[Kcandidate: ‘[01m[Krm_auto_aim::Armor::Armor(rm_auto_aim::Armor&&)[m[K’
[01m[K/home/zjy/Inference-for-RDKx5/autoaim/rm_auto_aim/armor_detector/include/armor_detector/armor.hpp:41:8:[m[K [01;36m[Knote: [m[K  candidate expects 1 argument, 5 provided
In file included from [01m[K/usr/include/x86_64-linux-gnu/c++/11/bits/c++allocator.h:33[m[K,
                 from [01m[K/usr/include/c++/11/bits/allocator.h:46[m[K,
                 from [01m[K/usr/include/c++/11/list:61[m[K,
                 from [01m[K/home/zjy/Inference-for-RDKx5/autoaim/rm_auto_aim/armor_detector/include/armor_detector/yolo11.hpp:4[m[K,
                 from [01m[K/home/zjy/Inference-for-RDKx5/autoaim/rm_auto_aim/armor_detector/src/yolo11.cpp:1[m[K:
/usr/include/c++/11/ext/new_allocator.h: In instantiation of ‘[01m[Kvoid __gnu_cxx::new_allocator<_Tp>::construct(_Up*, _Args&& ...) [with _Up = rm_auto_aim::Armor; _Args = {int&, float&, cv::Rect_<int>&, std::vector<cv::Point_<float>, std::allocator<cv::Point_<float> > >&}; _Tp = std::_List_node<rm_auto_aim::Armor>][m[K’:
[01m[K/usr/include/c++/11/bits/alloc_traits.h:516:17:[m[K   required from ‘[01m[Kstatic void std::allocator_traits<std::allocator<_Tp1> >::construct(std::allocator_traits<std::allocator<_Tp1> >::allocator_type&, _Up*, _Args&& ...) [with _Up = rm_auto_aim::Armor; _Args = {int&, float&, cv::Rect_<int>&, std::vector<cv::Point_<float>, std::allocator<cv::Point_<float> > >&}; _Tp = std::_List_node<rm_auto_aim::Armor>; std::allocator_traits<std::allocator<_Tp1> >::allocator_type = std::allocator<std::_List_node<rm_auto_aim::Armor> >][m[K’
[01m[K/usr/include/c++/11/bits/stl_list.h:638:33:[m[K   required from ‘[01m[Kstd::__cxx11::list<_Tp, _Alloc>::_Node* std::__cxx11::list<_Tp, _Alloc>::_M_create_node(_Args&& ...) [with _Args = {int&, float&, cv::Rect_<int>&, std::vector<cv::Point_<float>, std::allocator<cv::Point_<float> > >&}; _Tp = rm_auto_aim::Armor; _Alloc = std::allocator<rm_auto_aim::Armor>; std::__cxx11::list<_Tp, _Alloc>::_Node = std::__cxx11::list<rm_auto_aim::Armor>::_Node][m[K’
[01m[K/usr/include/c++/11/bits/stl_list.h:1912:32:[m[K   required from ‘[01m[Kvoid std::__cxx11::list<_Tp, _Alloc>::_M_insert(std::__cxx11::list<_Tp, _Alloc>::iterator, _Args&& ...) [with _Args = {int&, float&, cv::Rect_<int>&, std::vector<cv::Point_<float>, std::allocator<cv::Point_<float> > >&}; _Tp = rm_auto_aim::Armor; _Alloc = std::allocator<rm_auto_aim::Armor>; std::__cxx11::list<_Tp, _Alloc>::iterator = std::__cxx11::list<rm_auto_aim::Armor>::iterator][m[K’
[01m[K/usr/include/c++/11/bits/stl_list.h:1228:19:[m[K   required from ‘[01m[Kstd::__cxx11::list<_Tp, _Alloc>::reference std::__cxx11::list<_Tp, _Alloc>::emplace_back(_Args&& ...) [with _Args = {int&, float&, cv::Rect_<int>&, std::vector<cv::Point_<float>, std::allocator<cv::Point_<float> > >&}; _Tp = rm_auto_aim::Armor; _Alloc = std::allocator<rm_auto_aim::Armor>; std::__cxx11::list<_Tp, _Alloc>::reference = rm_auto_aim::Armor&][m[K’
[01m[K/home/zjy/Inference-for-RDKx5/autoaim/rm_auto_aim/armor_detector/src/yolo11.cpp:135:26:[m[K   required from here
[01m[K/usr/include/c++/11/ext/new_allocator.h:162:11:[m[K [01;31m[Kerror: [m[Kno matching function for call to ‘[01m[Krm_auto_aim::Armor::Armor(int&, float&, cv::Rect_<int>&, std::vector<cv::Point_<float> >&)[m[K’
  162 |         { [01;31m[K::new((void *)__p) _Up(std::forward<_Args>(__args)...)[m[K; }
      |           [01;31m[K^~~~~~~~~~~~~~~~~~~~~~~~~~~~~~~~~~~~~~~~~~~~~~~~~~~~~~[m[K
In file included from [01m[K/home/zjy/Inference-for-RDKx5/autoaim/rm_auto_aim/armor_detector/include/armor_detector/yolo11.hpp:10[m[K,
                 from [01m[K/home/zjy/Inference-for-RDKx5/autoaim/rm_auto_aim/armor_detector/src/yolo11.cpp:1[m[K:
[01m[K/home/zjy/Inference-for-RDKx5/autoaim/rm_auto_aim/armor_detector/include/armor_detector/armor.hpp:44:3:[m[K [01;36m[Knote: [m[Kcandidate: ‘[01m[Krm_auto_aim::Armor::Armor(const rm_auto_aim::Light&, const rm_auto_aim::Light&)[m[K’
   44 |   [01;36m[KArmor[m[K(const Light & l1, const Light & l2)
      |   [01;36m[K^~~~~[m[K
[01m[K/home/zjy/Inference-for-RDKx5/autoaim/rm_auto_aim/armor_detector/include/armor_detector/armor.hpp:44:3:[m[K [01;36m[Knote: [m[K  candidate expects 2 arguments, 4 provided
[01m[K/home/zjy/Inference-for-RDKx5/autoaim/rm_auto_aim/armor_detector/include/armor_detector/armor.hpp:43:3:[m[K [01;36m[Knote: [m[Kcandidate: ‘[01m[Krm_auto_aim::Armor::Armor()[m[K’
   43 |   [01;36m[KArmor[m[K() = default;
      |   [01;36m[K^~~~~[m[K
[01m[K/home/zjy/Inference-for-RDKx5/autoaim/rm_auto_aim/armor_detector/include/armor_detector/armor.hpp:43:3:[m[K [01;36m[Knote: [m[K  candidate expects 0 arguments, 4 provided
[01m[K/home/zjy/Inference-for-RDKx5/autoaim/rm_auto_aim/armor_detector/include/armor_detector/armor.hpp:41:8:[m[K [01;36m[Knote: [m[Kcandidate: ‘[01m[Krm_auto_aim::Armor::Armor(const rm_auto_aim::Armor&)[m[K’
   41 | struct [01;36m[KArmor[m[K
      |        [01;36m[K^~~~~[m[K
[01m[K/home/zjy/Inference-for-RDKx5/autoaim/rm_auto_aim/armor_detector/include/armor_detector/armor.hpp:41:8:[m[K [01;36m[Knote: [m[K  candidate expects 1 argument, 4 provided
[01m[K/home/zjy/Inference-for-RDKx5/autoaim/rm_auto_aim/armor_detector/include/armor_detector/armor.hpp:41:8:[m[K [01;36m[Knote: [m[Kcandidate: ‘[01m[Krm_auto_aim::Armor::Armor(rm_auto_aim::Armor&&)[m[K’
[01m[K/home/zjy/Inference-for-RDKx5/autoaim/rm_auto_aim/armor_detector/include/armor_detector/armor.hpp:41:8:[m[K [01;36m[Knote: [m[K  candidate expects 1 argument, 4 provided
[01m[K/home/zjy/Inference-for-RDKx5/autoaim/rm_auto_aim/armor_detector/src/detector_node.cpp:[m[K In constructor ‘[01m[Krm_auto_aim::ArmorDetectorNode::ArmorDetectorNode(const rclcpp::NodeOptions&)[m[K’:
[01m[K/home/zjy/Inference-for-RDKx5/autoaim/rm_auto_aim/armor_detector/src/detector_node.cpp:36:14:[m[K [01;31m[Kerror: [m[K‘[01m[KinitDetector[m[K’ was not declared in this scope; did you mean ‘[01m[KDetector[m[K’?
   36 |   detector_= [01;31m[KinitDetector[m[K();
      |              [01;31m[K^~~~~~~~~~~~[m[K
      |              [32m[KDetector[m[K
[01m[K/home/zjy/Inference-for-RDKx5/autoaim/rm_auto_aim/armor_detector/src/detector_node.cpp:[m[K At global scope:
[01m[K/home/zjy/Inference-for-RDKx5/autoaim/rm_auto_aim/armor_detector/src/detector_node.cpp:189:27:[m[K [01;31m[Kerror: [m[Kno declaration matches ‘[01m[Kstd::unique_ptr<rm_auto_aim::Detector> rm_auto_aim::ArmorDetectorNode::initDetector()[m[K’
  189 | std::unique_ptr<Detector> [01;31m[KArmorDetectorNode[m[K::initDetector()
      |                           [01;31m[K^~~~~~~~~~~~~~~~~[m[K
[01m[K/home/zjy/Inference-for-RDKx5/autoaim/rm_auto_aim/armor_detector/src/detector_node.cpp:189:27:[m[K [01;36m[Knote: [m[Kno functions named ‘[01m[Kstd::unique_ptr<rm_auto_aim::Detector> rm_auto_aim::ArmorDetectorNode::initDetector()[m[K’
In file included from [01m[K/home/zjy/Inference-for-RDKx5/autoaim/rm_auto_aim/armor_detector/src/detector_node.cpp:26[m[K:
[01m[K/home/zjy/Inference-for-RDKx5/autoaim/rm_auto_aim/armor_detector/include/armor_detector/detector_node.hpp:29:7:[m[K [01;36m[Knote: [m[K‘[01m[Kclass rm_auto_aim::ArmorDetectorNode[m[K’ defined here
   29 | class [01;36m[KArmorDetectorNode[m[K : public rclcpp::Node
      |       [01;36m[K^~~~~~~~~~~~~~~~~[m[K
[01m[K/home/zjy/Inference-for-RDKx5/autoaim/rm_auto_aim/armor_detector/src/detector_node.cpp:[m[K In member function ‘[01m[Kstd::vector<rm_auto_aim::Armor> rm_auto_aim::ArmorDetectorNode::detectArmors(const ConstSharedPtr&)[m[K’:
[01m[K/home/zjy/Inference-for-RDKx5/autoaim/rm_auto_aim/armor_detector/src/detector_node.cpp:244:37:[m[K [01;31m[Kerror: [m[K‘[01m[Kframe_count_[m[K’ was not declared in this scope
  244 |   auto armors = yolo11_->detect(img,[01;31m[Kframe_count_[m[K);
      |                                     [01;31m[K^~~~~~~~~~~~[m[K
gmake[2]: *** [CMakeFiles/armor_detector.dir/build.make:146：CMakeFiles/armor_detector.dir/src/yolo11.cpp.o] 错误 1
gmake[2]: *** 正在等待未完成的任务....
gmake[2]: *** [CMakeFiles/armor_detector.dir/build.make:90：CMakeFiles/armor_detector.dir/src/detector_node.cpp.o] 错误 1
gmake[1]: *** [CMakeFiles/Makefile2:161：CMakeFiles/armor_detector.dir/all] 错误 2
gmake: *** [Makefile:146：all] 错误 2
