[0.008s] Invoking command in '/home/zjy/Inference-for-RDKx5/autoaim/build/auto_aim_interfaces': CMAKE_PREFIX_PATH=/opt/ros/humble /usr/bin/cmake /home/zjy/Inference-for-RDKx5/autoaim/rm_auto_aim/auto_aim_interfaces -DCMAKE_INSTALL_PREFIX=/home/zjy/Inference-for-RDKx5/autoaim/install/auto_aim_interfaces
[0.094s] -- The C compiler identification is GNU 11.4.0
[0.133s] -- The CXX compiler identification is GNU 11.4.0
[0.138s] -- Detecting C compiler ABI info
[0.183s] -- Detecting C compiler ABI info - done
[0.189s] -- Check for working C compiler: /usr/bin/cc - skipped
[0.189s] -- Detecting C compile features
[0.189s] -- Detecting C compile features - done
[0.192s] -- Detecting CXX compiler ABI info
[0.242s] -- Detecting CXX compiler ABI info - done
[0.249s] -- Check for working CXX compiler: /usr/bin/c++ - skipped
[0.249s] -- Detecting CXX compile features
[0.250s] -- Detecting CXX compile features - done
[0.251s] -- Found ament_cmake: 1.3.11 (/opt/ros/humble/share/ament_cmake/cmake)
[0.679s] -- Found Python3: /usr/bin/python3 (found version "3.10.12") found components: Interpreter 
[0.724s] -- Found rosidl_default_generators: 1.2.0 (/opt/ros/humble/share/rosidl_default_generators/cmake)
[0.726s] -- Using all available rosidl_typesupport_c: rosidl_typesupport_fastrtps_c;rosidl_typesupport_introspection_c
[0.728s] -- Found rosidl_adapter: 3.1.6 (/opt/ros/humble/share/rosidl_adapter/cmake)
[0.747s] -- Using all available rosidl_typesupport_cpp: rosidl_typesupport_fastrtps_cpp;rosidl_typesupport_introspection_cpp
[0.764s] -- Found geometry_msgs: 4.9.0 (/opt/ros/humble/share/geometry_msgs/cmake)
[0.976s] -- Found ament_cmake_ros: 0.10.0 (/opt/ros/humble/share/ament_cmake_ros/cmake)
[1.152s] -- Using all available rosidl_typesupport_c: rosidl_typesupport_fastrtps_c;rosidl_typesupport_introspection_c
[1.452s] -- Using all available rosidl_typesupport_cpp: rosidl_typesupport_fastrtps_cpp;rosidl_typesupport_introspection_cpp
[1.479s] -- Found PythonInterp: /usr/bin/python3 (found suitable version "3.10.12", minimum required is "3.6") 
[1.480s] -- Found python_cmake_module: 0.10.0 (/opt/ros/humble/share/python_cmake_module/cmake)
[1.498s] -- Found PythonLibs: /usr/lib/x86_64-linux-gnu/libpython3.10.so (found suitable version "3.10.0", minimum required is "3.5") 
[1.498s] -- Using PYTHON_EXECUTABLE: /usr/bin/python3
[1.498s] -- Using PYTHON_INCLUDE_DIRS: /usr/local/include/python3.10
[1.498s] -- Using PYTHON_LIBRARIES: /usr/lib/x86_64-linux-gnu/libpython3.10.so
[1.519s] -- Found PythonExtra: .so  
[1.775s] -- Using numpy include directory: /home/zjy/.local/lib/python3.10/site-packages/numpy/core/include
[1.788s] -- Configuring done
[1.817s] -- Generating done
[1.829s] -- Build files have been written to: /home/zjy/Inference-for-RDKx5/autoaim/build/auto_aim_interfaces
[1.841s] Invoked command in '/home/zjy/Inference-for-RDKx5/autoaim/build/auto_aim_interfaces' returned '0': CMAKE_PREFIX_PATH=/opt/ros/humble /usr/bin/cmake /home/zjy/Inference-for-RDKx5/autoaim/rm_auto_aim/auto_aim_interfaces -DCMAKE_INSTALL_PREFIX=/home/zjy/Inference-for-RDKx5/autoaim/install/auto_aim_interfaces
[1.843s] Invoking command in '/home/zjy/Inference-for-RDKx5/autoaim/build/auto_aim_interfaces': CMAKE_PREFIX_PATH=/opt/ros/humble /usr/bin/cmake --build /home/zjy/Inference-for-RDKx5/autoaim/build/auto_aim_interfaces -- -j32 -l32
[1.880s] [  1%] [34m[1mGenerating C code for ROS interfaces[0m
[1.891s] [  2%] [34m[1mGenerating C++ code for ROS interfaces[0m
[1.899s] [  2%] Built target ament_cmake_python_copy_auto_aim_interfaces
[2.275s] running egg_info
[2.276s] creating auto_aim_interfaces.egg-info
[2.298s] writing auto_aim_interfaces.egg-info/PKG-INFO
[2.298s] writing dependency_links to auto_aim_interfaces.egg-info/dependency_links.txt
[2.299s] writing top-level names to auto_aim_interfaces.egg-info/top_level.txt
[2.299s] writing manifest file 'auto_aim_interfaces.egg-info/SOURCES.txt'
[2.383s] reading manifest file 'auto_aim_interfaces.egg-info/SOURCES.txt'
[2.384s] writing manifest file 'auto_aim_interfaces.egg-info/SOURCES.txt'
[2.400s] [  4%] [32mBuilding C object CMakeFiles/auto_aim_interfaces__rosidl_generator_c.dir/rosidl_generator_c/auto_aim_interfaces/msg/detail/armors__functions.c.o[0m
[2.400s] [  4%] [32mBuilding C object CMakeFiles/auto_aim_interfaces__rosidl_generator_c.dir/rosidl_generator_c/auto_aim_interfaces/msg/detail/debug_light__functions.c.o[0m
[2.400s] [  5%] [32mBuilding C object CMakeFiles/auto_aim_interfaces__rosidl_generator_c.dir/rosidl_generator_c/auto_aim_interfaces/msg/detail/armor__functions.c.o[0m
[2.400s] [  6%] [32mBuilding C object CMakeFiles/auto_aim_interfaces__rosidl_generator_c.dir/rosidl_generator_c/auto_aim_interfaces/msg/detail/target__functions.c.o[0m
[2.400s] [  7%] [32mBuilding C object CMakeFiles/auto_aim_interfaces__rosidl_generator_c.dir/rosidl_generator_c/auto_aim_interfaces/msg/detail/debug_armor__functions.c.o[0m
[2.400s] [  8%] [32mBuilding C object CMakeFiles/auto_aim_interfaces__rosidl_generator_c.dir/rosidl_generator_c/auto_aim_interfaces/msg/detail/debug_lights__functions.c.o[0m
[2.401s] [  9%] [32mBuilding C object CMakeFiles/auto_aim_interfaces__rosidl_generator_c.dir/rosidl_generator_c/auto_aim_interfaces/msg/detail/debug_armors__functions.c.o[0m
[2.401s] [ 10%] [32mBuilding C object CMakeFiles/auto_aim_interfaces__rosidl_generator_c.dir/rosidl_generator_c/auto_aim_interfaces/msg/detail/tracker_info__functions.c.o[0m
[2.402s] [ 11%] [32mBuilding C object CMakeFiles/auto_aim_interfaces__rosidl_generator_c.dir/rosidl_generator_c/auto_aim_interfaces/msg/detail/time_info__functions.c.o[0m
[2.444s] [ 11%] Built target ament_cmake_python_build_auto_aim_interfaces_egg
[2.463s] [ 12%] [32m[1mLinking C shared library libauto_aim_interfaces__rosidl_generator_c.so[0m
[2.506s] [ 12%] Built target auto_aim_interfaces__rosidl_generator_c
[2.515s] [ 13%] [34m[1mGenerating C type support for eProsima Fast-RTPS[0m
[2.515s] [ 15%] [34m[1mGenerating C introspection for ROS interfaces[0m
[2.515s] [ 15%] [34m[1mGenerating C type support dispatch for ROS interfaces[0m
[2.638s] [ 15%] Built target auto_aim_interfaces__cpp
[2.649s] [ 16%] [34m[1mGenerating C++ type support dispatch for ROS interfaces[0m
[2.651s] [ 18%] [34m[1mGenerating C++ type support for eProsima Fast-RTPS[0m
[2.651s] [ 18%] [34m[1mGenerating C++ introspection for ROS interfaces[0m
[2.890s] [ 20%] [32mBuilding CXX object CMakeFiles/auto_aim_interfaces__rosidl_typesupport_c.dir/rosidl_typesupport_c/auto_aim_interfaces/msg/debug_light__type_support.cpp.o[0m
[2.891s] [ 21%] [32mBuilding CXX object CMakeFiles/auto_aim_interfaces__rosidl_typesupport_c.dir/rosidl_typesupport_c/auto_aim_interfaces/msg/debug_armors__type_support.cpp.o[0m
[2.891s] [ 22%] [32mBuilding CXX object CMakeFiles/auto_aim_interfaces__rosidl_typesupport_c.dir/rosidl_typesupport_c/auto_aim_interfaces/msg/armors__type_support.cpp.o[0m
[2.891s] [ 23%] [32mBuilding CXX object CMakeFiles/auto_aim_interfaces__rosidl_typesupport_c.dir/rosidl_typesupport_c/auto_aim_interfaces/msg/target__type_support.cpp.o[0m
[2.892s] [ 24%] [32mBuilding CXX object CMakeFiles/auto_aim_interfaces__rosidl_typesupport_c.dir/rosidl_typesupport_c/auto_aim_interfaces/msg/armor__type_support.cpp.o[0m
[2.892s] [ 25%] [32mBuilding CXX object CMakeFiles/auto_aim_interfaces__rosidl_typesupport_c.dir/rosidl_typesupport_c/auto_aim_interfaces/msg/debug_lights__type_support.cpp.o[0m
[2.892s] [ 26%] [32mBuilding CXX object CMakeFiles/auto_aim_interfaces__rosidl_typesupport_c.dir/rosidl_typesupport_c/auto_aim_interfaces/msg/time_info__type_support.cpp.o[0m
[2.893s] [ 27%] [32mBuilding CXX object CMakeFiles/auto_aim_interfaces__rosidl_typesupport_c.dir/rosidl_typesupport_c/auto_aim_interfaces/msg/debug_armor__type_support.cpp.o[0m
[2.893s] [ 28%] [32mBuilding CXX object CMakeFiles/auto_aim_interfaces__rosidl_typesupport_c.dir/rosidl_typesupport_c/auto_aim_interfaces/msg/tracker_info__type_support.cpp.o[0m
[2.909s] [ 29%] [32mBuilding C object CMakeFiles/auto_aim_interfaces__rosidl_typesupport_introspection_c.dir/rosidl_typesupport_introspection_c/auto_aim_interfaces/msg/detail/debug_light__type_support.c.o[0m
[2.910s] [ 30%] [32mBuilding C object CMakeFiles/auto_aim_interfaces__rosidl_typesupport_introspection_c.dir/rosidl_typesupport_introspection_c/auto_aim_interfaces/msg/detail/armor__type_support.c.o[0m
[2.910s] [ 31%] [32mBuilding C object CMakeFiles/auto_aim_interfaces__rosidl_typesupport_introspection_c.dir/rosidl_typesupport_introspection_c/auto_aim_interfaces/msg/detail/debug_lights__type_support.c.o[0m
[2.910s] [ 32%] [32mBuilding C object CMakeFiles/auto_aim_interfaces__rosidl_typesupport_introspection_c.dir/rosidl_typesupport_introspection_c/auto_aim_interfaces/msg/detail/debug_armor__type_support.c.o[0m
[2.911s] [ 33%] [32mBuilding C object CMakeFiles/auto_aim_interfaces__rosidl_typesupport_introspection_c.dir/rosidl_typesupport_introspection_c/auto_aim_interfaces/msg/detail/debug_armors__type_support.c.o[0m
[2.912s] [ 34%] [32mBuilding C object CMakeFiles/auto_aim_interfaces__rosidl_typesupport_introspection_c.dir/rosidl_typesupport_introspection_c/auto_aim_interfaces/msg/detail/target__type_support.c.o[0m
[2.912s] [ 35%] [32mBuilding C object CMakeFiles/auto_aim_interfaces__rosidl_typesupport_introspection_c.dir/rosidl_typesupport_introspection_c/auto_aim_interfaces/msg/detail/armors__type_support.c.o[0m
[2.913s] [ 36%] [32mBuilding C object CMakeFiles/auto_aim_interfaces__rosidl_typesupport_introspection_c.dir/rosidl_typesupport_introspection_c/auto_aim_interfaces/msg/detail/tracker_info__type_support.c.o[0m
[2.913s] [ 37%] [32mBuilding C object CMakeFiles/auto_aim_interfaces__rosidl_typesupport_introspection_c.dir/rosidl_typesupport_introspection_c/auto_aim_interfaces/msg/detail/time_info__type_support.c.o[0m
[2.925s] [ 38%] [32m[1mLinking CXX shared library libauto_aim_interfaces__rosidl_typesupport_c.so[0m
[2.953s] [ 40%] [32m[1mLinking C shared library libauto_aim_interfaces__rosidl_typesupport_introspection_c.so[0m
[2.969s] [ 40%] Built target auto_aim_interfaces__rosidl_typesupport_c
[2.985s] [ 40%] Built target auto_aim_interfaces__rosidl_typesupport_introspection_c
[2.990s] [ 41%] [32mBuilding CXX object CMakeFiles/auto_aim_interfaces__rosidl_typesupport_cpp.dir/rosidl_typesupport_cpp/auto_aim_interfaces/msg/armor__type_support.cpp.o[0m
[2.992s] [ 42%] [32mBuilding CXX object CMakeFiles/auto_aim_interfaces__rosidl_typesupport_fastrtps_c.dir/rosidl_typesupport_fastrtps_c/auto_aim_interfaces/msg/detail/armors__type_support_c.cpp.o[0m
[2.992s] [ 43%] [32mBuilding CXX object CMakeFiles/auto_aim_interfaces__rosidl_typesupport_cpp.dir/rosidl_typesupport_cpp/auto_aim_interfaces/msg/debug_armors__type_support.cpp.o[0m
[2.992s] [ 44%] [32mBuilding CXX object CMakeFiles/auto_aim_interfaces__rosidl_typesupport_cpp.dir/rosidl_typesupport_cpp/auto_aim_interfaces/msg/debug_armor__type_support.cpp.o[0m
[2.993s] [ 45%] [32mBuilding CXX object CMakeFiles/auto_aim_interfaces__rosidl_typesupport_cpp.dir/rosidl_typesupport_cpp/auto_aim_interfaces/msg/armors__type_support.cpp.o[0m
[2.993s] [ 46%] [32mBuilding CXX object CMakeFiles/auto_aim_interfaces__rosidl_typesupport_fastrtps_c.dir/rosidl_typesupport_fastrtps_c/auto_aim_interfaces/msg/detail/debug_armors__type_support_c.cpp.o[0m
[2.993s] [ 47%] [32mBuilding CXX object CMakeFiles/auto_aim_interfaces__rosidl_typesupport_cpp.dir/rosidl_typesupport_cpp/auto_aim_interfaces/msg/target__type_support.cpp.o[0m
[2.993s] [ 48%] [32mBuilding CXX object CMakeFiles/auto_aim_interfaces__rosidl_typesupport_fastrtps_c.dir/rosidl_typesupport_fastrtps_c/auto_aim_interfaces/msg/detail/target__type_support_c.cpp.o[0m
[2.993s] [ 49%] [32mBuilding CXX object CMakeFiles/auto_aim_interfaces__rosidl_typesupport_cpp.dir/rosidl_typesupport_cpp/auto_aim_interfaces/msg/debug_light__type_support.cpp.o[0m
[2.994s] [ 50%] [32mBuilding CXX object CMakeFiles/auto_aim_interfaces__rosidl_typesupport_cpp.dir/rosidl_typesupport_cpp/auto_aim_interfaces/msg/debug_lights__type_support.cpp.o[0m
[2.994s] [ 51%] [32mBuilding CXX object CMakeFiles/auto_aim_interfaces__rosidl_typesupport_fastrtps_c.dir/rosidl_typesupport_fastrtps_c/auto_aim_interfaces/msg/detail/armor__type_support_c.cpp.o[0m
[2.994s] [ 52%] [32mBuilding CXX object CMakeFiles/auto_aim_interfaces__rosidl_typesupport_fastrtps_c.dir/rosidl_typesupport_fastrtps_c/auto_aim_interfaces/msg/detail/tracker_info__type_support_c.cpp.o[0m
[2.994s] [ 53%] [32mBuilding CXX object CMakeFiles/auto_aim_interfaces__rosidl_typesupport_fastrtps_c.dir/rosidl_typesupport_fastrtps_c/auto_aim_interfaces/msg/detail/debug_lights__type_support_c.cpp.o[0m
[2.994s] [ 54%] [32mBuilding CXX object CMakeFiles/auto_aim_interfaces__rosidl_typesupport_cpp.dir/rosidl_typesupport_cpp/auto_aim_interfaces/msg/tracker_info__type_support.cpp.o[0m
[2.995s] [ 55%] [32mBuilding CXX object CMakeFiles/auto_aim_interfaces__rosidl_typesupport_cpp.dir/rosidl_typesupport_cpp/auto_aim_interfaces/msg/time_info__type_support.cpp.o[0m
[2.995s] [ 57%] [32mBuilding CXX object CMakeFiles/auto_aim_interfaces__rosidl_typesupport_fastrtps_c.dir/rosidl_typesupport_fastrtps_c/auto_aim_interfaces/msg/detail/debug_light__type_support_c.cpp.o[0m
[2.995s] [ 57%] [32mBuilding CXX object CMakeFiles/auto_aim_interfaces__rosidl_typesupport_fastrtps_c.dir/rosidl_typesupport_fastrtps_c/auto_aim_interfaces/msg/detail/debug_armor__type_support_c.cpp.o[0m
[2.997s] [ 58%] [32mBuilding CXX object CMakeFiles/auto_aim_interfaces__rosidl_typesupport_fastrtps_c.dir/rosidl_typesupport_fastrtps_c/auto_aim_interfaces/msg/detail/time_info__type_support_c.cpp.o[0m
[3.243s] [ 60%] [32mBuilding CXX object CMakeFiles/auto_aim_interfaces__rosidl_typesupport_introspection_cpp.dir/rosidl_typesupport_introspection_cpp/auto_aim_interfaces/msg/detail/target__type_support.cpp.o[0m
[3.243s] [ 61%] [32mBuilding CXX object CMakeFiles/auto_aim_interfaces__rosidl_typesupport_introspection_cpp.dir/rosidl_typesupport_introspection_cpp/auto_aim_interfaces/msg/detail/debug_lights__type_support.cpp.o[0m
[3.243s] [ 62%] [32mBuilding CXX object CMakeFiles/auto_aim_interfaces__rosidl_typesupport_introspection_cpp.dir/rosidl_typesupport_introspection_cpp/auto_aim_interfaces/msg/detail/armor__type_support.cpp.o[0m
[3.243s] [ 63%] [32mBuilding CXX object CMakeFiles/auto_aim_interfaces__rosidl_typesupport_introspection_cpp.dir/rosidl_typesupport_introspection_cpp/auto_aim_interfaces/msg/detail/debug_light__type_support.cpp.o[0m
[3.243s] [ 64%] [32mBuilding CXX object CMakeFiles/auto_aim_interfaces__rosidl_typesupport_introspection_cpp.dir/rosidl_typesupport_introspection_cpp/auto_aim_interfaces/msg/detail/armors__type_support.cpp.o[0m
[3.244s] [ 65%] [32mBuilding CXX object CMakeFiles/auto_aim_interfaces__rosidl_typesupport_introspection_cpp.dir/rosidl_typesupport_introspection_cpp/auto_aim_interfaces/msg/detail/debug_armor__type_support.cpp.o[0m
[3.244s] [ 66%] [32mBuilding CXX object CMakeFiles/auto_aim_interfaces__rosidl_typesupport_introspection_cpp.dir/rosidl_typesupport_introspection_cpp/auto_aim_interfaces/msg/detail/time_info__type_support.cpp.o[0m
[3.244s] [ 67%] [32mBuilding CXX object CMakeFiles/auto_aim_interfaces__rosidl_typesupport_introspection_cpp.dir/rosidl_typesupport_introspection_cpp/auto_aim_interfaces/msg/detail/tracker_info__type_support.cpp.o[0m
[3.246s] [ 68%] [32mBuilding CXX object CMakeFiles/auto_aim_interfaces__rosidl_typesupport_introspection_cpp.dir/rosidl_typesupport_introspection_cpp/auto_aim_interfaces/msg/detail/debug_armors__type_support.cpp.o[0m
[3.303s] [ 72%] [32mBuilding CXX object CMakeFiles/auto_aim_interfaces__rosidl_typesupport_fastrtps_cpp.dir/rosidl_typesupport_fastrtps_cpp/auto_aim_interfaces/msg/detail/dds_fastrtps/target__type_support.cpp.o[0m
[3.304s] [ 72%] [32mBuilding CXX object CMakeFiles/auto_aim_interfaces__rosidl_typesupport_fastrtps_cpp.dir/rosidl_typesupport_fastrtps_cpp/auto_aim_interfaces/msg/detail/dds_fastrtps/debug_lights__type_support.cpp.o[0m
[3.304s] [ 75%] [32mBuilding CXX object CMakeFiles/auto_aim_interfaces__rosidl_typesupport_fastrtps_cpp.dir/rosidl_typesupport_fastrtps_cpp/auto_aim_interfaces/msg/detail/dds_fastrtps/tracker_info__type_support.cpp.o[0m
[3.304s] [ 72%] [32mBuilding CXX object CMakeFiles/auto_aim_interfaces__rosidl_typesupport_fastrtps_cpp.dir/rosidl_typesupport_fastrtps_cpp/auto_aim_interfaces/msg/detail/dds_fastrtps/debug_light__type_support.cpp.o[0m
[3.304s] [ 75%] [32mBuilding CXX object CMakeFiles/auto_aim_interfaces__rosidl_typesupport_fastrtps_cpp.dir/rosidl_typesupport_fastrtps_cpp/auto_aim_interfaces/msg/detail/dds_fastrtps/armors__type_support.cpp.o[0m
[3.304s] [ 75%] [32mBuilding CXX object CMakeFiles/auto_aim_interfaces__rosidl_typesupport_fastrtps_cpp.dir/rosidl_typesupport_fastrtps_cpp/auto_aim_interfaces/msg/detail/dds_fastrtps/debug_armors__type_support.cpp.o[0m
[3.304s] [ 75%] [32mBuilding CXX object CMakeFiles/auto_aim_interfaces__rosidl_typesupport_fastrtps_cpp.dir/rosidl_typesupport_fastrtps_cpp/auto_aim_interfaces/msg/detail/dds_fastrtps/debug_armor__type_support.cpp.o[0m
[3.304s] [ 76%] [32mBuilding CXX object CMakeFiles/auto_aim_interfaces__rosidl_typesupport_fastrtps_cpp.dir/rosidl_typesupport_fastrtps_cpp/auto_aim_interfaces/msg/detail/dds_fastrtps/armor__type_support.cpp.o[0m
[3.316s] [ 77%] [32mBuilding CXX object CMakeFiles/auto_aim_interfaces__rosidl_typesupport_fastrtps_cpp.dir/rosidl_typesupport_fastrtps_cpp/auto_aim_interfaces/msg/detail/dds_fastrtps/time_info__type_support.cpp.o[0m
[3.364s] [ 78%] [32m[1mLinking CXX shared library libauto_aim_interfaces__rosidl_typesupport_cpp.so[0m
[3.430s] [ 78%] Built target auto_aim_interfaces__rosidl_typesupport_cpp
[3.471s] [ 80%] [32m[1mLinking CXX shared library libauto_aim_interfaces__rosidl_typesupport_fastrtps_c.so[0m
[3.550s] [ 80%] Built target auto_aim_interfaces__rosidl_typesupport_fastrtps_c
[3.784s] [ 81%] [32m[1mLinking CXX shared library libauto_aim_interfaces__rosidl_typesupport_introspection_cpp.so[0m
[3.838s] [ 82%] [32m[1mLinking CXX shared library libauto_aim_interfaces__rosidl_typesupport_fastrtps_cpp.so[0m
[3.838s] [ 82%] Built target auto_aim_interfaces__rosidl_typesupport_introspection_cpp
[3.885s] [ 82%] Built target auto_aim_interfaces__rosidl_typesupport_fastrtps_cpp
[3.904s] [ 82%] Built target auto_aim_interfaces
[3.922s] [ 83%] [34m[1mGenerating Python code for ROS interfaces[0m
[4.419s] [ 83%] Built target auto_aim_interfaces__py
[4.436s] [ 85%] [32mBuilding C object CMakeFiles/auto_aim_interfaces__rosidl_generator_py.dir/rosidl_generator_py/auto_aim_interfaces/msg/_time_info_s.c.o[0m
[4.436s] [ 85%] [32mBuilding C object CMakeFiles/auto_aim_interfaces__rosidl_generator_py.dir/rosidl_generator_py/auto_aim_interfaces/msg/_tracker_info_s.c.o[0m
[4.436s] [ 87%] [32mBuilding C object CMakeFiles/auto_aim_interfaces__rosidl_generator_py.dir/rosidl_generator_py/auto_aim_interfaces/msg/_armor_s.c.o[0m
[4.436s] [ 87%] [32mBuilding C object CMakeFiles/auto_aim_interfaces__rosidl_generator_py.dir/rosidl_generator_py/auto_aim_interfaces/msg/_armors_s.c.o[0m
[4.436s] [ 88%] [32mBuilding C object CMakeFiles/auto_aim_interfaces__rosidl_generator_py.dir/rosidl_generator_py/auto_aim_interfaces/msg/_target_s.c.o[0m
[4.436s] [ 89%] [32mBuilding C object CMakeFiles/auto_aim_interfaces__rosidl_generator_py.dir/rosidl_generator_py/auto_aim_interfaces/msg/_debug_light_s.c.o[0m
[4.437s] [ 90%] [32mBuilding C object CMakeFiles/auto_aim_interfaces__rosidl_generator_py.dir/rosidl_generator_py/auto_aim_interfaces/msg/_debug_armor_s.c.o[0m
[4.437s] [ 91%] [32mBuilding C object CMakeFiles/auto_aim_interfaces__rosidl_generator_py.dir/rosidl_generator_py/auto_aim_interfaces/msg/_debug_lights_s.c.o[0m
[4.437s] [ 92%] [32mBuilding C object CMakeFiles/auto_aim_interfaces__rosidl_generator_py.dir/rosidl_generator_py/auto_aim_interfaces/msg/_debug_armors_s.c.o[0m
[4.539s] [ 93%] [32m[1mLinking C shared library rosidl_generator_py/auto_aim_interfaces/libauto_aim_interfaces__rosidl_generator_py.so[0m
[4.573s] [ 93%] Built target auto_aim_interfaces__rosidl_generator_py
[4.586s] [ 94%] [32mBuilding C object CMakeFiles/auto_aim_interfaces__rosidl_typesupport_fastrtps_c__pyext.dir/rosidl_generator_py/auto_aim_interfaces/_auto_aim_interfaces_s.ep.rosidl_typesupport_fastrtps_c.c.o[0m
[4.588s] [ 95%] [32mBuilding C object CMakeFiles/auto_aim_interfaces__rosidl_typesupport_introspection_c__pyext.dir/rosidl_generator_py/auto_aim_interfaces/_auto_aim_interfaces_s.ep.rosidl_typesupport_introspection_c.c.o[0m
[4.589s] [ 96%] [32mBuilding C object CMakeFiles/auto_aim_interfaces__rosidl_typesupport_c__pyext.dir/rosidl_generator_py/auto_aim_interfaces/_auto_aim_interfaces_s.ep.rosidl_typesupport_c.c.o[0m
[4.657s] [ 97%] [32m[1mLinking C shared library rosidl_generator_py/auto_aim_interfaces/auto_aim_interfaces_s__rosidl_typesupport_fastrtps_c.cpython-310-x86_64-linux-gnu.so[0m
[4.658s] [ 98%] [32m[1mLinking C shared library rosidl_generator_py/auto_aim_interfaces/auto_aim_interfaces_s__rosidl_typesupport_introspection_c.cpython-310-x86_64-linux-gnu.so[0m
[4.662s] [100%] [32m[1mLinking C shared library rosidl_generator_py/auto_aim_interfaces/auto_aim_interfaces_s__rosidl_typesupport_c.cpython-310-x86_64-linux-gnu.so[0m
[4.684s] [100%] Built target auto_aim_interfaces__rosidl_typesupport_introspection_c__pyext
[4.687s] [100%] Built target auto_aim_interfaces__rosidl_typesupport_c__pyext
[4.689s] [100%] Built target auto_aim_interfaces__rosidl_typesupport_fastrtps_c__pyext
[4.697s] Invoked command in '/home/zjy/Inference-for-RDKx5/autoaim/build/auto_aim_interfaces' returned '0': CMAKE_PREFIX_PATH=/opt/ros/humble /usr/bin/cmake --build /home/zjy/Inference-for-RDKx5/autoaim/build/auto_aim_interfaces -- -j32 -l32
[4.698s] Invoking command in '/home/zjy/Inference-for-RDKx5/autoaim/build/auto_aim_interfaces': CMAKE_PREFIX_PATH=/opt/ros/humble /usr/bin/cmake --install /home/zjy/Inference-for-RDKx5/autoaim/build/auto_aim_interfaces
[4.703s] -- Install configuration: ""
[4.703s] -- Installing: /home/zjy/Inference-for-RDKx5/autoaim/install/auto_aim_interfaces/share/ament_index/resource_index/rosidl_interfaces/auto_aim_interfaces
[4.703s] -- Installing: /home/zjy/Inference-for-RDKx5/autoaim/install/auto_aim_interfaces/include/auto_aim_interfaces/auto_aim_interfaces
[4.703s] -- Installing: /home/zjy/Inference-for-RDKx5/autoaim/install/auto_aim_interfaces/include/auto_aim_interfaces/auto_aim_interfaces/msg
[4.703s] -- Installing: /home/zjy/Inference-for-RDKx5/autoaim/install/auto_aim_interfaces/include/auto_aim_interfaces/auto_aim_interfaces/msg/debug_armor.h
[4.703s] -- Installing: /home/zjy/Inference-for-RDKx5/autoaim/install/auto_aim_interfaces/include/auto_aim_interfaces/auto_aim_interfaces/msg/debug_lights.h
[4.703s] -- Installing: /home/zjy/Inference-for-RDKx5/autoaim/install/auto_aim_interfaces/include/auto_aim_interfaces/auto_aim_interfaces/msg/debug_light.h
[4.703s] -- Installing: /home/zjy/Inference-for-RDKx5/autoaim/install/auto_aim_interfaces/include/auto_aim_interfaces/auto_aim_interfaces/msg/armor.h
[4.704s] -- Installing: /home/zjy/Inference-for-RDKx5/autoaim/install/auto_aim_interfaces/include/auto_aim_interfaces/auto_aim_interfaces/msg/armors.h
[4.704s] -- Installing: /home/zjy/Inference-for-RDKx5/autoaim/install/auto_aim_interfaces/include/auto_aim_interfaces/auto_aim_interfaces/msg/time_info.h
[4.704s] -- Installing: /home/zjy/Inference-for-RDKx5/autoaim/install/auto_aim_interfaces/include/auto_aim_interfaces/auto_aim_interfaces/msg/rosidl_generator_c__visibility_control.h
[4.704s] -- Installing: /home/zjy/Inference-for-RDKx5/autoaim/install/auto_aim_interfaces/include/auto_aim_interfaces/auto_aim_interfaces/msg/debug_armors.h
[4.704s] -- Installing: /home/zjy/Inference-for-RDKx5/autoaim/install/auto_aim_interfaces/include/auto_aim_interfaces/auto_aim_interfaces/msg/detail
[4.704s] -- Installing: /home/zjy/Inference-for-RDKx5/autoaim/install/auto_aim_interfaces/include/auto_aim_interfaces/auto_aim_interfaces/msg/detail/debug_light__functions.h
[4.704s] -- Installing: /home/zjy/Inference-for-RDKx5/autoaim/install/auto_aim_interfaces/include/auto_aim_interfaces/auto_aim_interfaces/msg/detail/time_info__type_support.h
[4.704s] -- Installing: /home/zjy/Inference-for-RDKx5/autoaim/install/auto_aim_interfaces/include/auto_aim_interfaces/auto_aim_interfaces/msg/detail/debug_armor__type_support.h
[4.704s] -- Installing: /home/zjy/Inference-for-RDKx5/autoaim/install/auto_aim_interfaces/include/auto_aim_interfaces/auto_aim_interfaces/msg/detail/tracker_info__struct.h
[4.704s] -- Installing: /home/zjy/Inference-for-RDKx5/autoaim/install/auto_aim_interfaces/include/auto_aim_interfaces/auto_aim_interfaces/msg/detail/target__functions.c
[4.704s] -- Installing: /home/zjy/Inference-for-RDKx5/autoaim/install/auto_aim_interfaces/include/auto_aim_interfaces/auto_aim_interfaces/msg/detail/tracker_info__type_support.h
[4.704s] -- Installing: /home/zjy/Inference-for-RDKx5/autoaim/install/auto_aim_interfaces/include/auto_aim_interfaces/auto_aim_interfaces/msg/detail/debug_lights__functions.c
[4.704s] -- Installing: /home/zjy/Inference-for-RDKx5/autoaim/install/auto_aim_interfaces/include/auto_aim_interfaces/auto_aim_interfaces/msg/detail/armors__functions.c
[4.704s] -- Installing: /home/zjy/Inference-for-RDKx5/autoaim/install/auto_aim_interfaces/include/auto_aim_interfaces/auto_aim_interfaces/msg/detail/armor__struct.h
[4.704s] -- Installing: /home/zjy/Inference-for-RDKx5/autoaim/install/auto_aim_interfaces/include/auto_aim_interfaces/auto_aim_interfaces/msg/detail/debug_armor__struct.h
[4.704s] -- Installing: /home/zjy/Inference-for-RDKx5/autoaim/install/auto_aim_interfaces/include/auto_aim_interfaces/auto_aim_interfaces/msg/detail/debug_armors__functions.c
[4.704s] -- Installing: /home/zjy/Inference-for-RDKx5/autoaim/install/auto_aim_interfaces/include/auto_aim_interfaces/auto_aim_interfaces/msg/detail/armors__functions.h
[4.704s] -- Installing: /home/zjy/Inference-for-RDKx5/autoaim/install/auto_aim_interfaces/include/auto_aim_interfaces/auto_aim_interfaces/msg/detail/time_info__functions.h
[4.705s] -- Installing: /home/zjy/Inference-for-RDKx5/autoaim/install/auto_aim_interfaces/include/auto_aim_interfaces/auto_aim_interfaces/msg/detail/tracker_info__functions.c
[4.705s] -- Installing: /home/zjy/Inference-for-RDKx5/autoaim/install/auto_aim_interfaces/include/auto_aim_interfaces/auto_aim_interfaces/msg/detail/armor__functions.h
[4.705s] -- Installing: /home/zjy/Inference-for-RDKx5/autoaim/install/auto_aim_interfaces/include/auto_aim_interfaces/auto_aim_interfaces/msg/detail/armors__type_support.h
[4.705s] -- Installing: /home/zjy/Inference-for-RDKx5/autoaim/install/auto_aim_interfaces/include/auto_aim_interfaces/auto_aim_interfaces/msg/detail/target__struct.h
[4.705s] -- Installing: /home/zjy/Inference-for-RDKx5/autoaim/install/auto_aim_interfaces/include/auto_aim_interfaces/auto_aim_interfaces/msg/detail/debug_light__struct.h
[4.705s] -- Installing: /home/zjy/Inference-for-RDKx5/autoaim/install/auto_aim_interfaces/include/auto_aim_interfaces/auto_aim_interfaces/msg/detail/target__functions.h
[4.705s] -- Installing: /home/zjy/Inference-for-RDKx5/autoaim/install/auto_aim_interfaces/include/auto_aim_interfaces/auto_aim_interfaces/msg/detail/debug_armor__functions.h
[4.705s] -- Installing: /home/zjy/Inference-for-RDKx5/autoaim/install/auto_aim_interfaces/include/auto_aim_interfaces/auto_aim_interfaces/msg/detail/debug_lights__type_support.h
[4.705s] -- Installing: /home/zjy/Inference-for-RDKx5/autoaim/install/auto_aim_interfaces/include/auto_aim_interfaces/auto_aim_interfaces/msg/detail/debug_lights__struct.h
[4.705s] -- Installing: /home/zjy/Inference-for-RDKx5/autoaim/install/auto_aim_interfaces/include/auto_aim_interfaces/auto_aim_interfaces/msg/detail/debug_light__functions.c
[4.705s] -- Installing: /home/zjy/Inference-for-RDKx5/autoaim/install/auto_aim_interfaces/include/auto_aim_interfaces/auto_aim_interfaces/msg/detail/tracker_info__functions.h
[4.705s] -- Installing: /home/zjy/Inference-for-RDKx5/autoaim/install/auto_aim_interfaces/include/auto_aim_interfaces/auto_aim_interfaces/msg/detail/target__type_support.h
[4.705s] -- Installing: /home/zjy/Inference-for-RDKx5/autoaim/install/auto_aim_interfaces/include/auto_aim_interfaces/auto_aim_interfaces/msg/detail/debug_armors__type_support.h
[4.705s] -- Installing: /home/zjy/Inference-for-RDKx5/autoaim/install/auto_aim_interfaces/include/auto_aim_interfaces/auto_aim_interfaces/msg/detail/armors__struct.h
[4.705s] -- Installing: /home/zjy/Inference-for-RDKx5/autoaim/install/auto_aim_interfaces/include/auto_aim_interfaces/auto_aim_interfaces/msg/detail/debug_lights__functions.h
[4.705s] -- Installing: /home/zjy/Inference-for-RDKx5/autoaim/install/auto_aim_interfaces/include/auto_aim_interfaces/auto_aim_interfaces/msg/detail/debug_armors__functions.h
[4.705s] -- Installing: /home/zjy/Inference-for-RDKx5/autoaim/install/auto_aim_interfaces/include/auto_aim_interfaces/auto_aim_interfaces/msg/detail/armor__type_support.h
[4.706s] -- Installing: /home/zjy/Inference-for-RDKx5/autoaim/install/auto_aim_interfaces/include/auto_aim_interfaces/auto_aim_interfaces/msg/detail/debug_light__type_support.h
[4.706s] -- Installing: /home/zjy/Inference-for-RDKx5/autoaim/install/auto_aim_interfaces/include/auto_aim_interfaces/auto_aim_interfaces/msg/detail/debug_armors__struct.h
[4.706s] -- Installing: /home/zjy/Inference-for-RDKx5/autoaim/install/auto_aim_interfaces/include/auto_aim_interfaces/auto_aim_interfaces/msg/detail/time_info__functions.c
[4.706s] -- Installing: /home/zjy/Inference-for-RDKx5/autoaim/install/auto_aim_interfaces/include/auto_aim_interfaces/auto_aim_interfaces/msg/detail/armor__functions.c
[4.706s] -- Installing: /home/zjy/Inference-for-RDKx5/autoaim/install/auto_aim_interfaces/include/auto_aim_interfaces/auto_aim_interfaces/msg/detail/time_info__struct.h
[4.706s] -- Installing: /home/zjy/Inference-for-RDKx5/autoaim/install/auto_aim_interfaces/include/auto_aim_interfaces/auto_aim_interfaces/msg/detail/debug_armor__functions.c
[4.706s] -- Installing: /home/zjy/Inference-for-RDKx5/autoaim/install/auto_aim_interfaces/include/auto_aim_interfaces/auto_aim_interfaces/msg/target.h
[4.706s] -- Installing: /home/zjy/Inference-for-RDKx5/autoaim/install/auto_aim_interfaces/include/auto_aim_interfaces/auto_aim_interfaces/msg/tracker_info.h
[4.706s] -- Installing: /home/zjy/Inference-for-RDKx5/autoaim/install/auto_aim_interfaces/share/auto_aim_interfaces/environment/library_path.sh
[4.706s] -- Installing: /home/zjy/Inference-for-RDKx5/autoaim/install/auto_aim_interfaces/share/auto_aim_interfaces/environment/library_path.dsv
[4.706s] -- Installing: /home/zjy/Inference-for-RDKx5/autoaim/install/auto_aim_interfaces/lib/libauto_aim_interfaces__rosidl_generator_c.so
[4.706s] -- Set runtime path of "/home/zjy/Inference-for-RDKx5/autoaim/install/auto_aim_interfaces/lib/libauto_aim_interfaces__rosidl_generator_c.so" to ""
[4.706s] -- Up-to-date: /home/zjy/Inference-for-RDKx5/autoaim/install/auto_aim_interfaces/include/auto_aim_interfaces/auto_aim_interfaces
[4.706s] -- Up-to-date: /home/zjy/Inference-for-RDKx5/autoaim/install/auto_aim_interfaces/include/auto_aim_interfaces/auto_aim_interfaces/msg
[4.706s] -- Installing: /home/zjy/Inference-for-RDKx5/autoaim/install/auto_aim_interfaces/include/auto_aim_interfaces/auto_aim_interfaces/msg/rosidl_typesupport_fastrtps_c__visibility_control.h
[4.706s] -- Up-to-date: /home/zjy/Inference-for-RDKx5/autoaim/install/auto_aim_interfaces/include/auto_aim_interfaces/auto_aim_interfaces/msg/detail
[4.706s] -- Installing: /home/zjy/Inference-for-RDKx5/autoaim/install/auto_aim_interfaces/include/auto_aim_interfaces/auto_aim_interfaces/msg/detail/debug_armor__rosidl_typesupport_fastrtps_c.h
[4.706s] -- Installing: /home/zjy/Inference-for-RDKx5/autoaim/install/auto_aim_interfaces/include/auto_aim_interfaces/auto_aim_interfaces/msg/detail/target__rosidl_typesupport_fastrtps_c.h
[4.706s] -- Installing: /home/zjy/Inference-for-RDKx5/autoaim/install/auto_aim_interfaces/include/auto_aim_interfaces/auto_aim_interfaces/msg/detail/tracker_info__rosidl_typesupport_fastrtps_c.h
[4.706s] -- Installing: /home/zjy/Inference-for-RDKx5/autoaim/install/auto_aim_interfaces/include/auto_aim_interfaces/auto_aim_interfaces/msg/detail/time_info__rosidl_typesupport_fastrtps_c.h
[4.706s] -- Installing: /home/zjy/Inference-for-RDKx5/autoaim/install/auto_aim_interfaces/include/auto_aim_interfaces/auto_aim_interfaces/msg/detail/debug_lights__rosidl_typesupport_fastrtps_c.h
[4.706s] -- Installing: /home/zjy/Inference-for-RDKx5/autoaim/install/auto_aim_interfaces/include/auto_aim_interfaces/auto_aim_interfaces/msg/detail/armor__rosidl_typesupport_fastrtps_c.h
[4.706s] -- Installing: /home/zjy/Inference-for-RDKx5/autoaim/install/auto_aim_interfaces/include/auto_aim_interfaces/auto_aim_interfaces/msg/detail/debug_armors__rosidl_typesupport_fastrtps_c.h
[4.706s] -- Installing: /home/zjy/Inference-for-RDKx5/autoaim/install/auto_aim_interfaces/include/auto_aim_interfaces/auto_aim_interfaces/msg/detail/debug_light__rosidl_typesupport_fastrtps_c.h
[4.706s] -- Installing: /home/zjy/Inference-for-RDKx5/autoaim/install/auto_aim_interfaces/include/auto_aim_interfaces/auto_aim_interfaces/msg/detail/armors__rosidl_typesupport_fastrtps_c.h
[4.706s] -- Installing: /home/zjy/Inference-for-RDKx5/autoaim/install/auto_aim_interfaces/lib/libauto_aim_interfaces__rosidl_typesupport_fastrtps_c.so
[4.706s] -- Set runtime path of "/home/zjy/Inference-for-RDKx5/autoaim/install/auto_aim_interfaces/lib/libauto_aim_interfaces__rosidl_typesupport_fastrtps_c.so" to ""
[4.706s] -- Up-to-date: /home/zjy/Inference-for-RDKx5/autoaim/install/auto_aim_interfaces/include/auto_aim_interfaces/auto_aim_interfaces
[4.706s] -- Up-to-date: /home/zjy/Inference-for-RDKx5/autoaim/install/auto_aim_interfaces/include/auto_aim_interfaces/auto_aim_interfaces/msg
[4.706s] -- Up-to-date: /home/zjy/Inference-for-RDKx5/autoaim/install/auto_aim_interfaces/include/auto_aim_interfaces/auto_aim_interfaces/msg/detail
[4.706s] -- Installing: /home/zjy/Inference-for-RDKx5/autoaim/install/auto_aim_interfaces/include/auto_aim_interfaces/auto_aim_interfaces/msg/detail/target__type_support.c
[4.707s] -- Installing: /home/zjy/Inference-for-RDKx5/autoaim/install/auto_aim_interfaces/include/auto_aim_interfaces/auto_aim_interfaces/msg/detail/debug_armors__type_support.c
[4.707s] -- Installing: /home/zjy/Inference-for-RDKx5/autoaim/install/auto_aim_interfaces/include/auto_aim_interfaces/auto_aim_interfaces/msg/detail/time_info__rosidl_typesupport_introspection_c.h
[4.707s] -- Installing: /home/zjy/Inference-for-RDKx5/autoaim/install/auto_aim_interfaces/include/auto_aim_interfaces/auto_aim_interfaces/msg/detail/armors__rosidl_typesupport_introspection_c.h
[4.707s] -- Installing: /home/zjy/Inference-for-RDKx5/autoaim/install/auto_aim_interfaces/include/auto_aim_interfaces/auto_aim_interfaces/msg/detail/debug_lights__rosidl_typesupport_introspection_c.h
[4.707s] -- Installing: /home/zjy/Inference-for-RDKx5/autoaim/install/auto_aim_interfaces/include/auto_aim_interfaces/auto_aim_interfaces/msg/detail/debug_light__rosidl_typesupport_introspection_c.h
[4.707s] -- Installing: /home/zjy/Inference-for-RDKx5/autoaim/install/auto_aim_interfaces/include/auto_aim_interfaces/auto_aim_interfaces/msg/detail/tracker_info__type_support.c
[4.707s] -- Installing: /home/zjy/Inference-for-RDKx5/autoaim/install/auto_aim_interfaces/include/auto_aim_interfaces/auto_aim_interfaces/msg/detail/time_info__type_support.c
[4.707s] -- Installing: /home/zjy/Inference-for-RDKx5/autoaim/install/auto_aim_interfaces/include/auto_aim_interfaces/auto_aim_interfaces/msg/detail/target__rosidl_typesupport_introspection_c.h
[4.707s] -- Installing: /home/zjy/Inference-for-RDKx5/autoaim/install/auto_aim_interfaces/include/auto_aim_interfaces/auto_aim_interfaces/msg/detail/armor__type_support.c
[4.707s] -- Installing: /home/zjy/Inference-for-RDKx5/autoaim/install/auto_aim_interfaces/include/auto_aim_interfaces/auto_aim_interfaces/msg/detail/armors__type_support.c
[4.707s] -- Installing: /home/zjy/Inference-for-RDKx5/autoaim/install/auto_aim_interfaces/include/auto_aim_interfaces/auto_aim_interfaces/msg/detail/armor__rosidl_typesupport_introspection_c.h
[4.707s] -- Installing: /home/zjy/Inference-for-RDKx5/autoaim/install/auto_aim_interfaces/include/auto_aim_interfaces/auto_aim_interfaces/msg/detail/debug_armor__rosidl_typesupport_introspection_c.h
[4.707s] -- Installing: /home/zjy/Inference-for-RDKx5/autoaim/install/auto_aim_interfaces/include/auto_aim_interfaces/auto_aim_interfaces/msg/detail/debug_light__type_support.c
[4.707s] -- Installing: /home/zjy/Inference-for-RDKx5/autoaim/install/auto_aim_interfaces/include/auto_aim_interfaces/auto_aim_interfaces/msg/detail/debug_armor__type_support.c
[4.707s] -- Installing: /home/zjy/Inference-for-RDKx5/autoaim/install/auto_aim_interfaces/include/auto_aim_interfaces/auto_aim_interfaces/msg/detail/debug_armors__rosidl_typesupport_introspection_c.h
[4.707s] -- Installing: /home/zjy/Inference-for-RDKx5/autoaim/install/auto_aim_interfaces/include/auto_aim_interfaces/auto_aim_interfaces/msg/detail/tracker_info__rosidl_typesupport_introspection_c.h
[4.707s] -- Installing: /home/zjy/Inference-for-RDKx5/autoaim/install/auto_aim_interfaces/include/auto_aim_interfaces/auto_aim_interfaces/msg/detail/debug_lights__type_support.c
[4.707s] -- Installing: /home/zjy/Inference-for-RDKx5/autoaim/install/auto_aim_interfaces/include/auto_aim_interfaces/auto_aim_interfaces/msg/rosidl_typesupport_introspection_c__visibility_control.h
[4.707s] -- Installing: /home/zjy/Inference-for-RDKx5/autoaim/install/auto_aim_interfaces/lib/libauto_aim_interfaces__rosidl_typesupport_introspection_c.so
[4.707s] -- Set runtime path of "/home/zjy/Inference-for-RDKx5/autoaim/install/auto_aim_interfaces/lib/libauto_aim_interfaces__rosidl_typesupport_introspection_c.so" to ""
[4.707s] -- Installing: /home/zjy/Inference-for-RDKx5/autoaim/install/auto_aim_interfaces/lib/libauto_aim_interfaces__rosidl_typesupport_c.so
[4.707s] -- Set runtime path of "/home/zjy/Inference-for-RDKx5/autoaim/install/auto_aim_interfaces/lib/libauto_aim_interfaces__rosidl_typesupport_c.so" to ""
[4.707s] -- Up-to-date: /home/zjy/Inference-for-RDKx5/autoaim/install/auto_aim_interfaces/include/auto_aim_interfaces/auto_aim_interfaces
[4.707s] -- Up-to-date: /home/zjy/Inference-for-RDKx5/autoaim/install/auto_aim_interfaces/include/auto_aim_interfaces/auto_aim_interfaces/msg
[4.707s] -- Installing: /home/zjy/Inference-for-RDKx5/autoaim/install/auto_aim_interfaces/include/auto_aim_interfaces/auto_aim_interfaces/msg/debug_light.hpp
[4.707s] -- Installing: /home/zjy/Inference-for-RDKx5/autoaim/install/auto_aim_interfaces/include/auto_aim_interfaces/auto_aim_interfaces/msg/debug_armors.hpp
[4.707s] -- Installing: /home/zjy/Inference-for-RDKx5/autoaim/install/auto_aim_interfaces/include/auto_aim_interfaces/auto_aim_interfaces/msg/tracker_info.hpp
[4.707s] -- Installing: /home/zjy/Inference-for-RDKx5/autoaim/install/auto_aim_interfaces/include/auto_aim_interfaces/auto_aim_interfaces/msg/rosidl_generator_cpp__visibility_control.hpp
[4.707s] -- Up-to-date: /home/zjy/Inference-for-RDKx5/autoaim/install/auto_aim_interfaces/include/auto_aim_interfaces/auto_aim_interfaces/msg/detail
[4.707s] -- Installing: /home/zjy/Inference-for-RDKx5/autoaim/install/auto_aim_interfaces/include/auto_aim_interfaces/auto_aim_interfaces/msg/detail/armors__builder.hpp
[4.707s] -- Installing: /home/zjy/Inference-for-RDKx5/autoaim/install/auto_aim_interfaces/include/auto_aim_interfaces/auto_aim_interfaces/msg/detail/armor__builder.hpp
[4.707s] -- Installing: /home/zjy/Inference-for-RDKx5/autoaim/install/auto_aim_interfaces/include/auto_aim_interfaces/auto_aim_interfaces/msg/detail/time_info__type_support.hpp
[4.707s] -- Installing: /home/zjy/Inference-for-RDKx5/autoaim/install/auto_aim_interfaces/include/auto_aim_interfaces/auto_aim_interfaces/msg/detail/armor__traits.hpp
[4.707s] -- Installing: /home/zjy/Inference-for-RDKx5/autoaim/install/auto_aim_interfaces/include/auto_aim_interfaces/auto_aim_interfaces/msg/detail/target__struct.hpp
[4.707s] -- Installing: /home/zjy/Inference-for-RDKx5/autoaim/install/auto_aim_interfaces/include/auto_aim_interfaces/auto_aim_interfaces/msg/detail/debug_armor__type_support.hpp
[4.707s] -- Installing: /home/zjy/Inference-for-RDKx5/autoaim/install/auto_aim_interfaces/include/auto_aim_interfaces/auto_aim_interfaces/msg/detail/debug_armors__builder.hpp
[4.707s] -- Installing: /home/zjy/Inference-for-RDKx5/autoaim/install/auto_aim_interfaces/include/auto_aim_interfaces/auto_aim_interfaces/msg/detail/time_info__struct.hpp
[4.707s] -- Installing: /home/zjy/Inference-for-RDKx5/autoaim/install/auto_aim_interfaces/include/auto_aim_interfaces/auto_aim_interfaces/msg/detail/debug_armors__type_support.hpp
[4.707s] -- Installing: /home/zjy/Inference-for-RDKx5/autoaim/install/auto_aim_interfaces/include/auto_aim_interfaces/auto_aim_interfaces/msg/detail/tracker_info__type_support.hpp
[4.707s] -- Installing: /home/zjy/Inference-for-RDKx5/autoaim/install/auto_aim_interfaces/include/auto_aim_interfaces/auto_aim_interfaces/msg/detail/debug_armor__builder.hpp
[4.708s] -- Installing: /home/zjy/Inference-for-RDKx5/autoaim/install/auto_aim_interfaces/include/auto_aim_interfaces/auto_aim_interfaces/msg/detail/time_info__traits.hpp
[4.708s] -- Installing: /home/zjy/Inference-for-RDKx5/autoaim/install/auto_aim_interfaces/include/auto_aim_interfaces/auto_aim_interfaces/msg/detail/target__traits.hpp
[4.708s] -- Installing: /home/zjy/Inference-for-RDKx5/autoaim/install/auto_aim_interfaces/include/auto_aim_interfaces/auto_aim_interfaces/msg/detail/armors__struct.hpp
[4.708s] -- Installing: /home/zjy/Inference-for-RDKx5/autoaim/install/auto_aim_interfaces/include/auto_aim_interfaces/auto_aim_interfaces/msg/detail/target__builder.hpp
[4.708s] -- Installing: /home/zjy/Inference-for-RDKx5/autoaim/install/auto_aim_interfaces/include/auto_aim_interfaces/auto_aim_interfaces/msg/detail/debug_armor__traits.hpp
[4.708s] -- Installing: /home/zjy/Inference-for-RDKx5/autoaim/install/auto_aim_interfaces/include/auto_aim_interfaces/auto_aim_interfaces/msg/detail/debug_light__builder.hpp
[4.708s] -- Installing: /home/zjy/Inference-for-RDKx5/autoaim/install/auto_aim_interfaces/include/auto_aim_interfaces/auto_aim_interfaces/msg/detail/tracker_info__builder.hpp
[4.708s] -- Installing: /home/zjy/Inference-for-RDKx5/autoaim/install/auto_aim_interfaces/include/auto_aim_interfaces/auto_aim_interfaces/msg/detail/debug_light__type_support.hpp
[4.708s] -- Installing: /home/zjy/Inference-for-RDKx5/autoaim/install/auto_aim_interfaces/include/auto_aim_interfaces/auto_aim_interfaces/msg/detail/armor__struct.hpp
[4.708s] -- Installing: /home/zjy/Inference-for-RDKx5/autoaim/install/auto_aim_interfaces/include/auto_aim_interfaces/auto_aim_interfaces/msg/detail/debug_armor__struct.hpp
[4.708s] -- Installing: /home/zjy/Inference-for-RDKx5/autoaim/install/auto_aim_interfaces/include/auto_aim_interfaces/auto_aim_interfaces/msg/detail/target__type_support.hpp
[4.708s] -- Installing: /home/zjy/Inference-for-RDKx5/autoaim/install/auto_aim_interfaces/include/auto_aim_interfaces/auto_aim_interfaces/msg/detail/debug_armors__struct.hpp
[4.708s] -- Installing: /home/zjy/Inference-for-RDKx5/autoaim/install/auto_aim_interfaces/include/auto_aim_interfaces/auto_aim_interfaces/msg/detail/time_info__builder.hpp
[4.708s] -- Installing: /home/zjy/Inference-for-RDKx5/autoaim/install/auto_aim_interfaces/include/auto_aim_interfaces/auto_aim_interfaces/msg/detail/debug_light__struct.hpp
[4.708s] -- Installing: /home/zjy/Inference-for-RDKx5/autoaim/install/auto_aim_interfaces/include/auto_aim_interfaces/auto_aim_interfaces/msg/detail/tracker_info__struct.hpp
[4.708s] -- Installing: /home/zjy/Inference-for-RDKx5/autoaim/install/auto_aim_interfaces/include/auto_aim_interfaces/auto_aim_interfaces/msg/detail/debug_light__traits.hpp
[4.708s] -- Installing: /home/zjy/Inference-for-RDKx5/autoaim/install/auto_aim_interfaces/include/auto_aim_interfaces/auto_aim_interfaces/msg/detail/tracker_info__traits.hpp
[4.708s] -- Installing: /home/zjy/Inference-for-RDKx5/autoaim/install/auto_aim_interfaces/include/auto_aim_interfaces/auto_aim_interfaces/msg/detail/armor__type_support.hpp
[4.708s] -- Installing: /home/zjy/Inference-for-RDKx5/autoaim/install/auto_aim_interfaces/include/auto_aim_interfaces/auto_aim_interfaces/msg/detail/debug_lights__traits.hpp
[4.708s] -- Installing: /home/zjy/Inference-for-RDKx5/autoaim/install/auto_aim_interfaces/include/auto_aim_interfaces/auto_aim_interfaces/msg/detail/armors__type_support.hpp
[4.708s] -- Installing: /home/zjy/Inference-for-RDKx5/autoaim/install/auto_aim_interfaces/include/auto_aim_interfaces/auto_aim_interfaces/msg/detail/armors__traits.hpp
[4.708s] -- Installing: /home/zjy/Inference-for-RDKx5/autoaim/install/auto_aim_interfaces/include/auto_aim_interfaces/auto_aim_interfaces/msg/detail/debug_armors__traits.hpp
[4.708s] -- Installing: /home/zjy/Inference-for-RDKx5/autoaim/install/auto_aim_interfaces/include/auto_aim_interfaces/auto_aim_interfaces/msg/detail/debug_lights__struct.hpp
[4.708s] -- Installing: /home/zjy/Inference-for-RDKx5/autoaim/install/auto_aim_interfaces/include/auto_aim_interfaces/auto_aim_interfaces/msg/detail/debug_lights__type_support.hpp
[4.708s] -- Installing: /home/zjy/Inference-for-RDKx5/autoaim/install/auto_aim_interfaces/include/auto_aim_interfaces/auto_aim_interfaces/msg/detail/debug_lights__builder.hpp
[4.708s] -- Installing: /home/zjy/Inference-for-RDKx5/autoaim/install/auto_aim_interfaces/include/auto_aim_interfaces/auto_aim_interfaces/msg/debug_lights.hpp
[4.708s] -- Installing: /home/zjy/Inference-for-RDKx5/autoaim/install/auto_aim_interfaces/include/auto_aim_interfaces/auto_aim_interfaces/msg/time_info.hpp
[4.708s] -- Installing: /home/zjy/Inference-for-RDKx5/autoaim/install/auto_aim_interfaces/include/auto_aim_interfaces/auto_aim_interfaces/msg/armor.hpp
[4.708s] -- Installing: /home/zjy/Inference-for-RDKx5/autoaim/install/auto_aim_interfaces/include/auto_aim_interfaces/auto_aim_interfaces/msg/armors.hpp
[4.708s] -- Installing: /home/zjy/Inference-for-RDKx5/autoaim/install/auto_aim_interfaces/include/auto_aim_interfaces/auto_aim_interfaces/msg/target.hpp
[4.708s] -- Installing: /home/zjy/Inference-for-RDKx5/autoaim/install/auto_aim_interfaces/include/auto_aim_interfaces/auto_aim_interfaces/msg/debug_armor.hpp
[4.708s] -- Up-to-date: /home/zjy/Inference-for-RDKx5/autoaim/install/auto_aim_interfaces/include/auto_aim_interfaces/auto_aim_interfaces
[4.708s] -- Up-to-date: /home/zjy/Inference-for-RDKx5/autoaim/install/auto_aim_interfaces/include/auto_aim_interfaces/auto_aim_interfaces/msg
[4.708s] -- Installing: /home/zjy/Inference-for-RDKx5/autoaim/install/auto_aim_interfaces/include/auto_aim_interfaces/auto_aim_interfaces/msg/rosidl_typesupport_fastrtps_cpp__visibility_control.h
[4.708s] -- Up-to-date: /home/zjy/Inference-for-RDKx5/autoaim/install/auto_aim_interfaces/include/auto_aim_interfaces/auto_aim_interfaces/msg/detail
[4.708s] -- Installing: /home/zjy/Inference-for-RDKx5/autoaim/install/auto_aim_interfaces/include/auto_aim_interfaces/auto_aim_interfaces/msg/detail/debug_light__rosidl_typesupport_fastrtps_cpp.hpp
[4.708s] -- Installing: /home/zjy/Inference-for-RDKx5/autoaim/install/auto_aim_interfaces/include/auto_aim_interfaces/auto_aim_interfaces/msg/detail/time_info__rosidl_typesupport_fastrtps_cpp.hpp
[4.708s] -- Installing: /home/zjy/Inference-for-RDKx5/autoaim/install/auto_aim_interfaces/include/auto_aim_interfaces/auto_aim_interfaces/msg/detail/tracker_info__rosidl_typesupport_fastrtps_cpp.hpp
[4.709s] -- Installing: /home/zjy/Inference-for-RDKx5/autoaim/install/auto_aim_interfaces/include/auto_aim_interfaces/auto_aim_interfaces/msg/detail/dds_fastrtps
[4.709s] -- Installing: /home/zjy/Inference-for-RDKx5/autoaim/install/auto_aim_interfaces/include/auto_aim_interfaces/auto_aim_interfaces/msg/detail/target__rosidl_typesupport_fastrtps_cpp.hpp
[4.709s] -- Installing: /home/zjy/Inference-for-RDKx5/autoaim/install/auto_aim_interfaces/include/auto_aim_interfaces/auto_aim_interfaces/msg/detail/armor__rosidl_typesupport_fastrtps_cpp.hpp
[4.709s] -- Installing: /home/zjy/Inference-for-RDKx5/autoaim/install/auto_aim_interfaces/include/auto_aim_interfaces/auto_aim_interfaces/msg/detail/debug_lights__rosidl_typesupport_fastrtps_cpp.hpp
[4.709s] -- Installing: /home/zjy/Inference-for-RDKx5/autoaim/install/auto_aim_interfaces/include/auto_aim_interfaces/auto_aim_interfaces/msg/detail/debug_armors__rosidl_typesupport_fastrtps_cpp.hpp
[4.709s] -- Installing: /home/zjy/Inference-for-RDKx5/autoaim/install/auto_aim_interfaces/include/auto_aim_interfaces/auto_aim_interfaces/msg/detail/armors__rosidl_typesupport_fastrtps_cpp.hpp
[4.709s] -- Installing: /home/zjy/Inference-for-RDKx5/autoaim/install/auto_aim_interfaces/include/auto_aim_interfaces/auto_aim_interfaces/msg/detail/debug_armor__rosidl_typesupport_fastrtps_cpp.hpp
[4.709s] -- Installing: /home/zjy/Inference-for-RDKx5/autoaim/install/auto_aim_interfaces/lib/libauto_aim_interfaces__rosidl_typesupport_fastrtps_cpp.so
[4.709s] -- Set runtime path of "/home/zjy/Inference-for-RDKx5/autoaim/install/auto_aim_interfaces/lib/libauto_aim_interfaces__rosidl_typesupport_fastrtps_cpp.so" to ""
[4.709s] -- Up-to-date: /home/zjy/Inference-for-RDKx5/autoaim/install/auto_aim_interfaces/include/auto_aim_interfaces/auto_aim_interfaces
[4.709s] -- Up-to-date: /home/zjy/Inference-for-RDKx5/autoaim/install/auto_aim_interfaces/include/auto_aim_interfaces/auto_aim_interfaces/msg
[4.709s] -- Up-to-date: /home/zjy/Inference-for-RDKx5/autoaim/install/auto_aim_interfaces/include/auto_aim_interfaces/auto_aim_interfaces/msg/detail
[4.709s] -- Installing: /home/zjy/Inference-for-RDKx5/autoaim/install/auto_aim_interfaces/include/auto_aim_interfaces/auto_aim_interfaces/msg/detail/debug_armor__type_support.cpp
[4.709s] -- Installing: /home/zjy/Inference-for-RDKx5/autoaim/install/auto_aim_interfaces/include/auto_aim_interfaces/auto_aim_interfaces/msg/detail/time_info__rosidl_typesupport_introspection_cpp.hpp
[4.709s] -- Installing: /home/zjy/Inference-for-RDKx5/autoaim/install/auto_aim_interfaces/include/auto_aim_interfaces/auto_aim_interfaces/msg/detail/tracker_info__type_support.cpp
[4.709s] -- Installing: /home/zjy/Inference-for-RDKx5/autoaim/install/auto_aim_interfaces/include/auto_aim_interfaces/auto_aim_interfaces/msg/detail/debug_armor__rosidl_typesupport_introspection_cpp.hpp
[4.709s] -- Installing: /home/zjy/Inference-for-RDKx5/autoaim/install/auto_aim_interfaces/include/auto_aim_interfaces/auto_aim_interfaces/msg/detail/time_info__type_support.cpp
[4.709s] -- Installing: /home/zjy/Inference-for-RDKx5/autoaim/install/auto_aim_interfaces/include/auto_aim_interfaces/auto_aim_interfaces/msg/detail/armor__rosidl_typesupport_introspection_cpp.hpp
[4.709s] -- Installing: /home/zjy/Inference-for-RDKx5/autoaim/install/auto_aim_interfaces/include/auto_aim_interfaces/auto_aim_interfaces/msg/detail/armors__rosidl_typesupport_introspection_cpp.hpp
[4.709s] -- Installing: /home/zjy/Inference-for-RDKx5/autoaim/install/auto_aim_interfaces/include/auto_aim_interfaces/auto_aim_interfaces/msg/detail/debug_lights__type_support.cpp
[4.709s] -- Installing: /home/zjy/Inference-for-RDKx5/autoaim/install/auto_aim_interfaces/include/auto_aim_interfaces/auto_aim_interfaces/msg/detail/target__rosidl_typesupport_introspection_cpp.hpp
[4.709s] -- Installing: /home/zjy/Inference-for-RDKx5/autoaim/install/auto_aim_interfaces/include/auto_aim_interfaces/auto_aim_interfaces/msg/detail/armors__type_support.cpp
[4.709s] -- Installing: /home/zjy/Inference-for-RDKx5/autoaim/install/auto_aim_interfaces/include/auto_aim_interfaces/auto_aim_interfaces/msg/detail/tracker_info__rosidl_typesupport_introspection_cpp.hpp
[4.709s] -- Installing: /home/zjy/Inference-for-RDKx5/autoaim/install/auto_aim_interfaces/include/auto_aim_interfaces/auto_aim_interfaces/msg/detail/debug_light__type_support.cpp
[4.709s] -- Installing: /home/zjy/Inference-for-RDKx5/autoaim/install/auto_aim_interfaces/include/auto_aim_interfaces/auto_aim_interfaces/msg/detail/debug_armors__rosidl_typesupport_introspection_cpp.hpp
[4.709s] -- Installing: /home/zjy/Inference-for-RDKx5/autoaim/install/auto_aim_interfaces/include/auto_aim_interfaces/auto_aim_interfaces/msg/detail/debug_armors__type_support.cpp
[4.709s] -- Installing: /home/zjy/Inference-for-RDKx5/autoaim/install/auto_aim_interfaces/include/auto_aim_interfaces/auto_aim_interfaces/msg/detail/armor__type_support.cpp
[4.709s] -- Installing: /home/zjy/Inference-for-RDKx5/autoaim/install/auto_aim_interfaces/include/auto_aim_interfaces/auto_aim_interfaces/msg/detail/target__type_support.cpp
[4.709s] -- Installing: /home/zjy/Inference-for-RDKx5/autoaim/install/auto_aim_interfaces/include/auto_aim_interfaces/auto_aim_interfaces/msg/detail/debug_light__rosidl_typesupport_introspection_cpp.hpp
[4.709s] -- Installing: /home/zjy/Inference-for-RDKx5/autoaim/install/auto_aim_interfaces/include/auto_aim_interfaces/auto_aim_interfaces/msg/detail/debug_lights__rosidl_typesupport_introspection_cpp.hpp
[4.710s] -- Installing: /home/zjy/Inference-for-RDKx5/autoaim/install/auto_aim_interfaces/lib/libauto_aim_interfaces__rosidl_typesupport_introspection_cpp.so
[4.710s] -- Set runtime path of "/home/zjy/Inference-for-RDKx5/autoaim/install/auto_aim_interfaces/lib/libauto_aim_interfaces__rosidl_typesupport_introspection_cpp.so" to ""
[4.710s] -- Installing: /home/zjy/Inference-for-RDKx5/autoaim/install/auto_aim_interfaces/lib/libauto_aim_interfaces__rosidl_typesupport_cpp.so
[4.710s] -- Set runtime path of "/home/zjy/Inference-for-RDKx5/autoaim/install/auto_aim_interfaces/lib/libauto_aim_interfaces__rosidl_typesupport_cpp.so" to ""
[4.710s] -- Installing: /home/zjy/Inference-for-RDKx5/autoaim/install/auto_aim_interfaces/share/auto_aim_interfaces/environment/pythonpath.sh
[4.710s] -- Installing: /home/zjy/Inference-for-RDKx5/autoaim/install/auto_aim_interfaces/share/auto_aim_interfaces/environment/pythonpath.dsv
[4.710s] -- Installing: /home/zjy/Inference-for-RDKx5/autoaim/install/auto_aim_interfaces/local/lib/python3.10/dist-packages/auto_aim_interfaces-2.0.0-py3.10.egg-info
[4.710s] -- Installing: /home/zjy/Inference-for-RDKx5/autoaim/install/auto_aim_interfaces/local/lib/python3.10/dist-packages/auto_aim_interfaces-2.0.0-py3.10.egg-info/SOURCES.txt
[4.710s] -- Installing: /home/zjy/Inference-for-RDKx5/autoaim/install/auto_aim_interfaces/local/lib/python3.10/dist-packages/auto_aim_interfaces-2.0.0-py3.10.egg-info/dependency_links.txt
[4.710s] -- Installing: /home/zjy/Inference-for-RDKx5/autoaim/install/auto_aim_interfaces/local/lib/python3.10/dist-packages/auto_aim_interfaces-2.0.0-py3.10.egg-info/top_level.txt
[4.710s] -- Installing: /home/zjy/Inference-for-RDKx5/autoaim/install/auto_aim_interfaces/local/lib/python3.10/dist-packages/auto_aim_interfaces-2.0.0-py3.10.egg-info/PKG-INFO
[4.710s] -- Installing: /home/zjy/Inference-for-RDKx5/autoaim/install/auto_aim_interfaces/local/lib/python3.10/dist-packages/auto_aim_interfaces
[4.710s] -- Installing: /home/zjy/Inference-for-RDKx5/autoaim/install/auto_aim_interfaces/local/lib/python3.10/dist-packages/auto_aim_interfaces/_auto_aim_interfaces_s.ep.rosidl_typesupport_c.c
[4.710s] -- Installing: /home/zjy/Inference-for-RDKx5/autoaim/install/auto_aim_interfaces/local/lib/python3.10/dist-packages/auto_aim_interfaces/_auto_aim_interfaces_s.ep.rosidl_typesupport_fastrtps_c.c
[4.710s] -- Installing: /home/zjy/Inference-for-RDKx5/autoaim/install/auto_aim_interfaces/local/lib/python3.10/dist-packages/auto_aim_interfaces/__init__.py
[4.710s] -- Installing: /home/zjy/Inference-for-RDKx5/autoaim/install/auto_aim_interfaces/local/lib/python3.10/dist-packages/auto_aim_interfaces/auto_aim_interfaces_s__rosidl_typesupport_fastrtps_c.cpython-310-x86_64-linux-gnu.so
[4.710s] -- Installing: /home/zjy/Inference-for-RDKx5/autoaim/install/auto_aim_interfaces/local/lib/python3.10/dist-packages/auto_aim_interfaces/msg
[4.710s] -- Installing: /home/zjy/Inference-for-RDKx5/autoaim/install/auto_aim_interfaces/local/lib/python3.10/dist-packages/auto_aim_interfaces/msg/_debug_armors_s.c
[4.710s] -- Installing: /home/zjy/Inference-for-RDKx5/autoaim/install/auto_aim_interfaces/local/lib/python3.10/dist-packages/auto_aim_interfaces/msg/_debug_armors.py
[4.710s] -- Installing: /home/zjy/Inference-for-RDKx5/autoaim/install/auto_aim_interfaces/local/lib/python3.10/dist-packages/auto_aim_interfaces/msg/_target.py
[4.710s] -- Installing: /home/zjy/Inference-for-RDKx5/autoaim/install/auto_aim_interfaces/local/lib/python3.10/dist-packages/auto_aim_interfaces/msg/_debug_light_s.c
[4.710s] -- Installing: /home/zjy/Inference-for-RDKx5/autoaim/install/auto_aim_interfaces/local/lib/python3.10/dist-packages/auto_aim_interfaces/msg/_armor.py
[4.710s] -- Installing: /home/zjy/Inference-for-RDKx5/autoaim/install/auto_aim_interfaces/local/lib/python3.10/dist-packages/auto_aim_interfaces/msg/__init__.py
[4.710s] -- Installing: /home/zjy/Inference-for-RDKx5/autoaim/install/auto_aim_interfaces/local/lib/python3.10/dist-packages/auto_aim_interfaces/msg/_debug_light.py
[4.711s] -- Installing: /home/zjy/Inference-for-RDKx5/autoaim/install/auto_aim_interfaces/local/lib/python3.10/dist-packages/auto_aim_interfaces/msg/_armors.py
[4.711s] -- Installing: /home/zjy/Inference-for-RDKx5/autoaim/install/auto_aim_interfaces/local/lib/python3.10/dist-packages/auto_aim_interfaces/msg/_armor_s.c
[4.711s] -- Installing: /home/zjy/Inference-for-RDKx5/autoaim/install/auto_aim_interfaces/local/lib/python3.10/dist-packages/auto_aim_interfaces/msg/_debug_lights_s.c
[4.711s] -- Installing: /home/zjy/Inference-for-RDKx5/autoaim/install/auto_aim_interfaces/local/lib/python3.10/dist-packages/auto_aim_interfaces/msg/_time_info_s.c
[4.711s] -- Installing: /home/zjy/Inference-for-RDKx5/autoaim/install/auto_aim_interfaces/local/lib/python3.10/dist-packages/auto_aim_interfaces/msg/_tracker_info.py
[4.711s] -- Installing: /home/zjy/Inference-for-RDKx5/autoaim/install/auto_aim_interfaces/local/lib/python3.10/dist-packages/auto_aim_interfaces/msg/_debug_armor_s.c
[4.711s] -- Installing: /home/zjy/Inference-for-RDKx5/autoaim/install/auto_aim_interfaces/local/lib/python3.10/dist-packages/auto_aim_interfaces/msg/_debug_armor.py
[4.711s] -- Installing: /home/zjy/Inference-for-RDKx5/autoaim/install/auto_aim_interfaces/local/lib/python3.10/dist-packages/auto_aim_interfaces/msg/_tracker_info_s.c
[4.711s] -- Installing: /home/zjy/Inference-for-RDKx5/autoaim/install/auto_aim_interfaces/local/lib/python3.10/dist-packages/auto_aim_interfaces/msg/_debug_lights.py
[4.711s] -- Installing: /home/zjy/Inference-for-RDKx5/autoaim/install/auto_aim_interfaces/local/lib/python3.10/dist-packages/auto_aim_interfaces/msg/_target_s.c
[4.711s] -- Installing: /home/zjy/Inference-for-RDKx5/autoaim/install/auto_aim_interfaces/local/lib/python3.10/dist-packages/auto_aim_interfaces/msg/_time_info.py
[4.711s] -- Installing: /home/zjy/Inference-for-RDKx5/autoaim/install/auto_aim_interfaces/local/lib/python3.10/dist-packages/auto_aim_interfaces/msg/_armors_s.c
[4.711s] -- Installing: /home/zjy/Inference-for-RDKx5/autoaim/install/auto_aim_interfaces/local/lib/python3.10/dist-packages/auto_aim_interfaces/auto_aim_interfaces_s__rosidl_typesupport_introspection_c.cpython-310-x86_64-linux-gnu.so
[4.711s] -- Installing: /home/zjy/Inference-for-RDKx5/autoaim/install/auto_aim_interfaces/local/lib/python3.10/dist-packages/auto_aim_interfaces/_auto_aim_interfaces_s.ep.rosidl_typesupport_introspection_c.c
[4.711s] -- Installing: /home/zjy/Inference-for-RDKx5/autoaim/install/auto_aim_interfaces/local/lib/python3.10/dist-packages/auto_aim_interfaces/auto_aim_interfaces_s__rosidl_typesupport_c.cpython-310-x86_64-linux-gnu.so
[4.711s] -- Installing: /home/zjy/Inference-for-RDKx5/autoaim/install/auto_aim_interfaces/local/lib/python3.10/dist-packages/auto_aim_interfaces/libauto_aim_interfaces__rosidl_generator_py.so
[4.736s] Listing '/home/zjy/Inference-for-RDKx5/autoaim/install/auto_aim_interfaces/local/lib/python3.10/dist-packages/auto_aim_interfaces'...
[4.736s] Compiling '/home/zjy/Inference-for-RDKx5/autoaim/install/auto_aim_interfaces/local/lib/python3.10/dist-packages/auto_aim_interfaces/__init__.py'...
[4.736s] Listing '/home/zjy/Inference-for-RDKx5/autoaim/install/auto_aim_interfaces/local/lib/python3.10/dist-packages/auto_aim_interfaces/msg'...
[4.736s] Compiling '/home/zjy/Inference-for-RDKx5/autoaim/install/auto_aim_interfaces/local/lib/python3.10/dist-packages/auto_aim_interfaces/msg/__init__.py'...
[4.736s] Compiling '/home/zjy/Inference-for-RDKx5/autoaim/install/auto_aim_interfaces/local/lib/python3.10/dist-packages/auto_aim_interfaces/msg/_armor.py'...
[4.736s] Compiling '/home/zjy/Inference-for-RDKx5/autoaim/install/auto_aim_interfaces/local/lib/python3.10/dist-packages/auto_aim_interfaces/msg/_armors.py'...
[4.736s] Compiling '/home/zjy/Inference-for-RDKx5/autoaim/install/auto_aim_interfaces/local/lib/python3.10/dist-packages/auto_aim_interfaces/msg/_debug_armor.py'...
[4.736s] Compiling '/home/zjy/Inference-for-RDKx5/autoaim/install/auto_aim_interfaces/local/lib/python3.10/dist-packages/auto_aim_interfaces/msg/_debug_armors.py'...
[4.736s] Compiling '/home/zjy/Inference-for-RDKx5/autoaim/install/auto_aim_interfaces/local/lib/python3.10/dist-packages/auto_aim_interfaces/msg/_debug_light.py'...
[4.736s] Compiling '/home/zjy/Inference-for-RDKx5/autoaim/install/auto_aim_interfaces/local/lib/python3.10/dist-packages/auto_aim_interfaces/msg/_debug_lights.py'...
[4.736s] Compiling '/home/zjy/Inference-for-RDKx5/autoaim/install/auto_aim_interfaces/local/lib/python3.10/dist-packages/auto_aim_interfaces/msg/_target.py'...
[4.736s] Compiling '/home/zjy/Inference-for-RDKx5/autoaim/install/auto_aim_interfaces/local/lib/python3.10/dist-packages/auto_aim_interfaces/msg/_time_info.py'...
[4.736s] Compiling '/home/zjy/Inference-for-RDKx5/autoaim/install/auto_aim_interfaces/local/lib/python3.10/dist-packages/auto_aim_interfaces/msg/_tracker_info.py'...
[4.739s] -- Installing: /home/zjy/Inference-for-RDKx5/autoaim/install/auto_aim_interfaces/local/lib/python3.10/dist-packages/auto_aim_interfaces/auto_aim_interfaces_s__rosidl_typesupport_fastrtps_c.cpython-310-x86_64-linux-gnu.so
[4.739s] -- Set runtime path of "/home/zjy/Inference-for-RDKx5/autoaim/install/auto_aim_interfaces/local/lib/python3.10/dist-packages/auto_aim_interfaces/auto_aim_interfaces_s__rosidl_typesupport_fastrtps_c.cpython-310-x86_64-linux-gnu.so" to ""
[4.739s] -- Installing: /home/zjy/Inference-for-RDKx5/autoaim/install/auto_aim_interfaces/local/lib/python3.10/dist-packages/auto_aim_interfaces/auto_aim_interfaces_s__rosidl_typesupport_introspection_c.cpython-310-x86_64-linux-gnu.so
[4.739s] -- Set runtime path of "/home/zjy/Inference-for-RDKx5/autoaim/install/auto_aim_interfaces/local/lib/python3.10/dist-packages/auto_aim_interfaces/auto_aim_interfaces_s__rosidl_typesupport_introspection_c.cpython-310-x86_64-linux-gnu.so" to ""
[4.739s] -- Installing: /home/zjy/Inference-for-RDKx5/autoaim/install/auto_aim_interfaces/local/lib/python3.10/dist-packages/auto_aim_interfaces/auto_aim_interfaces_s__rosidl_typesupport_c.cpython-310-x86_64-linux-gnu.so
[4.740s] -- Set runtime path of "/home/zjy/Inference-for-RDKx5/autoaim/install/auto_aim_interfaces/local/lib/python3.10/dist-packages/auto_aim_interfaces/auto_aim_interfaces_s__rosidl_typesupport_c.cpython-310-x86_64-linux-gnu.so" to ""
[4.740s] -- Installing: /home/zjy/Inference-for-RDKx5/autoaim/install/auto_aim_interfaces/lib/libauto_aim_interfaces__rosidl_generator_py.so
[4.740s] -- Set runtime path of "/home/zjy/Inference-for-RDKx5/autoaim/install/auto_aim_interfaces/lib/libauto_aim_interfaces__rosidl_generator_py.so" to ""
[4.740s] -- Installing: /home/zjy/Inference-for-RDKx5/autoaim/install/auto_aim_interfaces/share/auto_aim_interfaces/msg/Armor.idl
[4.740s] -- Installing: /home/zjy/Inference-for-RDKx5/autoaim/install/auto_aim_interfaces/share/auto_aim_interfaces/msg/Armors.idl
[4.740s] -- Installing: /home/zjy/Inference-for-RDKx5/autoaim/install/auto_aim_interfaces/share/auto_aim_interfaces/msg/Target.idl
[4.741s] -- Installing: /home/zjy/Inference-for-RDKx5/autoaim/install/auto_aim_interfaces/share/auto_aim_interfaces/msg/DebugLight.idl
[4.741s] -- Installing: /home/zjy/Inference-for-RDKx5/autoaim/install/auto_aim_interfaces/share/auto_aim_interfaces/msg/DebugLights.idl
[4.741s] -- Installing: /home/zjy/Inference-for-RDKx5/autoaim/install/auto_aim_interfaces/share/auto_aim_interfaces/msg/DebugArmor.idl
[4.741s] -- Installing: /home/zjy/Inference-for-RDKx5/autoaim/install/auto_aim_interfaces/share/auto_aim_interfaces/msg/DebugArmors.idl
[4.741s] -- Installing: /home/zjy/Inference-for-RDKx5/autoaim/install/auto_aim_interfaces/share/auto_aim_interfaces/msg/TrackerInfo.idl
[4.741s] -- Installing: /home/zjy/Inference-for-RDKx5/autoaim/install/auto_aim_interfaces/share/auto_aim_interfaces/msg/TimeInfo.idl
[4.741s] -- Installing: /home/zjy/Inference-for-RDKx5/autoaim/install/auto_aim_interfaces/share/auto_aim_interfaces/msg/Armor.msg
[4.741s] -- Installing: /home/zjy/Inference-for-RDKx5/autoaim/install/auto_aim_interfaces/share/auto_aim_interfaces/msg/Armors.msg
[4.741s] -- Installing: /home/zjy/Inference-for-RDKx5/autoaim/install/auto_aim_interfaces/share/auto_aim_interfaces/msg/Target.msg
[4.741s] -- Installing: /home/zjy/Inference-for-RDKx5/autoaim/install/auto_aim_interfaces/share/auto_aim_interfaces/msg/DebugLight.msg
[4.741s] -- Installing: /home/zjy/Inference-for-RDKx5/autoaim/install/auto_aim_interfaces/share/auto_aim_interfaces/msg/DebugLights.msg
[4.741s] -- Installing: /home/zjy/Inference-for-RDKx5/autoaim/install/auto_aim_interfaces/share/auto_aim_interfaces/msg/DebugArmor.msg
[4.741s] -- Installing: /home/zjy/Inference-for-RDKx5/autoaim/install/auto_aim_interfaces/share/auto_aim_interfaces/msg/DebugArmors.msg
[4.741s] -- Installing: /home/zjy/Inference-for-RDKx5/autoaim/install/auto_aim_interfaces/share/auto_aim_interfaces/msg/TrackerInfo.msg
[4.741s] -- Installing: /home/zjy/Inference-for-RDKx5/autoaim/install/auto_aim_interfaces/share/auto_aim_interfaces/msg/TimeInfo.msg
[4.742s] -- Installing: /home/zjy/Inference-for-RDKx5/autoaim/install/auto_aim_interfaces/share/ament_index/resource_index/package_run_dependencies/auto_aim_interfaces
[4.742s] -- Installing: /home/zjy/Inference-for-RDKx5/autoaim/install/auto_aim_interfaces/share/ament_index/resource_index/parent_prefix_path/auto_aim_interfaces
[4.742s] -- Installing: /home/zjy/Inference-for-RDKx5/autoaim/install/auto_aim_interfaces/share/auto_aim_interfaces/environment/ament_prefix_path.sh
[4.742s] -- Installing: /home/zjy/Inference-for-RDKx5/autoaim/install/auto_aim_interfaces/share/auto_aim_interfaces/environment/ament_prefix_path.dsv
[4.742s] -- Installing: /home/zjy/Inference-for-RDKx5/autoaim/install/auto_aim_interfaces/share/auto_aim_interfaces/environment/path.sh
[4.742s] -- Installing: /home/zjy/Inference-for-RDKx5/autoaim/install/auto_aim_interfaces/share/auto_aim_interfaces/environment/path.dsv
[4.742s] -- Installing: /home/zjy/Inference-for-RDKx5/autoaim/install/auto_aim_interfaces/share/auto_aim_interfaces/local_setup.bash
[4.742s] -- Installing: /home/zjy/Inference-for-RDKx5/autoaim/install/auto_aim_interfaces/share/auto_aim_interfaces/local_setup.sh
[4.742s] -- Installing: /home/zjy/Inference-for-RDKx5/autoaim/install/auto_aim_interfaces/share/auto_aim_interfaces/local_setup.zsh
[4.742s] -- Installing: /home/zjy/Inference-for-RDKx5/autoaim/install/auto_aim_interfaces/share/auto_aim_interfaces/local_setup.dsv
[4.742s] -- Installing: /home/zjy/Inference-for-RDKx5/autoaim/install/auto_aim_interfaces/share/auto_aim_interfaces/package.dsv
[4.742s] -- Installing: /home/zjy/Inference-for-RDKx5/autoaim/install/auto_aim_interfaces/share/ament_index/resource_index/packages/auto_aim_interfaces
[4.742s] -- Installing: /home/zjy/Inference-for-RDKx5/autoaim/install/auto_aim_interfaces/share/auto_aim_interfaces/cmake/export_auto_aim_interfaces__rosidl_generator_cExport.cmake
[4.742s] -- Installing: /home/zjy/Inference-for-RDKx5/autoaim/install/auto_aim_interfaces/share/auto_aim_interfaces/cmake/export_auto_aim_interfaces__rosidl_generator_cExport-noconfig.cmake
[4.742s] -- Installing: /home/zjy/Inference-for-RDKx5/autoaim/install/auto_aim_interfaces/share/auto_aim_interfaces/cmake/export_auto_aim_interfaces__rosidl_typesupport_fastrtps_cExport.cmake
[4.742s] -- Installing: /home/zjy/Inference-for-RDKx5/autoaim/install/auto_aim_interfaces/share/auto_aim_interfaces/cmake/export_auto_aim_interfaces__rosidl_typesupport_fastrtps_cExport-noconfig.cmake
[4.742s] -- Installing: /home/zjy/Inference-for-RDKx5/autoaim/install/auto_aim_interfaces/share/auto_aim_interfaces/cmake/auto_aim_interfaces__rosidl_typesupport_introspection_cExport.cmake
[4.743s] -- Installing: /home/zjy/Inference-for-RDKx5/autoaim/install/auto_aim_interfaces/share/auto_aim_interfaces/cmake/auto_aim_interfaces__rosidl_typesupport_introspection_cExport-noconfig.cmake
[4.743s] -- Installing: /home/zjy/Inference-for-RDKx5/autoaim/install/auto_aim_interfaces/share/auto_aim_interfaces/cmake/auto_aim_interfaces__rosidl_typesupport_cExport.cmake
[4.743s] -- Installing: /home/zjy/Inference-for-RDKx5/autoaim/install/auto_aim_interfaces/share/auto_aim_interfaces/cmake/auto_aim_interfaces__rosidl_typesupport_cExport-noconfig.cmake
[4.743s] -- Installing: /home/zjy/Inference-for-RDKx5/autoaim/install/auto_aim_interfaces/share/auto_aim_interfaces/cmake/export_auto_aim_interfaces__rosidl_generator_cppExport.cmake
[4.743s] -- Installing: /home/zjy/Inference-for-RDKx5/autoaim/install/auto_aim_interfaces/share/auto_aim_interfaces/cmake/export_auto_aim_interfaces__rosidl_typesupport_fastrtps_cppExport.cmake
[4.743s] -- Installing: /home/zjy/Inference-for-RDKx5/autoaim/install/auto_aim_interfaces/share/auto_aim_interfaces/cmake/export_auto_aim_interfaces__rosidl_typesupport_fastrtps_cppExport-noconfig.cmake
[4.743s] -- Installing: /home/zjy/Inference-for-RDKx5/autoaim/install/auto_aim_interfaces/share/auto_aim_interfaces/cmake/auto_aim_interfaces__rosidl_typesupport_introspection_cppExport.cmake
[4.743s] -- Installing: /home/zjy/Inference-for-RDKx5/autoaim/install/auto_aim_interfaces/share/auto_aim_interfaces/cmake/auto_aim_interfaces__rosidl_typesupport_introspection_cppExport-noconfig.cmake
[4.743s] -- Installing: /home/zjy/Inference-for-RDKx5/autoaim/install/auto_aim_interfaces/share/auto_aim_interfaces/cmake/auto_aim_interfaces__rosidl_typesupport_cppExport.cmake
[4.743s] -- Installing: /home/zjy/Inference-for-RDKx5/autoaim/install/auto_aim_interfaces/share/auto_aim_interfaces/cmake/auto_aim_interfaces__rosidl_typesupport_cppExport-noconfig.cmake
[4.743s] -- Installing: /home/zjy/Inference-for-RDKx5/autoaim/install/auto_aim_interfaces/share/auto_aim_interfaces/cmake/export_auto_aim_interfaces__rosidl_generator_pyExport.cmake
[4.743s] -- Installing: /home/zjy/Inference-for-RDKx5/autoaim/install/auto_aim_interfaces/share/auto_aim_interfaces/cmake/export_auto_aim_interfaces__rosidl_generator_pyExport-noconfig.cmake
[4.743s] -- Installing: /home/zjy/Inference-for-RDKx5/autoaim/install/auto_aim_interfaces/share/auto_aim_interfaces/cmake/rosidl_cmake-extras.cmake
[4.744s] -- Installing: /home/zjy/Inference-for-RDKx5/autoaim/install/auto_aim_interfaces/share/auto_aim_interfaces/cmake/ament_cmake_export_dependencies-extras.cmake
[4.744s] -- Installing: /home/zjy/Inference-for-RDKx5/autoaim/install/auto_aim_interfaces/share/auto_aim_interfaces/cmake/ament_cmake_export_include_directories-extras.cmake
[4.744s] -- Installing: /home/zjy/Inference-for-RDKx5/autoaim/install/auto_aim_interfaces/share/auto_aim_interfaces/cmake/ament_cmake_export_libraries-extras.cmake
[4.744s] -- Installing: /home/zjy/Inference-for-RDKx5/autoaim/install/auto_aim_interfaces/share/auto_aim_interfaces/cmake/ament_cmake_export_targets-extras.cmake
[4.744s] -- Installing: /home/zjy/Inference-for-RDKx5/autoaim/install/auto_aim_interfaces/share/auto_aim_interfaces/cmake/rosidl_cmake_export_typesupport_targets-extras.cmake
[4.744s] -- Installing: /home/zjy/Inference-for-RDKx5/autoaim/install/auto_aim_interfaces/share/auto_aim_interfaces/cmake/rosidl_cmake_export_typesupport_libraries-extras.cmake
[4.744s] -- Installing: /home/zjy/Inference-for-RDKx5/autoaim/install/auto_aim_interfaces/share/auto_aim_interfaces/cmake/auto_aim_interfacesConfig.cmake
[4.744s] -- Installing: /home/zjy/Inference-for-RDKx5/autoaim/install/auto_aim_interfaces/share/auto_aim_interfaces/cmake/auto_aim_interfacesConfig-version.cmake
[4.744s] -- Installing: /home/zjy/Inference-for-RDKx5/autoaim/install/auto_aim_interfaces/share/auto_aim_interfaces/package.xml
[4.747s] Invoked command in '/home/zjy/Inference-for-RDKx5/autoaim/build/auto_aim_interfaces' returned '0': CMAKE_PREFIX_PATH=/opt/ros/humble /usr/bin/cmake --install /home/zjy/Inference-for-RDKx5/autoaim/build/auto_aim_interfaces
