[0.190s] Invoking command in '/home/zjy/Inference-for-RDKx5/autoaim/build/auto_aim_interfaces': CMAKE_PREFIX_PATH=/opt/ros/humble /usr/bin/cmake --build /home/zjy/Inference-for-RDKx5/autoaim/build/auto_aim_interfaces -- -j32 -l32
[0.579s] [  1%] Built target auto_aim_interfaces__cpp
[0.618s] [ 12%] Built target auto_aim_interfaces__rosidl_generator_c
[0.717s] [ 12%] Built target ament_cmake_python_copy_auto_aim_interfaces
[0.813s] [ 24%] Built target auto_aim_interfaces__rosidl_typesupport_introspection_cpp
[0.813s] [ 35%] Built target auto_aim_interfaces__rosidl_typesupport_fastrtps_cpp
[0.831s] [ 47%] Built target auto_aim_interfaces__rosidl_typesupport_c
[0.833s] [ 66%] Built target auto_aim_interfaces__rosidl_typesupport_introspection_c
[0.834s] [ 70%] Built target auto_aim_interfaces__rosidl_typesupport_cpp
[0.843s] [ 82%] Built target auto_aim_interfaces__rosidl_typesupport_fastrtps_c
[0.981s] [ 82%] Built target auto_aim_interfaces
[1.110s] [ 83%] Built target auto_aim_interfaces__py
[1.302s] [ 93%] Built target auto_aim_interfaces__rosidl_generator_py
[1.442s] [ 95%] Built target auto_aim_interfaces__rosidl_typesupport_fastrtps_c__pyext
[1.448s] [ 97%] Built target auto_aim_interfaces__rosidl_typesupport_c__pyext
[1.473s] [100%] Built target auto_aim_interfaces__rosidl_typesupport_introspection_c__pyext
[3.143s] running egg_info
[3.289s] writing auto_aim_interfaces.egg-info/PKG-INFO
[3.291s] writing dependency_links to auto_aim_interfaces.egg-info/dependency_links.txt
[3.295s] writing top-level names to auto_aim_interfaces.egg-info/top_level.txt
[3.655s] reading manifest file 'auto_aim_interfaces.egg-info/SOURCES.txt'
[3.660s] writing manifest file 'auto_aim_interfaces.egg-info/SOURCES.txt'
[3.912s] [100%] Built target ament_cmake_python_build_auto_aim_interfaces_egg
[4.059s] Invoked command in '/home/zjy/Inference-for-RDKx5/autoaim/build/auto_aim_interfaces' returned '0': CMAKE_PREFIX_PATH=/opt/ros/humble /usr/bin/cmake --build /home/zjy/Inference-for-RDKx5/autoaim/build/auto_aim_interfaces -- -j32 -l32
[4.075s] Invoking command in '/home/zjy/Inference-for-RDKx5/autoaim/build/auto_aim_interfaces': CMAKE_PREFIX_PATH=/opt/ros/humble /usr/bin/cmake --install /home/zjy/Inference-for-RDKx5/autoaim/build/auto_aim_interfaces
[4.085s] -- Install configuration: ""
[4.087s] -- Up-to-date: /home/zjy/Inference-for-RDKx5/autoaim/install/auto_aim_interfaces/share/ament_index/resource_index/rosidl_interfaces/auto_aim_interfaces
[4.087s] -- Up-to-date: /home/zjy/Inference-for-RDKx5/autoaim/install/auto_aim_interfaces/include/auto_aim_interfaces/auto_aim_interfaces
[4.088s] -- Up-to-date: /home/zjy/Inference-for-RDKx5/autoaim/install/auto_aim_interfaces/include/auto_aim_interfaces/auto_aim_interfaces/msg
[4.089s] -- Up-to-date: /home/zjy/Inference-for-RDKx5/autoaim/install/auto_aim_interfaces/include/auto_aim_interfaces/auto_aim_interfaces/msg/debug_armor.h
[4.089s] -- Up-to-date: /home/zjy/Inference-for-RDKx5/autoaim/install/auto_aim_interfaces/include/auto_aim_interfaces/auto_aim_interfaces/msg/debug_lights.h
[4.092s] -- Up-to-date: /home/zjy/Inference-for-RDKx5/autoaim/install/auto_aim_interfaces/include/auto_aim_interfaces/auto_aim_interfaces/msg/debug_light.h
[4.092s] -- Up-to-date: /home/zjy/Inference-for-RDKx5/autoaim/install/auto_aim_interfaces/include/auto_aim_interfaces/auto_aim_interfaces/msg/armor.h
[4.094s] -- Up-to-date: /home/zjy/Inference-for-RDKx5/autoaim/install/auto_aim_interfaces/include/auto_aim_interfaces/auto_aim_interfaces/msg/armors.h
[4.095s] -- Up-to-date: /home/zjy/Inference-for-RDKx5/autoaim/install/auto_aim_interfaces/include/auto_aim_interfaces/auto_aim_interfaces/msg/time_info.h
[4.096s] -- Up-to-date: /home/zjy/Inference-for-RDKx5/autoaim/install/auto_aim_interfaces/include/auto_aim_interfaces/auto_aim_interfaces/msg/rosidl_generator_c__visibility_control.h
[4.098s] -- Up-to-date: /home/zjy/Inference-for-RDKx5/autoaim/install/auto_aim_interfaces/include/auto_aim_interfaces/auto_aim_interfaces/msg/debug_armors.h
[4.100s] -- Up-to-date: /home/zjy/Inference-for-RDKx5/autoaim/install/auto_aim_interfaces/include/auto_aim_interfaces/auto_aim_interfaces/msg/detail
[4.102s] -- Up-to-date: /home/zjy/Inference-for-RDKx5/autoaim/install/auto_aim_interfaces/include/auto_aim_interfaces/auto_aim_interfaces/msg/detail/debug_light__functions.h
[4.103s] -- Up-to-date: /home/zjy/Inference-for-RDKx5/autoaim/install/auto_aim_interfaces/include/auto_aim_interfaces/auto_aim_interfaces/msg/detail/time_info__type_support.h
[4.104s] -- Up-to-date: /home/zjy/Inference-for-RDKx5/autoaim/install/auto_aim_interfaces/include/auto_aim_interfaces/auto_aim_interfaces/msg/detail/debug_armor__type_support.h
[4.106s] -- Up-to-date: /home/zjy/Inference-for-RDKx5/autoaim/install/auto_aim_interfaces/include/auto_aim_interfaces/auto_aim_interfaces/msg/detail/tracker_info__struct.h
[4.110s] -- Up-to-date: /home/zjy/Inference-for-RDKx5/autoaim/install/auto_aim_interfaces/include/auto_aim_interfaces/auto_aim_interfaces/msg/detail/target__functions.c
[4.111s] -- Up-to-date: /home/zjy/Inference-for-RDKx5/autoaim/install/auto_aim_interfaces/include/auto_aim_interfaces/auto_aim_interfaces/msg/detail/tracker_info__type_support.h
[4.112s] -- Up-to-date: /home/zjy/Inference-for-RDKx5/autoaim/install/auto_aim_interfaces/include/auto_aim_interfaces/auto_aim_interfaces/msg/detail/debug_lights__functions.c
[4.113s] -- Up-to-date: /home/zjy/Inference-for-RDKx5/autoaim/install/auto_aim_interfaces/include/auto_aim_interfaces/auto_aim_interfaces/msg/detail/armors__functions.c
[4.114s] -- Up-to-date: /home/zjy/Inference-for-RDKx5/autoaim/install/auto_aim_interfaces/include/auto_aim_interfaces/auto_aim_interfaces/msg/detail/armor__struct.h
[4.114s] -- Up-to-date: /home/zjy/Inference-for-RDKx5/autoaim/install/auto_aim_interfaces/include/auto_aim_interfaces/auto_aim_interfaces/msg/detail/debug_armor__struct.h
[4.115s] -- Up-to-date: /home/zjy/Inference-for-RDKx5/autoaim/install/auto_aim_interfaces/include/auto_aim_interfaces/auto_aim_interfaces/msg/detail/debug_armors__functions.c
[4.116s] -- Up-to-date: /home/zjy/Inference-for-RDKx5/autoaim/install/auto_aim_interfaces/include/auto_aim_interfaces/auto_aim_interfaces/msg/detail/armors__functions.h
[4.116s] -- Up-to-date: /home/zjy/Inference-for-RDKx5/autoaim/install/auto_aim_interfaces/include/auto_aim_interfaces/auto_aim_interfaces/msg/detail/time_info__functions.h
[4.117s] -- Up-to-date: /home/zjy/Inference-for-RDKx5/autoaim/install/auto_aim_interfaces/include/auto_aim_interfaces/auto_aim_interfaces/msg/detail/tracker_info__functions.c
[4.117s] -- Up-to-date: /home/zjy/Inference-for-RDKx5/autoaim/install/auto_aim_interfaces/include/auto_aim_interfaces/auto_aim_interfaces/msg/detail/armor__functions.h
[4.117s] -- Up-to-date: /home/zjy/Inference-for-RDKx5/autoaim/install/auto_aim_interfaces/include/auto_aim_interfaces/auto_aim_interfaces/msg/detail/armors__type_support.h
[4.118s] -- Up-to-date: /home/zjy/Inference-for-RDKx5/autoaim/install/auto_aim_interfaces/include/auto_aim_interfaces/auto_aim_interfaces/msg/detail/target__struct.h
[4.119s] -- Up-to-date: /home/zjy/Inference-for-RDKx5/autoaim/install/auto_aim_interfaces/include/auto_aim_interfaces/auto_aim_interfaces/msg/detail/debug_light__struct.h
[4.119s] -- Up-to-date: /home/zjy/Inference-for-RDKx5/autoaim/install/auto_aim_interfaces/include/auto_aim_interfaces/auto_aim_interfaces/msg/detail/target__functions.h
[4.120s] -- Up-to-date: /home/zjy/Inference-for-RDKx5/autoaim/install/auto_aim_interfaces/include/auto_aim_interfaces/auto_aim_interfaces/msg/detail/debug_armor__functions.h
[4.120s] -- Up-to-date: /home/zjy/Inference-for-RDKx5/autoaim/install/auto_aim_interfaces/include/auto_aim_interfaces/auto_aim_interfaces/msg/detail/debug_lights__type_support.h
[4.120s] -- Up-to-date: /home/zjy/Inference-for-RDKx5/autoaim/install/auto_aim_interfaces/include/auto_aim_interfaces/auto_aim_interfaces/msg/detail/debug_lights__struct.h
[4.121s] -- Up-to-date: /home/zjy/Inference-for-RDKx5/autoaim/install/auto_aim_interfaces/include/auto_aim_interfaces/auto_aim_interfaces/msg/detail/debug_light__functions.c
[4.121s] -- Up-to-date: /home/zjy/Inference-for-RDKx5/autoaim/install/auto_aim_interfaces/include/auto_aim_interfaces/auto_aim_interfaces/msg/detail/tracker_info__functions.h
[4.121s] -- Up-to-date: /home/zjy/Inference-for-RDKx5/autoaim/install/auto_aim_interfaces/include/auto_aim_interfaces/auto_aim_interfaces/msg/detail/target__type_support.h
[4.123s] -- Up-to-date: /home/zjy/Inference-for-RDKx5/autoaim/install/auto_aim_interfaces/include/auto_aim_interfaces/auto_aim_interfaces/msg/detail/debug_armors__type_support.h
[4.123s] -- Up-to-date: /home/zjy/Inference-for-RDKx5/autoaim/install/auto_aim_interfaces/include/auto_aim_interfaces/auto_aim_interfaces/msg/detail/armors__struct.h
[4.124s] -- Up-to-date: /home/zjy/Inference-for-RDKx5/autoaim/install/auto_aim_interfaces/include/auto_aim_interfaces/auto_aim_interfaces/msg/detail/debug_lights__functions.h
[4.124s] -- Up-to-date: /home/zjy/Inference-for-RDKx5/autoaim/install/auto_aim_interfaces/include/auto_aim_interfaces/auto_aim_interfaces/msg/detail/debug_armors__functions.h
[4.126s] -- Up-to-date: /home/zjy/Inference-for-RDKx5/autoaim/install/auto_aim_interfaces/include/auto_aim_interfaces/auto_aim_interfaces/msg/detail/armor__type_support.h
[4.127s] -- Up-to-date: /home/zjy/Inference-for-RDKx5/autoaim/install/auto_aim_interfaces/include/auto_aim_interfaces/auto_aim_interfaces/msg/detail/debug_light__type_support.h
[4.128s] -- Up-to-date: /home/zjy/Inference-for-RDKx5/autoaim/install/auto_aim_interfaces/include/auto_aim_interfaces/auto_aim_interfaces/msg/detail/debug_armors__struct.h
[4.129s] -- Up-to-date: /home/zjy/Inference-for-RDKx5/autoaim/install/auto_aim_interfaces/include/auto_aim_interfaces/auto_aim_interfaces/msg/detail/time_info__functions.c
[4.129s] -- Up-to-date: /home/zjy/Inference-for-RDKx5/autoaim/install/auto_aim_interfaces/include/auto_aim_interfaces/auto_aim_interfaces/msg/detail/armor__functions.c
[4.130s] -- Up-to-date: /home/zjy/Inference-for-RDKx5/autoaim/install/auto_aim_interfaces/include/auto_aim_interfaces/auto_aim_interfaces/msg/detail/time_info__struct.h
[4.131s] -- Up-to-date: /home/zjy/Inference-for-RDKx5/autoaim/install/auto_aim_interfaces/include/auto_aim_interfaces/auto_aim_interfaces/msg/detail/debug_armor__functions.c
[4.131s] -- Up-to-date: /home/zjy/Inference-for-RDKx5/autoaim/install/auto_aim_interfaces/include/auto_aim_interfaces/auto_aim_interfaces/msg/target.h
[4.132s] -- Up-to-date: /home/zjy/Inference-for-RDKx5/autoaim/install/auto_aim_interfaces/include/auto_aim_interfaces/auto_aim_interfaces/msg/tracker_info.h
[4.133s] -- Up-to-date: /home/zjy/Inference-for-RDKx5/autoaim/install/auto_aim_interfaces/share/auto_aim_interfaces/environment/library_path.sh
[4.133s] -- Up-to-date: /home/zjy/Inference-for-RDKx5/autoaim/install/auto_aim_interfaces/share/auto_aim_interfaces/environment/library_path.dsv
[4.134s] -- Up-to-date: /home/zjy/Inference-for-RDKx5/autoaim/install/auto_aim_interfaces/lib/libauto_aim_interfaces__rosidl_generator_c.so
[4.135s] -- Up-to-date: /home/zjy/Inference-for-RDKx5/autoaim/install/auto_aim_interfaces/include/auto_aim_interfaces/auto_aim_interfaces
[4.135s] -- Up-to-date: /home/zjy/Inference-for-RDKx5/autoaim/install/auto_aim_interfaces/include/auto_aim_interfaces/auto_aim_interfaces/msg
[4.136s] -- Up-to-date: /home/zjy/Inference-for-RDKx5/autoaim/install/auto_aim_interfaces/include/auto_aim_interfaces/auto_aim_interfaces/msg/rosidl_typesupport_fastrtps_c__visibility_control.h
[4.136s] -- Up-to-date: /home/zjy/Inference-for-RDKx5/autoaim/install/auto_aim_interfaces/include/auto_aim_interfaces/auto_aim_interfaces/msg/detail
[4.137s] -- Up-to-date: /home/zjy/Inference-for-RDKx5/autoaim/install/auto_aim_interfaces/include/auto_aim_interfaces/auto_aim_interfaces/msg/detail/debug_armor__rosidl_typesupport_fastrtps_c.h
[4.138s] -- Up-to-date: /home/zjy/Inference-for-RDKx5/autoaim/install/auto_aim_interfaces/include/auto_aim_interfaces/auto_aim_interfaces/msg/detail/target__rosidl_typesupport_fastrtps_c.h
[4.138s] -- Up-to-date: /home/zjy/Inference-for-RDKx5/autoaim/install/auto_aim_interfaces/include/auto_aim_interfaces/auto_aim_interfaces/msg/detail/tracker_info__rosidl_typesupport_fastrtps_c.h
[4.139s] -- Up-to-date: /home/zjy/Inference-for-RDKx5/autoaim/install/auto_aim_interfaces/include/auto_aim_interfaces/auto_aim_interfaces/msg/detail/time_info__rosidl_typesupport_fastrtps_c.h
[4.139s] -- Up-to-date: /home/zjy/Inference-for-RDKx5/autoaim/install/auto_aim_interfaces/include/auto_aim_interfaces/auto_aim_interfaces/msg/detail/debug_lights__rosidl_typesupport_fastrtps_c.h
[4.140s] -- Up-to-date: /home/zjy/Inference-for-RDKx5/autoaim/install/auto_aim_interfaces/include/auto_aim_interfaces/auto_aim_interfaces/msg/detail/armor__rosidl_typesupport_fastrtps_c.h
[4.142s] -- Up-to-date: /home/zjy/Inference-for-RDKx5/autoaim/install/auto_aim_interfaces/include/auto_aim_interfaces/auto_aim_interfaces/msg/detail/debug_armors__rosidl_typesupport_fastrtps_c.h
[4.142s] -- Up-to-date: /home/zjy/Inference-for-RDKx5/autoaim/install/auto_aim_interfaces/include/auto_aim_interfaces/auto_aim_interfaces/msg/detail/debug_light__rosidl_typesupport_fastrtps_c.h
[4.143s] -- Up-to-date: /home/zjy/Inference-for-RDKx5/autoaim/install/auto_aim_interfaces/include/auto_aim_interfaces/auto_aim_interfaces/msg/detail/armors__rosidl_typesupport_fastrtps_c.h
[4.143s] -- Up-to-date: /home/zjy/Inference-for-RDKx5/autoaim/install/auto_aim_interfaces/lib/libauto_aim_interfaces__rosidl_typesupport_fastrtps_c.so
[4.144s] -- Up-to-date: /home/zjy/Inference-for-RDKx5/autoaim/install/auto_aim_interfaces/include/auto_aim_interfaces/auto_aim_interfaces
[4.145s] -- Up-to-date: /home/zjy/Inference-for-RDKx5/autoaim/install/auto_aim_interfaces/include/auto_aim_interfaces/auto_aim_interfaces/msg
[4.145s] -- Up-to-date: /home/zjy/Inference-for-RDKx5/autoaim/install/auto_aim_interfaces/include/auto_aim_interfaces/auto_aim_interfaces/msg/detail
[4.147s] -- Up-to-date: /home/zjy/Inference-for-RDKx5/autoaim/install/auto_aim_interfaces/include/auto_aim_interfaces/auto_aim_interfaces/msg/detail/target__type_support.c
[4.147s] -- Up-to-date: /home/zjy/Inference-for-RDKx5/autoaim/install/auto_aim_interfaces/include/auto_aim_interfaces/auto_aim_interfaces/msg/detail/debug_armors__type_support.c
[4.147s] -- Up-to-date: /home/zjy/Inference-for-RDKx5/autoaim/install/auto_aim_interfaces/include/auto_aim_interfaces/auto_aim_interfaces/msg/detail/time_info__rosidl_typesupport_introspection_c.h
[4.148s] -- Up-to-date: /home/zjy/Inference-for-RDKx5/autoaim/install/auto_aim_interfaces/include/auto_aim_interfaces/auto_aim_interfaces/msg/detail/armors__rosidl_typesupport_introspection_c.h
[4.148s] -- Up-to-date: /home/zjy/Inference-for-RDKx5/autoaim/install/auto_aim_interfaces/include/auto_aim_interfaces/auto_aim_interfaces/msg/detail/debug_lights__rosidl_typesupport_introspection_c.h
[4.148s] -- Up-to-date: /home/zjy/Inference-for-RDKx5/autoaim/install/auto_aim_interfaces/include/auto_aim_interfaces/auto_aim_interfaces/msg/detail/debug_light__rosidl_typesupport_introspection_c.h
[4.149s] -- Up-to-date: /home/zjy/Inference-for-RDKx5/autoaim/install/auto_aim_interfaces/include/auto_aim_interfaces/auto_aim_interfaces/msg/detail/tracker_info__type_support.c
[4.149s] -- Up-to-date: /home/zjy/Inference-for-RDKx5/autoaim/install/auto_aim_interfaces/include/auto_aim_interfaces/auto_aim_interfaces/msg/detail/time_info__type_support.c
[4.149s] -- Up-to-date: /home/zjy/Inference-for-RDKx5/autoaim/install/auto_aim_interfaces/include/auto_aim_interfaces/auto_aim_interfaces/msg/detail/target__rosidl_typesupport_introspection_c.h
[4.150s] -- Up-to-date: /home/zjy/Inference-for-RDKx5/autoaim/install/auto_aim_interfaces/include/auto_aim_interfaces/auto_aim_interfaces/msg/detail/armor__type_support.c
[4.150s] -- Up-to-date: /home/zjy/Inference-for-RDKx5/autoaim/install/auto_aim_interfaces/include/auto_aim_interfaces/auto_aim_interfaces/msg/detail/armors__type_support.c
[4.150s] -- Up-to-date: /home/zjy/Inference-for-RDKx5/autoaim/install/auto_aim_interfaces/include/auto_aim_interfaces/auto_aim_interfaces/msg/detail/armor__rosidl_typesupport_introspection_c.h
[4.151s] -- Up-to-date: /home/zjy/Inference-for-RDKx5/autoaim/install/auto_aim_interfaces/include/auto_aim_interfaces/auto_aim_interfaces/msg/detail/debug_armor__rosidl_typesupport_introspection_c.h
[4.151s] -- Up-to-date: /home/zjy/Inference-for-RDKx5/autoaim/install/auto_aim_interfaces/include/auto_aim_interfaces/auto_aim_interfaces/msg/detail/debug_light__type_support.c
[4.151s] -- Up-to-date: /home/zjy/Inference-for-RDKx5/autoaim/install/auto_aim_interfaces/include/auto_aim_interfaces/auto_aim_interfaces/msg/detail/debug_armor__type_support.c
[4.151s] -- Up-to-date: /home/zjy/Inference-for-RDKx5/autoaim/install/auto_aim_interfaces/include/auto_aim_interfaces/auto_aim_interfaces/msg/detail/debug_armors__rosidl_typesupport_introspection_c.h
[4.152s] -- Up-to-date: /home/zjy/Inference-for-RDKx5/autoaim/install/auto_aim_interfaces/include/auto_aim_interfaces/auto_aim_interfaces/msg/detail/tracker_info__rosidl_typesupport_introspection_c.h
[4.152s] -- Up-to-date: /home/zjy/Inference-for-RDKx5/autoaim/install/auto_aim_interfaces/include/auto_aim_interfaces/auto_aim_interfaces/msg/detail/debug_lights__type_support.c
[4.152s] -- Up-to-date: /home/zjy/Inference-for-RDKx5/autoaim/install/auto_aim_interfaces/include/auto_aim_interfaces/auto_aim_interfaces/msg/rosidl_typesupport_introspection_c__visibility_control.h
[4.153s] -- Up-to-date: /home/zjy/Inference-for-RDKx5/autoaim/install/auto_aim_interfaces/lib/libauto_aim_interfaces__rosidl_typesupport_introspection_c.so
[4.153s] -- Up-to-date: /home/zjy/Inference-for-RDKx5/autoaim/install/auto_aim_interfaces/lib/libauto_aim_interfaces__rosidl_typesupport_c.so
[4.153s] -- Up-to-date: /home/zjy/Inference-for-RDKx5/autoaim/install/auto_aim_interfaces/include/auto_aim_interfaces/auto_aim_interfaces
[4.153s] -- Up-to-date: /home/zjy/Inference-for-RDKx5/autoaim/install/auto_aim_interfaces/include/auto_aim_interfaces/auto_aim_interfaces/msg
[4.154s] -- Up-to-date: /home/zjy/Inference-for-RDKx5/autoaim/install/auto_aim_interfaces/include/auto_aim_interfaces/auto_aim_interfaces/msg/debug_light.hpp
[4.154s] -- Up-to-date: /home/zjy/Inference-for-RDKx5/autoaim/install/auto_aim_interfaces/include/auto_aim_interfaces/auto_aim_interfaces/msg/debug_armors.hpp
[4.154s] -- Up-to-date: /home/zjy/Inference-for-RDKx5/autoaim/install/auto_aim_interfaces/include/auto_aim_interfaces/auto_aim_interfaces/msg/tracker_info.hpp
[4.155s] -- Up-to-date: /home/zjy/Inference-for-RDKx5/autoaim/install/auto_aim_interfaces/include/auto_aim_interfaces/auto_aim_interfaces/msg/rosidl_generator_cpp__visibility_control.hpp
[4.155s] -- Up-to-date: /home/zjy/Inference-for-RDKx5/autoaim/install/auto_aim_interfaces/include/auto_aim_interfaces/auto_aim_interfaces/msg/detail
[4.155s] -- Up-to-date: /home/zjy/Inference-for-RDKx5/autoaim/install/auto_aim_interfaces/include/auto_aim_interfaces/auto_aim_interfaces/msg/detail/armors__builder.hpp
[4.156s] -- Up-to-date: /home/zjy/Inference-for-RDKx5/autoaim/install/auto_aim_interfaces/include/auto_aim_interfaces/auto_aim_interfaces/msg/detail/armor__builder.hpp
[4.156s] -- Up-to-date: /home/zjy/Inference-for-RDKx5/autoaim/install/auto_aim_interfaces/include/auto_aim_interfaces/auto_aim_interfaces/msg/detail/time_info__type_support.hpp
[4.156s] -- Up-to-date: /home/zjy/Inference-for-RDKx5/autoaim/install/auto_aim_interfaces/include/auto_aim_interfaces/auto_aim_interfaces/msg/detail/armor__traits.hpp
[4.156s] -- Up-to-date: /home/zjy/Inference-for-RDKx5/autoaim/install/auto_aim_interfaces/include/auto_aim_interfaces/auto_aim_interfaces/msg/detail/target__struct.hpp
[4.157s] -- Up-to-date: /home/zjy/Inference-for-RDKx5/autoaim/install/auto_aim_interfaces/include/auto_aim_interfaces/auto_aim_interfaces/msg/detail/debug_armor__type_support.hpp
[4.157s] -- Up-to-date: /home/zjy/Inference-for-RDKx5/autoaim/install/auto_aim_interfaces/include/auto_aim_interfaces/auto_aim_interfaces/msg/detail/debug_armors__builder.hpp
[4.157s] -- Up-to-date: /home/zjy/Inference-for-RDKx5/autoaim/install/auto_aim_interfaces/include/auto_aim_interfaces/auto_aim_interfaces/msg/detail/time_info__struct.hpp
[4.157s] -- Up-to-date: /home/zjy/Inference-for-RDKx5/autoaim/install/auto_aim_interfaces/include/auto_aim_interfaces/auto_aim_interfaces/msg/detail/debug_armors__type_support.hpp
[4.158s] -- Up-to-date: /home/zjy/Inference-for-RDKx5/autoaim/install/auto_aim_interfaces/include/auto_aim_interfaces/auto_aim_interfaces/msg/detail/tracker_info__type_support.hpp
[4.158s] -- Up-to-date: /home/zjy/Inference-for-RDKx5/autoaim/install/auto_aim_interfaces/include/auto_aim_interfaces/auto_aim_interfaces/msg/detail/debug_armor__builder.hpp
[4.158s] -- Up-to-date: /home/zjy/Inference-for-RDKx5/autoaim/install/auto_aim_interfaces/include/auto_aim_interfaces/auto_aim_interfaces/msg/detail/time_info__traits.hpp
[4.159s] -- Up-to-date: /home/zjy/Inference-for-RDKx5/autoaim/install/auto_aim_interfaces/include/auto_aim_interfaces/auto_aim_interfaces/msg/detail/target__traits.hpp
[4.159s] -- Up-to-date: /home/zjy/Inference-for-RDKx5/autoaim/install/auto_aim_interfaces/include/auto_aim_interfaces/auto_aim_interfaces/msg/detail/armors__struct.hpp
[4.159s] -- Up-to-date: /home/zjy/Inference-for-RDKx5/autoaim/install/auto_aim_interfaces/include/auto_aim_interfaces/auto_aim_interfaces/msg/detail/target__builder.hpp
[4.159s] -- Up-to-date: /home/zjy/Inference-for-RDKx5/autoaim/install/auto_aim_interfaces/include/auto_aim_interfaces/auto_aim_interfaces/msg/detail/debug_armor__traits.hpp
[4.160s] -- Up-to-date: /home/zjy/Inference-for-RDKx5/autoaim/install/auto_aim_interfaces/include/auto_aim_interfaces/auto_aim_interfaces/msg/detail/debug_light__builder.hpp
[4.160s] -- Up-to-date: /home/zjy/Inference-for-RDKx5/autoaim/install/auto_aim_interfaces/include/auto_aim_interfaces/auto_aim_interfaces/msg/detail/tracker_info__builder.hpp
[4.160s] -- Up-to-date: /home/zjy/Inference-for-RDKx5/autoaim/install/auto_aim_interfaces/include/auto_aim_interfaces/auto_aim_interfaces/msg/detail/debug_light__type_support.hpp
[4.161s] -- Up-to-date: /home/zjy/Inference-for-RDKx5/autoaim/install/auto_aim_interfaces/include/auto_aim_interfaces/auto_aim_interfaces/msg/detail/armor__struct.hpp
[4.161s] -- Up-to-date: /home/zjy/Inference-for-RDKx5/autoaim/install/auto_aim_interfaces/include/auto_aim_interfaces/auto_aim_interfaces/msg/detail/debug_armor__struct.hpp
[4.161s] -- Up-to-date: /home/zjy/Inference-for-RDKx5/autoaim/install/auto_aim_interfaces/include/auto_aim_interfaces/auto_aim_interfaces/msg/detail/target__type_support.hpp
[4.162s] -- Up-to-date: /home/zjy/Inference-for-RDKx5/autoaim/install/auto_aim_interfaces/include/auto_aim_interfaces/auto_aim_interfaces/msg/detail/debug_armors__struct.hpp
[4.162s] -- Up-to-date: /home/zjy/Inference-for-RDKx5/autoaim/install/auto_aim_interfaces/include/auto_aim_interfaces/auto_aim_interfaces/msg/detail/time_info__builder.hpp
[4.162s] -- Up-to-date: /home/zjy/Inference-for-RDKx5/autoaim/install/auto_aim_interfaces/include/auto_aim_interfaces/auto_aim_interfaces/msg/detail/debug_light__struct.hpp
[4.162s] -- Up-to-date: /home/zjy/Inference-for-RDKx5/autoaim/install/auto_aim_interfaces/include/auto_aim_interfaces/auto_aim_interfaces/msg/detail/tracker_info__struct.hpp
[4.163s] -- Up-to-date: /home/zjy/Inference-for-RDKx5/autoaim/install/auto_aim_interfaces/include/auto_aim_interfaces/auto_aim_interfaces/msg/detail/debug_light__traits.hpp
[4.163s] -- Up-to-date: /home/zjy/Inference-for-RDKx5/autoaim/install/auto_aim_interfaces/include/auto_aim_interfaces/auto_aim_interfaces/msg/detail/tracker_info__traits.hpp
[4.163s] -- Up-to-date: /home/zjy/Inference-for-RDKx5/autoaim/install/auto_aim_interfaces/include/auto_aim_interfaces/auto_aim_interfaces/msg/detail/armor__type_support.hpp
[4.163s] -- Up-to-date: /home/zjy/Inference-for-RDKx5/autoaim/install/auto_aim_interfaces/include/auto_aim_interfaces/auto_aim_interfaces/msg/detail/debug_lights__traits.hpp
[4.164s] -- Up-to-date: /home/zjy/Inference-for-RDKx5/autoaim/install/auto_aim_interfaces/include/auto_aim_interfaces/auto_aim_interfaces/msg/detail/armors__type_support.hpp
[4.164s] -- Up-to-date: /home/zjy/Inference-for-RDKx5/autoaim/install/auto_aim_interfaces/include/auto_aim_interfaces/auto_aim_interfaces/msg/detail/armors__traits.hpp
[4.164s] -- Up-to-date: /home/zjy/Inference-for-RDKx5/autoaim/install/auto_aim_interfaces/include/auto_aim_interfaces/auto_aim_interfaces/msg/detail/debug_armors__traits.hpp
[4.165s] -- Up-to-date: /home/zjy/Inference-for-RDKx5/autoaim/install/auto_aim_interfaces/include/auto_aim_interfaces/auto_aim_interfaces/msg/detail/debug_lights__struct.hpp
[4.165s] -- Up-to-date: /home/zjy/Inference-for-RDKx5/autoaim/install/auto_aim_interfaces/include/auto_aim_interfaces/auto_aim_interfaces/msg/detail/debug_lights__type_support.hpp
[4.165s] -- Up-to-date: /home/zjy/Inference-for-RDKx5/autoaim/install/auto_aim_interfaces/include/auto_aim_interfaces/auto_aim_interfaces/msg/detail/debug_lights__builder.hpp
[4.166s] -- Up-to-date: /home/zjy/Inference-for-RDKx5/autoaim/install/auto_aim_interfaces/include/auto_aim_interfaces/auto_aim_interfaces/msg/debug_lights.hpp
[4.166s] -- Up-to-date: /home/zjy/Inference-for-RDKx5/autoaim/install/auto_aim_interfaces/include/auto_aim_interfaces/auto_aim_interfaces/msg/time_info.hpp
[4.166s] -- Up-to-date: /home/zjy/Inference-for-RDKx5/autoaim/install/auto_aim_interfaces/include/auto_aim_interfaces/auto_aim_interfaces/msg/armor.hpp
[4.166s] -- Up-to-date: /home/zjy/Inference-for-RDKx5/autoaim/install/auto_aim_interfaces/include/auto_aim_interfaces/auto_aim_interfaces/msg/armors.hpp
[4.167s] -- Up-to-date: /home/zjy/Inference-for-RDKx5/autoaim/install/auto_aim_interfaces/include/auto_aim_interfaces/auto_aim_interfaces/msg/target.hpp
[4.167s] -- Up-to-date: /home/zjy/Inference-for-RDKx5/autoaim/install/auto_aim_interfaces/include/auto_aim_interfaces/auto_aim_interfaces/msg/debug_armor.hpp
[4.167s] -- Up-to-date: /home/zjy/Inference-for-RDKx5/autoaim/install/auto_aim_interfaces/include/auto_aim_interfaces/auto_aim_interfaces
[4.167s] -- Up-to-date: /home/zjy/Inference-for-RDKx5/autoaim/install/auto_aim_interfaces/include/auto_aim_interfaces/auto_aim_interfaces/msg
[4.168s] -- Up-to-date: /home/zjy/Inference-for-RDKx5/autoaim/install/auto_aim_interfaces/include/auto_aim_interfaces/auto_aim_interfaces/msg/rosidl_typesupport_fastrtps_cpp__visibility_control.h
[4.168s] -- Up-to-date: /home/zjy/Inference-for-RDKx5/autoaim/install/auto_aim_interfaces/include/auto_aim_interfaces/auto_aim_interfaces/msg/detail
[4.168s] -- Up-to-date: /home/zjy/Inference-for-RDKx5/autoaim/install/auto_aim_interfaces/include/auto_aim_interfaces/auto_aim_interfaces/msg/detail/debug_light__rosidl_typesupport_fastrtps_cpp.hpp
[4.169s] -- Up-to-date: /home/zjy/Inference-for-RDKx5/autoaim/install/auto_aim_interfaces/include/auto_aim_interfaces/auto_aim_interfaces/msg/detail/time_info__rosidl_typesupport_fastrtps_cpp.hpp
[4.169s] -- Up-to-date: /home/zjy/Inference-for-RDKx5/autoaim/install/auto_aim_interfaces/include/auto_aim_interfaces/auto_aim_interfaces/msg/detail/tracker_info__rosidl_typesupport_fastrtps_cpp.hpp
[4.169s] -- Up-to-date: /home/zjy/Inference-for-RDKx5/autoaim/install/auto_aim_interfaces/include/auto_aim_interfaces/auto_aim_interfaces/msg/detail/dds_fastrtps
[4.169s] -- Up-to-date: /home/zjy/Inference-for-RDKx5/autoaim/install/auto_aim_interfaces/include/auto_aim_interfaces/auto_aim_interfaces/msg/detail/target__rosidl_typesupport_fastrtps_cpp.hpp
[4.170s] -- Up-to-date: /home/zjy/Inference-for-RDKx5/autoaim/install/auto_aim_interfaces/include/auto_aim_interfaces/auto_aim_interfaces/msg/detail/armor__rosidl_typesupport_fastrtps_cpp.hpp
[4.170s] -- Up-to-date: /home/zjy/Inference-for-RDKx5/autoaim/install/auto_aim_interfaces/include/auto_aim_interfaces/auto_aim_interfaces/msg/detail/debug_lights__rosidl_typesupport_fastrtps_cpp.hpp
[4.170s] -- Up-to-date: /home/zjy/Inference-for-RDKx5/autoaim/install/auto_aim_interfaces/include/auto_aim_interfaces/auto_aim_interfaces/msg/detail/debug_armors__rosidl_typesupport_fastrtps_cpp.hpp
[4.171s] -- Up-to-date: /home/zjy/Inference-for-RDKx5/autoaim/install/auto_aim_interfaces/include/auto_aim_interfaces/auto_aim_interfaces/msg/detail/armors__rosidl_typesupport_fastrtps_cpp.hpp
[4.171s] -- Up-to-date: /home/zjy/Inference-for-RDKx5/autoaim/install/auto_aim_interfaces/include/auto_aim_interfaces/auto_aim_interfaces/msg/detail/debug_armor__rosidl_typesupport_fastrtps_cpp.hpp
[4.171s] -- Up-to-date: /home/zjy/Inference-for-RDKx5/autoaim/install/auto_aim_interfaces/lib/libauto_aim_interfaces__rosidl_typesupport_fastrtps_cpp.so
[4.172s] -- Up-to-date: /home/zjy/Inference-for-RDKx5/autoaim/install/auto_aim_interfaces/include/auto_aim_interfaces/auto_aim_interfaces
[4.172s] -- Up-to-date: /home/zjy/Inference-for-RDKx5/autoaim/install/auto_aim_interfaces/include/auto_aim_interfaces/auto_aim_interfaces/msg
[4.172s] -- Up-to-date: /home/zjy/Inference-for-RDKx5/autoaim/install/auto_aim_interfaces/include/auto_aim_interfaces/auto_aim_interfaces/msg/detail
[4.172s] -- Up-to-date: /home/zjy/Inference-for-RDKx5/autoaim/install/auto_aim_interfaces/include/auto_aim_interfaces/auto_aim_interfaces/msg/detail/debug_armor__type_support.cpp
[4.173s] -- Up-to-date: /home/zjy/Inference-for-RDKx5/autoaim/install/auto_aim_interfaces/include/auto_aim_interfaces/auto_aim_interfaces/msg/detail/time_info__rosidl_typesupport_introspection_cpp.hpp
[4.173s] -- Up-to-date: /home/zjy/Inference-for-RDKx5/autoaim/install/auto_aim_interfaces/include/auto_aim_interfaces/auto_aim_interfaces/msg/detail/tracker_info__type_support.cpp
[4.173s] -- Up-to-date: /home/zjy/Inference-for-RDKx5/autoaim/install/auto_aim_interfaces/include/auto_aim_interfaces/auto_aim_interfaces/msg/detail/debug_armor__rosidl_typesupport_introspection_cpp.hpp
[4.174s] -- Up-to-date: /home/zjy/Inference-for-RDKx5/autoaim/install/auto_aim_interfaces/include/auto_aim_interfaces/auto_aim_interfaces/msg/detail/time_info__type_support.cpp
[4.174s] -- Up-to-date: /home/zjy/Inference-for-RDKx5/autoaim/install/auto_aim_interfaces/include/auto_aim_interfaces/auto_aim_interfaces/msg/detail/armor__rosidl_typesupport_introspection_cpp.hpp
[4.174s] -- Up-to-date: /home/zjy/Inference-for-RDKx5/autoaim/install/auto_aim_interfaces/include/auto_aim_interfaces/auto_aim_interfaces/msg/detail/armors__rosidl_typesupport_introspection_cpp.hpp
[4.175s] -- Up-to-date: /home/zjy/Inference-for-RDKx5/autoaim/install/auto_aim_interfaces/include/auto_aim_interfaces/auto_aim_interfaces/msg/detail/debug_lights__type_support.cpp
[4.175s] -- Up-to-date: /home/zjy/Inference-for-RDKx5/autoaim/install/auto_aim_interfaces/include/auto_aim_interfaces/auto_aim_interfaces/msg/detail/target__rosidl_typesupport_introspection_cpp.hpp
[4.175s] -- Up-to-date: /home/zjy/Inference-for-RDKx5/autoaim/install/auto_aim_interfaces/include/auto_aim_interfaces/auto_aim_interfaces/msg/detail/armors__type_support.cpp
[4.176s] -- Up-to-date: /home/zjy/Inference-for-RDKx5/autoaim/install/auto_aim_interfaces/include/auto_aim_interfaces/auto_aim_interfaces/msg/detail/tracker_info__rosidl_typesupport_introspection_cpp.hpp
[4.176s] -- Up-to-date: /home/zjy/Inference-for-RDKx5/autoaim/install/auto_aim_interfaces/include/auto_aim_interfaces/auto_aim_interfaces/msg/detail/debug_light__type_support.cpp
[4.176s] -- Up-to-date: /home/zjy/Inference-for-RDKx5/autoaim/install/auto_aim_interfaces/include/auto_aim_interfaces/auto_aim_interfaces/msg/detail/debug_armors__rosidl_typesupport_introspection_cpp.hpp
[4.176s] -- Up-to-date: /home/zjy/Inference-for-RDKx5/autoaim/install/auto_aim_interfaces/include/auto_aim_interfaces/auto_aim_interfaces/msg/detail/debug_armors__type_support.cpp
[4.177s] -- Up-to-date: /home/zjy/Inference-for-RDKx5/autoaim/install/auto_aim_interfaces/include/auto_aim_interfaces/auto_aim_interfaces/msg/detail/armor__type_support.cpp
[4.177s] -- Up-to-date: /home/zjy/Inference-for-RDKx5/autoaim/install/auto_aim_interfaces/include/auto_aim_interfaces/auto_aim_interfaces/msg/detail/target__type_support.cpp
[4.177s] -- Up-to-date: /home/zjy/Inference-for-RDKx5/autoaim/install/auto_aim_interfaces/include/auto_aim_interfaces/auto_aim_interfaces/msg/detail/debug_light__rosidl_typesupport_introspection_cpp.hpp
[4.178s] -- Up-to-date: /home/zjy/Inference-for-RDKx5/autoaim/install/auto_aim_interfaces/include/auto_aim_interfaces/auto_aim_interfaces/msg/detail/debug_lights__rosidl_typesupport_introspection_cpp.hpp
[4.178s] -- Up-to-date: /home/zjy/Inference-for-RDKx5/autoaim/install/auto_aim_interfaces/lib/libauto_aim_interfaces__rosidl_typesupport_introspection_cpp.so
[4.178s] -- Up-to-date: /home/zjy/Inference-for-RDKx5/autoaim/install/auto_aim_interfaces/lib/libauto_aim_interfaces__rosidl_typesupport_cpp.so
[4.178s] -- Up-to-date: /home/zjy/Inference-for-RDKx5/autoaim/install/auto_aim_interfaces/share/auto_aim_interfaces/environment/pythonpath.sh
[4.179s] -- Up-to-date: /home/zjy/Inference-for-RDKx5/autoaim/install/auto_aim_interfaces/share/auto_aim_interfaces/environment/pythonpath.dsv
[4.179s] -- Up-to-date: /home/zjy/Inference-for-RDKx5/autoaim/install/auto_aim_interfaces/local/lib/python3.10/dist-packages/auto_aim_interfaces-2.0.0-py3.10.egg-info
[4.179s] -- Installing: /home/zjy/Inference-for-RDKx5/autoaim/install/auto_aim_interfaces/local/lib/python3.10/dist-packages/auto_aim_interfaces-2.0.0-py3.10.egg-info/SOURCES.txt
[4.179s] -- Installing: /home/zjy/Inference-for-RDKx5/autoaim/install/auto_aim_interfaces/local/lib/python3.10/dist-packages/auto_aim_interfaces-2.0.0-py3.10.egg-info/dependency_links.txt
[4.180s] -- Installing: /home/zjy/Inference-for-RDKx5/autoaim/install/auto_aim_interfaces/local/lib/python3.10/dist-packages/auto_aim_interfaces-2.0.0-py3.10.egg-info/top_level.txt
[4.180s] -- Installing: /home/zjy/Inference-for-RDKx5/autoaim/install/auto_aim_interfaces/local/lib/python3.10/dist-packages/auto_aim_interfaces-2.0.0-py3.10.egg-info/PKG-INFO
[4.180s] -- Up-to-date: /home/zjy/Inference-for-RDKx5/autoaim/install/auto_aim_interfaces/local/lib/python3.10/dist-packages/auto_aim_interfaces
[4.181s] -- Up-to-date: /home/zjy/Inference-for-RDKx5/autoaim/install/auto_aim_interfaces/local/lib/python3.10/dist-packages/auto_aim_interfaces/_auto_aim_interfaces_s.ep.rosidl_typesupport_c.c
[4.181s] -- Up-to-date: /home/zjy/Inference-for-RDKx5/autoaim/install/auto_aim_interfaces/local/lib/python3.10/dist-packages/auto_aim_interfaces/_auto_aim_interfaces_s.ep.rosidl_typesupport_fastrtps_c.c
[4.181s] -- Up-to-date: /home/zjy/Inference-for-RDKx5/autoaim/install/auto_aim_interfaces/local/lib/python3.10/dist-packages/auto_aim_interfaces/__init__.py
[4.182s] -- Up-to-date: /home/zjy/Inference-for-RDKx5/autoaim/install/auto_aim_interfaces/local/lib/python3.10/dist-packages/auto_aim_interfaces/auto_aim_interfaces_s__rosidl_typesupport_fastrtps_c.cpython-310-x86_64-linux-gnu.so
[4.182s] -- Up-to-date: /home/zjy/Inference-for-RDKx5/autoaim/install/auto_aim_interfaces/local/lib/python3.10/dist-packages/auto_aim_interfaces/msg
[4.182s] -- Up-to-date: /home/zjy/Inference-for-RDKx5/autoaim/install/auto_aim_interfaces/local/lib/python3.10/dist-packages/auto_aim_interfaces/msg/_debug_armors_s.c
[4.183s] -- Up-to-date: /home/zjy/Inference-for-RDKx5/autoaim/install/auto_aim_interfaces/local/lib/python3.10/dist-packages/auto_aim_interfaces/msg/_debug_armors.py
[4.183s] -- Up-to-date: /home/zjy/Inference-for-RDKx5/autoaim/install/auto_aim_interfaces/local/lib/python3.10/dist-packages/auto_aim_interfaces/msg/_target.py
[4.183s] -- Up-to-date: /home/zjy/Inference-for-RDKx5/autoaim/install/auto_aim_interfaces/local/lib/python3.10/dist-packages/auto_aim_interfaces/msg/_debug_light_s.c
[4.183s] -- Up-to-date: /home/zjy/Inference-for-RDKx5/autoaim/install/auto_aim_interfaces/local/lib/python3.10/dist-packages/auto_aim_interfaces/msg/_armor.py
[4.184s] -- Up-to-date: /home/zjy/Inference-for-RDKx5/autoaim/install/auto_aim_interfaces/local/lib/python3.10/dist-packages/auto_aim_interfaces/msg/__init__.py
[4.184s] -- Up-to-date: /home/zjy/Inference-for-RDKx5/autoaim/install/auto_aim_interfaces/local/lib/python3.10/dist-packages/auto_aim_interfaces/msg/_debug_light.py
[4.184s] -- Up-to-date: /home/zjy/Inference-for-RDKx5/autoaim/install/auto_aim_interfaces/local/lib/python3.10/dist-packages/auto_aim_interfaces/msg/_armors.py
[4.185s] -- Up-to-date: /home/zjy/Inference-for-RDKx5/autoaim/install/auto_aim_interfaces/local/lib/python3.10/dist-packages/auto_aim_interfaces/msg/_armor_s.c
[4.185s] -- Up-to-date: /home/zjy/Inference-for-RDKx5/autoaim/install/auto_aim_interfaces/local/lib/python3.10/dist-packages/auto_aim_interfaces/msg/_debug_lights_s.c
[4.185s] -- Up-to-date: /home/zjy/Inference-for-RDKx5/autoaim/install/auto_aim_interfaces/local/lib/python3.10/dist-packages/auto_aim_interfaces/msg/_time_info_s.c
[4.187s] -- Up-to-date: /home/zjy/Inference-for-RDKx5/autoaim/install/auto_aim_interfaces/local/lib/python3.10/dist-packages/auto_aim_interfaces/msg/_tracker_info.py
[4.187s] -- Up-to-date: /home/zjy/Inference-for-RDKx5/autoaim/install/auto_aim_interfaces/local/lib/python3.10/dist-packages/auto_aim_interfaces/msg/_debug_armor_s.c
[4.188s] -- Up-to-date: /home/zjy/Inference-for-RDKx5/autoaim/install/auto_aim_interfaces/local/lib/python3.10/dist-packages/auto_aim_interfaces/msg/_debug_armor.py
[4.189s] -- Up-to-date: /home/zjy/Inference-for-RDKx5/autoaim/install/auto_aim_interfaces/local/lib/python3.10/dist-packages/auto_aim_interfaces/msg/_tracker_info_s.c
[4.189s] -- Up-to-date: /home/zjy/Inference-for-RDKx5/autoaim/install/auto_aim_interfaces/local/lib/python3.10/dist-packages/auto_aim_interfaces/msg/_debug_lights.py
[4.190s] -- Up-to-date: /home/zjy/Inference-for-RDKx5/autoaim/install/auto_aim_interfaces/local/lib/python3.10/dist-packages/auto_aim_interfaces/msg/_target_s.c
[4.191s] -- Up-to-date: /home/zjy/Inference-for-RDKx5/autoaim/install/auto_aim_interfaces/local/lib/python3.10/dist-packages/auto_aim_interfaces/msg/_time_info.py
[4.191s] -- Up-to-date: /home/zjy/Inference-for-RDKx5/autoaim/install/auto_aim_interfaces/local/lib/python3.10/dist-packages/auto_aim_interfaces/msg/_armors_s.c
[4.192s] -- Up-to-date: /home/zjy/Inference-for-RDKx5/autoaim/install/auto_aim_interfaces/local/lib/python3.10/dist-packages/auto_aim_interfaces/auto_aim_interfaces_s__rosidl_typesupport_introspection_c.cpython-310-x86_64-linux-gnu.so
[4.192s] -- Up-to-date: /home/zjy/Inference-for-RDKx5/autoaim/install/auto_aim_interfaces/local/lib/python3.10/dist-packages/auto_aim_interfaces/_auto_aim_interfaces_s.ep.rosidl_typesupport_introspection_c.c
[4.193s] -- Up-to-date: /home/zjy/Inference-for-RDKx5/autoaim/install/auto_aim_interfaces/local/lib/python3.10/dist-packages/auto_aim_interfaces/auto_aim_interfaces_s__rosidl_typesupport_c.cpython-310-x86_64-linux-gnu.so
[4.194s] -- Up-to-date: /home/zjy/Inference-for-RDKx5/autoaim/install/auto_aim_interfaces/local/lib/python3.10/dist-packages/auto_aim_interfaces/libauto_aim_interfaces__rosidl_generator_py.so
[4.410s] Listing '/home/zjy/Inference-for-RDKx5/autoaim/install/auto_aim_interfaces/local/lib/python3.10/dist-packages/auto_aim_interfaces'...
[4.411s] Listing '/home/zjy/Inference-for-RDKx5/autoaim/install/auto_aim_interfaces/local/lib/python3.10/dist-packages/auto_aim_interfaces/msg'...
[4.446s] -- Up-to-date: /home/zjy/Inference-for-RDKx5/autoaim/install/auto_aim_interfaces/local/lib/python3.10/dist-packages/auto_aim_interfaces/auto_aim_interfaces_s__rosidl_typesupport_fastrtps_c.cpython-310-x86_64-linux-gnu.so
[4.447s] -- Up-to-date: /home/zjy/Inference-for-RDKx5/autoaim/install/auto_aim_interfaces/local/lib/python3.10/dist-packages/auto_aim_interfaces/auto_aim_interfaces_s__rosidl_typesupport_introspection_c.cpython-310-x86_64-linux-gnu.so
[4.449s] -- Up-to-date: /home/zjy/Inference-for-RDKx5/autoaim/install/auto_aim_interfaces/local/lib/python3.10/dist-packages/auto_aim_interfaces/auto_aim_interfaces_s__rosidl_typesupport_c.cpython-310-x86_64-linux-gnu.so
[4.450s] -- Up-to-date: /home/zjy/Inference-for-RDKx5/autoaim/install/auto_aim_interfaces/lib/libauto_aim_interfaces__rosidl_generator_py.so
[4.459s] -- Up-to-date: /home/zjy/Inference-for-RDKx5/autoaim/install/auto_aim_interfaces/share/auto_aim_interfaces/msg/Armor.idl
[4.461s] -- Up-to-date: /home/zjy/Inference-for-RDKx5/autoaim/install/auto_aim_interfaces/share/auto_aim_interfaces/msg/Armors.idl
[4.462s] -- Up-to-date: /home/zjy/Inference-for-RDKx5/autoaim/install/auto_aim_interfaces/share/auto_aim_interfaces/msg/Target.idl
[4.463s] -- Up-to-date: /home/zjy/Inference-for-RDKx5/autoaim/install/auto_aim_interfaces/share/auto_aim_interfaces/msg/DebugLight.idl
[4.464s] -- Up-to-date: /home/zjy/Inference-for-RDKx5/autoaim/install/auto_aim_interfaces/share/auto_aim_interfaces/msg/DebugLights.idl
[4.465s] -- Up-to-date: /home/zjy/Inference-for-RDKx5/autoaim/install/auto_aim_interfaces/share/auto_aim_interfaces/msg/DebugArmor.idl
[4.466s] -- Up-to-date: /home/zjy/Inference-for-RDKx5/autoaim/install/auto_aim_interfaces/share/auto_aim_interfaces/msg/DebugArmors.idl
[4.467s] -- Up-to-date: /home/zjy/Inference-for-RDKx5/autoaim/install/auto_aim_interfaces/share/auto_aim_interfaces/msg/TrackerInfo.idl
[4.468s] -- Up-to-date: /home/zjy/Inference-for-RDKx5/autoaim/install/auto_aim_interfaces/share/auto_aim_interfaces/msg/TimeInfo.idl
[4.468s] -- Up-to-date: /home/zjy/Inference-for-RDKx5/autoaim/install/auto_aim_interfaces/share/auto_aim_interfaces/msg/Armor.msg
[4.469s] -- Up-to-date: /home/zjy/Inference-for-RDKx5/autoaim/install/auto_aim_interfaces/share/auto_aim_interfaces/msg/Armors.msg
[4.469s] -- Up-to-date: /home/zjy/Inference-for-RDKx5/autoaim/install/auto_aim_interfaces/share/auto_aim_interfaces/msg/Target.msg
[4.471s] -- Up-to-date: /home/zjy/Inference-for-RDKx5/autoaim/install/auto_aim_interfaces/share/auto_aim_interfaces/msg/DebugLight.msg
[4.472s] -- Up-to-date: /home/zjy/Inference-for-RDKx5/autoaim/install/auto_aim_interfaces/share/auto_aim_interfaces/msg/DebugLights.msg
[4.472s] -- Up-to-date: /home/zjy/Inference-for-RDKx5/autoaim/install/auto_aim_interfaces/share/auto_aim_interfaces/msg/DebugArmor.msg
[4.472s] -- Up-to-date: /home/zjy/Inference-for-RDKx5/autoaim/install/auto_aim_interfaces/share/auto_aim_interfaces/msg/DebugArmors.msg
[4.473s] -- Up-to-date: /home/zjy/Inference-for-RDKx5/autoaim/install/auto_aim_interfaces/share/auto_aim_interfaces/msg/TrackerInfo.msg
[4.474s] -- Up-to-date: /home/zjy/Inference-for-RDKx5/autoaim/install/auto_aim_interfaces/share/auto_aim_interfaces/msg/TimeInfo.msg
[4.474s] -- Up-to-date: /home/zjy/Inference-for-RDKx5/autoaim/install/auto_aim_interfaces/share/ament_index/resource_index/package_run_dependencies/auto_aim_interfaces
[4.475s] -- Up-to-date: /home/zjy/Inference-for-RDKx5/autoaim/install/auto_aim_interfaces/share/ament_index/resource_index/parent_prefix_path/auto_aim_interfaces
[4.475s] -- Up-to-date: /home/zjy/Inference-for-RDKx5/autoaim/install/auto_aim_interfaces/share/auto_aim_interfaces/environment/ament_prefix_path.sh
[4.476s] -- Up-to-date: /home/zjy/Inference-for-RDKx5/autoaim/install/auto_aim_interfaces/share/auto_aim_interfaces/environment/ament_prefix_path.dsv
[4.476s] -- Up-to-date: /home/zjy/Inference-for-RDKx5/autoaim/install/auto_aim_interfaces/share/auto_aim_interfaces/environment/path.sh
[4.476s] -- Up-to-date: /home/zjy/Inference-for-RDKx5/autoaim/install/auto_aim_interfaces/share/auto_aim_interfaces/environment/path.dsv
[4.477s] -- Up-to-date: /home/zjy/Inference-for-RDKx5/autoaim/install/auto_aim_interfaces/share/auto_aim_interfaces/local_setup.bash
[4.477s] -- Up-to-date: /home/zjy/Inference-for-RDKx5/autoaim/install/auto_aim_interfaces/share/auto_aim_interfaces/local_setup.sh
[4.484s] -- Up-to-date: /home/zjy/Inference-for-RDKx5/autoaim/install/auto_aim_interfaces/share/auto_aim_interfaces/local_setup.zsh
[4.486s] -- Up-to-date: /home/zjy/Inference-for-RDKx5/autoaim/install/auto_aim_interfaces/share/auto_aim_interfaces/local_setup.dsv
[4.486s] -- Installing: /home/zjy/Inference-for-RDKx5/autoaim/install/auto_aim_interfaces/share/auto_aim_interfaces/package.dsv
[4.487s] -- Up-to-date: /home/zjy/Inference-for-RDKx5/autoaim/install/auto_aim_interfaces/share/ament_index/resource_index/packages/auto_aim_interfaces
[4.487s] -- Up-to-date: /home/zjy/Inference-for-RDKx5/autoaim/install/auto_aim_interfaces/share/auto_aim_interfaces/cmake/export_auto_aim_interfaces__rosidl_generator_cExport.cmake
[4.487s] -- Up-to-date: /home/zjy/Inference-for-RDKx5/autoaim/install/auto_aim_interfaces/share/auto_aim_interfaces/cmake/export_auto_aim_interfaces__rosidl_generator_cExport-noconfig.cmake
[4.489s] -- Up-to-date: /home/zjy/Inference-for-RDKx5/autoaim/install/auto_aim_interfaces/share/auto_aim_interfaces/cmake/export_auto_aim_interfaces__rosidl_typesupport_fastrtps_cExport.cmake
[4.493s] -- Up-to-date: /home/zjy/Inference-for-RDKx5/autoaim/install/auto_aim_interfaces/share/auto_aim_interfaces/cmake/export_auto_aim_interfaces__rosidl_typesupport_fastrtps_cExport-noconfig.cmake
[4.494s] -- Up-to-date: /home/zjy/Inference-for-RDKx5/autoaim/install/auto_aim_interfaces/share/auto_aim_interfaces/cmake/auto_aim_interfaces__rosidl_typesupport_introspection_cExport.cmake
[4.496s] -- Up-to-date: /home/zjy/Inference-for-RDKx5/autoaim/install/auto_aim_interfaces/share/auto_aim_interfaces/cmake/auto_aim_interfaces__rosidl_typesupport_introspection_cExport-noconfig.cmake
[4.498s] -- Up-to-date: /home/zjy/Inference-for-RDKx5/autoaim/install/auto_aim_interfaces/share/auto_aim_interfaces/cmake/auto_aim_interfaces__rosidl_typesupport_cExport.cmake
[4.498s] -- Up-to-date: /home/zjy/Inference-for-RDKx5/autoaim/install/auto_aim_interfaces/share/auto_aim_interfaces/cmake/auto_aim_interfaces__rosidl_typesupport_cExport-noconfig.cmake
[4.499s] -- Up-to-date: /home/zjy/Inference-for-RDKx5/autoaim/install/auto_aim_interfaces/share/auto_aim_interfaces/cmake/export_auto_aim_interfaces__rosidl_generator_cppExport.cmake
[4.499s] -- Up-to-date: /home/zjy/Inference-for-RDKx5/autoaim/install/auto_aim_interfaces/share/auto_aim_interfaces/cmake/export_auto_aim_interfaces__rosidl_typesupport_fastrtps_cppExport.cmake
[4.504s] -- Up-to-date: /home/zjy/Inference-for-RDKx5/autoaim/install/auto_aim_interfaces/share/auto_aim_interfaces/cmake/export_auto_aim_interfaces__rosidl_typesupport_fastrtps_cppExport-noconfig.cmake
[4.508s] -- Up-to-date: /home/zjy/Inference-for-RDKx5/autoaim/install/auto_aim_interfaces/share/auto_aim_interfaces/cmake/auto_aim_interfaces__rosidl_typesupport_introspection_cppExport.cmake
[4.509s] -- Up-to-date: /home/zjy/Inference-for-RDKx5/autoaim/install/auto_aim_interfaces/share/auto_aim_interfaces/cmake/auto_aim_interfaces__rosidl_typesupport_introspection_cppExport-noconfig.cmake
[4.512s] -- Up-to-date: /home/zjy/Inference-for-RDKx5/autoaim/install/auto_aim_interfaces/share/auto_aim_interfaces/cmake/auto_aim_interfaces__rosidl_typesupport_cppExport.cmake
[4.512s] -- Up-to-date: /home/zjy/Inference-for-RDKx5/autoaim/install/auto_aim_interfaces/share/auto_aim_interfaces/cmake/auto_aim_interfaces__rosidl_typesupport_cppExport-noconfig.cmake
[4.513s] -- Up-to-date: /home/zjy/Inference-for-RDKx5/autoaim/install/auto_aim_interfaces/share/auto_aim_interfaces/cmake/export_auto_aim_interfaces__rosidl_generator_pyExport.cmake
[4.513s] -- Up-to-date: /home/zjy/Inference-for-RDKx5/autoaim/install/auto_aim_interfaces/share/auto_aim_interfaces/cmake/export_auto_aim_interfaces__rosidl_generator_pyExport-noconfig.cmake
[4.518s] -- Up-to-date: /home/zjy/Inference-for-RDKx5/autoaim/install/auto_aim_interfaces/share/auto_aim_interfaces/cmake/rosidl_cmake-extras.cmake
[4.523s] -- Up-to-date: /home/zjy/Inference-for-RDKx5/autoaim/install/auto_aim_interfaces/share/auto_aim_interfaces/cmake/ament_cmake_export_dependencies-extras.cmake
[4.524s] -- Up-to-date: /home/zjy/Inference-for-RDKx5/autoaim/install/auto_aim_interfaces/share/auto_aim_interfaces/cmake/ament_cmake_export_include_directories-extras.cmake
[4.531s] -- Up-to-date: /home/zjy/Inference-for-RDKx5/autoaim/install/auto_aim_interfaces/share/auto_aim_interfaces/cmake/ament_cmake_export_libraries-extras.cmake
[4.533s] -- Up-to-date: /home/zjy/Inference-for-RDKx5/autoaim/install/auto_aim_interfaces/share/auto_aim_interfaces/cmake/ament_cmake_export_targets-extras.cmake
[4.534s] -- Up-to-date: /home/zjy/Inference-for-RDKx5/autoaim/install/auto_aim_interfaces/share/auto_aim_interfaces/cmake/rosidl_cmake_export_typesupport_targets-extras.cmake
[4.535s] -- Up-to-date: /home/zjy/Inference-for-RDKx5/autoaim/install/auto_aim_interfaces/share/auto_aim_interfaces/cmake/rosidl_cmake_export_typesupport_libraries-extras.cmake
[4.536s] -- Up-to-date: /home/zjy/Inference-for-RDKx5/autoaim/install/auto_aim_interfaces/share/auto_aim_interfaces/cmake/auto_aim_interfacesConfig.cmake
[4.539s] -- Up-to-date: /home/zjy/Inference-for-RDKx5/autoaim/install/auto_aim_interfaces/share/auto_aim_interfaces/cmake/auto_aim_interfacesConfig-version.cmake
[4.540s] -- Up-to-date: /home/zjy/Inference-for-RDKx5/autoaim/install/auto_aim_interfaces/share/auto_aim_interfaces/package.xml
[4.555s] Invoked command in '/home/zjy/Inference-for-RDKx5/autoaim/build/auto_aim_interfaces' returned '0': CMAKE_PREFIX_PATH=/opt/ros/humble /usr/bin/cmake --install /home/zjy/Inference-for-RDKx5/autoaim/build/auto_aim_interfaces
