[0.011s] Invoking command in '/home/zjy/Inference-for-RDKx5/autoaim/build/hik_camera': AMENT_PREFIX_PATH=/home/zjy/Inference-for-RDKx5/autoaim/install/hbm_img_msgs:${AMENT_PREFIX_PATH} CMAKE_PREFIX_PATH=/home/zjy/Inference-for-RDKx5/autoaim/install/hbm_img_msgs:/opt/ros/humble LD_LIBRARY_PATH=/home/zjy/Inference-for-RDKx5/autoaim/install/hbm_img_msgs/lib:/opt/MVS/lib/64:/opt/MVS/lib/32:/opt/ros/humble/opt/rviz_ogre_vendor/lib:/opt/ros/humble/lib/x86_64-linux-gnu:/opt/ros/humble/lib:/opt/MVS/lib/64:/opt/MVS/lib/32:/opt/MVS/lib/64:/opt/MVS/lib/32 PYTHONPATH=/home/zjy/Inference-for-RDKx5/autoaim/install/hbm_img_msgs/local/lib/python3.10/dist-packages:${PYTHONPATH} /usr/bin/cmake /home/zjy/Inference-for-RDKx5/autoaim/ros2_hik_camera -DCMAKE_INSTALL_PREFIX=/home/zjy/Inference-for-RDKx5/autoaim/install/hik_camera
[0.050s] -- The C compiler identification is GNU 11.4.0
[0.083s] -- The CXX compiler identification is GNU 11.4.0
[0.087s] -- Detecting C compiler ABI info
[0.129s] -- Detecting C compiler ABI info - done
[0.133s] -- Check for working C compiler: /usr/bin/cc - skipped
[0.133s] -- Detecting C compile features
[0.133s] -- Detecting C compile features - done
[0.135s] -- Detecting CXX compiler ABI info
[0.186s] -- Detecting CXX compiler ABI info - done
[0.191s] -- Check for working CXX compiler: /usr/bin/c++ - skipped
[0.191s] -- Detecting CXX compile features
[0.191s] -- Detecting CXX compile features - done
[0.192s] [0musing shared mem[0m
[0.192s] -- Found hbm_img_msgs: 2.0.0 (/home/zjy/Inference-for-RDKx5/autoaim/install/hbm_img_msgs/share/hbm_img_msgs/cmake)
[0.584s] -- Found Python3: /usr/bin/python3 (found version "3.10.12") found components: Interpreter 
[0.672s] -- Found rosidl_generator_c: 3.1.6 (/opt/ros/humble/share/rosidl_generator_c/cmake)
[0.675s] -- Found rosidl_adapter: 3.1.6 (/opt/ros/humble/share/rosidl_adapter/cmake)
[0.678s] -- Found rosidl_generator_cpp: 3.1.6 (/opt/ros/humble/share/rosidl_generator_cpp/cmake)
[0.685s] -- Using all available rosidl_typesupport_c: rosidl_typesupport_fastrtps_c;rosidl_typesupport_introspection_c
[0.694s] -- Using all available rosidl_typesupport_cpp: rosidl_typesupport_fastrtps_cpp;rosidl_typesupport_introspection_cpp
[0.707s] -- Found ament_cmake_auto: 1.3.11 (/opt/ros/humble/share/ament_cmake_auto/cmake)
[0.773s] -- Found rmw_implementation_cmake: 6.1.2 (/opt/ros/humble/share/rmw_implementation_cmake/cmake)
[0.774s] -- Found rmw_fastrtps_cpp: 6.2.7 (/opt/ros/humble/share/rmw_fastrtps_cpp/cmake)
[0.829s] -- Found OpenSSL: /usr/lib/x86_64-linux-gnu/libcrypto.so (found version "3.0.2")  
[0.844s] -- Found FastRTPS: /opt/ros/humble/include  
[0.870s] -- Using RMW implementation 'rmw_fastrtps_cpp' as default
[0.877s] -- Looking for pthread.h
[0.926s] -- Looking for pthread.h - found
[0.926s] -- Performing Test CMAKE_HAVE_LIBC_PTHREAD
[0.971s] -- Performing Test CMAKE_HAVE_LIBC_PTHREAD - Success
[0.972s] -- Found Threads: TRUE  
[1.081s] -- Found ament_lint_auto: 0.12.12 (/opt/ros/humble/share/ament_lint_auto/cmake)
[1.096s] -- Added test 'cppcheck' to perform static code analysis on C / C++ code
[1.096s] -- Configured cppcheck include dirs: /home/zjy/Inference-for-RDKx5/autoaim/ros2_hik_camera/hikSDK/include
[1.096s] -- Configured cppcheck exclude dirs and/or files: 
[1.097s] -- Added test 'flake8' to check Python code syntax and style conventions
[1.097s] -- Added test 'lint_cmake' to check CMake code style
[1.097s] -- Added test 'pep257' to check Python code against some of the docstring style conventions in PEP 257
[1.098s] -- Added test 'xmllint' to check XML markup files
[1.099s] -- Configuring done
[1.111s] -- Generating done
[1.117s] -- Build files have been written to: /home/zjy/Inference-for-RDKx5/autoaim/build/hik_camera
[1.127s] Invoked command in '/home/zjy/Inference-for-RDKx5/autoaim/build/hik_camera' returned '0': AMENT_PREFIX_PATH=/home/zjy/Inference-for-RDKx5/autoaim/install/hbm_img_msgs:${AMENT_PREFIX_PATH} CMAKE_PREFIX_PATH=/home/zjy/Inference-for-RDKx5/autoaim/install/hbm_img_msgs:/opt/ros/humble LD_LIBRARY_PATH=/home/zjy/Inference-for-RDKx5/autoaim/install/hbm_img_msgs/lib:/opt/MVS/lib/64:/opt/MVS/lib/32:/opt/ros/humble/opt/rviz_ogre_vendor/lib:/opt/ros/humble/lib/x86_64-linux-gnu:/opt/ros/humble/lib:/opt/MVS/lib/64:/opt/MVS/lib/32:/opt/MVS/lib/64:/opt/MVS/lib/32 PYTHONPATH=/home/zjy/Inference-for-RDKx5/autoaim/install/hbm_img_msgs/local/lib/python3.10/dist-packages:${PYTHONPATH} /usr/bin/cmake /home/zjy/Inference-for-RDKx5/autoaim/ros2_hik_camera -DCMAKE_INSTALL_PREFIX=/home/zjy/Inference-for-RDKx5/autoaim/install/hik_camera
[1.127s] Invoking command in '/home/zjy/Inference-for-RDKx5/autoaim/build/hik_camera': AMENT_PREFIX_PATH=/home/zjy/Inference-for-RDKx5/autoaim/install/hbm_img_msgs:${AMENT_PREFIX_PATH} CMAKE_PREFIX_PATH=/home/zjy/Inference-for-RDKx5/autoaim/install/hbm_img_msgs:/opt/ros/humble LD_LIBRARY_PATH=/home/zjy/Inference-for-RDKx5/autoaim/install/hbm_img_msgs/lib:/opt/MVS/lib/64:/opt/MVS/lib/32:/opt/ros/humble/opt/rviz_ogre_vendor/lib:/opt/ros/humble/lib/x86_64-linux-gnu:/opt/ros/humble/lib:/opt/MVS/lib/64:/opt/MVS/lib/32:/opt/MVS/lib/64:/opt/MVS/lib/32 PYTHONPATH=/home/zjy/Inference-for-RDKx5/autoaim/install/hbm_img_msgs/local/lib/python3.10/dist-packages:${PYTHONPATH} /usr/bin/cmake --build /home/zjy/Inference-for-RDKx5/autoaim/build/hik_camera -- -j32 -l32
[1.164s] [ 25%] [32mBuilding CXX object CMakeFiles/hik_camera.dir/src/hik_camera_node.cpp.o[0m
[1.165s] [ 50%] [32mBuilding CXX object CMakeFiles/hik_camera_node.dir/rclcpp_components/node_main_hik_camera_node.cpp.o[0m
[3.265s] [ 75%] [32m[1mLinking CXX executable hik_camera_node[0m
[3.361s] [ 75%] Built target hik_camera_node
[5.574s] [100%] [32m[1mLinking CXX shared library libhik_camera.so[0m
[5.751s] [100%] Built target hik_camera
[5.761s] Invoked command in '/home/zjy/Inference-for-RDKx5/autoaim/build/hik_camera' returned '0': AMENT_PREFIX_PATH=/home/zjy/Inference-for-RDKx5/autoaim/install/hbm_img_msgs:${AMENT_PREFIX_PATH} CMAKE_PREFIX_PATH=/home/zjy/Inference-for-RDKx5/autoaim/install/hbm_img_msgs:/opt/ros/humble LD_LIBRARY_PATH=/home/zjy/Inference-for-RDKx5/autoaim/install/hbm_img_msgs/lib:/opt/MVS/lib/64:/opt/MVS/lib/32:/opt/ros/humble/opt/rviz_ogre_vendor/lib:/opt/ros/humble/lib/x86_64-linux-gnu:/opt/ros/humble/lib:/opt/MVS/lib/64:/opt/MVS/lib/32:/opt/MVS/lib/64:/opt/MVS/lib/32 PYTHONPATH=/home/zjy/Inference-for-RDKx5/autoaim/install/hbm_img_msgs/local/lib/python3.10/dist-packages:${PYTHONPATH} /usr/bin/cmake --build /home/zjy/Inference-for-RDKx5/autoaim/build/hik_camera -- -j32 -l32
[5.763s] Invoking command in '/home/zjy/Inference-for-RDKx5/autoaim/build/hik_camera': AMENT_PREFIX_PATH=/home/zjy/Inference-for-RDKx5/autoaim/install/hbm_img_msgs:${AMENT_PREFIX_PATH} CMAKE_PREFIX_PATH=/home/zjy/Inference-for-RDKx5/autoaim/install/hbm_img_msgs:/opt/ros/humble LD_LIBRARY_PATH=/home/zjy/Inference-for-RDKx5/autoaim/install/hbm_img_msgs/lib:/opt/MVS/lib/64:/opt/MVS/lib/32:/opt/ros/humble/opt/rviz_ogre_vendor/lib:/opt/ros/humble/lib/x86_64-linux-gnu:/opt/ros/humble/lib:/opt/MVS/lib/64:/opt/MVS/lib/32:/opt/MVS/lib/64:/opt/MVS/lib/32 PYTHONPATH=/home/zjy/Inference-for-RDKx5/autoaim/install/hbm_img_msgs/local/lib/python3.10/dist-packages:${PYTHONPATH} /usr/bin/cmake --install /home/zjy/Inference-for-RDKx5/autoaim/build/hik_camera
[5.771s] -- Install configuration: ""
[5.771s] -- Installing: /home/zjy/Inference-for-RDKx5/autoaim/install/hik_camera/lib
[5.771s] -- Installing: /home/zjy/Inference-for-RDKx5/autoaim/install/hik_camera/lib/libMvUsb3vTL.so
[5.777s] -- Installing: /home/zjy/Inference-for-RDKx5/autoaim/install/hik_camera/lib/libMediaProcess.so
[5.779s] -- Installing: /home/zjy/Inference-for-RDKx5/autoaim/install/hik_camera/lib/libMVRender.so
[5.779s] -- Installing: /home/zjy/Inference-for-RDKx5/autoaim/install/hik_camera/lib/libMvCameraControl.so
[5.785s] -- Installing: /home/zjy/Inference-for-RDKx5/autoaim/install/hik_camera/lib/libFormatConversion.so
[5.786s] -- Installing: /home/zjy/Inference-for-RDKx5/autoaim/install/hik_camera/lib/hik_camera/hik_camera_node
[5.786s] -- Set runtime path of "/home/zjy/Inference-for-RDKx5/autoaim/install/hik_camera/lib/hik_camera/hik_camera_node" to ""
[5.786s] -- Installing: /home/zjy/Inference-for-RDKx5/autoaim/install/hik_camera/share/hik_camera/environment/library_path.sh
[5.786s] -- Installing: /home/zjy/Inference-for-RDKx5/autoaim/install/hik_camera/share/hik_camera/environment/library_path.dsv
[5.786s] -- Installing: /home/zjy/Inference-for-RDKx5/autoaim/install/hik_camera/lib/libhik_camera.so
[5.787s] -- Set runtime path of "/home/zjy/Inference-for-RDKx5/autoaim/install/hik_camera/lib/libhik_camera.so" to ""
[5.787s] -- Installing: /home/zjy/Inference-for-RDKx5/autoaim/install/hik_camera/share/hik_camera/config
[5.787s] -- Installing: /home/zjy/Inference-for-RDKx5/autoaim/install/hik_camera/share/hik_camera/config/camera_info.yaml
[5.788s] -- Installing: /home/zjy/Inference-for-RDKx5/autoaim/install/hik_camera/share/hik_camera/config/camera_params.yaml
[5.788s] -- Installing: /home/zjy/Inference-for-RDKx5/autoaim/install/hik_camera/share/hik_camera/launch
[5.788s] -- Installing: /home/zjy/Inference-for-RDKx5/autoaim/install/hik_camera/share/hik_camera/launch/hik_camera.launch.py
[5.788s] -- Installing: /home/zjy/Inference-for-RDKx5/autoaim/install/hik_camera/share/ament_index/resource_index/package_run_dependencies/hik_camera
[5.788s] -- Installing: /home/zjy/Inference-for-RDKx5/autoaim/install/hik_camera/share/ament_index/resource_index/parent_prefix_path/hik_camera
[5.788s] -- Installing: /home/zjy/Inference-for-RDKx5/autoaim/install/hik_camera/share/hik_camera/environment/ament_prefix_path.sh
[5.788s] -- Installing: /home/zjy/Inference-for-RDKx5/autoaim/install/hik_camera/share/hik_camera/environment/ament_prefix_path.dsv
[5.788s] -- Installing: /home/zjy/Inference-for-RDKx5/autoaim/install/hik_camera/share/hik_camera/environment/path.sh
[5.788s] -- Installing: /home/zjy/Inference-for-RDKx5/autoaim/install/hik_camera/share/hik_camera/environment/path.dsv
[5.788s] -- Installing: /home/zjy/Inference-for-RDKx5/autoaim/install/hik_camera/share/hik_camera/local_setup.bash
[5.788s] -- Installing: /home/zjy/Inference-for-RDKx5/autoaim/install/hik_camera/share/hik_camera/local_setup.sh
[5.788s] -- Installing: /home/zjy/Inference-for-RDKx5/autoaim/install/hik_camera/share/hik_camera/local_setup.zsh
[5.788s] -- Installing: /home/zjy/Inference-for-RDKx5/autoaim/install/hik_camera/share/hik_camera/local_setup.dsv
[5.789s] -- Installing: /home/zjy/Inference-for-RDKx5/autoaim/install/hik_camera/share/hik_camera/package.dsv
[5.789s] -- Installing: /home/zjy/Inference-for-RDKx5/autoaim/install/hik_camera/share/ament_index/resource_index/packages/hik_camera
[5.789s] -- Installing: /home/zjy/Inference-for-RDKx5/autoaim/install/hik_camera/share/ament_index/resource_index/rclcpp_components/hik_camera
[5.789s] -- Installing: /home/zjy/Inference-for-RDKx5/autoaim/install/hik_camera/share/hik_camera/cmake/ament_cmake_export_dependencies-extras.cmake
[5.789s] -- Installing: /home/zjy/Inference-for-RDKx5/autoaim/install/hik_camera/share/hik_camera/cmake/ament_cmake_export_libraries-extras.cmake
[5.789s] -- Installing: /home/zjy/Inference-for-RDKx5/autoaim/install/hik_camera/share/hik_camera/cmake/hik_cameraConfig.cmake
[5.789s] -- Installing: /home/zjy/Inference-for-RDKx5/autoaim/install/hik_camera/share/hik_camera/cmake/hik_cameraConfig-version.cmake
[5.789s] -- Installing: /home/zjy/Inference-for-RDKx5/autoaim/install/hik_camera/share/hik_camera/package.xml
[5.790s] Invoked command in '/home/zjy/Inference-for-RDKx5/autoaim/build/hik_camera' returned '0': AMENT_PREFIX_PATH=/home/zjy/Inference-for-RDKx5/autoaim/install/hbm_img_msgs:${AMENT_PREFIX_PATH} CMAKE_PREFIX_PATH=/home/zjy/Inference-for-RDKx5/autoaim/install/hbm_img_msgs:/opt/ros/humble LD_LIBRARY_PATH=/home/zjy/Inference-for-RDKx5/autoaim/install/hbm_img_msgs/lib:/opt/MVS/lib/64:/opt/MVS/lib/32:/opt/ros/humble/opt/rviz_ogre_vendor/lib:/opt/ros/humble/lib/x86_64-linux-gnu:/opt/ros/humble/lib:/opt/MVS/lib/64:/opt/MVS/lib/32:/opt/MVS/lib/64:/opt/MVS/lib/32 PYTHONPATH=/home/zjy/Inference-for-RDKx5/autoaim/install/hbm_img_msgs/local/lib/python3.10/dist-packages:${PYTHONPATH} /usr/bin/cmake --install /home/zjy/Inference-for-RDKx5/autoaim/build/hik_camera
