[0.029s] Invoking command in '/home/zjy/Inference-for-RDKx5/autoaim/build/vision_serial_driver': AMENT_PREFIX_PATH=/home/zjy/Inference-for-RDKx5/autoaim/install/vision_interfaces:${AMENT_PREFIX_PATH} CMAKE_PREFIX_PATH=/home/zjy/Inference-for-RDKx5/autoaim/install/vision_interfaces:/opt/ros/humble LD_LIBRARY_PATH=/home/zjy/Inference-for-RDKx5/autoaim/install/vision_interfaces/lib:/opt/MVS/lib/64:/opt/MVS/lib/32:/opt/ros/humble/opt/rviz_ogre_vendor/lib:/opt/ros/humble/lib/x86_64-linux-gnu:/opt/ros/humble/lib:/opt/MVS/lib/64:/opt/MVS/lib/32:/opt/MVS/lib/64:/opt/MVS/lib/32 PYTHONPATH=/home/zjy/Inference-for-RDKx5/autoaim/install/vision_interfaces/local/lib/python3.10/dist-packages:${PYTHONPATH} /usr/bin/cmake --build /home/zjy/Inference-for-RDKx5/autoaim/build/vision_serial_driver -- -j32 -l32
[0.072s] [100%] Built target vision_serial_driver_node
[0.082s] Invoked command in '/home/zjy/Inference-for-RDKx5/autoaim/build/vision_serial_driver' returned '0': AMENT_PREFIX_PATH=/home/zjy/Inference-for-RDKx5/autoaim/install/vision_interfaces:${AMENT_PREFIX_PATH} CMAKE_PREFIX_PATH=/home/zjy/Inference-for-RDKx5/autoaim/install/vision_interfaces:/opt/ros/humble LD_LIBRARY_PATH=/home/zjy/Inference-for-RDKx5/autoaim/install/vision_interfaces/lib:/opt/MVS/lib/64:/opt/MVS/lib/32:/opt/ros/humble/opt/rviz_ogre_vendor/lib:/opt/ros/humble/lib/x86_64-linux-gnu:/opt/ros/humble/lib:/opt/MVS/lib/64:/opt/MVS/lib/32:/opt/MVS/lib/64:/opt/MVS/lib/32 PYTHONPATH=/home/zjy/Inference-for-RDKx5/autoaim/install/vision_interfaces/local/lib/python3.10/dist-packages:${PYTHONPATH} /usr/bin/cmake --build /home/zjy/Inference-for-RDKx5/autoaim/build/vision_serial_driver -- -j32 -l32
[0.084s] Invoking command in '/home/zjy/Inference-for-RDKx5/autoaim/build/vision_serial_driver': AMENT_PREFIX_PATH=/home/zjy/Inference-for-RDKx5/autoaim/install/vision_interfaces:${AMENT_PREFIX_PATH} CMAKE_PREFIX_PATH=/home/zjy/Inference-for-RDKx5/autoaim/install/vision_interfaces:/opt/ros/humble LD_LIBRARY_PATH=/home/zjy/Inference-for-RDKx5/autoaim/install/vision_interfaces/lib:/opt/MVS/lib/64:/opt/MVS/lib/32:/opt/ros/humble/opt/rviz_ogre_vendor/lib:/opt/ros/humble/lib/x86_64-linux-gnu:/opt/ros/humble/lib:/opt/MVS/lib/64:/opt/MVS/lib/32:/opt/MVS/lib/64:/opt/MVS/lib/32 PYTHONPATH=/home/zjy/Inference-for-RDKx5/autoaim/install/vision_interfaces/local/lib/python3.10/dist-packages:${PYTHONPATH} /usr/bin/cmake --install /home/zjy/Inference-for-RDKx5/autoaim/build/vision_serial_driver
[0.088s] -- Install configuration: ""
[0.088s] -- Up-to-date: /home/zjy/Inference-for-RDKx5/autoaim/install/vision_serial_driver/share/ament_index/resource_index/package_run_dependencies/vision_serial_driver
[0.088s] -- Up-to-date: /home/zjy/Inference-for-RDKx5/autoaim/install/vision_serial_driver/share/ament_index/resource_index/parent_prefix_path/vision_serial_driver
[0.088s] -- Up-to-date: /home/zjy/Inference-for-RDKx5/autoaim/install/vision_serial_driver/share/vision_serial_driver/environment/ament_prefix_path.sh
[0.088s] -- Up-to-date: /home/zjy/Inference-for-RDKx5/autoaim/install/vision_serial_driver/share/vision_serial_driver/environment/ament_prefix_path.dsv
[0.088s] -- Up-to-date: /home/zjy/Inference-for-RDKx5/autoaim/install/vision_serial_driver/share/vision_serial_driver/environment/path.sh
[0.088s] -- Up-to-date: /home/zjy/Inference-for-RDKx5/autoaim/install/vision_serial_driver/share/vision_serial_driver/environment/path.dsv
[0.088s] -- Up-to-date: /home/zjy/Inference-for-RDKx5/autoaim/install/vision_serial_driver/share/vision_serial_driver/local_setup.bash
[0.088s] -- Up-to-date: /home/zjy/Inference-for-RDKx5/autoaim/install/vision_serial_driver/share/vision_serial_driver/local_setup.sh
[0.088s] -- Up-to-date: /home/zjy/Inference-for-RDKx5/autoaim/install/vision_serial_driver/share/vision_serial_driver/local_setup.zsh
[0.088s] -- Up-to-date: /home/zjy/Inference-for-RDKx5/autoaim/install/vision_serial_driver/share/vision_serial_driver/local_setup.dsv
[0.089s] -- Installing: /home/zjy/Inference-for-RDKx5/autoaim/install/vision_serial_driver/share/vision_serial_driver/package.dsv
[0.089s] -- Up-to-date: /home/zjy/Inference-for-RDKx5/autoaim/install/vision_serial_driver/share/ament_index/resource_index/packages/vision_serial_driver
[0.089s] -- Up-to-date: /home/zjy/Inference-for-RDKx5/autoaim/install/vision_serial_driver/share/vision_serial_driver/cmake/vision_serial_driverConfig.cmake
[0.089s] -- Up-to-date: /home/zjy/Inference-for-RDKx5/autoaim/install/vision_serial_driver/share/vision_serial_driver/cmake/vision_serial_driverConfig-version.cmake
[0.089s] -- Up-to-date: /home/zjy/Inference-for-RDKx5/autoaim/install/vision_serial_driver/share/vision_serial_driver/package.xml
[0.089s] -- Up-to-date: /home/zjy/Inference-for-RDKx5/autoaim/install/vision_serial_driver/lib/vision_serial_driver/vision_serial_driver_node
[0.090s] Invoked command in '/home/zjy/Inference-for-RDKx5/autoaim/build/vision_serial_driver' returned '0': AMENT_PREFIX_PATH=/home/zjy/Inference-for-RDKx5/autoaim/install/vision_interfaces:${AMENT_PREFIX_PATH} CMAKE_PREFIX_PATH=/home/zjy/Inference-for-RDKx5/autoaim/install/vision_interfaces:/opt/ros/humble LD_LIBRARY_PATH=/home/zjy/Inference-for-RDKx5/autoaim/install/vision_interfaces/lib:/opt/MVS/lib/64:/opt/MVS/lib/32:/opt/ros/humble/opt/rviz_ogre_vendor/lib:/opt/ros/humble/lib/x86_64-linux-gnu:/opt/ros/humble/lib:/opt/MVS/lib/64:/opt/MVS/lib/32:/opt/MVS/lib/64:/opt/MVS/lib/32 PYTHONPATH=/home/zjy/Inference-for-RDKx5/autoaim/install/vision_interfaces/local/lib/python3.10/dist-packages:${PYTHONPATH} /usr/bin/cmake --install /home/zjy/Inference-for-RDKx5/autoaim/build/vision_serial_driver
