-- The C compiler identification is GNU 11.4.0
-- The CXX compiler identification is GNU 11.4.0
-- Detecting C compiler ABI info
-- Detecting C compiler ABI info - done
-- Check for working C compiler: /usr/bin/cc - skipped
-- Detecting C compile features
-- Detecting C compile features - done
-- Detecting CXX compiler ABI info
-- Detecting CXX compiler ABI info - done
-- Check for working CXX compiler: /usr/bin/c++ - skipped
-- Detecting CXX compile features
-- Detecting CXX compile features - done
-- Found ament_cmake: 1.3.11 (/opt/ros/humble/share/ament_cmake/cmake)
-- Found Python3: /usr/bin/python3 (found version "3.10.12") found components: Interpreter 
-- Found rclcpp: 16.0.12 (/opt/ros/humble/share/rclcpp/cmake)
-- Found rosidl_generator_c: 3.1.6 (/opt/ros/humble/share/rosidl_generator_c/cmake)
-- Found rosidl_adapter: 3.1.6 (/opt/ros/humble/share/rosidl_adapter/cmake)
-- Found rosidl_generator_cpp: 3.1.6 (/opt/ros/humble/share/rosidl_generator_cpp/cmake)
-- Using all available rosidl_typesupport_c: rosidl_typesupport_fastrtps_c;rosidl_typesupport_introspection_c
-- Using all available rosidl_typesupport_cpp: rosidl_typesupport_fastrtps_cpp;rosidl_typesupport_introspection_cpp
-- Found rmw_implementation_cmake: 6.1.2 (/opt/ros/humble/share/rmw_implementation_cmake/cmake)
-- Found rmw_fastrtps_cpp: 6.2.7 (/opt/ros/humble/share/rmw_fastrtps_cpp/cmake)
-- Found OpenSSL: /usr/lib/x86_64-linux-gnu/libcrypto.so (found version "3.0.2")  
-- Found FastRTPS: /opt/ros/humble/include  
-- Using RMW implementation 'rmw_fastrtps_cpp' as default
-- Looking for pthread.h
-- Looking for pthread.h - found
-- Performing Test CMAKE_HAVE_LIBC_PTHREAD
-- Performing Test CMAKE_HAVE_LIBC_PTHREAD - Success
-- Found Threads: TRUE  
-- Found vision_interfaces: 0.0.0 (/home/zjy/Inference-for-RDKx5/autoaim/install/vision_interfaces/share/vision_interfaces/cmake)
-- Found auto_aim_interfaces: 2.0.0 (/home/zjy/Inference-for-RDKx5/autoaim/install/auto_aim_interfaces/share/auto_aim_interfaces/cmake)
-- Found tf2: 0.25.13 (/opt/ros/humble/share/tf2/cmake)
-- Found tf2_ros: 0.25.13 (/opt/ros/humble/share/tf2_ros/cmake)
-- Found angles: 1.15.0 (/opt/ros/humble/share/angles/cmake)
-- Found visualization_msgs: 4.9.0 (/opt/ros/humble/share/visualization_msgs/cmake)
-- Found ament_lint_auto: 0.12.12 (/opt/ros/humble/share/ament_lint_auto/cmake)
-- Added test 'cppcheck' to perform static code analysis on C / C++ code
-- Configured cppcheck include dirs: 
-- Configured cppcheck exclude dirs and/or files: 
-- Added test 'lint_cmake' to check CMake code style
-- Added test 'uncrustify' to check C / C++ code style
-- Configured uncrustify additional arguments: 
-- Added test 'xmllint' to check XML markup files
-- Configuring done
-- Generating done
-- Build files have been written to: /home/zjy/Inference-for-RDKx5/autoaim/build/vision_attacker
[ 50%] [32mBuilding CXX object CMakeFiles/vision_attacker_node.dir/src/vision_attacker_node.cpp.o[0m
[01m[K/home/zjy/Inference-for-RDKx5/autoaim/vision_attacker/src/vision_attacker_node.cpp:[m[K In member function ‘[01m[Kdouble Tracker_node::solveTrajectory(double&, double, double, double, double, double)[m[K’:
[01m[K/home/zjy/Inference-for-RDKx5/autoaim/vision_attacker/src/vision_attacker_node.cpp:156:10:[m[K [01;35m[Kwarning: [m[Kvariable ‘[01m[Kconverged[m[K’ set but not used [[01;35m[K]8;;https://gcc.gnu.org/onlinedocs/gcc/Warning-Options.html#index-Wunused-but-set-variable-Wunused-but-set-variable]8;;[m[K]
  156 |     bool [01;35m[Kconverged[m[K = false;
      |          [01;35m[K^~~~~~~~~[m[K
[100%] [32m[1mLinking CXX executable vision_attacker_node[0m
[100%] Built target vision_attacker_node
