[0.008s] Invoking command in '/home/zjy/Inference-for-RDKx5/autoaim/build/vision_attacker': AMENT_PREFIX_PATH=/home/zjy/Inference-for-RDKx5/autoaim/install/vision_interfaces:/home/zjy/Inference-for-RDKx5/autoaim/install/auto_aim_interfaces:${AMENT_PREFIX_PATH} CMAKE_PREFIX_PATH=/home/zjy/Inference-for-RDKx5/autoaim/install/vision_interfaces:/home/zjy/Inference-for-RDKx5/autoaim/install/auto_aim_interfaces:/opt/ros/humble LD_LIBRARY_PATH=/home/zjy/Inference-for-RDKx5/autoaim/install/vision_interfaces/lib:/home/zjy/Inference-for-RDKx5/autoaim/install/auto_aim_interfaces/lib:/opt/MVS/lib/64:/opt/MVS/lib/32:/opt/ros/humble/opt/rviz_ogre_vendor/lib:/opt/ros/humble/lib/x86_64-linux-gnu:/opt/ros/humble/lib:/opt/MVS/lib/64:/opt/MVS/lib/32:/opt/MVS/lib/64:/opt/MVS/lib/32 PYTHONPATH=/home/zjy/Inference-for-RDKx5/autoaim/install/vision_interfaces/local/lib/python3.10/dist-packages:/home/zjy/Inference-for-RDKx5/autoaim/install/auto_aim_interfaces/local/lib/python3.10/dist-packages:${PYTHONPATH} /usr/bin/cmake /home/zjy/Inference-for-RDKx5/autoaim/vision_attacker -DCMAKE_INSTALL_PREFIX=/home/zjy/Inference-for-RDKx5/autoaim/install/vision_attacker
[0.050s] -- The C compiler identification is GNU 11.4.0
[0.086s] -- The CXX compiler identification is GNU 11.4.0
[0.092s] -- Detecting C compiler ABI info
[0.142s] -- Detecting C compiler ABI info - done
[0.146s] -- Check for working C compiler: /usr/bin/cc - skipped
[0.146s] -- Detecting C compile features
[0.147s] -- Detecting C compile features - done
[0.149s] -- Detecting CXX compiler ABI info
[0.199s] -- Detecting CXX compiler ABI info - done
[0.204s] -- Check for working CXX compiler: /usr/bin/c++ - skipped
[0.204s] -- Detecting CXX compile features
[0.204s] -- Detecting CXX compile features - done
[0.205s] -- Found ament_cmake: 1.3.11 (/opt/ros/humble/share/ament_cmake/cmake)
[0.701s] -- Found Python3: /usr/bin/python3 (found version "3.10.12") found components: Interpreter 
[0.772s] -- Found rclcpp: 16.0.12 (/opt/ros/humble/share/rclcpp/cmake)
[0.798s] -- Found rosidl_generator_c: 3.1.6 (/opt/ros/humble/share/rosidl_generator_c/cmake)
[0.801s] -- Found rosidl_adapter: 3.1.6 (/opt/ros/humble/share/rosidl_adapter/cmake)
[0.806s] -- Found rosidl_generator_cpp: 3.1.6 (/opt/ros/humble/share/rosidl_generator_cpp/cmake)
[0.813s] -- Using all available rosidl_typesupport_c: rosidl_typesupport_fastrtps_c;rosidl_typesupport_introspection_c
[0.823s] -- Using all available rosidl_typesupport_cpp: rosidl_typesupport_fastrtps_cpp;rosidl_typesupport_introspection_cpp
[0.848s] -- Found rmw_implementation_cmake: 6.1.2 (/opt/ros/humble/share/rmw_implementation_cmake/cmake)
[0.849s] -- Found rmw_fastrtps_cpp: 6.2.7 (/opt/ros/humble/share/rmw_fastrtps_cpp/cmake)
[0.918s] -- Found OpenSSL: /usr/lib/x86_64-linux-gnu/libcrypto.so (found version "3.0.2")  
[0.938s] -- Found FastRTPS: /opt/ros/humble/include  
[0.972s] -- Using RMW implementation 'rmw_fastrtps_cpp' as default
[0.977s] -- Looking for pthread.h
[1.036s] -- Looking for pthread.h - found
[1.036s] -- Performing Test CMAKE_HAVE_LIBC_PTHREAD
[1.091s] -- Performing Test CMAKE_HAVE_LIBC_PTHREAD - Success
[1.092s] -- Found Threads: TRUE  
[1.124s] -- Found vision_interfaces: 0.0.0 (/home/zjy/Inference-for-RDKx5/autoaim/install/vision_interfaces/share/vision_interfaces/cmake)
[1.142s] -- Found auto_aim_interfaces: 2.0.0 (/home/zjy/Inference-for-RDKx5/autoaim/install/auto_aim_interfaces/share/auto_aim_interfaces/cmake)
[1.151s] -- Found tf2: 0.25.13 (/opt/ros/humble/share/tf2/cmake)
[1.157s] -- Found tf2_ros: 0.25.13 (/opt/ros/humble/share/tf2_ros/cmake)
[1.218s] -- Found angles: 1.15.0 (/opt/ros/humble/share/angles/cmake)
[1.219s] -- Found visualization_msgs: 4.9.0 (/opt/ros/humble/share/visualization_msgs/cmake)
[1.245s] -- Found ament_lint_auto: 0.12.12 (/opt/ros/humble/share/ament_lint_auto/cmake)
[1.306s] -- Added test 'cppcheck' to perform static code analysis on C / C++ code
[1.306s] -- Configured cppcheck include dirs: 
[1.306s] -- Configured cppcheck exclude dirs and/or files: 
[1.306s] -- Added test 'lint_cmake' to check CMake code style
[1.307s] -- Added test 'uncrustify' to check C / C++ code style
[1.307s] -- Configured uncrustify additional arguments: 
[1.307s] -- Added test 'xmllint' to check XML markup files
[1.308s] -- Configuring done
[1.315s] -- Generating done
[1.317s] -- Build files have been written to: /home/zjy/Inference-for-RDKx5/autoaim/build/vision_attacker
[1.324s] Invoked command in '/home/zjy/Inference-for-RDKx5/autoaim/build/vision_attacker' returned '0': AMENT_PREFIX_PATH=/home/zjy/Inference-for-RDKx5/autoaim/install/vision_interfaces:/home/zjy/Inference-for-RDKx5/autoaim/install/auto_aim_interfaces:${AMENT_PREFIX_PATH} CMAKE_PREFIX_PATH=/home/zjy/Inference-for-RDKx5/autoaim/install/vision_interfaces:/home/zjy/Inference-for-RDKx5/autoaim/install/auto_aim_interfaces:/opt/ros/humble LD_LIBRARY_PATH=/home/zjy/Inference-for-RDKx5/autoaim/install/vision_interfaces/lib:/home/zjy/Inference-for-RDKx5/autoaim/install/auto_aim_interfaces/lib:/opt/MVS/lib/64:/opt/MVS/lib/32:/opt/ros/humble/opt/rviz_ogre_vendor/lib:/opt/ros/humble/lib/x86_64-linux-gnu:/opt/ros/humble/lib:/opt/MVS/lib/64:/opt/MVS/lib/32:/opt/MVS/lib/64:/opt/MVS/lib/32 PYTHONPATH=/home/zjy/Inference-for-RDKx5/autoaim/install/vision_interfaces/local/lib/python3.10/dist-packages:/home/zjy/Inference-for-RDKx5/autoaim/install/auto_aim_interfaces/local/lib/python3.10/dist-packages:${PYTHONPATH} /usr/bin/cmake /home/zjy/Inference-for-RDKx5/autoaim/vision_attacker -DCMAKE_INSTALL_PREFIX=/home/zjy/Inference-for-RDKx5/autoaim/install/vision_attacker
[1.325s] Invoking command in '/home/zjy/Inference-for-RDKx5/autoaim/build/vision_attacker': AMENT_PREFIX_PATH=/home/zjy/Inference-for-RDKx5/autoaim/install/vision_interfaces:/home/zjy/Inference-for-RDKx5/autoaim/install/auto_aim_interfaces:${AMENT_PREFIX_PATH} CMAKE_PREFIX_PATH=/home/zjy/Inference-for-RDKx5/autoaim/install/vision_interfaces:/home/zjy/Inference-for-RDKx5/autoaim/install/auto_aim_interfaces:/opt/ros/humble LD_LIBRARY_PATH=/home/zjy/Inference-for-RDKx5/autoaim/install/vision_interfaces/lib:/home/zjy/Inference-for-RDKx5/autoaim/install/auto_aim_interfaces/lib:/opt/MVS/lib/64:/opt/MVS/lib/32:/opt/ros/humble/opt/rviz_ogre_vendor/lib:/opt/ros/humble/lib/x86_64-linux-gnu:/opt/ros/humble/lib:/opt/MVS/lib/64:/opt/MVS/lib/32:/opt/MVS/lib/64:/opt/MVS/lib/32 PYTHONPATH=/home/zjy/Inference-for-RDKx5/autoaim/install/vision_interfaces/local/lib/python3.10/dist-packages:/home/zjy/Inference-for-RDKx5/autoaim/install/auto_aim_interfaces/local/lib/python3.10/dist-packages:${PYTHONPATH} /usr/bin/cmake --build /home/zjy/Inference-for-RDKx5/autoaim/build/vision_attacker -- -j32 -l32
[1.369s] [ 50%] [32mBuilding CXX object CMakeFiles/vision_attacker_node.dir/src/vision_attacker_node.cpp.o[0m
[3.979s] [01m[K/home/zjy/Inference-for-RDKx5/autoaim/vision_attacker/src/vision_attacker_node.cpp:[m[K In member function ‘[01m[Kdouble Tracker_node::solveTrajectory(double&, double, double, double, double, double)[m[K’:
[3.979s] [01m[K/home/zjy/Inference-for-RDKx5/autoaim/vision_attacker/src/vision_attacker_node.cpp:156:10:[m[K [01;35m[Kwarning: [m[Kvariable ‘[01m[Kconverged[m[K’ set but not used [[01;35m[K]8;;https://gcc.gnu.org/onlinedocs/gcc/Warning-Options.html#index-Wunused-but-set-variable-Wunused-but-set-variable]8;;[m[K]
[3.979s]   156 |     bool [01;35m[Kconverged[m[K = false;
[3.979s]       |          [01;35m[K^~~~~~~~~[m[K
[9.452s] [100%] [32m[1mLinking CXX executable vision_attacker_node[0m
[9.813s] [100%] Built target vision_attacker_node
