[  9%] Built target hbm_img_msgs__rosidl_generator_c
[ 12%] Built target hbm_img_msgs__cpp
[ 12%] Built target ament_cmake_python_copy_hbm_img_msgs
[ 25%] Built target hbm_img_msgs__rosidl_typesupport_fastrtps_c
[ 32%] Built target hbm_img_msgs__rosidl_typesupport_introspection_c
[ 41%] Built target hbm_img_msgs__rosidl_typesupport_introspection_cpp
[ 51%] Built target hbm_img_msgs__rosidl_typesupport_c
[ 61%] Built target hbm_img_msgs__rosidl_typesupport_cpp
[ 70%] Built target hbm_img_msgs__rosidl_typesupport_fastrtps_cpp
[ 70%] Built target hbm_img_msgs
[ 74%] Built target hbm_img_msgs__py
[ 80%] Built target hbm_img_msgs__rosidl_generator_py
[ 87%] Built target hbm_img_msgs__rosidl_typesupport_c__pyext
[ 93%] Built target hbm_img_msgs__rosidl_typesupport_fastrtps_c__pyext
[100%] Built target hbm_img_msgs__rosidl_typesupport_introspection_c__pyext
running egg_info
writing hbm_img_msgs.egg-info/PKG-INFO
writing dependency_links to hbm_img_msgs.egg-info/dependency_links.txt
writing top-level names to hbm_img_msgs.egg-info/top_level.txt
reading manifest file 'hbm_img_msgs.egg-info/SOURCES.txt'
writing manifest file 'hbm_img_msgs.egg-info/SOURCES.txt'
[100%] Built target ament_cmake_python_build_hbm_img_msgs_egg
-- Install configuration: ""
-- Up-to-date: /home/zjy/Inference-for-RDKx5/autoaim/install/hbm_img_msgs/share/ament_index/resource_index/rosidl_interfaces/hbm_img_msgs
-- Up-to-date: /home/zjy/Inference-for-RDKx5/autoaim/install/hbm_img_msgs/include/hbm_img_msgs/hbm_img_msgs
-- Up-to-date: /home/zjy/Inference-for-RDKx5/autoaim/install/hbm_img_msgs/include/hbm_img_msgs/hbm_img_msgs/msg
-- Up-to-date: /home/zjy/Inference-for-RDKx5/autoaim/install/hbm_img_msgs/include/hbm_img_msgs/hbm_img_msgs/msg/rosidl_generator_c__visibility_control.h
-- Up-to-date: /home/zjy/Inference-for-RDKx5/autoaim/install/hbm_img_msgs/include/hbm_img_msgs/hbm_img_msgs/msg/hbm_msg1080_p.h
-- Up-to-date: /home/zjy/Inference-for-RDKx5/autoaim/install/hbm_img_msgs/include/hbm_img_msgs/hbm_img_msgs/msg/detail
-- Up-to-date: /home/zjy/Inference-for-RDKx5/autoaim/install/hbm_img_msgs/include/hbm_img_msgs/hbm_img_msgs/msg/detail/hbm_msg1080_p__functions.c
-- Up-to-date: /home/zjy/Inference-for-RDKx5/autoaim/install/hbm_img_msgs/include/hbm_img_msgs/hbm_img_msgs/msg/detail/hbm_msg1080_p__struct.h
-- Up-to-date: /home/zjy/Inference-for-RDKx5/autoaim/install/hbm_img_msgs/include/hbm_img_msgs/hbm_img_msgs/msg/detail/hbm_msg1080_p__type_support.h
-- Up-to-date: /home/zjy/Inference-for-RDKx5/autoaim/install/hbm_img_msgs/include/hbm_img_msgs/hbm_img_msgs/msg/detail/hbm_msg1080_p__functions.h
-- Up-to-date: /home/zjy/Inference-for-RDKx5/autoaim/install/hbm_img_msgs/share/hbm_img_msgs/environment/library_path.sh
-- Up-to-date: /home/zjy/Inference-for-RDKx5/autoaim/install/hbm_img_msgs/share/hbm_img_msgs/environment/library_path.dsv
-- Up-to-date: /home/zjy/Inference-for-RDKx5/autoaim/install/hbm_img_msgs/lib/libhbm_img_msgs__rosidl_generator_c.so
-- Up-to-date: /home/zjy/Inference-for-RDKx5/autoaim/install/hbm_img_msgs/include/hbm_img_msgs/hbm_img_msgs
-- Up-to-date: /home/zjy/Inference-for-RDKx5/autoaim/install/hbm_img_msgs/include/hbm_img_msgs/hbm_img_msgs/msg
-- Up-to-date: /home/zjy/Inference-for-RDKx5/autoaim/install/hbm_img_msgs/include/hbm_img_msgs/hbm_img_msgs/msg/rosidl_typesupport_fastrtps_c__visibility_control.h
-- Up-to-date: /home/zjy/Inference-for-RDKx5/autoaim/install/hbm_img_msgs/include/hbm_img_msgs/hbm_img_msgs/msg/detail
-- Up-to-date: /home/zjy/Inference-for-RDKx5/autoaim/install/hbm_img_msgs/include/hbm_img_msgs/hbm_img_msgs/msg/detail/hbm_msg1080_p__rosidl_typesupport_fastrtps_c.h
-- Up-to-date: /home/zjy/Inference-for-RDKx5/autoaim/install/hbm_img_msgs/lib/libhbm_img_msgs__rosidl_typesupport_fastrtps_c.so
-- Up-to-date: /home/zjy/Inference-for-RDKx5/autoaim/install/hbm_img_msgs/include/hbm_img_msgs/hbm_img_msgs
-- Up-to-date: /home/zjy/Inference-for-RDKx5/autoaim/install/hbm_img_msgs/include/hbm_img_msgs/hbm_img_msgs/msg
-- Up-to-date: /home/zjy/Inference-for-RDKx5/autoaim/install/hbm_img_msgs/include/hbm_img_msgs/hbm_img_msgs/msg/hbm_msg1080_p.hpp
-- Up-to-date: /home/zjy/Inference-for-RDKx5/autoaim/install/hbm_img_msgs/include/hbm_img_msgs/hbm_img_msgs/msg/rosidl_generator_cpp__visibility_control.hpp
-- Up-to-date: /home/zjy/Inference-for-RDKx5/autoaim/install/hbm_img_msgs/include/hbm_img_msgs/hbm_img_msgs/msg/detail
-- Up-to-date: /home/zjy/Inference-for-RDKx5/autoaim/install/hbm_img_msgs/include/hbm_img_msgs/hbm_img_msgs/msg/detail/hbm_msg1080_p__struct.hpp
-- Up-to-date: /home/zjy/Inference-for-RDKx5/autoaim/install/hbm_img_msgs/include/hbm_img_msgs/hbm_img_msgs/msg/detail/hbm_msg1080_p__builder.hpp
-- Up-to-date: /home/zjy/Inference-for-RDKx5/autoaim/install/hbm_img_msgs/include/hbm_img_msgs/hbm_img_msgs/msg/detail/hbm_msg1080_p__traits.hpp
-- Up-to-date: /home/zjy/Inference-for-RDKx5/autoaim/install/hbm_img_msgs/include/hbm_img_msgs/hbm_img_msgs/msg/detail/hbm_msg1080_p__type_support.hpp
-- Up-to-date: /home/zjy/Inference-for-RDKx5/autoaim/install/hbm_img_msgs/include/hbm_img_msgs/hbm_img_msgs
-- Up-to-date: /home/zjy/Inference-for-RDKx5/autoaim/install/hbm_img_msgs/include/hbm_img_msgs/hbm_img_msgs/msg
-- Up-to-date: /home/zjy/Inference-for-RDKx5/autoaim/install/hbm_img_msgs/include/hbm_img_msgs/hbm_img_msgs/msg/rosidl_typesupport_fastrtps_cpp__visibility_control.h
-- Up-to-date: /home/zjy/Inference-for-RDKx5/autoaim/install/hbm_img_msgs/include/hbm_img_msgs/hbm_img_msgs/msg/detail
-- Up-to-date: /home/zjy/Inference-for-RDKx5/autoaim/install/hbm_img_msgs/include/hbm_img_msgs/hbm_img_msgs/msg/detail/hbm_msg1080_p__rosidl_typesupport_fastrtps_cpp.hpp
-- Up-to-date: /home/zjy/Inference-for-RDKx5/autoaim/install/hbm_img_msgs/include/hbm_img_msgs/hbm_img_msgs/msg/detail/dds_fastrtps
-- Up-to-date: /home/zjy/Inference-for-RDKx5/autoaim/install/hbm_img_msgs/lib/libhbm_img_msgs__rosidl_typesupport_fastrtps_cpp.so
-- Up-to-date: /home/zjy/Inference-for-RDKx5/autoaim/install/hbm_img_msgs/include/hbm_img_msgs/hbm_img_msgs
-- Up-to-date: /home/zjy/Inference-for-RDKx5/autoaim/install/hbm_img_msgs/include/hbm_img_msgs/hbm_img_msgs/msg
-- Up-to-date: /home/zjy/Inference-for-RDKx5/autoaim/install/hbm_img_msgs/include/hbm_img_msgs/hbm_img_msgs/msg/detail
-- Up-to-date: /home/zjy/Inference-for-RDKx5/autoaim/install/hbm_img_msgs/include/hbm_img_msgs/hbm_img_msgs/msg/detail/hbm_msg1080_p__type_support.c
-- Up-to-date: /home/zjy/Inference-for-RDKx5/autoaim/install/hbm_img_msgs/include/hbm_img_msgs/hbm_img_msgs/msg/detail/hbm_msg1080_p__rosidl_typesupport_introspection_c.h
-- Up-to-date: /home/zjy/Inference-for-RDKx5/autoaim/install/hbm_img_msgs/include/hbm_img_msgs/hbm_img_msgs/msg/rosidl_typesupport_introspection_c__visibility_control.h
-- Up-to-date: /home/zjy/Inference-for-RDKx5/autoaim/install/hbm_img_msgs/lib/libhbm_img_msgs__rosidl_typesupport_introspection_c.so
-- Up-to-date: /home/zjy/Inference-for-RDKx5/autoaim/install/hbm_img_msgs/lib/libhbm_img_msgs__rosidl_typesupport_c.so
-- Up-to-date: /home/zjy/Inference-for-RDKx5/autoaim/install/hbm_img_msgs/include/hbm_img_msgs/hbm_img_msgs
-- Up-to-date: /home/zjy/Inference-for-RDKx5/autoaim/install/hbm_img_msgs/include/hbm_img_msgs/hbm_img_msgs/msg
-- Up-to-date: /home/zjy/Inference-for-RDKx5/autoaim/install/hbm_img_msgs/include/hbm_img_msgs/hbm_img_msgs/msg/detail
-- Up-to-date: /home/zjy/Inference-for-RDKx5/autoaim/install/hbm_img_msgs/include/hbm_img_msgs/hbm_img_msgs/msg/detail/hbm_msg1080_p__rosidl_typesupport_introspection_cpp.hpp
-- Up-to-date: /home/zjy/Inference-for-RDKx5/autoaim/install/hbm_img_msgs/include/hbm_img_msgs/hbm_img_msgs/msg/detail/hbm_msg1080_p__type_support.cpp
-- Up-to-date: /home/zjy/Inference-for-RDKx5/autoaim/install/hbm_img_msgs/lib/libhbm_img_msgs__rosidl_typesupport_introspection_cpp.so
-- Up-to-date: /home/zjy/Inference-for-RDKx5/autoaim/install/hbm_img_msgs/lib/libhbm_img_msgs__rosidl_typesupport_cpp.so
-- Up-to-date: /home/zjy/Inference-for-RDKx5/autoaim/install/hbm_img_msgs/share/hbm_img_msgs/environment/pythonpath.sh
-- Up-to-date: /home/zjy/Inference-for-RDKx5/autoaim/install/hbm_img_msgs/share/hbm_img_msgs/environment/pythonpath.dsv
-- Up-to-date: /home/zjy/Inference-for-RDKx5/autoaim/install/hbm_img_msgs/local/lib/python3.10/dist-packages/hbm_img_msgs-2.0.0-py3.10.egg-info
-- Installing: /home/zjy/Inference-for-RDKx5/autoaim/install/hbm_img_msgs/local/lib/python3.10/dist-packages/hbm_img_msgs-2.0.0-py3.10.egg-info/SOURCES.txt
-- Installing: /home/zjy/Inference-for-RDKx5/autoaim/install/hbm_img_msgs/local/lib/python3.10/dist-packages/hbm_img_msgs-2.0.0-py3.10.egg-info/dependency_links.txt
-- Installing: /home/zjy/Inference-for-RDKx5/autoaim/install/hbm_img_msgs/local/lib/python3.10/dist-packages/hbm_img_msgs-2.0.0-py3.10.egg-info/top_level.txt
-- Installing: /home/zjy/Inference-for-RDKx5/autoaim/install/hbm_img_msgs/local/lib/python3.10/dist-packages/hbm_img_msgs-2.0.0-py3.10.egg-info/PKG-INFO
-- Up-to-date: /home/zjy/Inference-for-RDKx5/autoaim/install/hbm_img_msgs/local/lib/python3.10/dist-packages/hbm_img_msgs
-- Up-to-date: /home/zjy/Inference-for-RDKx5/autoaim/install/hbm_img_msgs/local/lib/python3.10/dist-packages/hbm_img_msgs/_hbm_img_msgs_s.ep.rosidl_typesupport_c.c
-- Up-to-date: /home/zjy/Inference-for-RDKx5/autoaim/install/hbm_img_msgs/local/lib/python3.10/dist-packages/hbm_img_msgs/__init__.py
-- Up-to-date: /home/zjy/Inference-for-RDKx5/autoaim/install/hbm_img_msgs/local/lib/python3.10/dist-packages/hbm_img_msgs/hbm_img_msgs_s__rosidl_typesupport_c.cpython-310-x86_64-linux-gnu.so
-- Up-to-date: /home/zjy/Inference-for-RDKx5/autoaim/install/hbm_img_msgs/local/lib/python3.10/dist-packages/hbm_img_msgs/libhbm_img_msgs__rosidl_generator_py.so
-- Up-to-date: /home/zjy/Inference-for-RDKx5/autoaim/install/hbm_img_msgs/local/lib/python3.10/dist-packages/hbm_img_msgs/_hbm_img_msgs_s.ep.rosidl_typesupport_introspection_c.c
-- Up-to-date: /home/zjy/Inference-for-RDKx5/autoaim/install/hbm_img_msgs/local/lib/python3.10/dist-packages/hbm_img_msgs/msg
-- Up-to-date: /home/zjy/Inference-for-RDKx5/autoaim/install/hbm_img_msgs/local/lib/python3.10/dist-packages/hbm_img_msgs/msg/_hbm_msg1080_p_s.c
-- Up-to-date: /home/zjy/Inference-for-RDKx5/autoaim/install/hbm_img_msgs/local/lib/python3.10/dist-packages/hbm_img_msgs/msg/__init__.py
-- Up-to-date: /home/zjy/Inference-for-RDKx5/autoaim/install/hbm_img_msgs/local/lib/python3.10/dist-packages/hbm_img_msgs/msg/_hbm_msg1080_p.py
-- Up-to-date: /home/zjy/Inference-for-RDKx5/autoaim/install/hbm_img_msgs/local/lib/python3.10/dist-packages/hbm_img_msgs/hbm_img_msgs_s__rosidl_typesupport_fastrtps_c.cpython-310-x86_64-linux-gnu.so
-- Up-to-date: /home/zjy/Inference-for-RDKx5/autoaim/install/hbm_img_msgs/local/lib/python3.10/dist-packages/hbm_img_msgs/hbm_img_msgs_s__rosidl_typesupport_introspection_c.cpython-310-x86_64-linux-gnu.so
-- Up-to-date: /home/zjy/Inference-for-RDKx5/autoaim/install/hbm_img_msgs/local/lib/python3.10/dist-packages/hbm_img_msgs/_hbm_img_msgs_s.ep.rosidl_typesupport_fastrtps_c.c
Listing '/home/zjy/Inference-for-RDKx5/autoaim/install/hbm_img_msgs/local/lib/python3.10/dist-packages/hbm_img_msgs'...
Listing '/home/zjy/Inference-for-RDKx5/autoaim/install/hbm_img_msgs/local/lib/python3.10/dist-packages/hbm_img_msgs/msg'...
-- Up-to-date: /home/zjy/Inference-for-RDKx5/autoaim/install/hbm_img_msgs/local/lib/python3.10/dist-packages/hbm_img_msgs/hbm_img_msgs_s__rosidl_typesupport_fastrtps_c.cpython-310-x86_64-linux-gnu.so
-- Up-to-date: /home/zjy/Inference-for-RDKx5/autoaim/install/hbm_img_msgs/local/lib/python3.10/dist-packages/hbm_img_msgs/hbm_img_msgs_s__rosidl_typesupport_introspection_c.cpython-310-x86_64-linux-gnu.so
-- Up-to-date: /home/zjy/Inference-for-RDKx5/autoaim/install/hbm_img_msgs/local/lib/python3.10/dist-packages/hbm_img_msgs/hbm_img_msgs_s__rosidl_typesupport_c.cpython-310-x86_64-linux-gnu.so
-- Up-to-date: /home/zjy/Inference-for-RDKx5/autoaim/install/hbm_img_msgs/lib/libhbm_img_msgs__rosidl_generator_py.so
-- Up-to-date: /home/zjy/Inference-for-RDKx5/autoaim/install/hbm_img_msgs/share/hbm_img_msgs/msg/HbmMsg1080P.idl
-- Up-to-date: /home/zjy/Inference-for-RDKx5/autoaim/install/hbm_img_msgs/share/hbm_img_msgs/msg/HbmMsg1080P.msg
-- Up-to-date: /home/zjy/Inference-for-RDKx5/autoaim/install/hbm_img_msgs/share/ament_index/resource_index/package_run_dependencies/hbm_img_msgs
-- Up-to-date: /home/zjy/Inference-for-RDKx5/autoaim/install/hbm_img_msgs/share/ament_index/resource_index/parent_prefix_path/hbm_img_msgs
-- Up-to-date: /home/zjy/Inference-for-RDKx5/autoaim/install/hbm_img_msgs/share/hbm_img_msgs/environment/ament_prefix_path.sh
-- Up-to-date: /home/zjy/Inference-for-RDKx5/autoaim/install/hbm_img_msgs/share/hbm_img_msgs/environment/ament_prefix_path.dsv
-- Up-to-date: /home/zjy/Inference-for-RDKx5/autoaim/install/hbm_img_msgs/share/hbm_img_msgs/environment/path.sh
-- Up-to-date: /home/zjy/Inference-for-RDKx5/autoaim/install/hbm_img_msgs/share/hbm_img_msgs/environment/path.dsv
-- Up-to-date: /home/zjy/Inference-for-RDKx5/autoaim/install/hbm_img_msgs/share/hbm_img_msgs/local_setup.bash
-- Up-to-date: /home/zjy/Inference-for-RDKx5/autoaim/install/hbm_img_msgs/share/hbm_img_msgs/local_setup.sh
-- Up-to-date: /home/zjy/Inference-for-RDKx5/autoaim/install/hbm_img_msgs/share/hbm_img_msgs/local_setup.zsh
-- Up-to-date: /home/zjy/Inference-for-RDKx5/autoaim/install/hbm_img_msgs/share/hbm_img_msgs/local_setup.dsv
-- Installing: /home/zjy/Inference-for-RDKx5/autoaim/install/hbm_img_msgs/share/hbm_img_msgs/package.dsv
-- Up-to-date: /home/zjy/Inference-for-RDKx5/autoaim/install/hbm_img_msgs/share/ament_index/resource_index/packages/hbm_img_msgs
-- Up-to-date: /home/zjy/Inference-for-RDKx5/autoaim/install/hbm_img_msgs/share/hbm_img_msgs/cmake/export_hbm_img_msgs__rosidl_generator_cExport.cmake
-- Up-to-date: /home/zjy/Inference-for-RDKx5/autoaim/install/hbm_img_msgs/share/hbm_img_msgs/cmake/export_hbm_img_msgs__rosidl_generator_cExport-noconfig.cmake
-- Up-to-date: /home/zjy/Inference-for-RDKx5/autoaim/install/hbm_img_msgs/share/hbm_img_msgs/cmake/export_hbm_img_msgs__rosidl_typesupport_fastrtps_cExport.cmake
-- Up-to-date: /home/zjy/Inference-for-RDKx5/autoaim/install/hbm_img_msgs/share/hbm_img_msgs/cmake/export_hbm_img_msgs__rosidl_typesupport_fastrtps_cExport-noconfig.cmake
-- Up-to-date: /home/zjy/Inference-for-RDKx5/autoaim/install/hbm_img_msgs/share/hbm_img_msgs/cmake/export_hbm_img_msgs__rosidl_generator_cppExport.cmake
-- Up-to-date: /home/zjy/Inference-for-RDKx5/autoaim/install/hbm_img_msgs/share/hbm_img_msgs/cmake/export_hbm_img_msgs__rosidl_typesupport_fastrtps_cppExport.cmake
-- Up-to-date: /home/zjy/Inference-for-RDKx5/autoaim/install/hbm_img_msgs/share/hbm_img_msgs/cmake/export_hbm_img_msgs__rosidl_typesupport_fastrtps_cppExport-noconfig.cmake
-- Up-to-date: /home/zjy/Inference-for-RDKx5/autoaim/install/hbm_img_msgs/share/hbm_img_msgs/cmake/hbm_img_msgs__rosidl_typesupport_introspection_cExport.cmake
-- Up-to-date: /home/zjy/Inference-for-RDKx5/autoaim/install/hbm_img_msgs/share/hbm_img_msgs/cmake/hbm_img_msgs__rosidl_typesupport_introspection_cExport-noconfig.cmake
-- Up-to-date: /home/zjy/Inference-for-RDKx5/autoaim/install/hbm_img_msgs/share/hbm_img_msgs/cmake/hbm_img_msgs__rosidl_typesupport_cExport.cmake
-- Up-to-date: /home/zjy/Inference-for-RDKx5/autoaim/install/hbm_img_msgs/share/hbm_img_msgs/cmake/hbm_img_msgs__rosidl_typesupport_cExport-noconfig.cmake
-- Up-to-date: /home/zjy/Inference-for-RDKx5/autoaim/install/hbm_img_msgs/share/hbm_img_msgs/cmake/hbm_img_msgs__rosidl_typesupport_introspection_cppExport.cmake
-- Up-to-date: /home/zjy/Inference-for-RDKx5/autoaim/install/hbm_img_msgs/share/hbm_img_msgs/cmake/hbm_img_msgs__rosidl_typesupport_introspection_cppExport-noconfig.cmake
-- Up-to-date: /home/zjy/Inference-for-RDKx5/autoaim/install/hbm_img_msgs/share/hbm_img_msgs/cmake/hbm_img_msgs__rosidl_typesupport_cppExport.cmake
-- Up-to-date: /home/zjy/Inference-for-RDKx5/autoaim/install/hbm_img_msgs/share/hbm_img_msgs/cmake/hbm_img_msgs__rosidl_typesupport_cppExport-noconfig.cmake
-- Up-to-date: /home/zjy/Inference-for-RDKx5/autoaim/install/hbm_img_msgs/share/hbm_img_msgs/cmake/export_hbm_img_msgs__rosidl_generator_pyExport.cmake
-- Up-to-date: /home/zjy/Inference-for-RDKx5/autoaim/install/hbm_img_msgs/share/hbm_img_msgs/cmake/export_hbm_img_msgs__rosidl_generator_pyExport-noconfig.cmake
-- Up-to-date: /home/zjy/Inference-for-RDKx5/autoaim/install/hbm_img_msgs/share/hbm_img_msgs/cmake/rosidl_cmake-extras.cmake
-- Up-to-date: /home/zjy/Inference-for-RDKx5/autoaim/install/hbm_img_msgs/share/hbm_img_msgs/cmake/ament_cmake_export_dependencies-extras.cmake
-- Up-to-date: /home/zjy/Inference-for-RDKx5/autoaim/install/hbm_img_msgs/share/hbm_img_msgs/cmake/ament_cmake_export_include_directories-extras.cmake
-- Up-to-date: /home/zjy/Inference-for-RDKx5/autoaim/install/hbm_img_msgs/share/hbm_img_msgs/cmake/ament_cmake_export_libraries-extras.cmake
-- Up-to-date: /home/zjy/Inference-for-RDKx5/autoaim/install/hbm_img_msgs/share/hbm_img_msgs/cmake/ament_cmake_export_targets-extras.cmake
-- Up-to-date: /home/zjy/Inference-for-RDKx5/autoaim/install/hbm_img_msgs/share/hbm_img_msgs/cmake/rosidl_cmake_export_typesupport_targets-extras.cmake
-- Up-to-date: /home/zjy/Inference-for-RDKx5/autoaim/install/hbm_img_msgs/share/hbm_img_msgs/cmake/rosidl_cmake_export_typesupport_libraries-extras.cmake
-- Up-to-date: /home/zjy/Inference-for-RDKx5/autoaim/install/hbm_img_msgs/share/hbm_img_msgs/cmake/hbm_img_msgsConfig.cmake
-- Up-to-date: /home/zjy/Inference-for-RDKx5/autoaim/install/hbm_img_msgs/share/hbm_img_msgs/cmake/hbm_img_msgsConfig-version.cmake
-- Up-to-date: /home/zjy/Inference-for-RDKx5/autoaim/install/hbm_img_msgs/share/hbm_img_msgs/package.xml
