[0.006s] Invoking command in '/home/zjy/Inference-for-RDKx5/autoaim/build/vision_serial_driver': AMENT_PREFIX_PATH=/home/zjy/Inference-for-RDKx5/autoaim/install/vision_interfaces:${AMENT_PREFIX_PATH} CMAKE_PREFIX_PATH=/home/zjy/Inference-for-RDKx5/autoaim/install/vision_interfaces:/opt/ros/humble LD_LIBRARY_PATH=/home/zjy/Inference-for-RDKx5/autoaim/install/vision_interfaces/lib:/opt/MVS/lib/64:/opt/MVS/lib/32:/opt/ros/humble/opt/rviz_ogre_vendor/lib:/opt/ros/humble/lib/x86_64-linux-gnu:/opt/ros/humble/lib:/opt/MVS/lib/64:/opt/MVS/lib/32:/opt/MVS/lib/64:/opt/MVS/lib/32 PYTHONPATH=/home/zjy/Inference-for-RDKx5/autoaim/install/vision_interfaces/local/lib/python3.10/dist-packages:${PYTHONPATH} /usr/bin/cmake /home/zjy/Inference-for-RDKx5/autoaim/vision_serial_driver -DCMAKE_INSTALL_PREFIX=/home/zjy/Inference-for-RDKx5/autoaim/install/vision_serial_driver
[0.047s] -- The C compiler identification is GNU 11.4.0
[0.081s] -- The CXX compiler identification is GNU 11.4.0
[0.085s] -- Detecting C compiler ABI info
[0.128s] -- Detecting C compiler ABI info - done
[0.133s] -- Check for working C compiler: /usr/bin/cc - skipped
[0.133s] -- Detecting C compile features
[0.133s] -- Detecting C compile features - done
[0.134s] -- Detecting CXX compiler ABI info
[0.182s] -- Detecting CXX compiler ABI info - done
[0.187s] -- Check for working CXX compiler: /usr/bin/c++ - skipped
[0.187s] -- Detecting CXX compile features
[0.188s] -- Detecting CXX compile features - done
[0.189s] -- Found ament_cmake: 1.3.11 (/opt/ros/humble/share/ament_cmake/cmake)
[0.572s] -- Found Python3: /usr/bin/python3 (found version "3.10.12") found components: Interpreter 
[0.650s] -- Found rclcpp: 16.0.12 (/opt/ros/humble/share/rclcpp/cmake)
[0.671s] -- Found rosidl_generator_c: 3.1.6 (/opt/ros/humble/share/rosidl_generator_c/cmake)
[0.673s] -- Found rosidl_adapter: 3.1.6 (/opt/ros/humble/share/rosidl_adapter/cmake)
[0.679s] -- Found rosidl_generator_cpp: 3.1.6 (/opt/ros/humble/share/rosidl_generator_cpp/cmake)
[0.684s] -- Using all available rosidl_typesupport_c: rosidl_typesupport_fastrtps_c;rosidl_typesupport_introspection_c
[0.692s] -- Using all available rosidl_typesupport_cpp: rosidl_typesupport_fastrtps_cpp;rosidl_typesupport_introspection_cpp
[0.713s] -- Found rmw_implementation_cmake: 6.1.2 (/opt/ros/humble/share/rmw_implementation_cmake/cmake)
[0.714s] -- Found rmw_fastrtps_cpp: 6.2.7 (/opt/ros/humble/share/rmw_fastrtps_cpp/cmake)
[0.774s] -- Found OpenSSL: /usr/lib/x86_64-linux-gnu/libcrypto.so (found version "3.0.2")  
[0.798s] -- Found FastRTPS: /opt/ros/humble/include  
[0.827s] -- Using RMW implementation 'rmw_fastrtps_cpp' as default
[0.829s] -- Looking for pthread.h
[0.883s] -- Looking for pthread.h - found
[0.883s] -- Performing Test CMAKE_HAVE_LIBC_PTHREAD
[0.933s] -- Performing Test CMAKE_HAVE_LIBC_PTHREAD - Success
[0.934s] -- Found Threads: TRUE  
[0.962s] -- Found serial_driver: 1.2.0 (/opt/ros/humble/share/serial_driver/cmake)
[0.973s] -- Found asio_cmake_module: 1.2.0 (/opt/ros/humble/share/asio_cmake_module/cmake)
[0.973s] -- Found ASIO: /usr/include  
[1.003s] -- Found tf2: 0.25.13 (/opt/ros/humble/share/tf2/cmake)
[1.014s] -- Found tf2_ros: 0.25.13 (/opt/ros/humble/share/tf2_ros/cmake)
[1.051s] -- Found tf2_geometry_msgs: 0.25.13 (/opt/ros/humble/share/tf2_geometry_msgs/cmake)
[1.057s] -- Found eigen3_cmake_module: 0.1.1 (/opt/ros/humble/share/eigen3_cmake_module/cmake)
[1.058s] -- Found Eigen3: TRUE (found version "3.4.0") 
[1.058s] -- Ensuring Eigen3 include directory is part of orocos-kdl CMake target
[1.059s] -- Found vision_interfaces: 0.0.0 (/home/zjy/Inference-for-RDKx5/autoaim/install/vision_interfaces/share/vision_interfaces/cmake)
[1.070s] -- Found ament_lint_auto: 0.12.12 (/opt/ros/humble/share/ament_lint_auto/cmake)
[1.122s] -- Added test 'cppcheck' to perform static code analysis on C / C++ code
[1.122s] -- Configured cppcheck include dirs: 
[1.122s] -- Configured cppcheck exclude dirs and/or files: 
[1.122s] -- Added test 'lint_cmake' to check CMake code style
[1.123s] -- Added test 'uncrustify' to check C / C++ code style
[1.123s] -- Configured uncrustify additional arguments: 
[1.123s] -- Added test 'xmllint' to check XML markup files
[1.124s] -- Configuring done
[1.134s] -- Generating done
[1.137s] -- Build files have been written to: /home/zjy/Inference-for-RDKx5/autoaim/build/vision_serial_driver
[1.144s] Invoked command in '/home/zjy/Inference-for-RDKx5/autoaim/build/vision_serial_driver' returned '0': AMENT_PREFIX_PATH=/home/zjy/Inference-for-RDKx5/autoaim/install/vision_interfaces:${AMENT_PREFIX_PATH} CMAKE_PREFIX_PATH=/home/zjy/Inference-for-RDKx5/autoaim/install/vision_interfaces:/opt/ros/humble LD_LIBRARY_PATH=/home/zjy/Inference-for-RDKx5/autoaim/install/vision_interfaces/lib:/opt/MVS/lib/64:/opt/MVS/lib/32:/opt/ros/humble/opt/rviz_ogre_vendor/lib:/opt/ros/humble/lib/x86_64-linux-gnu:/opt/ros/humble/lib:/opt/MVS/lib/64:/opt/MVS/lib/32:/opt/MVS/lib/64:/opt/MVS/lib/32 PYTHONPATH=/home/zjy/Inference-for-RDKx5/autoaim/install/vision_interfaces/local/lib/python3.10/dist-packages:${PYTHONPATH} /usr/bin/cmake /home/zjy/Inference-for-RDKx5/autoaim/vision_serial_driver -DCMAKE_INSTALL_PREFIX=/home/zjy/Inference-for-RDKx5/autoaim/install/vision_serial_driver
[1.145s] Invoking command in '/home/zjy/Inference-for-RDKx5/autoaim/build/vision_serial_driver': AMENT_PREFIX_PATH=/home/zjy/Inference-for-RDKx5/autoaim/install/vision_interfaces:${AMENT_PREFIX_PATH} CMAKE_PREFIX_PATH=/home/zjy/Inference-for-RDKx5/autoaim/install/vision_interfaces:/opt/ros/humble LD_LIBRARY_PATH=/home/zjy/Inference-for-RDKx5/autoaim/install/vision_interfaces/lib:/opt/MVS/lib/64:/opt/MVS/lib/32:/opt/ros/humble/opt/rviz_ogre_vendor/lib:/opt/ros/humble/lib/x86_64-linux-gnu:/opt/ros/humble/lib:/opt/MVS/lib/64:/opt/MVS/lib/32:/opt/MVS/lib/64:/opt/MVS/lib/32 PYTHONPATH=/home/zjy/Inference-for-RDKx5/autoaim/install/vision_interfaces/local/lib/python3.10/dist-packages:${PYTHONPATH} /usr/bin/cmake --build /home/zjy/Inference-for-RDKx5/autoaim/build/vision_serial_driver -- -j32 -l32
[1.183s] [ 50%] [32mBuilding CXX object CMakeFiles/vision_serial_driver_node.dir/src/vision_serial_driver_node.cpp.o[0m
[8.106s] [100%] [32m[1mLinking CXX executable vision_serial_driver_node[0m
[8.423s] [100%] Built target vision_serial_driver_node
[8.435s] Invoked command in '/home/zjy/Inference-for-RDKx5/autoaim/build/vision_serial_driver' returned '0': AMENT_PREFIX_PATH=/home/zjy/Inference-for-RDKx5/autoaim/install/vision_interfaces:${AMENT_PREFIX_PATH} CMAKE_PREFIX_PATH=/home/zjy/Inference-for-RDKx5/autoaim/install/vision_interfaces:/opt/ros/humble LD_LIBRARY_PATH=/home/zjy/Inference-for-RDKx5/autoaim/install/vision_interfaces/lib:/opt/MVS/lib/64:/opt/MVS/lib/32:/opt/ros/humble/opt/rviz_ogre_vendor/lib:/opt/ros/humble/lib/x86_64-linux-gnu:/opt/ros/humble/lib:/opt/MVS/lib/64:/opt/MVS/lib/32:/opt/MVS/lib/64:/opt/MVS/lib/32 PYTHONPATH=/home/zjy/Inference-for-RDKx5/autoaim/install/vision_interfaces/local/lib/python3.10/dist-packages:${PYTHONPATH} /usr/bin/cmake --build /home/zjy/Inference-for-RDKx5/autoaim/build/vision_serial_driver -- -j32 -l32
[8.436s] Invoking command in '/home/zjy/Inference-for-RDKx5/autoaim/build/vision_serial_driver': AMENT_PREFIX_PATH=/home/zjy/Inference-for-RDKx5/autoaim/install/vision_interfaces:${AMENT_PREFIX_PATH} CMAKE_PREFIX_PATH=/home/zjy/Inference-for-RDKx5/autoaim/install/vision_interfaces:/opt/ros/humble LD_LIBRARY_PATH=/home/zjy/Inference-for-RDKx5/autoaim/install/vision_interfaces/lib:/opt/MVS/lib/64:/opt/MVS/lib/32:/opt/ros/humble/opt/rviz_ogre_vendor/lib:/opt/ros/humble/lib/x86_64-linux-gnu:/opt/ros/humble/lib:/opt/MVS/lib/64:/opt/MVS/lib/32:/opt/MVS/lib/64:/opt/MVS/lib/32 PYTHONPATH=/home/zjy/Inference-for-RDKx5/autoaim/install/vision_interfaces/local/lib/python3.10/dist-packages:${PYTHONPATH} /usr/bin/cmake --install /home/zjy/Inference-for-RDKx5/autoaim/build/vision_serial_driver
[8.442s] -- Install configuration: ""
[8.442s] -- Installing: /home/zjy/Inference-for-RDKx5/autoaim/install/vision_serial_driver/share/ament_index/resource_index/package_run_dependencies/vision_serial_driver
[8.442s] -- Installing: /home/zjy/Inference-for-RDKx5/autoaim/install/vision_serial_driver/share/ament_index/resource_index/parent_prefix_path/vision_serial_driver
[8.442s] -- Installing: /home/zjy/Inference-for-RDKx5/autoaim/install/vision_serial_driver/share/vision_serial_driver/environment/ament_prefix_path.sh
[8.442s] -- Installing: /home/zjy/Inference-for-RDKx5/autoaim/install/vision_serial_driver/share/vision_serial_driver/environment/ament_prefix_path.dsv
[8.442s] -- Installing: /home/zjy/Inference-for-RDKx5/autoaim/install/vision_serial_driver/share/vision_serial_driver/environment/path.sh
[8.442s] -- Installing: /home/zjy/Inference-for-RDKx5/autoaim/install/vision_serial_driver/share/vision_serial_driver/environment/path.dsv
[8.442s] -- Installing: /home/zjy/Inference-for-RDKx5/autoaim/install/vision_serial_driver/share/vision_serial_driver/local_setup.bash
[8.442s] -- Installing: /home/zjy/Inference-for-RDKx5/autoaim/install/vision_serial_driver/share/vision_serial_driver/local_setup.sh
[8.442s] -- Installing: /home/zjy/Inference-for-RDKx5/autoaim/install/vision_serial_driver/share/vision_serial_driver/local_setup.zsh
[8.442s] -- Installing: /home/zjy/Inference-for-RDKx5/autoaim/install/vision_serial_driver/share/vision_serial_driver/local_setup.dsv
[8.443s] -- Installing: /home/zjy/Inference-for-RDKx5/autoaim/install/vision_serial_driver/share/vision_serial_driver/package.dsv
[8.443s] -- Installing: /home/zjy/Inference-for-RDKx5/autoaim/install/vision_serial_driver/share/ament_index/resource_index/packages/vision_serial_driver
[8.443s] -- Installing: /home/zjy/Inference-for-RDKx5/autoaim/install/vision_serial_driver/share/vision_serial_driver/cmake/vision_serial_driverConfig.cmake
[8.443s] -- Installing: /home/zjy/Inference-for-RDKx5/autoaim/install/vision_serial_driver/share/vision_serial_driver/cmake/vision_serial_driverConfig-version.cmake
[8.443s] -- Installing: /home/zjy/Inference-for-RDKx5/autoaim/install/vision_serial_driver/share/vision_serial_driver/package.xml
[8.443s] -- Installing: /home/zjy/Inference-for-RDKx5/autoaim/install/vision_serial_driver/lib/vision_serial_driver/vision_serial_driver_node
[8.444s] -- Set runtime path of "/home/zjy/Inference-for-RDKx5/autoaim/install/vision_serial_driver/lib/vision_serial_driver/vision_serial_driver_node" to ""
[8.445s] Invoked command in '/home/zjy/Inference-for-RDKx5/autoaim/build/vision_serial_driver' returned '0': AMENT_PREFIX_PATH=/home/zjy/Inference-for-RDKx5/autoaim/install/vision_interfaces:${AMENT_PREFIX_PATH} CMAKE_PREFIX_PATH=/home/zjy/Inference-for-RDKx5/autoaim/install/vision_interfaces:/opt/ros/humble LD_LIBRARY_PATH=/home/zjy/Inference-for-RDKx5/autoaim/install/vision_interfaces/lib:/opt/MVS/lib/64:/opt/MVS/lib/32:/opt/ros/humble/opt/rviz_ogre_vendor/lib:/opt/ros/humble/lib/x86_64-linux-gnu:/opt/ros/humble/lib:/opt/MVS/lib/64:/opt/MVS/lib/32:/opt/MVS/lib/64:/opt/MVS/lib/32 PYTHONPATH=/home/zjy/Inference-for-RDKx5/autoaim/install/vision_interfaces/local/lib/python3.10/dist-packages:${PYTHONPATH} /usr/bin/cmake --install /home/zjy/Inference-for-RDKx5/autoaim/build/vision_serial_driver
