[0.026s] Invoking command in '/home/zjy/Inference-for-RDKx5/autoaim/build/auto_aim_interfaces': CMAKE_PREFIX_PATH=/opt/ros/humble /usr/bin/cmake --build /home/zjy/Inference-for-RDKx5/autoaim/build/auto_aim_interfaces -- -j32 -l32
[0.125s] [  1%] Built target auto_aim_interfaces__cpp
[0.127s] [ 12%] Built target auto_aim_interfaces__rosidl_generator_c
[0.143s] [ 12%] Built target ament_cmake_python_copy_auto_aim_interfaces
[0.165s] [ 24%] Built target auto_aim_interfaces__rosidl_typesupport_fastrtps_cpp
[0.167s] [ 35%] Built target auto_aim_interfaces__rosidl_typesupport_introspection_c
[0.169s] [ 47%] Built target auto_aim_interfaces__rosidl_typesupport_cpp
[0.172s] [ 58%] Built target auto_aim_interfaces__rosidl_typesupport_fastrtps_c
[0.187s] [ 81%] Built target auto_aim_interfaces__rosidl_typesupport_c
[0.187s] [ 82%] Built target auto_aim_interfaces__rosidl_typesupport_introspection_cpp
[0.229s] [ 82%] Built target auto_aim_interfaces
[0.273s] [ 83%] Built target auto_aim_interfaces__py
[0.328s] [ 93%] Built target auto_aim_interfaces__rosidl_generator_py
[0.357s] [ 95%] Built target auto_aim_interfaces__rosidl_typesupport_fastrtps_c__pyext
[0.373s] [ 97%] Built target auto_aim_interfaces__rosidl_typesupport_c__pyext
[0.380s] [100%] Built target auto_aim_interfaces__rosidl_typesupport_introspection_c__pyext
[0.620s] running egg_info
[0.636s] writing auto_aim_interfaces.egg-info/PKG-INFO
[0.636s] writing dependency_links to auto_aim_interfaces.egg-info/dependency_links.txt
[0.636s] writing top-level names to auto_aim_interfaces.egg-info/top_level.txt
[0.691s] reading manifest file 'auto_aim_interfaces.egg-info/SOURCES.txt'
[0.693s] writing manifest file 'auto_aim_interfaces.egg-info/SOURCES.txt'
[0.749s] [100%] Built target ament_cmake_python_build_auto_aim_interfaces_egg
[0.767s] Invoked command in '/home/zjy/Inference-for-RDKx5/autoaim/build/auto_aim_interfaces' returned '0': CMAKE_PREFIX_PATH=/opt/ros/humble /usr/bin/cmake --build /home/zjy/Inference-for-RDKx5/autoaim/build/auto_aim_interfaces -- -j32 -l32
[0.769s] Invoking command in '/home/zjy/Inference-for-RDKx5/autoaim/build/auto_aim_interfaces': CMAKE_PREFIX_PATH=/opt/ros/humble /usr/bin/cmake --install /home/zjy/Inference-for-RDKx5/autoaim/build/auto_aim_interfaces
[0.783s] -- Install configuration: ""
[0.785s] -- Up-to-date: /home/zjy/Inference-for-RDKx5/autoaim/install/auto_aim_interfaces/share/ament_index/resource_index/rosidl_interfaces/auto_aim_interfaces
[0.788s] -- Up-to-date: /home/zjy/Inference-for-RDKx5/autoaim/install/auto_aim_interfaces/include/auto_aim_interfaces/auto_aim_interfaces
[0.789s] -- Up-to-date: /home/zjy/Inference-for-RDKx5/autoaim/install/auto_aim_interfaces/include/auto_aim_interfaces/auto_aim_interfaces/msg
[0.790s] -- Up-to-date: /home/zjy/Inference-for-RDKx5/autoaim/install/auto_aim_interfaces/include/auto_aim_interfaces/auto_aim_interfaces/msg/debug_armor.h
[0.790s] -- Up-to-date: /home/zjy/Inference-for-RDKx5/autoaim/install/auto_aim_interfaces/include/auto_aim_interfaces/auto_aim_interfaces/msg/debug_lights.h
[0.790s] -- Up-to-date: /home/zjy/Inference-for-RDKx5/autoaim/install/auto_aim_interfaces/include/auto_aim_interfaces/auto_aim_interfaces/msg/debug_light.h
[0.791s] -- Up-to-date: /home/zjy/Inference-for-RDKx5/autoaim/install/auto_aim_interfaces/include/auto_aim_interfaces/auto_aim_interfaces/msg/armor.h
[0.792s] -- Up-to-date: /home/zjy/Inference-for-RDKx5/autoaim/install/auto_aim_interfaces/include/auto_aim_interfaces/auto_aim_interfaces/msg/armors.h
[0.792s] -- Up-to-date: /home/zjy/Inference-for-RDKx5/autoaim/install/auto_aim_interfaces/include/auto_aim_interfaces/auto_aim_interfaces/msg/time_info.h
[0.792s] -- Up-to-date: /home/zjy/Inference-for-RDKx5/autoaim/install/auto_aim_interfaces/include/auto_aim_interfaces/auto_aim_interfaces/msg/rosidl_generator_c__visibility_control.h
[0.794s] -- Up-to-date: /home/zjy/Inference-for-RDKx5/autoaim/install/auto_aim_interfaces/include/auto_aim_interfaces/auto_aim_interfaces/msg/debug_armors.h
[0.794s] -- Up-to-date: /home/zjy/Inference-for-RDKx5/autoaim/install/auto_aim_interfaces/include/auto_aim_interfaces/auto_aim_interfaces/msg/detail
[0.794s] -- Up-to-date: /home/zjy/Inference-for-RDKx5/autoaim/install/auto_aim_interfaces/include/auto_aim_interfaces/auto_aim_interfaces/msg/detail/debug_light__functions.h
[0.796s] -- Up-to-date: /home/zjy/Inference-for-RDKx5/autoaim/install/auto_aim_interfaces/include/auto_aim_interfaces/auto_aim_interfaces/msg/detail/time_info__type_support.h
[0.796s] -- Up-to-date: /home/zjy/Inference-for-RDKx5/autoaim/install/auto_aim_interfaces/include/auto_aim_interfaces/auto_aim_interfaces/msg/detail/debug_armor__type_support.h
[0.796s] -- Up-to-date: /home/zjy/Inference-for-RDKx5/autoaim/install/auto_aim_interfaces/include/auto_aim_interfaces/auto_aim_interfaces/msg/detail/tracker_info__struct.h
[0.796s] -- Up-to-date: /home/zjy/Inference-for-RDKx5/autoaim/install/auto_aim_interfaces/include/auto_aim_interfaces/auto_aim_interfaces/msg/detail/target__functions.c
[0.796s] -- Up-to-date: /home/zjy/Inference-for-RDKx5/autoaim/install/auto_aim_interfaces/include/auto_aim_interfaces/auto_aim_interfaces/msg/detail/tracker_info__type_support.h
[0.796s] -- Up-to-date: /home/zjy/Inference-for-RDKx5/autoaim/install/auto_aim_interfaces/include/auto_aim_interfaces/auto_aim_interfaces/msg/detail/debug_lights__functions.c
[0.796s] -- Up-to-date: /home/zjy/Inference-for-RDKx5/autoaim/install/auto_aim_interfaces/include/auto_aim_interfaces/auto_aim_interfaces/msg/detail/armors__functions.c
[0.796s] -- Up-to-date: /home/zjy/Inference-for-RDKx5/autoaim/install/auto_aim_interfaces/include/auto_aim_interfaces/auto_aim_interfaces/msg/detail/armor__struct.h
[0.796s] -- Up-to-date: /home/zjy/Inference-for-RDKx5/autoaim/install/auto_aim_interfaces/include/auto_aim_interfaces/auto_aim_interfaces/msg/detail/debug_armor__struct.h
[0.796s] -- Up-to-date: /home/zjy/Inference-for-RDKx5/autoaim/install/auto_aim_interfaces/include/auto_aim_interfaces/auto_aim_interfaces/msg/detail/debug_armors__functions.c
[0.796s] -- Up-to-date: /home/zjy/Inference-for-RDKx5/autoaim/install/auto_aim_interfaces/include/auto_aim_interfaces/auto_aim_interfaces/msg/detail/armors__functions.h
[0.796s] -- Up-to-date: /home/zjy/Inference-for-RDKx5/autoaim/install/auto_aim_interfaces/include/auto_aim_interfaces/auto_aim_interfaces/msg/detail/time_info__functions.h
[0.796s] -- Up-to-date: /home/zjy/Inference-for-RDKx5/autoaim/install/auto_aim_interfaces/include/auto_aim_interfaces/auto_aim_interfaces/msg/detail/tracker_info__functions.c
[0.797s] -- Up-to-date: /home/zjy/Inference-for-RDKx5/autoaim/install/auto_aim_interfaces/include/auto_aim_interfaces/auto_aim_interfaces/msg/detail/armor__functions.h
[0.797s] -- Up-to-date: /home/zjy/Inference-for-RDKx5/autoaim/install/auto_aim_interfaces/include/auto_aim_interfaces/auto_aim_interfaces/msg/detail/armors__type_support.h
[0.797s] -- Up-to-date: /home/zjy/Inference-for-RDKx5/autoaim/install/auto_aim_interfaces/include/auto_aim_interfaces/auto_aim_interfaces/msg/detail/target__struct.h
[0.797s] -- Up-to-date: /home/zjy/Inference-for-RDKx5/autoaim/install/auto_aim_interfaces/include/auto_aim_interfaces/auto_aim_interfaces/msg/detail/debug_light__struct.h
[0.797s] -- Up-to-date: /home/zjy/Inference-for-RDKx5/autoaim/install/auto_aim_interfaces/include/auto_aim_interfaces/auto_aim_interfaces/msg/detail/target__functions.h
[0.797s] -- Up-to-date: /home/zjy/Inference-for-RDKx5/autoaim/install/auto_aim_interfaces/include/auto_aim_interfaces/auto_aim_interfaces/msg/detail/debug_armor__functions.h
[0.797s] -- Up-to-date: /home/zjy/Inference-for-RDKx5/autoaim/install/auto_aim_interfaces/include/auto_aim_interfaces/auto_aim_interfaces/msg/detail/debug_lights__type_support.h
[0.797s] -- Up-to-date: /home/zjy/Inference-for-RDKx5/autoaim/install/auto_aim_interfaces/include/auto_aim_interfaces/auto_aim_interfaces/msg/detail/debug_lights__struct.h
[0.797s] -- Up-to-date: /home/zjy/Inference-for-RDKx5/autoaim/install/auto_aim_interfaces/include/auto_aim_interfaces/auto_aim_interfaces/msg/detail/debug_light__functions.c
[0.797s] -- Up-to-date: /home/zjy/Inference-for-RDKx5/autoaim/install/auto_aim_interfaces/include/auto_aim_interfaces/auto_aim_interfaces/msg/detail/tracker_info__functions.h
[0.798s] -- Up-to-date: /home/zjy/Inference-for-RDKx5/autoaim/install/auto_aim_interfaces/include/auto_aim_interfaces/auto_aim_interfaces/msg/detail/target__type_support.h
[0.799s] -- Up-to-date: /home/zjy/Inference-for-RDKx5/autoaim/install/auto_aim_interfaces/include/auto_aim_interfaces/auto_aim_interfaces/msg/detail/debug_armors__type_support.h
[0.800s] -- Up-to-date: /home/zjy/Inference-for-RDKx5/autoaim/install/auto_aim_interfaces/include/auto_aim_interfaces/auto_aim_interfaces/msg/detail/armors__struct.h
[0.801s] -- Up-to-date: /home/zjy/Inference-for-RDKx5/autoaim/install/auto_aim_interfaces/include/auto_aim_interfaces/auto_aim_interfaces/msg/detail/debug_lights__functions.h
[0.801s] -- Up-to-date: /home/zjy/Inference-for-RDKx5/autoaim/install/auto_aim_interfaces/include/auto_aim_interfaces/auto_aim_interfaces/msg/detail/debug_armors__functions.h
[0.801s] -- Up-to-date: /home/zjy/Inference-for-RDKx5/autoaim/install/auto_aim_interfaces/include/auto_aim_interfaces/auto_aim_interfaces/msg/detail/armor__type_support.h
[0.802s] -- Up-to-date: /home/zjy/Inference-for-RDKx5/autoaim/install/auto_aim_interfaces/include/auto_aim_interfaces/auto_aim_interfaces/msg/detail/debug_light__type_support.h
[0.802s] -- Up-to-date: /home/zjy/Inference-for-RDKx5/autoaim/install/auto_aim_interfaces/include/auto_aim_interfaces/auto_aim_interfaces/msg/detail/debug_armors__struct.h
[0.802s] -- Up-to-date: /home/zjy/Inference-for-RDKx5/autoaim/install/auto_aim_interfaces/include/auto_aim_interfaces/auto_aim_interfaces/msg/detail/time_info__functions.c
[0.802s] -- Up-to-date: /home/zjy/Inference-for-RDKx5/autoaim/install/auto_aim_interfaces/include/auto_aim_interfaces/auto_aim_interfaces/msg/detail/armor__functions.c
[0.803s] -- Up-to-date: /home/zjy/Inference-for-RDKx5/autoaim/install/auto_aim_interfaces/include/auto_aim_interfaces/auto_aim_interfaces/msg/detail/time_info__struct.h
[0.803s] -- Up-to-date: /home/zjy/Inference-for-RDKx5/autoaim/install/auto_aim_interfaces/include/auto_aim_interfaces/auto_aim_interfaces/msg/detail/debug_armor__functions.c
[0.805s] -- Up-to-date: /home/zjy/Inference-for-RDKx5/autoaim/install/auto_aim_interfaces/include/auto_aim_interfaces/auto_aim_interfaces/msg/target.h
[0.806s] -- Up-to-date: /home/zjy/Inference-for-RDKx5/autoaim/install/auto_aim_interfaces/include/auto_aim_interfaces/auto_aim_interfaces/msg/tracker_info.h
[0.806s] -- Up-to-date: /home/zjy/Inference-for-RDKx5/autoaim/install/auto_aim_interfaces/share/auto_aim_interfaces/environment/library_path.sh
[0.806s] -- Up-to-date: /home/zjy/Inference-for-RDKx5/autoaim/install/auto_aim_interfaces/share/auto_aim_interfaces/environment/library_path.dsv
[0.806s] -- Up-to-date: /home/zjy/Inference-for-RDKx5/autoaim/install/auto_aim_interfaces/lib/libauto_aim_interfaces__rosidl_generator_c.so
[0.806s] -- Up-to-date: /home/zjy/Inference-for-RDKx5/autoaim/install/auto_aim_interfaces/include/auto_aim_interfaces/auto_aim_interfaces
[0.806s] -- Up-to-date: /home/zjy/Inference-for-RDKx5/autoaim/install/auto_aim_interfaces/include/auto_aim_interfaces/auto_aim_interfaces/msg
[0.806s] -- Up-to-date: /home/zjy/Inference-for-RDKx5/autoaim/install/auto_aim_interfaces/include/auto_aim_interfaces/auto_aim_interfaces/msg/rosidl_typesupport_fastrtps_c__visibility_control.h
[0.806s] -- Up-to-date: /home/zjy/Inference-for-RDKx5/autoaim/install/auto_aim_interfaces/include/auto_aim_interfaces/auto_aim_interfaces/msg/detail
[0.806s] -- Up-to-date: /home/zjy/Inference-for-RDKx5/autoaim/install/auto_aim_interfaces/include/auto_aim_interfaces/auto_aim_interfaces/msg/detail/debug_armor__rosidl_typesupport_fastrtps_c.h
[0.806s] -- Up-to-date: /home/zjy/Inference-for-RDKx5/autoaim/install/auto_aim_interfaces/include/auto_aim_interfaces/auto_aim_interfaces/msg/detail/target__rosidl_typesupport_fastrtps_c.h
[0.806s] -- Up-to-date: /home/zjy/Inference-for-RDKx5/autoaim/install/auto_aim_interfaces/include/auto_aim_interfaces/auto_aim_interfaces/msg/detail/tracker_info__rosidl_typesupport_fastrtps_c.h
[0.807s] -- Up-to-date: /home/zjy/Inference-for-RDKx5/autoaim/install/auto_aim_interfaces/include/auto_aim_interfaces/auto_aim_interfaces/msg/detail/time_info__rosidl_typesupport_fastrtps_c.h
[0.807s] -- Up-to-date: /home/zjy/Inference-for-RDKx5/autoaim/install/auto_aim_interfaces/include/auto_aim_interfaces/auto_aim_interfaces/msg/detail/debug_lights__rosidl_typesupport_fastrtps_c.h
[0.807s] -- Up-to-date: /home/zjy/Inference-for-RDKx5/autoaim/install/auto_aim_interfaces/include/auto_aim_interfaces/auto_aim_interfaces/msg/detail/armor__rosidl_typesupport_fastrtps_c.h
[0.807s] -- Up-to-date: /home/zjy/Inference-for-RDKx5/autoaim/install/auto_aim_interfaces/include/auto_aim_interfaces/auto_aim_interfaces/msg/detail/debug_armors__rosidl_typesupport_fastrtps_c.h
[0.807s] -- Up-to-date: /home/zjy/Inference-for-RDKx5/autoaim/install/auto_aim_interfaces/include/auto_aim_interfaces/auto_aim_interfaces/msg/detail/debug_light__rosidl_typesupport_fastrtps_c.h
[0.807s] -- Up-to-date: /home/zjy/Inference-for-RDKx5/autoaim/install/auto_aim_interfaces/include/auto_aim_interfaces/auto_aim_interfaces/msg/detail/armors__rosidl_typesupport_fastrtps_c.h
[0.807s] -- Up-to-date: /home/zjy/Inference-for-RDKx5/autoaim/install/auto_aim_interfaces/lib/libauto_aim_interfaces__rosidl_typesupport_fastrtps_c.so
[0.807s] -- Up-to-date: /home/zjy/Inference-for-RDKx5/autoaim/install/auto_aim_interfaces/include/auto_aim_interfaces/auto_aim_interfaces
[0.807s] -- Up-to-date: /home/zjy/Inference-for-RDKx5/autoaim/install/auto_aim_interfaces/include/auto_aim_interfaces/auto_aim_interfaces/msg
[0.807s] -- Up-to-date: /home/zjy/Inference-for-RDKx5/autoaim/install/auto_aim_interfaces/include/auto_aim_interfaces/auto_aim_interfaces/msg/detail
[0.807s] -- Up-to-date: /home/zjy/Inference-for-RDKx5/autoaim/install/auto_aim_interfaces/include/auto_aim_interfaces/auto_aim_interfaces/msg/detail/target__type_support.c
[0.808s] -- Up-to-date: /home/zjy/Inference-for-RDKx5/autoaim/install/auto_aim_interfaces/include/auto_aim_interfaces/auto_aim_interfaces/msg/detail/debug_armors__type_support.c
[0.808s] -- Up-to-date: /home/zjy/Inference-for-RDKx5/autoaim/install/auto_aim_interfaces/include/auto_aim_interfaces/auto_aim_interfaces/msg/detail/time_info__rosidl_typesupport_introspection_c.h
[0.808s] -- Up-to-date: /home/zjy/Inference-for-RDKx5/autoaim/install/auto_aim_interfaces/include/auto_aim_interfaces/auto_aim_interfaces/msg/detail/armors__rosidl_typesupport_introspection_c.h
[0.808s] -- Up-to-date: /home/zjy/Inference-for-RDKx5/autoaim/install/auto_aim_interfaces/include/auto_aim_interfaces/auto_aim_interfaces/msg/detail/debug_lights__rosidl_typesupport_introspection_c.h
[0.808s] -- Up-to-date: /home/zjy/Inference-for-RDKx5/autoaim/install/auto_aim_interfaces/include/auto_aim_interfaces/auto_aim_interfaces/msg/detail/debug_light__rosidl_typesupport_introspection_c.h
[0.808s] -- Up-to-date: /home/zjy/Inference-for-RDKx5/autoaim/install/auto_aim_interfaces/include/auto_aim_interfaces/auto_aim_interfaces/msg/detail/tracker_info__type_support.c
[0.808s] -- Up-to-date: /home/zjy/Inference-for-RDKx5/autoaim/install/auto_aim_interfaces/include/auto_aim_interfaces/auto_aim_interfaces/msg/detail/time_info__type_support.c
[0.808s] -- Up-to-date: /home/zjy/Inference-for-RDKx5/autoaim/install/auto_aim_interfaces/include/auto_aim_interfaces/auto_aim_interfaces/msg/detail/target__rosidl_typesupport_introspection_c.h
[0.808s] -- Up-to-date: /home/zjy/Inference-for-RDKx5/autoaim/install/auto_aim_interfaces/include/auto_aim_interfaces/auto_aim_interfaces/msg/detail/armor__type_support.c
[0.808s] -- Up-to-date: /home/zjy/Inference-for-RDKx5/autoaim/install/auto_aim_interfaces/include/auto_aim_interfaces/auto_aim_interfaces/msg/detail/armors__type_support.c
[0.808s] -- Up-to-date: /home/zjy/Inference-for-RDKx5/autoaim/install/auto_aim_interfaces/include/auto_aim_interfaces/auto_aim_interfaces/msg/detail/armor__rosidl_typesupport_introspection_c.h
[0.808s] -- Up-to-date: /home/zjy/Inference-for-RDKx5/autoaim/install/auto_aim_interfaces/include/auto_aim_interfaces/auto_aim_interfaces/msg/detail/debug_armor__rosidl_typesupport_introspection_c.h
[0.808s] -- Up-to-date: /home/zjy/Inference-for-RDKx5/autoaim/install/auto_aim_interfaces/include/auto_aim_interfaces/auto_aim_interfaces/msg/detail/debug_light__type_support.c
[0.809s] -- Up-to-date: /home/zjy/Inference-for-RDKx5/autoaim/install/auto_aim_interfaces/include/auto_aim_interfaces/auto_aim_interfaces/msg/detail/debug_armor__type_support.c
[0.809s] -- Up-to-date: /home/zjy/Inference-for-RDKx5/autoaim/install/auto_aim_interfaces/include/auto_aim_interfaces/auto_aim_interfaces/msg/detail/debug_armors__rosidl_typesupport_introspection_c.h
[0.809s] -- Up-to-date: /home/zjy/Inference-for-RDKx5/autoaim/install/auto_aim_interfaces/include/auto_aim_interfaces/auto_aim_interfaces/msg/detail/tracker_info__rosidl_typesupport_introspection_c.h
[0.809s] -- Up-to-date: /home/zjy/Inference-for-RDKx5/autoaim/install/auto_aim_interfaces/include/auto_aim_interfaces/auto_aim_interfaces/msg/detail/debug_lights__type_support.c
[0.809s] -- Up-to-date: /home/zjy/Inference-for-RDKx5/autoaim/install/auto_aim_interfaces/include/auto_aim_interfaces/auto_aim_interfaces/msg/rosidl_typesupport_introspection_c__visibility_control.h
[0.809s] -- Up-to-date: /home/zjy/Inference-for-RDKx5/autoaim/install/auto_aim_interfaces/lib/libauto_aim_interfaces__rosidl_typesupport_introspection_c.so
[0.809s] -- Up-to-date: /home/zjy/Inference-for-RDKx5/autoaim/install/auto_aim_interfaces/lib/libauto_aim_interfaces__rosidl_typesupport_c.so
[0.809s] -- Up-to-date: /home/zjy/Inference-for-RDKx5/autoaim/install/auto_aim_interfaces/include/auto_aim_interfaces/auto_aim_interfaces
[0.809s] -- Up-to-date: /home/zjy/Inference-for-RDKx5/autoaim/install/auto_aim_interfaces/include/auto_aim_interfaces/auto_aim_interfaces/msg
[0.809s] -- Up-to-date: /home/zjy/Inference-for-RDKx5/autoaim/install/auto_aim_interfaces/include/auto_aim_interfaces/auto_aim_interfaces/msg/debug_light.hpp
[0.809s] -- Up-to-date: /home/zjy/Inference-for-RDKx5/autoaim/install/auto_aim_interfaces/include/auto_aim_interfaces/auto_aim_interfaces/msg/debug_armors.hpp
[0.809s] -- Up-to-date: /home/zjy/Inference-for-RDKx5/autoaim/install/auto_aim_interfaces/include/auto_aim_interfaces/auto_aim_interfaces/msg/tracker_info.hpp
[0.809s] -- Up-to-date: /home/zjy/Inference-for-RDKx5/autoaim/install/auto_aim_interfaces/include/auto_aim_interfaces/auto_aim_interfaces/msg/rosidl_generator_cpp__visibility_control.hpp
[0.809s] -- Up-to-date: /home/zjy/Inference-for-RDKx5/autoaim/install/auto_aim_interfaces/include/auto_aim_interfaces/auto_aim_interfaces/msg/detail
[0.809s] -- Up-to-date: /home/zjy/Inference-for-RDKx5/autoaim/install/auto_aim_interfaces/include/auto_aim_interfaces/auto_aim_interfaces/msg/detail/armors__builder.hpp
[0.809s] -- Up-to-date: /home/zjy/Inference-for-RDKx5/autoaim/install/auto_aim_interfaces/include/auto_aim_interfaces/auto_aim_interfaces/msg/detail/armor__builder.hpp
[0.809s] -- Up-to-date: /home/zjy/Inference-for-RDKx5/autoaim/install/auto_aim_interfaces/include/auto_aim_interfaces/auto_aim_interfaces/msg/detail/time_info__type_support.hpp
[0.809s] -- Up-to-date: /home/zjy/Inference-for-RDKx5/autoaim/install/auto_aim_interfaces/include/auto_aim_interfaces/auto_aim_interfaces/msg/detail/armor__traits.hpp
[0.810s] -- Up-to-date: /home/zjy/Inference-for-RDKx5/autoaim/install/auto_aim_interfaces/include/auto_aim_interfaces/auto_aim_interfaces/msg/detail/target__struct.hpp
[0.810s] -- Up-to-date: /home/zjy/Inference-for-RDKx5/autoaim/install/auto_aim_interfaces/include/auto_aim_interfaces/auto_aim_interfaces/msg/detail/debug_armor__type_support.hpp
[0.810s] -- Up-to-date: /home/zjy/Inference-for-RDKx5/autoaim/install/auto_aim_interfaces/include/auto_aim_interfaces/auto_aim_interfaces/msg/detail/debug_armors__builder.hpp
[0.810s] -- Up-to-date: /home/zjy/Inference-for-RDKx5/autoaim/install/auto_aim_interfaces/include/auto_aim_interfaces/auto_aim_interfaces/msg/detail/time_info__struct.hpp
[0.810s] -- Up-to-date: /home/zjy/Inference-for-RDKx5/autoaim/install/auto_aim_interfaces/include/auto_aim_interfaces/auto_aim_interfaces/msg/detail/debug_armors__type_support.hpp
[0.810s] -- Up-to-date: /home/zjy/Inference-for-RDKx5/autoaim/install/auto_aim_interfaces/include/auto_aim_interfaces/auto_aim_interfaces/msg/detail/tracker_info__type_support.hpp
[0.810s] -- Up-to-date: /home/zjy/Inference-for-RDKx5/autoaim/install/auto_aim_interfaces/include/auto_aim_interfaces/auto_aim_interfaces/msg/detail/debug_armor__builder.hpp
[0.810s] -- Up-to-date: /home/zjy/Inference-for-RDKx5/autoaim/install/auto_aim_interfaces/include/auto_aim_interfaces/auto_aim_interfaces/msg/detail/time_info__traits.hpp
[0.810s] -- Up-to-date: /home/zjy/Inference-for-RDKx5/autoaim/install/auto_aim_interfaces/include/auto_aim_interfaces/auto_aim_interfaces/msg/detail/target__traits.hpp
[0.810s] -- Up-to-date: /home/zjy/Inference-for-RDKx5/autoaim/install/auto_aim_interfaces/include/auto_aim_interfaces/auto_aim_interfaces/msg/detail/armors__struct.hpp
[0.810s] -- Up-to-date: /home/zjy/Inference-for-RDKx5/autoaim/install/auto_aim_interfaces/include/auto_aim_interfaces/auto_aim_interfaces/msg/detail/target__builder.hpp
[0.810s] -- Up-to-date: /home/zjy/Inference-for-RDKx5/autoaim/install/auto_aim_interfaces/include/auto_aim_interfaces/auto_aim_interfaces/msg/detail/debug_armor__traits.hpp
[0.810s] -- Up-to-date: /home/zjy/Inference-for-RDKx5/autoaim/install/auto_aim_interfaces/include/auto_aim_interfaces/auto_aim_interfaces/msg/detail/debug_light__builder.hpp
[0.810s] -- Up-to-date: /home/zjy/Inference-for-RDKx5/autoaim/install/auto_aim_interfaces/include/auto_aim_interfaces/auto_aim_interfaces/msg/detail/tracker_info__builder.hpp
[0.810s] -- Up-to-date: /home/zjy/Inference-for-RDKx5/autoaim/install/auto_aim_interfaces/include/auto_aim_interfaces/auto_aim_interfaces/msg/detail/debug_light__type_support.hpp
[0.810s] -- Up-to-date: /home/zjy/Inference-for-RDKx5/autoaim/install/auto_aim_interfaces/include/auto_aim_interfaces/auto_aim_interfaces/msg/detail/armor__struct.hpp
[0.810s] -- Up-to-date: /home/zjy/Inference-for-RDKx5/autoaim/install/auto_aim_interfaces/include/auto_aim_interfaces/auto_aim_interfaces/msg/detail/debug_armor__struct.hpp
[0.810s] -- Up-to-date: /home/zjy/Inference-for-RDKx5/autoaim/install/auto_aim_interfaces/include/auto_aim_interfaces/auto_aim_interfaces/msg/detail/target__type_support.hpp
[0.811s] -- Up-to-date: /home/zjy/Inference-for-RDKx5/autoaim/install/auto_aim_interfaces/include/auto_aim_interfaces/auto_aim_interfaces/msg/detail/debug_armors__struct.hpp
[0.811s] -- Up-to-date: /home/zjy/Inference-for-RDKx5/autoaim/install/auto_aim_interfaces/include/auto_aim_interfaces/auto_aim_interfaces/msg/detail/time_info__builder.hpp
[0.811s] -- Up-to-date: /home/zjy/Inference-for-RDKx5/autoaim/install/auto_aim_interfaces/include/auto_aim_interfaces/auto_aim_interfaces/msg/detail/debug_light__struct.hpp
[0.811s] -- Up-to-date: /home/zjy/Inference-for-RDKx5/autoaim/install/auto_aim_interfaces/include/auto_aim_interfaces/auto_aim_interfaces/msg/detail/tracker_info__struct.hpp
[0.811s] -- Up-to-date: /home/zjy/Inference-for-RDKx5/autoaim/install/auto_aim_interfaces/include/auto_aim_interfaces/auto_aim_interfaces/msg/detail/debug_light__traits.hpp
[0.811s] -- Up-to-date: /home/zjy/Inference-for-RDKx5/autoaim/install/auto_aim_interfaces/include/auto_aim_interfaces/auto_aim_interfaces/msg/detail/tracker_info__traits.hpp
[0.811s] -- Up-to-date: /home/zjy/Inference-for-RDKx5/autoaim/install/auto_aim_interfaces/include/auto_aim_interfaces/auto_aim_interfaces/msg/detail/armor__type_support.hpp
[0.811s] -- Up-to-date: /home/zjy/Inference-for-RDKx5/autoaim/install/auto_aim_interfaces/include/auto_aim_interfaces/auto_aim_interfaces/msg/detail/debug_lights__traits.hpp
[0.811s] -- Up-to-date: /home/zjy/Inference-for-RDKx5/autoaim/install/auto_aim_interfaces/include/auto_aim_interfaces/auto_aim_interfaces/msg/detail/armors__type_support.hpp
[0.811s] -- Up-to-date: /home/zjy/Inference-for-RDKx5/autoaim/install/auto_aim_interfaces/include/auto_aim_interfaces/auto_aim_interfaces/msg/detail/armors__traits.hpp
[0.811s] -- Up-to-date: /home/zjy/Inference-for-RDKx5/autoaim/install/auto_aim_interfaces/include/auto_aim_interfaces/auto_aim_interfaces/msg/detail/debug_armors__traits.hpp
[0.811s] -- Up-to-date: /home/zjy/Inference-for-RDKx5/autoaim/install/auto_aim_interfaces/include/auto_aim_interfaces/auto_aim_interfaces/msg/detail/debug_lights__struct.hpp
[0.811s] -- Up-to-date: /home/zjy/Inference-for-RDKx5/autoaim/install/auto_aim_interfaces/include/auto_aim_interfaces/auto_aim_interfaces/msg/detail/debug_lights__type_support.hpp
[0.811s] -- Up-to-date: /home/zjy/Inference-for-RDKx5/autoaim/install/auto_aim_interfaces/include/auto_aim_interfaces/auto_aim_interfaces/msg/detail/debug_lights__builder.hpp
[0.812s] -- Up-to-date: /home/zjy/Inference-for-RDKx5/autoaim/install/auto_aim_interfaces/include/auto_aim_interfaces/auto_aim_interfaces/msg/debug_lights.hpp
[0.812s] -- Up-to-date: /home/zjy/Inference-for-RDKx5/autoaim/install/auto_aim_interfaces/include/auto_aim_interfaces/auto_aim_interfaces/msg/time_info.hpp
[0.812s] -- Up-to-date: /home/zjy/Inference-for-RDKx5/autoaim/install/auto_aim_interfaces/include/auto_aim_interfaces/auto_aim_interfaces/msg/armor.hpp
[0.812s] -- Up-to-date: /home/zjy/Inference-for-RDKx5/autoaim/install/auto_aim_interfaces/include/auto_aim_interfaces/auto_aim_interfaces/msg/armors.hpp
[0.812s] -- Up-to-date: /home/zjy/Inference-for-RDKx5/autoaim/install/auto_aim_interfaces/include/auto_aim_interfaces/auto_aim_interfaces/msg/target.hpp
[0.812s] -- Up-to-date: /home/zjy/Inference-for-RDKx5/autoaim/install/auto_aim_interfaces/include/auto_aim_interfaces/auto_aim_interfaces/msg/debug_armor.hpp
[0.812s] -- Up-to-date: /home/zjy/Inference-for-RDKx5/autoaim/install/auto_aim_interfaces/include/auto_aim_interfaces/auto_aim_interfaces
[0.812s] -- Up-to-date: /home/zjy/Inference-for-RDKx5/autoaim/install/auto_aim_interfaces/include/auto_aim_interfaces/auto_aim_interfaces/msg
[0.812s] -- Up-to-date: /home/zjy/Inference-for-RDKx5/autoaim/install/auto_aim_interfaces/include/auto_aim_interfaces/auto_aim_interfaces/msg/rosidl_typesupport_fastrtps_cpp__visibility_control.h
[0.812s] -- Up-to-date: /home/zjy/Inference-for-RDKx5/autoaim/install/auto_aim_interfaces/include/auto_aim_interfaces/auto_aim_interfaces/msg/detail
[0.812s] -- Up-to-date: /home/zjy/Inference-for-RDKx5/autoaim/install/auto_aim_interfaces/include/auto_aim_interfaces/auto_aim_interfaces/msg/detail/debug_light__rosidl_typesupport_fastrtps_cpp.hpp
[0.812s] -- Up-to-date: /home/zjy/Inference-for-RDKx5/autoaim/install/auto_aim_interfaces/include/auto_aim_interfaces/auto_aim_interfaces/msg/detail/time_info__rosidl_typesupport_fastrtps_cpp.hpp
[0.812s] -- Up-to-date: /home/zjy/Inference-for-RDKx5/autoaim/install/auto_aim_interfaces/include/auto_aim_interfaces/auto_aim_interfaces/msg/detail/tracker_info__rosidl_typesupport_fastrtps_cpp.hpp
[0.812s] -- Up-to-date: /home/zjy/Inference-for-RDKx5/autoaim/install/auto_aim_interfaces/include/auto_aim_interfaces/auto_aim_interfaces/msg/detail/dds_fastrtps
[0.812s] -- Up-to-date: /home/zjy/Inference-for-RDKx5/autoaim/install/auto_aim_interfaces/include/auto_aim_interfaces/auto_aim_interfaces/msg/detail/target__rosidl_typesupport_fastrtps_cpp.hpp
[0.812s] -- Up-to-date: /home/zjy/Inference-for-RDKx5/autoaim/install/auto_aim_interfaces/include/auto_aim_interfaces/auto_aim_interfaces/msg/detail/armor__rosidl_typesupport_fastrtps_cpp.hpp
[0.812s] -- Up-to-date: /home/zjy/Inference-for-RDKx5/autoaim/install/auto_aim_interfaces/include/auto_aim_interfaces/auto_aim_interfaces/msg/detail/debug_lights__rosidl_typesupport_fastrtps_cpp.hpp
[0.812s] -- Up-to-date: /home/zjy/Inference-for-RDKx5/autoaim/install/auto_aim_interfaces/include/auto_aim_interfaces/auto_aim_interfaces/msg/detail/debug_armors__rosidl_typesupport_fastrtps_cpp.hpp
[0.812s] -- Up-to-date: /home/zjy/Inference-for-RDKx5/autoaim/install/auto_aim_interfaces/include/auto_aim_interfaces/auto_aim_interfaces/msg/detail/armors__rosidl_typesupport_fastrtps_cpp.hpp
[0.812s] -- Up-to-date: /home/zjy/Inference-for-RDKx5/autoaim/install/auto_aim_interfaces/include/auto_aim_interfaces/auto_aim_interfaces/msg/detail/debug_armor__rosidl_typesupport_fastrtps_cpp.hpp
[0.812s] -- Up-to-date: /home/zjy/Inference-for-RDKx5/autoaim/install/auto_aim_interfaces/lib/libauto_aim_interfaces__rosidl_typesupport_fastrtps_cpp.so
[0.812s] -- Up-to-date: /home/zjy/Inference-for-RDKx5/autoaim/install/auto_aim_interfaces/include/auto_aim_interfaces/auto_aim_interfaces
[0.813s] -- Up-to-date: /home/zjy/Inference-for-RDKx5/autoaim/install/auto_aim_interfaces/include/auto_aim_interfaces/auto_aim_interfaces/msg
[0.813s] -- Up-to-date: /home/zjy/Inference-for-RDKx5/autoaim/install/auto_aim_interfaces/include/auto_aim_interfaces/auto_aim_interfaces/msg/detail
[0.813s] -- Up-to-date: /home/zjy/Inference-for-RDKx5/autoaim/install/auto_aim_interfaces/include/auto_aim_interfaces/auto_aim_interfaces/msg/detail/debug_armor__type_support.cpp
[0.813s] -- Up-to-date: /home/zjy/Inference-for-RDKx5/autoaim/install/auto_aim_interfaces/include/auto_aim_interfaces/auto_aim_interfaces/msg/detail/time_info__rosidl_typesupport_introspection_cpp.hpp
[0.813s] -- Up-to-date: /home/zjy/Inference-for-RDKx5/autoaim/install/auto_aim_interfaces/include/auto_aim_interfaces/auto_aim_interfaces/msg/detail/tracker_info__type_support.cpp
[0.813s] -- Up-to-date: /home/zjy/Inference-for-RDKx5/autoaim/install/auto_aim_interfaces/include/auto_aim_interfaces/auto_aim_interfaces/msg/detail/debug_armor__rosidl_typesupport_introspection_cpp.hpp
[0.813s] -- Up-to-date: /home/zjy/Inference-for-RDKx5/autoaim/install/auto_aim_interfaces/include/auto_aim_interfaces/auto_aim_interfaces/msg/detail/time_info__type_support.cpp
[0.813s] -- Up-to-date: /home/zjy/Inference-for-RDKx5/autoaim/install/auto_aim_interfaces/include/auto_aim_interfaces/auto_aim_interfaces/msg/detail/armor__rosidl_typesupport_introspection_cpp.hpp
[0.813s] -- Up-to-date: /home/zjy/Inference-for-RDKx5/autoaim/install/auto_aim_interfaces/include/auto_aim_interfaces/auto_aim_interfaces/msg/detail/armors__rosidl_typesupport_introspection_cpp.hpp
[0.813s] -- Up-to-date: /home/zjy/Inference-for-RDKx5/autoaim/install/auto_aim_interfaces/include/auto_aim_interfaces/auto_aim_interfaces/msg/detail/debug_lights__type_support.cpp
[0.813s] -- Up-to-date: /home/zjy/Inference-for-RDKx5/autoaim/install/auto_aim_interfaces/include/auto_aim_interfaces/auto_aim_interfaces/msg/detail/target__rosidl_typesupport_introspection_cpp.hpp
[0.813s] -- Up-to-date: /home/zjy/Inference-for-RDKx5/autoaim/install/auto_aim_interfaces/include/auto_aim_interfaces/auto_aim_interfaces/msg/detail/armors__type_support.cpp
[0.813s] -- Up-to-date: /home/zjy/Inference-for-RDKx5/autoaim/install/auto_aim_interfaces/include/auto_aim_interfaces/auto_aim_interfaces/msg/detail/tracker_info__rosidl_typesupport_introspection_cpp.hpp
[0.813s] -- Up-to-date: /home/zjy/Inference-for-RDKx5/autoaim/install/auto_aim_interfaces/include/auto_aim_interfaces/auto_aim_interfaces/msg/detail/debug_light__type_support.cpp
[0.813s] -- Up-to-date: /home/zjy/Inference-for-RDKx5/autoaim/install/auto_aim_interfaces/include/auto_aim_interfaces/auto_aim_interfaces/msg/detail/debug_armors__rosidl_typesupport_introspection_cpp.hpp
[0.813s] -- Up-to-date: /home/zjy/Inference-for-RDKx5/autoaim/install/auto_aim_interfaces/include/auto_aim_interfaces/auto_aim_interfaces/msg/detail/debug_armors__type_support.cpp
[0.813s] -- Up-to-date: /home/zjy/Inference-for-RDKx5/autoaim/install/auto_aim_interfaces/include/auto_aim_interfaces/auto_aim_interfaces/msg/detail/armor__type_support.cpp
[0.813s] -- Up-to-date: /home/zjy/Inference-for-RDKx5/autoaim/install/auto_aim_interfaces/include/auto_aim_interfaces/auto_aim_interfaces/msg/detail/target__type_support.cpp
[0.814s] -- Up-to-date: /home/zjy/Inference-for-RDKx5/autoaim/install/auto_aim_interfaces/include/auto_aim_interfaces/auto_aim_interfaces/msg/detail/debug_light__rosidl_typesupport_introspection_cpp.hpp
[0.814s] -- Up-to-date: /home/zjy/Inference-for-RDKx5/autoaim/install/auto_aim_interfaces/include/auto_aim_interfaces/auto_aim_interfaces/msg/detail/debug_lights__rosidl_typesupport_introspection_cpp.hpp
[0.814s] -- Up-to-date: /home/zjy/Inference-for-RDKx5/autoaim/install/auto_aim_interfaces/lib/libauto_aim_interfaces__rosidl_typesupport_introspection_cpp.so
[0.814s] -- Up-to-date: /home/zjy/Inference-for-RDKx5/autoaim/install/auto_aim_interfaces/lib/libauto_aim_interfaces__rosidl_typesupport_cpp.so
[0.814s] -- Up-to-date: /home/zjy/Inference-for-RDKx5/autoaim/install/auto_aim_interfaces/share/auto_aim_interfaces/environment/pythonpath.sh
[0.814s] -- Up-to-date: /home/zjy/Inference-for-RDKx5/autoaim/install/auto_aim_interfaces/share/auto_aim_interfaces/environment/pythonpath.dsv
[0.814s] -- Up-to-date: /home/zjy/Inference-for-RDKx5/autoaim/install/auto_aim_interfaces/local/lib/python3.10/dist-packages/auto_aim_interfaces-2.0.0-py3.10.egg-info
[0.814s] -- Installing: /home/zjy/Inference-for-RDKx5/autoaim/install/auto_aim_interfaces/local/lib/python3.10/dist-packages/auto_aim_interfaces-2.0.0-py3.10.egg-info/SOURCES.txt
[0.815s] -- Installing: /home/zjy/Inference-for-RDKx5/autoaim/install/auto_aim_interfaces/local/lib/python3.10/dist-packages/auto_aim_interfaces-2.0.0-py3.10.egg-info/dependency_links.txt
[0.815s] -- Installing: /home/zjy/Inference-for-RDKx5/autoaim/install/auto_aim_interfaces/local/lib/python3.10/dist-packages/auto_aim_interfaces-2.0.0-py3.10.egg-info/top_level.txt
[0.815s] -- Installing: /home/zjy/Inference-for-RDKx5/autoaim/install/auto_aim_interfaces/local/lib/python3.10/dist-packages/auto_aim_interfaces-2.0.0-py3.10.egg-info/PKG-INFO
[0.815s] -- Up-to-date: /home/zjy/Inference-for-RDKx5/autoaim/install/auto_aim_interfaces/local/lib/python3.10/dist-packages/auto_aim_interfaces
[0.815s] -- Up-to-date: /home/zjy/Inference-for-RDKx5/autoaim/install/auto_aim_interfaces/local/lib/python3.10/dist-packages/auto_aim_interfaces/_auto_aim_interfaces_s.ep.rosidl_typesupport_c.c
[0.815s] -- Up-to-date: /home/zjy/Inference-for-RDKx5/autoaim/install/auto_aim_interfaces/local/lib/python3.10/dist-packages/auto_aim_interfaces/_auto_aim_interfaces_s.ep.rosidl_typesupport_fastrtps_c.c
[0.815s] -- Up-to-date: /home/zjy/Inference-for-RDKx5/autoaim/install/auto_aim_interfaces/local/lib/python3.10/dist-packages/auto_aim_interfaces/__init__.py
[0.815s] -- Up-to-date: /home/zjy/Inference-for-RDKx5/autoaim/install/auto_aim_interfaces/local/lib/python3.10/dist-packages/auto_aim_interfaces/auto_aim_interfaces_s__rosidl_typesupport_fastrtps_c.cpython-310-x86_64-linux-gnu.so
[0.815s] -- Up-to-date: /home/zjy/Inference-for-RDKx5/autoaim/install/auto_aim_interfaces/local/lib/python3.10/dist-packages/auto_aim_interfaces/msg
[0.815s] -- Up-to-date: /home/zjy/Inference-for-RDKx5/autoaim/install/auto_aim_interfaces/local/lib/python3.10/dist-packages/auto_aim_interfaces/msg/_debug_armors_s.c
[0.815s] -- Up-to-date: /home/zjy/Inference-for-RDKx5/autoaim/install/auto_aim_interfaces/local/lib/python3.10/dist-packages/auto_aim_interfaces/msg/_debug_armors.py
[0.816s] -- Up-to-date: /home/zjy/Inference-for-RDKx5/autoaim/install/auto_aim_interfaces/local/lib/python3.10/dist-packages/auto_aim_interfaces/msg/_target.py
[0.816s] -- Up-to-date: /home/zjy/Inference-for-RDKx5/autoaim/install/auto_aim_interfaces/local/lib/python3.10/dist-packages/auto_aim_interfaces/msg/_debug_light_s.c
[0.816s] -- Up-to-date: /home/zjy/Inference-for-RDKx5/autoaim/install/auto_aim_interfaces/local/lib/python3.10/dist-packages/auto_aim_interfaces/msg/_armor.py
[0.816s] -- Up-to-date: /home/zjy/Inference-for-RDKx5/autoaim/install/auto_aim_interfaces/local/lib/python3.10/dist-packages/auto_aim_interfaces/msg/__init__.py
[0.816s] -- Up-to-date: /home/zjy/Inference-for-RDKx5/autoaim/install/auto_aim_interfaces/local/lib/python3.10/dist-packages/auto_aim_interfaces/msg/_debug_light.py
[0.816s] -- Up-to-date: /home/zjy/Inference-for-RDKx5/autoaim/install/auto_aim_interfaces/local/lib/python3.10/dist-packages/auto_aim_interfaces/msg/_armors.py
[0.816s] -- Up-to-date: /home/zjy/Inference-for-RDKx5/autoaim/install/auto_aim_interfaces/local/lib/python3.10/dist-packages/auto_aim_interfaces/msg/_armor_s.c
[0.816s] -- Up-to-date: /home/zjy/Inference-for-RDKx5/autoaim/install/auto_aim_interfaces/local/lib/python3.10/dist-packages/auto_aim_interfaces/msg/_debug_lights_s.c
[0.816s] -- Up-to-date: /home/zjy/Inference-for-RDKx5/autoaim/install/auto_aim_interfaces/local/lib/python3.10/dist-packages/auto_aim_interfaces/msg/_time_info_s.c
[0.816s] -- Up-to-date: /home/zjy/Inference-for-RDKx5/autoaim/install/auto_aim_interfaces/local/lib/python3.10/dist-packages/auto_aim_interfaces/msg/_tracker_info.py
[0.816s] -- Up-to-date: /home/zjy/Inference-for-RDKx5/autoaim/install/auto_aim_interfaces/local/lib/python3.10/dist-packages/auto_aim_interfaces/msg/_debug_armor_s.c
[0.816s] -- Up-to-date: /home/zjy/Inference-for-RDKx5/autoaim/install/auto_aim_interfaces/local/lib/python3.10/dist-packages/auto_aim_interfaces/msg/_debug_armor.py
[0.816s] -- Up-to-date: /home/zjy/Inference-for-RDKx5/autoaim/install/auto_aim_interfaces/local/lib/python3.10/dist-packages/auto_aim_interfaces/msg/_tracker_info_s.c
[0.816s] -- Up-to-date: /home/zjy/Inference-for-RDKx5/autoaim/install/auto_aim_interfaces/local/lib/python3.10/dist-packages/auto_aim_interfaces/msg/_debug_lights.py
[0.816s] -- Up-to-date: /home/zjy/Inference-for-RDKx5/autoaim/install/auto_aim_interfaces/local/lib/python3.10/dist-packages/auto_aim_interfaces/msg/_target_s.c
[0.816s] -- Up-to-date: /home/zjy/Inference-for-RDKx5/autoaim/install/auto_aim_interfaces/local/lib/python3.10/dist-packages/auto_aim_interfaces/msg/_time_info.py
[0.817s] -- Up-to-date: /home/zjy/Inference-for-RDKx5/autoaim/install/auto_aim_interfaces/local/lib/python3.10/dist-packages/auto_aim_interfaces/msg/_armors_s.c
[0.817s] -- Up-to-date: /home/zjy/Inference-for-RDKx5/autoaim/install/auto_aim_interfaces/local/lib/python3.10/dist-packages/auto_aim_interfaces/auto_aim_interfaces_s__rosidl_typesupport_introspection_c.cpython-310-x86_64-linux-gnu.so
[0.817s] -- Up-to-date: /home/zjy/Inference-for-RDKx5/autoaim/install/auto_aim_interfaces/local/lib/python3.10/dist-packages/auto_aim_interfaces/_auto_aim_interfaces_s.ep.rosidl_typesupport_introspection_c.c
[0.817s] -- Up-to-date: /home/zjy/Inference-for-RDKx5/autoaim/install/auto_aim_interfaces/local/lib/python3.10/dist-packages/auto_aim_interfaces/auto_aim_interfaces_s__rosidl_typesupport_c.cpython-310-x86_64-linux-gnu.so
[0.817s] -- Up-to-date: /home/zjy/Inference-for-RDKx5/autoaim/install/auto_aim_interfaces/local/lib/python3.10/dist-packages/auto_aim_interfaces/libauto_aim_interfaces__rosidl_generator_py.so
[0.836s] Listing '/home/zjy/Inference-for-RDKx5/autoaim/install/auto_aim_interfaces/local/lib/python3.10/dist-packages/auto_aim_interfaces'...
[0.836s] Listing '/home/zjy/Inference-for-RDKx5/autoaim/install/auto_aim_interfaces/local/lib/python3.10/dist-packages/auto_aim_interfaces/msg'...
[0.836s] -- Up-to-date: /home/zjy/Inference-for-RDKx5/autoaim/install/auto_aim_interfaces/local/lib/python3.10/dist-packages/auto_aim_interfaces/auto_aim_interfaces_s__rosidl_typesupport_fastrtps_c.cpython-310-x86_64-linux-gnu.so
[0.836s] -- Up-to-date: /home/zjy/Inference-for-RDKx5/autoaim/install/auto_aim_interfaces/local/lib/python3.10/dist-packages/auto_aim_interfaces/auto_aim_interfaces_s__rosidl_typesupport_introspection_c.cpython-310-x86_64-linux-gnu.so
[0.836s] -- Up-to-date: /home/zjy/Inference-for-RDKx5/autoaim/install/auto_aim_interfaces/local/lib/python3.10/dist-packages/auto_aim_interfaces/auto_aim_interfaces_s__rosidl_typesupport_c.cpython-310-x86_64-linux-gnu.so
[0.836s] -- Up-to-date: /home/zjy/Inference-for-RDKx5/autoaim/install/auto_aim_interfaces/lib/libauto_aim_interfaces__rosidl_generator_py.so
[0.836s] -- Up-to-date: /home/zjy/Inference-for-RDKx5/autoaim/install/auto_aim_interfaces/share/auto_aim_interfaces/msg/Armor.idl
[0.836s] -- Up-to-date: /home/zjy/Inference-for-RDKx5/autoaim/install/auto_aim_interfaces/share/auto_aim_interfaces/msg/Armors.idl
[0.836s] -- Up-to-date: /home/zjy/Inference-for-RDKx5/autoaim/install/auto_aim_interfaces/share/auto_aim_interfaces/msg/Target.idl
[0.836s] -- Up-to-date: /home/zjy/Inference-for-RDKx5/autoaim/install/auto_aim_interfaces/share/auto_aim_interfaces/msg/DebugLight.idl
[0.836s] -- Up-to-date: /home/zjy/Inference-for-RDKx5/autoaim/install/auto_aim_interfaces/share/auto_aim_interfaces/msg/DebugLights.idl
[0.836s] -- Up-to-date: /home/zjy/Inference-for-RDKx5/autoaim/install/auto_aim_interfaces/share/auto_aim_interfaces/msg/DebugArmor.idl
[0.836s] -- Up-to-date: /home/zjy/Inference-for-RDKx5/autoaim/install/auto_aim_interfaces/share/auto_aim_interfaces/msg/DebugArmors.idl
[0.836s] -- Up-to-date: /home/zjy/Inference-for-RDKx5/autoaim/install/auto_aim_interfaces/share/auto_aim_interfaces/msg/TrackerInfo.idl
[0.836s] -- Up-to-date: /home/zjy/Inference-for-RDKx5/autoaim/install/auto_aim_interfaces/share/auto_aim_interfaces/msg/TimeInfo.idl
[0.836s] -- Up-to-date: /home/zjy/Inference-for-RDKx5/autoaim/install/auto_aim_interfaces/share/auto_aim_interfaces/msg/Armor.msg
[0.836s] -- Up-to-date: /home/zjy/Inference-for-RDKx5/autoaim/install/auto_aim_interfaces/share/auto_aim_interfaces/msg/Armors.msg
[0.837s] -- Up-to-date: /home/zjy/Inference-for-RDKx5/autoaim/install/auto_aim_interfaces/share/auto_aim_interfaces/msg/Target.msg
[0.837s] -- Up-to-date: /home/zjy/Inference-for-RDKx5/autoaim/install/auto_aim_interfaces/share/auto_aim_interfaces/msg/DebugLight.msg
[0.837s] -- Up-to-date: /home/zjy/Inference-for-RDKx5/autoaim/install/auto_aim_interfaces/share/auto_aim_interfaces/msg/DebugLights.msg
[0.837s] -- Up-to-date: /home/zjy/Inference-for-RDKx5/autoaim/install/auto_aim_interfaces/share/auto_aim_interfaces/msg/DebugArmor.msg
[0.837s] -- Up-to-date: /home/zjy/Inference-for-RDKx5/autoaim/install/auto_aim_interfaces/share/auto_aim_interfaces/msg/DebugArmors.msg
[0.837s] -- Up-to-date: /home/zjy/Inference-for-RDKx5/autoaim/install/auto_aim_interfaces/share/auto_aim_interfaces/msg/TrackerInfo.msg
[0.837s] -- Up-to-date: /home/zjy/Inference-for-RDKx5/autoaim/install/auto_aim_interfaces/share/auto_aim_interfaces/msg/TimeInfo.msg
[0.837s] -- Up-to-date: /home/zjy/Inference-for-RDKx5/autoaim/install/auto_aim_interfaces/share/ament_index/resource_index/package_run_dependencies/auto_aim_interfaces
[0.837s] -- Up-to-date: /home/zjy/Inference-for-RDKx5/autoaim/install/auto_aim_interfaces/share/ament_index/resource_index/parent_prefix_path/auto_aim_interfaces
[0.837s] -- Up-to-date: /home/zjy/Inference-for-RDKx5/autoaim/install/auto_aim_interfaces/share/auto_aim_interfaces/environment/ament_prefix_path.sh
[0.837s] -- Up-to-date: /home/zjy/Inference-for-RDKx5/autoaim/install/auto_aim_interfaces/share/auto_aim_interfaces/environment/ament_prefix_path.dsv
[0.837s] -- Up-to-date: /home/zjy/Inference-for-RDKx5/autoaim/install/auto_aim_interfaces/share/auto_aim_interfaces/environment/path.sh
[0.837s] -- Up-to-date: /home/zjy/Inference-for-RDKx5/autoaim/install/auto_aim_interfaces/share/auto_aim_interfaces/environment/path.dsv
[0.838s] -- Up-to-date: /home/zjy/Inference-for-RDKx5/autoaim/install/auto_aim_interfaces/share/auto_aim_interfaces/local_setup.bash
[0.838s] -- Up-to-date: /home/zjy/Inference-for-RDKx5/autoaim/install/auto_aim_interfaces/share/auto_aim_interfaces/local_setup.sh
[0.838s] -- Up-to-date: /home/zjy/Inference-for-RDKx5/autoaim/install/auto_aim_interfaces/share/auto_aim_interfaces/local_setup.zsh
[0.838s] -- Up-to-date: /home/zjy/Inference-for-RDKx5/autoaim/install/auto_aim_interfaces/share/auto_aim_interfaces/local_setup.dsv
[0.838s] -- Installing: /home/zjy/Inference-for-RDKx5/autoaim/install/auto_aim_interfaces/share/auto_aim_interfaces/package.dsv
[0.838s] -- Up-to-date: /home/zjy/Inference-for-RDKx5/autoaim/install/auto_aim_interfaces/share/ament_index/resource_index/packages/auto_aim_interfaces
[0.838s] -- Up-to-date: /home/zjy/Inference-for-RDKx5/autoaim/install/auto_aim_interfaces/share/auto_aim_interfaces/cmake/export_auto_aim_interfaces__rosidl_generator_cExport.cmake
[0.839s] -- Up-to-date: /home/zjy/Inference-for-RDKx5/autoaim/install/auto_aim_interfaces/share/auto_aim_interfaces/cmake/export_auto_aim_interfaces__rosidl_generator_cExport-noconfig.cmake
[0.841s] -- Up-to-date: /home/zjy/Inference-for-RDKx5/autoaim/install/auto_aim_interfaces/share/auto_aim_interfaces/cmake/export_auto_aim_interfaces__rosidl_typesupport_fastrtps_cExport.cmake
[0.842s] -- Up-to-date: /home/zjy/Inference-for-RDKx5/autoaim/install/auto_aim_interfaces/share/auto_aim_interfaces/cmake/export_auto_aim_interfaces__rosidl_typesupport_fastrtps_cExport-noconfig.cmake
[0.842s] -- Up-to-date: /home/zjy/Inference-for-RDKx5/autoaim/install/auto_aim_interfaces/share/auto_aim_interfaces/cmake/auto_aim_interfaces__rosidl_typesupport_introspection_cExport.cmake
[0.843s] -- Up-to-date: /home/zjy/Inference-for-RDKx5/autoaim/install/auto_aim_interfaces/share/auto_aim_interfaces/cmake/auto_aim_interfaces__rosidl_typesupport_introspection_cExport-noconfig.cmake
[0.843s] -- Up-to-date: /home/zjy/Inference-for-RDKx5/autoaim/install/auto_aim_interfaces/share/auto_aim_interfaces/cmake/auto_aim_interfaces__rosidl_typesupport_cExport.cmake
[0.844s] -- Up-to-date: /home/zjy/Inference-for-RDKx5/autoaim/install/auto_aim_interfaces/share/auto_aim_interfaces/cmake/auto_aim_interfaces__rosidl_typesupport_cExport-noconfig.cmake
[0.844s] -- Up-to-date: /home/zjy/Inference-for-RDKx5/autoaim/install/auto_aim_interfaces/share/auto_aim_interfaces/cmake/export_auto_aim_interfaces__rosidl_generator_cppExport.cmake
[0.844s] -- Up-to-date: /home/zjy/Inference-for-RDKx5/autoaim/install/auto_aim_interfaces/share/auto_aim_interfaces/cmake/export_auto_aim_interfaces__rosidl_typesupport_fastrtps_cppExport.cmake
[0.845s] -- Up-to-date: /home/zjy/Inference-for-RDKx5/autoaim/install/auto_aim_interfaces/share/auto_aim_interfaces/cmake/export_auto_aim_interfaces__rosidl_typesupport_fastrtps_cppExport-noconfig.cmake
[0.845s] -- Up-to-date: /home/zjy/Inference-for-RDKx5/autoaim/install/auto_aim_interfaces/share/auto_aim_interfaces/cmake/auto_aim_interfaces__rosidl_typesupport_introspection_cppExport.cmake
[0.845s] -- Up-to-date: /home/zjy/Inference-for-RDKx5/autoaim/install/auto_aim_interfaces/share/auto_aim_interfaces/cmake/auto_aim_interfaces__rosidl_typesupport_introspection_cppExport-noconfig.cmake
[0.846s] -- Up-to-date: /home/zjy/Inference-for-RDKx5/autoaim/install/auto_aim_interfaces/share/auto_aim_interfaces/cmake/auto_aim_interfaces__rosidl_typesupport_cppExport.cmake
[0.846s] -- Up-to-date: /home/zjy/Inference-for-RDKx5/autoaim/install/auto_aim_interfaces/share/auto_aim_interfaces/cmake/auto_aim_interfaces__rosidl_typesupport_cppExport-noconfig.cmake
[0.846s] -- Up-to-date: /home/zjy/Inference-for-RDKx5/autoaim/install/auto_aim_interfaces/share/auto_aim_interfaces/cmake/export_auto_aim_interfaces__rosidl_generator_pyExport.cmake
[0.847s] -- Up-to-date: /home/zjy/Inference-for-RDKx5/autoaim/install/auto_aim_interfaces/share/auto_aim_interfaces/cmake/export_auto_aim_interfaces__rosidl_generator_pyExport-noconfig.cmake
[0.848s] -- Up-to-date: /home/zjy/Inference-for-RDKx5/autoaim/install/auto_aim_interfaces/share/auto_aim_interfaces/cmake/rosidl_cmake-extras.cmake
[0.848s] -- Up-to-date: /home/zjy/Inference-for-RDKx5/autoaim/install/auto_aim_interfaces/share/auto_aim_interfaces/cmake/ament_cmake_export_dependencies-extras.cmake
[0.849s] -- Up-to-date: /home/zjy/Inference-for-RDKx5/autoaim/install/auto_aim_interfaces/share/auto_aim_interfaces/cmake/ament_cmake_export_include_directories-extras.cmake
[0.850s] -- Up-to-date: /home/zjy/Inference-for-RDKx5/autoaim/install/auto_aim_interfaces/share/auto_aim_interfaces/cmake/ament_cmake_export_libraries-extras.cmake
[0.851s] -- Up-to-date: /home/zjy/Inference-for-RDKx5/autoaim/install/auto_aim_interfaces/share/auto_aim_interfaces/cmake/ament_cmake_export_targets-extras.cmake
[0.851s] -- Up-to-date: /home/zjy/Inference-for-RDKx5/autoaim/install/auto_aim_interfaces/share/auto_aim_interfaces/cmake/rosidl_cmake_export_typesupport_targets-extras.cmake
[0.851s] -- Up-to-date: /home/zjy/Inference-for-RDKx5/autoaim/install/auto_aim_interfaces/share/auto_aim_interfaces/cmake/rosidl_cmake_export_typesupport_libraries-extras.cmake
[0.851s] -- Up-to-date: /home/zjy/Inference-for-RDKx5/autoaim/install/auto_aim_interfaces/share/auto_aim_interfaces/cmake/auto_aim_interfacesConfig.cmake
[0.851s] -- Up-to-date: /home/zjy/Inference-for-RDKx5/autoaim/install/auto_aim_interfaces/share/auto_aim_interfaces/cmake/auto_aim_interfacesConfig-version.cmake
[0.851s] -- Up-to-date: /home/zjy/Inference-for-RDKx5/autoaim/install/auto_aim_interfaces/share/auto_aim_interfaces/package.xml
[0.852s] Invoked command in '/home/zjy/Inference-for-RDKx5/autoaim/build/auto_aim_interfaces' returned '0': CMAKE_PREFIX_PATH=/opt/ros/humble /usr/bin/cmake --install /home/zjy/Inference-for-RDKx5/autoaim/build/auto_aim_interfaces
